<?xml version="1.0" encoding="UTF-8"?>
<TestRun id="68b6c28c-3039-409f-808c-8f917d25f40c" name="Dany@HOME-E26FE83CAE 2012-03-12 11:44:56" runUser="HOME-E26FE83CAE\Dany" xmlns="http://microsoft.com/schemas/VisualStudio/TeamTest/2010">
  <TestSettings name="Local" id="db3fc4c5-9574-448a-acee-8bc54bdc550b">
    <Description>These are default test settings for a local test run.</Description>
    <Deployment enabled="false" runDeploymentRoot="Dany_HOME-E26FE83CAE 2012-03-12 11_44_56">
      <DeploymentItem filename="H:\lastversion\Compiler 8-3-2012\CompilersUtils\bin\Debug\CompilersUtils.dll" />
    </Deployment>
    <Execution>
      <TestTypeSpecific />
      <AgentRule name="Execution Agents">
      </AgentRule>
    </Execution>
  </TestSettings>
  <Times creation="2012-03-12T11:44:56.8750000-05:00" queuing="2012-03-12T11:45:02.1250000-05:00" start="2012-03-12T11:45:02.5625000-05:00" finish="2012-03-12T11:45:12.7500000-05:00" />
  <ResultSummary outcome="Completed">
    <Counters total="93" executed="93" passed="93" error="0" failed="0" timeout="0" aborted="0" inconclusive="0" passedButRunAborted="0" notRunnable="0" notExecuted="0" disconnected="0" warning="0" completed="0" inProgress="0" pending="0" />
  </ResultSummary>
  <TestDefinitions>
    <UnitTest name="test_array_string_nil" storage="h:\lastversion\compiler 8-3-2012\testcompilertotiger\bin\debug\testcompilertotiger.dll" id="8c0af343-7fa9-77f2-656f-4d5deee86c5d">
      <Execution id="dd0f92dc-1c44-47e4-9544-f3a4f3a7607d" />
      <TestMethod codeBase="H:/lastversion/Compiler 8-3-2012/TestCompilerToTiger/bin/Debug/TestCompilerToTiger.DLL" adapterTypeName="Microsoft.VisualStudio.TestTools.TestTypes.Unit.UnitTestAdapter, Microsoft.VisualStudio.QualityTools.Tips.UnitTest.Adapter, Version=10.0.0.0, Culture=neutral, PublicKeyToken=b03f5f7f11d50a3a" className="TestCompilerToTiger.UnitTest1, TestCompilerToTiger, Version=1.0.0.0, Culture=neutral, PublicKeyToken=null" name="test_array_string_nil" />
    </UnitTest>
    <UnitTest name="test_test26" storage="h:\lastversion\compiler 8-3-2012\testcompilertotiger\bin\debug\testcompilertotiger.dll" id="044ddcd4-6330-7a22-e9f8-f33b453f18d7">
      <Execution id="975cbf36-ae9e-44ff-8c7e-4dbe4180edef" />
      <TestMethod codeBase="H:/lastversion/Compiler 8-3-2012/TestCompilerToTiger/bin/Debug/TestCompilerToTiger.DLL" adapterTypeName="Microsoft.VisualStudio.TestTools.TestTypes.Unit.UnitTestAdapter, Microsoft.VisualStudio.QualityTools.Tips.UnitTest.Adapter, Version=10.0.0.0, Culture=neutral, PublicKeyToken=b03f5f7f11d50a3a" className="TestCompilerToTiger.UnitTest1, TestCompilerToTiger, Version=1.0.0.0, Culture=neutral, PublicKeyToken=null" name="test_test26" />
    </UnitTest>
    <UnitTest name="test_invalid_mutually_recursive_function_depth_4" storage="h:\lastversion\compiler 8-3-2012\testcompilertotiger\bin\debug\testcompilertotiger.dll" id="f4efcf97-2817-134e-d4cd-02e0e8ed7f47">
      <Execution id="6676a014-93cd-43e0-80ad-6667201f1d9f" />
      <TestMethod codeBase="H:/lastversion/Compiler 8-3-2012/TestCompilerToTiger/bin/Debug/TestCompilerToTiger.DLL" adapterTypeName="Microsoft.VisualStudio.TestTools.TestTypes.Unit.UnitTestAdapter, Microsoft.VisualStudio.QualityTools.Tips.UnitTest.Adapter, Version=10.0.0.0, Culture=neutral, PublicKeyToken=b03f5f7f11d50a3a" className="TestCompilerToTiger.UnitTest1, TestCompilerToTiger, Version=1.0.0.0, Culture=neutral, PublicKeyToken=null" name="test_invalid_mutually_recursive_function_depth_4" />
    </UnitTest>
    <UnitTest name="test_recursive_array_alias" storage="h:\lastversion\compiler 8-3-2012\testcompilertotiger\bin\debug\testcompilertotiger.dll" id="041998ab-07f9-73fa-8039-7d960c796110">
      <Execution id="aa833fad-7205-434d-8c7f-37eb4a1d3373" />
      <TestMethod codeBase="H:/lastversion/Compiler 8-3-2012/TestCompilerToTiger/bin/Debug/TestCompilerToTiger.DLL" adapterTypeName="Microsoft.VisualStudio.TestTools.TestTypes.Unit.UnitTestAdapter, Microsoft.VisualStudio.QualityTools.Tips.UnitTest.Adapter, Version=10.0.0.0, Culture=neutral, PublicKeyToken=b03f5f7f11d50a3a" className="TestCompilerToTiger.UnitTest1, TestCompilerToTiger, Version=1.0.0.0, Culture=neutral, PublicKeyToken=null" name="test_recursive_array_alias" />
    </UnitTest>
    <UnitTest name="test_test8" storage="h:\lastversion\compiler 8-3-2012\testcompilertotiger\bin\debug\testcompilertotiger.dll" id="a384bb22-ddee-6569-96ae-a4c57e6d3916">
      <Execution id="b30d7f25-97a4-48f7-a747-6fea37a16d0c" />
      <TestMethod codeBase="H:/lastversion/Compiler 8-3-2012/TestCompilerToTiger/bin/Debug/TestCompilerToTiger.DLL" adapterTypeName="Microsoft.VisualStudio.TestTools.TestTypes.Unit.UnitTestAdapter, Microsoft.VisualStudio.QualityTools.Tips.UnitTest.Adapter, Version=10.0.0.0, Culture=neutral, PublicKeyToken=b03f5f7f11d50a3a" className="TestCompilerToTiger.UnitTest1, TestCompilerToTiger, Version=1.0.0.0, Culture=neutral, PublicKeyToken=null" name="test_test8" />
    </UnitTest>
    <UnitTest name="test_and_operator_returns_value" storage="h:\lastversion\compiler 8-3-2012\testcompilertotiger\bin\debug\testcompilertotiger.dll" id="b62d9364-7778-3e50-d7a6-6bf0ce856a2f">
      <Execution id="6dc473bd-ee8b-4f65-b490-f2f2586c1515" />
      <TestMethod codeBase="H:/lastversion/Compiler 8-3-2012/TestCompilerToTiger/bin/Debug/TestCompilerToTiger.DLL" adapterTypeName="Microsoft.VisualStudio.TestTools.TestTypes.Unit.UnitTestAdapter, Microsoft.VisualStudio.QualityTools.Tips.UnitTest.Adapter, Version=10.0.0.0, Culture=neutral, PublicKeyToken=b03f5f7f11d50a3a" className="TestCompilerToTiger.UnitTest1, TestCompilerToTiger, Version=1.0.0.0, Culture=neutral, PublicKeyToken=null" name="test_and_operator_returns_value" />
    </UnitTest>
    <UnitTest name="test_test19" storage="h:\lastversion\compiler 8-3-2012\testcompilertotiger\bin\debug\testcompilertotiger.dll" id="cab8b132-edf3-b22a-dafd-52e3f1e74a4c">
      <Execution id="e3807fe6-707f-43fb-b737-faca69387e2e" />
      <TestMethod codeBase="H:/lastversion/Compiler 8-3-2012/TestCompilerToTiger/bin/Debug/TestCompilerToTiger.DLL" adapterTypeName="Microsoft.VisualStudio.TestTools.TestTypes.Unit.UnitTestAdapter, Microsoft.VisualStudio.QualityTools.Tips.UnitTest.Adapter, Version=10.0.0.0, Culture=neutral, PublicKeyToken=b03f5f7f11d50a3a" className="TestCompilerToTiger.UnitTest1, TestCompilerToTiger, Version=1.0.0.0, Culture=neutral, PublicKeyToken=null" name="test_test19" />
    </UnitTest>
    <UnitTest name="test_test35" storage="h:\lastversion\compiler 8-3-2012\testcompilertotiger\bin\debug\testcompilertotiger.dll" id="d93fbe60-89ed-bf54-6dfb-bec94ee26025">
      <Execution id="60161e94-a986-49d3-9082-20f027c91f10" />
      <TestMethod codeBase="H:/lastversion/Compiler 8-3-2012/TestCompilerToTiger/bin/Debug/TestCompilerToTiger.DLL" adapterTypeName="Microsoft.VisualStudio.TestTools.TestTypes.Unit.UnitTestAdapter, Microsoft.VisualStudio.QualityTools.Tips.UnitTest.Adapter, Version=10.0.0.0, Culture=neutral, PublicKeyToken=b03f5f7f11d50a3a" className="TestCompilerToTiger.UnitTest1, TestCompilerToTiger, Version=1.0.0.0, Culture=neutral, PublicKeyToken=null" name="test_test35" />
    </UnitTest>
    <UnitTest name="test_record_literal_invalid_types" storage="h:\lastversion\compiler 8-3-2012\testcompilertotiger\bin\debug\testcompilertotiger.dll" id="f7361c7c-3b0f-6086-f159-11b4844d843d">
      <Execution id="632b6269-1c26-4c0f-b525-039a43ff21f5" />
      <TestMethod codeBase="H:/lastversion/Compiler 8-3-2012/TestCompilerToTiger/bin/Debug/TestCompilerToTiger.DLL" adapterTypeName="Microsoft.VisualStudio.TestTools.TestTypes.Unit.UnitTestAdapter, Microsoft.VisualStudio.QualityTools.Tips.UnitTest.Adapter, Version=10.0.0.0, Culture=neutral, PublicKeyToken=b03f5f7f11d50a3a" className="TestCompilerToTiger.UnitTest1, TestCompilerToTiger, Version=1.0.0.0, Culture=neutral, PublicKeyToken=null" name="test_record_literal_invalid_types" />
    </UnitTest>
    <UnitTest name="test_record_access_incompatibles_types" storage="h:\lastversion\compiler 8-3-2012\testcompilertotiger\bin\debug\testcompilertotiger.dll" id="6cf631e1-db7e-962a-558e-bc54f36bb57a">
      <Execution id="d0a71f4a-74f9-4061-935a-524d2335d6e7" />
      <TestMethod codeBase="H:/lastversion/Compiler 8-3-2012/TestCompilerToTiger/bin/Debug/TestCompilerToTiger.DLL" adapterTypeName="Microsoft.VisualStudio.TestTools.TestTypes.Unit.UnitTestAdapter, Microsoft.VisualStudio.QualityTools.Tips.UnitTest.Adapter, Version=10.0.0.0, Culture=neutral, PublicKeyToken=b03f5f7f11d50a3a" className="TestCompilerToTiger.UnitTest1, TestCompilerToTiger, Version=1.0.0.0, Culture=neutral, PublicKeyToken=null" name="test_record_access_incompatibles_types" />
    </UnitTest>
    <UnitTest name="test_break_out_of_for" storage="h:\lastversion\compiler 8-3-2012\testcompilertotiger\bin\debug\testcompilertotiger.dll" id="ce2a8c2f-bbc2-eed5-1248-002e2907786b">
      <Execution id="781d700e-c3d1-413d-af2c-b4d8296aa3f4" />
      <TestMethod codeBase="H:/lastversion/Compiler 8-3-2012/TestCompilerToTiger/bin/Debug/TestCompilerToTiger.DLL" adapterTypeName="Microsoft.VisualStudio.TestTools.TestTypes.Unit.UnitTestAdapter, Microsoft.VisualStudio.QualityTools.Tips.UnitTest.Adapter, Version=10.0.0.0, Culture=neutral, PublicKeyToken=b03f5f7f11d50a3a" className="TestCompilerToTiger.UnitTest1, TestCompilerToTiger, Version=1.0.0.0, Culture=neutral, PublicKeyToken=null" name="test_break_out_of_for" />
    </UnitTest>
    <UnitTest name="test_undefined_type_for_array_declaration" storage="h:\lastversion\compiler 8-3-2012\testcompilertotiger\bin\debug\testcompilertotiger.dll" id="30a9dc30-d90c-bbee-e587-6b840a964a32">
      <Execution id="c9ab377e-6da9-4285-a07f-554f11b0ec3b" />
      <TestMethod codeBase="H:/lastversion/Compiler 8-3-2012/TestCompilerToTiger/bin/Debug/TestCompilerToTiger.DLL" adapterTypeName="Microsoft.VisualStudio.TestTools.TestTypes.Unit.UnitTestAdapter, Microsoft.VisualStudio.QualityTools.Tips.UnitTest.Adapter, Version=10.0.0.0, Culture=neutral, PublicKeyToken=b03f5f7f11d50a3a" className="TestCompilerToTiger.UnitTest1, TestCompilerToTiger, Version=1.0.0.0, Culture=neutral, PublicKeyToken=null" name="test_undefined_type_for_array_declaration" />
    </UnitTest>
    <UnitTest name="test_undefined_type_for_alias" storage="h:\lastversion\compiler 8-3-2012\testcompilertotiger\bin\debug\testcompilertotiger.dll" id="ecf43549-1da5-5f9d-4f70-8ce66cfb75f9">
      <Execution id="1bfdc3cf-a459-4433-a491-97a5cff1c582" />
      <TestMethod codeBase="H:/lastversion/Compiler 8-3-2012/TestCompilerToTiger/bin/Debug/TestCompilerToTiger.DLL" adapterTypeName="Microsoft.VisualStudio.TestTools.TestTypes.Unit.UnitTestAdapter, Microsoft.VisualStudio.QualityTools.Tips.UnitTest.Adapter, Version=10.0.0.0, Culture=neutral, PublicKeyToken=b03f5f7f11d50a3a" className="TestCompilerToTiger.UnitTest1, TestCompilerToTiger, Version=1.0.0.0, Culture=neutral, PublicKeyToken=null" name="test_undefined_type_for_alias" />
    </UnitTest>
    <UnitTest name="test_test18" storage="h:\lastversion\compiler 8-3-2012\testcompilertotiger\bin\debug\testcompilertotiger.dll" id="a472785a-6aac-8d41-8d14-3df81fa7d043">
      <Execution id="207dad3c-e953-4e4f-aa50-4f9fe411077e" />
      <TestMethod codeBase="H:/lastversion/Compiler 8-3-2012/TestCompilerToTiger/bin/Debug/TestCompilerToTiger.DLL" adapterTypeName="Microsoft.VisualStudio.TestTools.TestTypes.Unit.UnitTestAdapter, Microsoft.VisualStudio.QualityTools.Tips.UnitTest.Adapter, Version=10.0.0.0, Culture=neutral, PublicKeyToken=b03f5f7f11d50a3a" className="TestCompilerToTiger.UnitTest1, TestCompilerToTiger, Version=1.0.0.0, Culture=neutral, PublicKeyToken=null" name="test_test18" />
    </UnitTest>
    <UnitTest name="test_test44" storage="h:\lastversion\compiler 8-3-2012\testcompilertotiger\bin\debug\testcompilertotiger.dll" id="6d72d84f-797d-15c2-7042-642838b6df03">
      <Execution id="2f6d24e1-52d9-429c-9c4f-92399ad28d76" />
      <TestMethod codeBase="H:/lastversion/Compiler 8-3-2012/TestCompilerToTiger/bin/Debug/TestCompilerToTiger.DLL" adapterTypeName="Microsoft.VisualStudio.TestTools.TestTypes.Unit.UnitTestAdapter, Microsoft.VisualStudio.QualityTools.Tips.UnitTest.Adapter, Version=10.0.0.0, Culture=neutral, PublicKeyToken=b03f5f7f11d50a3a" className="TestCompilerToTiger.UnitTest1, TestCompilerToTiger, Version=1.0.0.0, Culture=neutral, PublicKeyToken=null" name="test_test44" />
    </UnitTest>
    <UnitTest name="test_test34" storage="h:\lastversion\compiler 8-3-2012\testcompilertotiger\bin\debug\testcompilertotiger.dll" id="33df6015-371d-7c50-5ef5-d8861ee19e12">
      <Execution id="b76b4ecb-5f5f-40fc-a1a0-8933f63e564d" />
      <TestMethod codeBase="H:/lastversion/Compiler 8-3-2012/TestCompilerToTiger/bin/Debug/TestCompilerToTiger.DLL" adapterTypeName="Microsoft.VisualStudio.TestTools.TestTypes.Unit.UnitTestAdapter, Microsoft.VisualStudio.QualityTools.Tips.UnitTest.Adapter, Version=10.0.0.0, Culture=neutral, PublicKeyToken=b03f5f7f11d50a3a" className="TestCompilerToTiger.UnitTest1, TestCompilerToTiger, Version=1.0.0.0, Culture=neutral, PublicKeyToken=null" name="test_test34" />
    </UnitTest>
    <UnitTest name="test_if_then_else_without_return_value" storage="h:\lastversion\compiler 8-3-2012\testcompilertotiger\bin\debug\testcompilertotiger.dll" id="67c163c5-c8d3-5101-e815-2db32a75cf56">
      <Execution id="081dba51-af73-4629-a27d-4510000fbe10" />
      <TestMethod codeBase="H:/lastversion/Compiler 8-3-2012/TestCompilerToTiger/bin/Debug/TestCompilerToTiger.DLL" adapterTypeName="Microsoft.VisualStudio.TestTools.TestTypes.Unit.UnitTestAdapter, Microsoft.VisualStudio.QualityTools.Tips.UnitTest.Adapter, Version=10.0.0.0, Culture=neutral, PublicKeyToken=b03f5f7f11d50a3a" className="TestCompilerToTiger.UnitTest1, TestCompilerToTiger, Version=1.0.0.0, Culture=neutral, PublicKeyToken=null" name="test_if_then_else_without_return_value" />
    </UnitTest>
    <UnitTest name="test_test39" storage="h:\lastversion\compiler 8-3-2012\testcompilertotiger\bin\debug\testcompilertotiger.dll" id="f16497eb-6a01-ee64-493f-fa445e31a0a3">
      <Execution id="df61a11d-efc8-4320-abab-279093489f28" />
      <TestMethod codeBase="H:/lastversion/Compiler 8-3-2012/TestCompilerToTiger/bin/Debug/TestCompilerToTiger.DLL" adapterTypeName="Microsoft.VisualStudio.TestTools.TestTypes.Unit.UnitTestAdapter, Microsoft.VisualStudio.QualityTools.Tips.UnitTest.Adapter, Version=10.0.0.0, Culture=neutral, PublicKeyToken=b03f5f7f11d50a3a" className="TestCompilerToTiger.UnitTest1, TestCompilerToTiger, Version=1.0.0.0, Culture=neutral, PublicKeyToken=null" name="test_test39" />
    </UnitTest>
    <UnitTest name="test_test29" storage="h:\lastversion\compiler 8-3-2012\testcompilertotiger\bin\debug\testcompilertotiger.dll" id="99ccbccc-8faa-d870-7334-5e51e17814a3">
      <Execution id="8281090a-e70e-43ac-913c-2a0edb477676" />
      <TestMethod codeBase="H:/lastversion/Compiler 8-3-2012/TestCompilerToTiger/bin/Debug/TestCompilerToTiger.DLL" adapterTypeName="Microsoft.VisualStudio.TestTools.TestTypes.Unit.UnitTestAdapter, Microsoft.VisualStudio.QualityTools.Tips.UnitTest.Adapter, Version=10.0.0.0, Culture=neutral, PublicKeyToken=b03f5f7f11d50a3a" className="TestCompilerToTiger.UnitTest1, TestCompilerToTiger, Version=1.0.0.0, Culture=neutral, PublicKeyToken=null" name="test_test29" />
    </UnitTest>
    <UnitTest name="test_test37" storage="h:\lastversion\compiler 8-3-2012\testcompilertotiger\bin\debug\testcompilertotiger.dll" id="e23ffe73-c0b4-23de-3266-456dece737db">
      <Execution id="a8575d83-7adf-4509-8496-32070dd8724d" />
      <TestMethod codeBase="H:/lastversion/Compiler 8-3-2012/TestCompilerToTiger/bin/Debug/TestCompilerToTiger.DLL" adapterTypeName="Microsoft.VisualStudio.TestTools.TestTypes.Unit.UnitTestAdapter, Microsoft.VisualStudio.QualityTools.Tips.UnitTest.Adapter, Version=10.0.0.0, Culture=neutral, PublicKeyToken=b03f5f7f11d50a3a" className="TestCompilerToTiger.UnitTest1, TestCompilerToTiger, Version=1.0.0.0, Culture=neutral, PublicKeyToken=null" name="test_test37" />
    </UnitTest>
    <UnitTest name="test_test45" storage="h:\lastversion\compiler 8-3-2012\testcompilertotiger\bin\debug\testcompilertotiger.dll" id="cda3dbd2-47ba-daee-07dc-a896644e4d82">
      <Execution id="5a088f54-d483-4a10-bc6d-66b7999dfa23" />
      <TestMethod codeBase="H:/lastversion/Compiler 8-3-2012/TestCompilerToTiger/bin/Debug/TestCompilerToTiger.DLL" adapterTypeName="Microsoft.VisualStudio.TestTools.TestTypes.Unit.UnitTestAdapter, Microsoft.VisualStudio.QualityTools.Tips.UnitTest.Adapter, Version=10.0.0.0, Culture=neutral, PublicKeyToken=b03f5f7f11d50a3a" className="TestCompilerToTiger.UnitTest1, TestCompilerToTiger, Version=1.0.0.0, Culture=neutral, PublicKeyToken=null" name="test_test45" />
    </UnitTest>
    <UnitTest name="test_procedure_same_parameters_name" storage="h:\lastversion\compiler 8-3-2012\testcompilertotiger\bin\debug\testcompilertotiger.dll" id="3c85eb83-557f-5abd-129b-c696176453d1">
      <Execution id="3430dab4-e1cf-4c6a-8b2c-fb4bb8730c31" />
      <TestMethod codeBase="H:/lastversion/Compiler 8-3-2012/TestCompilerToTiger/bin/Debug/TestCompilerToTiger.DLL" adapterTypeName="Microsoft.VisualStudio.TestTools.TestTypes.Unit.UnitTestAdapter, Microsoft.VisualStudio.QualityTools.Tips.UnitTest.Adapter, Version=10.0.0.0, Culture=neutral, PublicKeyToken=b03f5f7f11d50a3a" className="TestCompilerToTiger.UnitTest1, TestCompilerToTiger, Version=1.0.0.0, Culture=neutral, PublicKeyToken=null" name="test_procedure_same_parameters_name" />
    </UnitTest>
    <UnitTest name="test_test10" storage="h:\lastversion\compiler 8-3-2012\testcompilertotiger\bin\debug\testcompilertotiger.dll" id="9936c7db-6cf6-2051-5d72-b9fe5c8e1ada">
      <Execution id="b60e0126-9cfd-4abf-b2f3-0134f7cb84ce" />
      <TestMethod codeBase="H:/lastversion/Compiler 8-3-2012/TestCompilerToTiger/bin/Debug/TestCompilerToTiger.DLL" adapterTypeName="Microsoft.VisualStudio.TestTools.TestTypes.Unit.UnitTestAdapter, Microsoft.VisualStudio.QualityTools.Tips.UnitTest.Adapter, Version=10.0.0.0, Culture=neutral, PublicKeyToken=b03f5f7f11d50a3a" className="TestCompilerToTiger.UnitTest1, TestCompilerToTiger, Version=1.0.0.0, Culture=neutral, PublicKeyToken=null" name="test_test10" />
    </UnitTest>
    <UnitTest name="test_mod2" storage="h:\lastversion\compiler 8-3-2012\testcompilertotiger\bin\debug\testcompilertotiger.dll" id="3eaf5a1b-09ff-aa0a-8696-77810f03640d">
      <Execution id="d23f1761-6147-4987-b4c3-d96dd5e13052" />
      <TestMethod codeBase="H:/lastversion/Compiler 8-3-2012/TestCompilerToTiger/bin/Debug/TestCompilerToTiger.DLL" adapterTypeName="Microsoft.VisualStudio.TestTools.TestTypes.Unit.UnitTestAdapter, Microsoft.VisualStudio.QualityTools.Tips.UnitTest.Adapter, Version=10.0.0.0, Culture=neutral, PublicKeyToken=b03f5f7f11d50a3a" className="TestCompilerToTiger.UnitTest1, TestCompilerToTiger, Version=1.0.0.0, Culture=neutral, PublicKeyToken=null" name="test_mod2" />
    </UnitTest>
    <UnitTest name="test_nested_unavailable_function" storage="h:\lastversion\compiler 8-3-2012\testcompilertotiger\bin\debug\testcompilertotiger.dll" id="c61736dc-d6c8-f953-d484-0d9a5b344127">
      <Execution id="5b5b8d67-7d82-4b2a-8f9c-55aaff6507f9" />
      <TestMethod codeBase="H:/lastversion/Compiler 8-3-2012/TestCompilerToTiger/bin/Debug/TestCompilerToTiger.DLL" adapterTypeName="Microsoft.VisualStudio.TestTools.TestTypes.Unit.UnitTestAdapter, Microsoft.VisualStudio.QualityTools.Tips.UnitTest.Adapter, Version=10.0.0.0, Culture=neutral, PublicKeyToken=b03f5f7f11d50a3a" className="TestCompilerToTiger.UnitTest1, TestCompilerToTiger, Version=1.0.0.0, Culture=neutral, PublicKeyToken=null" name="test_nested_unavailable_function" />
    </UnitTest>
    <UnitTest name="test_inferred_variable_incompatibles_type" storage="h:\lastversion\compiler 8-3-2012\testcompilertotiger\bin\debug\testcompilertotiger.dll" id="b4c7ef8d-acd4-bb81-a04e-3b27f1d00de4">
      <Execution id="90a78110-3896-4b9e-afd0-56cef2acf715" />
      <TestMethod codeBase="H:/lastversion/Compiler 8-3-2012/TestCompilerToTiger/bin/Debug/TestCompilerToTiger.DLL" adapterTypeName="Microsoft.VisualStudio.TestTools.TestTypes.Unit.UnitTestAdapter, Microsoft.VisualStudio.QualityTools.Tips.UnitTest.Adapter, Version=10.0.0.0, Culture=neutral, PublicKeyToken=b03f5f7f11d50a3a" className="TestCompilerToTiger.UnitTest1, TestCompilerToTiger, Version=1.0.0.0, Culture=neutral, PublicKeyToken=null" name="test_inferred_variable_incompatibles_type" />
    </UnitTest>
    <UnitTest name="test_and_operator_invalid_type_operands" storage="h:\lastversion\compiler 8-3-2012\testcompilertotiger\bin\debug\testcompilertotiger.dll" id="6491bb9a-c473-c29d-0621-addaa45ea010">
      <Execution id="2abeec73-397a-43b1-b800-657738796e42" />
      <TestMethod codeBase="H:/lastversion/Compiler 8-3-2012/TestCompilerToTiger/bin/Debug/TestCompilerToTiger.DLL" adapterTypeName="Microsoft.VisualStudio.TestTools.TestTypes.Unit.UnitTestAdapter, Microsoft.VisualStudio.QualityTools.Tips.UnitTest.Adapter, Version=10.0.0.0, Culture=neutral, PublicKeyToken=b03f5f7f11d50a3a" className="TestCompilerToTiger.UnitTest1, TestCompilerToTiger, Version=1.0.0.0, Culture=neutral, PublicKeyToken=null" name="test_and_operator_invalid_type_operands" />
    </UnitTest>
    <UnitTest name="test_differents_types_array_assign" storage="h:\lastversion\compiler 8-3-2012\testcompilertotiger\bin\debug\testcompilertotiger.dll" id="f1ff68f4-2ce6-1ac3-921c-079b2b95706c">
      <Execution id="803183bf-b0a8-4ddc-809e-1baf137c71b0" />
      <TestMethod codeBase="H:/lastversion/Compiler 8-3-2012/TestCompilerToTiger/bin/Debug/TestCompilerToTiger.DLL" adapterTypeName="Microsoft.VisualStudio.TestTools.TestTypes.Unit.UnitTestAdapter, Microsoft.VisualStudio.QualityTools.Tips.UnitTest.Adapter, Version=10.0.0.0, Culture=neutral, PublicKeyToken=b03f5f7f11d50a3a" className="TestCompilerToTiger.UnitTest1, TestCompilerToTiger, Version=1.0.0.0, Culture=neutral, PublicKeyToken=null" name="test_differents_types_array_assign" />
    </UnitTest>
    <UnitTest name="test_merge" storage="h:\lastversion\compiler 8-3-2012\testcompilertotiger\bin\debug\testcompilertotiger.dll" id="019531f9-6c6d-6148-ff2d-d7912780c031">
      <Execution id="0ec8fa64-1a41-4bb9-9abf-cd9e4929713e" />
      <TestMethod codeBase="H:/lastversion/Compiler 8-3-2012/TestCompilerToTiger/bin/Debug/TestCompilerToTiger.DLL" adapterTypeName="Microsoft.VisualStudio.TestTools.TestTypes.Unit.UnitTestAdapter, Microsoft.VisualStudio.QualityTools.Tips.UnitTest.Adapter, Version=10.0.0.0, Culture=neutral, PublicKeyToken=b03f5f7f11d50a3a" className="TestCompilerToTiger.UnitTest1, TestCompilerToTiger, Version=1.0.0.0, Culture=neutral, PublicKeyToken=null" name="test_merge" />
    </UnitTest>
    <UnitTest name="test_mod5" storage="h:\lastversion\compiler 8-3-2012\testcompilertotiger\bin\debug\testcompilertotiger.dll" id="a44cd249-8572-57ab-7e94-76db5bad3054">
      <Execution id="00cb72eb-ee72-4383-bf5b-929ab7c2aca4" />
      <TestMethod codeBase="H:/lastversion/Compiler 8-3-2012/TestCompilerToTiger/bin/Debug/TestCompilerToTiger.DLL" adapterTypeName="Microsoft.VisualStudio.TestTools.TestTypes.Unit.UnitTestAdapter, Microsoft.VisualStudio.QualityTools.Tips.UnitTest.Adapter, Version=10.0.0.0, Culture=neutral, PublicKeyToken=b03f5f7f11d50a3a" className="TestCompilerToTiger.UnitTest1, TestCompilerToTiger, Version=1.0.0.0, Culture=neutral, PublicKeyToken=null" name="test_mod5" />
    </UnitTest>
    <UnitTest name="test_test33" storage="h:\lastversion\compiler 8-3-2012\testcompilertotiger\bin\debug\testcompilertotiger.dll" id="f178d479-04b2-1f51-5b83-340d9c464883">
      <Execution id="6900fbf3-744a-4e4c-958d-86d3b913a900" />
      <TestMethod codeBase="H:/lastversion/Compiler 8-3-2012/TestCompilerToTiger/bin/Debug/TestCompilerToTiger.DLL" adapterTypeName="Microsoft.VisualStudio.TestTools.TestTypes.Unit.UnitTestAdapter, Microsoft.VisualStudio.QualityTools.Tips.UnitTest.Adapter, Version=10.0.0.0, Culture=neutral, PublicKeyToken=b03f5f7f11d50a3a" className="TestCompilerToTiger.UnitTest1, TestCompilerToTiger, Version=1.0.0.0, Culture=neutral, PublicKeyToken=null" name="test_test33" />
    </UnitTest>
    <UnitTest name="test_test23" storage="h:\lastversion\compiler 8-3-2012\testcompilertotiger\bin\debug\testcompilertotiger.dll" id="570f88f9-f5f9-b4a9-ed6f-3034933d7208">
      <Execution id="ed27a8a3-bb66-486b-ba70-393326384177" />
      <TestMethod codeBase="H:/lastversion/Compiler 8-3-2012/TestCompilerToTiger/bin/Debug/TestCompilerToTiger.DLL" adapterTypeName="Microsoft.VisualStudio.TestTools.TestTypes.Unit.UnitTestAdapter, Microsoft.VisualStudio.QualityTools.Tips.UnitTest.Adapter, Version=10.0.0.0, Culture=neutral, PublicKeyToken=b03f5f7f11d50a3a" className="TestCompilerToTiger.UnitTest1, TestCompilerToTiger, Version=1.0.0.0, Culture=neutral, PublicKeyToken=null" name="test_test23" />
    </UnitTest>
    <UnitTest name="test_invalid_mutually_recursive_record_depth_4" storage="h:\lastversion\compiler 8-3-2012\testcompilertotiger\bin\debug\testcompilertotiger.dll" id="4f876700-47e2-ddf4-4e1d-31ab9f1d665d">
      <Execution id="0e2af33d-c5da-4f2c-a5e4-eaa337d2ff93" />
      <TestMethod codeBase="H:/lastversion/Compiler 8-3-2012/TestCompilerToTiger/bin/Debug/TestCompilerToTiger.DLL" adapterTypeName="Microsoft.VisualStudio.TestTools.TestTypes.Unit.UnitTestAdapter, Microsoft.VisualStudio.QualityTools.Tips.UnitTest.Adapter, Version=10.0.0.0, Culture=neutral, PublicKeyToken=b03f5f7f11d50a3a" className="TestCompilerToTiger.UnitTest1, TestCompilerToTiger, Version=1.0.0.0, Culture=neutral, PublicKeyToken=null" name="test_invalid_mutually_recursive_record_depth_4" />
    </UnitTest>
    <UnitTest name="test_test31" storage="h:\lastversion\compiler 8-3-2012\testcompilertotiger\bin\debug\testcompilertotiger.dll" id="baf2563e-3009-d447-b0e7-170ab8463071">
      <Execution id="11271436-db72-4074-9ca9-29f92203f897" />
      <TestMethod codeBase="H:/lastversion/Compiler 8-3-2012/TestCompilerToTiger/bin/Debug/TestCompilerToTiger.DLL" adapterTypeName="Microsoft.VisualStudio.TestTools.TestTypes.Unit.UnitTestAdapter, Microsoft.VisualStudio.QualityTools.Tips.UnitTest.Adapter, Version=10.0.0.0, Culture=neutral, PublicKeyToken=b03f5f7f11d50a3a" className="TestCompilerToTiger.UnitTest1, TestCompilerToTiger, Version=1.0.0.0, Culture=neutral, PublicKeyToken=null" name="test_test31" />
    </UnitTest>
    <UnitTest name="test_mod4" storage="h:\lastversion\compiler 8-3-2012\testcompilertotiger\bin\debug\testcompilertotiger.dll" id="c3679b4e-0952-8b62-ff50-a38002b5bb13">
      <Execution id="75b3f7c8-f150-45b7-aeb1-749ab11cda60" />
      <TestMethod codeBase="H:/lastversion/Compiler 8-3-2012/TestCompilerToTiger/bin/Debug/TestCompilerToTiger.DLL" adapterTypeName="Microsoft.VisualStudio.TestTools.TestTypes.Unit.UnitTestAdapter, Microsoft.VisualStudio.QualityTools.Tips.UnitTest.Adapter, Version=10.0.0.0, Culture=neutral, PublicKeyToken=b03f5f7f11d50a3a" className="TestCompilerToTiger.UnitTest1, TestCompilerToTiger, Version=1.0.0.0, Culture=neutral, PublicKeyToken=null" name="test_mod4" />
    </UnitTest>
    <UnitTest name="test_test2" storage="h:\lastversion\compiler 8-3-2012\testcompilertotiger\bin\debug\testcompilertotiger.dll" id="c4fb2239-0b02-8afd-06d9-ec6f804a8a52">
      <Execution id="385d32d9-a964-4562-830d-968efc592a6a" />
      <TestMethod codeBase="H:/lastversion/Compiler 8-3-2012/TestCompilerToTiger/bin/Debug/TestCompilerToTiger.DLL" adapterTypeName="Microsoft.VisualStudio.TestTools.TestTypes.Unit.UnitTestAdapter, Microsoft.VisualStudio.QualityTools.Tips.UnitTest.Adapter, Version=10.0.0.0, Culture=neutral, PublicKeyToken=b03f5f7f11d50a3a" className="TestCompilerToTiger.UnitTest1, TestCompilerToTiger, Version=1.0.0.0, Culture=neutral, PublicKeyToken=null" name="test_test2" />
    </UnitTest>
    <UnitTest name="test_mod7_2" storage="h:\lastversion\compiler 8-3-2012\testcompilertotiger\bin\debug\testcompilertotiger.dll" id="f72187fc-b3e0-b7a6-6724-df81d1bfb604">
      <Execution id="68ed2fc6-437a-40d8-9ded-b0e59a56e43e" />
      <TestMethod codeBase="H:/lastversion/Compiler 8-3-2012/TestCompilerToTiger/bin/Debug/TestCompilerToTiger.DLL" adapterTypeName="Microsoft.VisualStudio.TestTools.TestTypes.Unit.UnitTestAdapter, Microsoft.VisualStudio.QualityTools.Tips.UnitTest.Adapter, Version=10.0.0.0, Culture=neutral, PublicKeyToken=b03f5f7f11d50a3a" className="TestCompilerToTiger.UnitTest1, TestCompilerToTiger, Version=1.0.0.0, Culture=neutral, PublicKeyToken=null" name="test_mod7_2" />
    </UnitTest>
    <UnitTest name="test_test27" storage="h:\lastversion\compiler 8-3-2012\testcompilertotiger\bin\debug\testcompilertotiger.dll" id="a077de67-c679-41e7-f6a0-f3e9004988c8">
      <Execution id="4abfec8c-9811-477d-a66b-773bda3aa5b7" />
      <TestMethod codeBase="H:/lastversion/Compiler 8-3-2012/TestCompilerToTiger/bin/Debug/TestCompilerToTiger.DLL" adapterTypeName="Microsoft.VisualStudio.TestTools.TestTypes.Unit.UnitTestAdapter, Microsoft.VisualStudio.QualityTools.Tips.UnitTest.Adapter, Version=10.0.0.0, Culture=neutral, PublicKeyToken=b03f5f7f11d50a3a" className="TestCompilerToTiger.UnitTest1, TestCompilerToTiger, Version=1.0.0.0, Culture=neutral, PublicKeyToken=null" name="test_test27" />
    </UnitTest>
    <UnitTest name="test_mod7_3" storage="h:\lastversion\compiler 8-3-2012\testcompilertotiger\bin\debug\testcompilertotiger.dll" id="23273fad-a655-fb19-0591-a880a70c5eeb">
      <Execution id="93da1e3a-85ee-4de9-ba19-aee4048bcaf3" />
      <TestMethod codeBase="H:/lastversion/Compiler 8-3-2012/TestCompilerToTiger/bin/Debug/TestCompilerToTiger.DLL" adapterTypeName="Microsoft.VisualStudio.TestTools.TestTypes.Unit.UnitTestAdapter, Microsoft.VisualStudio.QualityTools.Tips.UnitTest.Adapter, Version=10.0.0.0, Culture=neutral, PublicKeyToken=b03f5f7f11d50a3a" className="TestCompilerToTiger.UnitTest1, TestCompilerToTiger, Version=1.0.0.0, Culture=neutral, PublicKeyToken=null" name="test_mod7_3" />
    </UnitTest>
    <UnitTest name="test_test50" storage="h:\lastversion\compiler 8-3-2012\testcompilertotiger\bin\debug\testcompilertotiger.dll" id="0ff029d3-12bf-eeea-36b5-2f404d00e87a">
      <Execution id="0fcbc5c8-91c1-4588-b7f9-66f648c2934b" />
      <TestMethod codeBase="H:/lastversion/Compiler 8-3-2012/TestCompilerToTiger/bin/Debug/TestCompilerToTiger.DLL" adapterTypeName="Microsoft.VisualStudio.TestTools.TestTypes.Unit.UnitTestAdapter, Microsoft.VisualStudio.QualityTools.Tips.UnitTest.Adapter, Version=10.0.0.0, Culture=neutral, PublicKeyToken=b03f5f7f11d50a3a" className="TestCompilerToTiger.UnitTest1, TestCompilerToTiger, Version=1.0.0.0, Culture=neutral, PublicKeyToken=null" name="test_test50" />
    </UnitTest>
    <UnitTest name="test_queens" storage="h:\lastversion\compiler 8-3-2012\testcompilertotiger\bin\debug\testcompilertotiger.dll" id="e6694f75-d598-6ffe-9c8e-bbfaecee7755">
      <Execution id="a3f71031-10c2-46a9-ab05-21d2792aa696" />
      <TestMethod codeBase="H:/lastversion/Compiler 8-3-2012/TestCompilerToTiger/bin/Debug/TestCompilerToTiger.DLL" adapterTypeName="Microsoft.VisualStudio.TestTools.TestTypes.Unit.UnitTestAdapter, Microsoft.VisualStudio.QualityTools.Tips.UnitTest.Adapter, Version=10.0.0.0, Culture=neutral, PublicKeyToken=b03f5f7f11d50a3a" className="TestCompilerToTiger.UnitTest1, TestCompilerToTiger, Version=1.0.0.0, Culture=neutral, PublicKeyToken=null" name="test_queens" />
    </UnitTest>
    <UnitTest name="test_test17" storage="h:\lastversion\compiler 8-3-2012\testcompilertotiger\bin\debug\testcompilertotiger.dll" id="da3e1bea-fd68-3dc0-d517-eb40039703ee">
      <Execution id="2f1ce323-d316-4bda-b384-21e6f5db1c0e" />
      <TestMethod codeBase="H:/lastversion/Compiler 8-3-2012/TestCompilerToTiger/bin/Debug/TestCompilerToTiger.DLL" adapterTypeName="Microsoft.VisualStudio.TestTools.TestTypes.Unit.UnitTestAdapter, Microsoft.VisualStudio.QualityTools.Tips.UnitTest.Adapter, Version=10.0.0.0, Culture=neutral, PublicKeyToken=b03f5f7f11d50a3a" className="TestCompilerToTiger.UnitTest1, TestCompilerToTiger, Version=1.0.0.0, Culture=neutral, PublicKeyToken=null" name="test_test17" />
    </UnitTest>
    <UnitTest name="test_test6" storage="h:\lastversion\compiler 8-3-2012\testcompilertotiger\bin\debug\testcompilertotiger.dll" id="5607c4ab-1b6e-27ef-88db-5c98aa28e993">
      <Execution id="8072f7b3-2edb-4b2a-b1d7-750775a1ad20" />
      <TestMethod codeBase="H:/lastversion/Compiler 8-3-2012/TestCompilerToTiger/bin/Debug/TestCompilerToTiger.DLL" adapterTypeName="Microsoft.VisualStudio.TestTools.TestTypes.Unit.UnitTestAdapter, Microsoft.VisualStudio.QualityTools.Tips.UnitTest.Adapter, Version=10.0.0.0, Culture=neutral, PublicKeyToken=b03f5f7f11d50a3a" className="TestCompilerToTiger.UnitTest1, TestCompilerToTiger, Version=1.0.0.0, Culture=neutral, PublicKeyToken=null" name="test_test6" />
    </UnitTest>
    <UnitTest name="test_mutually_recursive_alias" storage="h:\lastversion\compiler 8-3-2012\testcompilertotiger\bin\debug\testcompilertotiger.dll" id="b59a94a6-b3eb-5bc0-dedb-53c312b3dd38">
      <Execution id="4adf0b06-f1e7-4f50-b094-6a1218d3e51a" />
      <TestMethod codeBase="H:/lastversion/Compiler 8-3-2012/TestCompilerToTiger/bin/Debug/TestCompilerToTiger.DLL" adapterTypeName="Microsoft.VisualStudio.TestTools.TestTypes.Unit.UnitTestAdapter, Microsoft.VisualStudio.QualityTools.Tips.UnitTest.Adapter, Version=10.0.0.0, Culture=neutral, PublicKeyToken=b03f5f7f11d50a3a" className="TestCompilerToTiger.UnitTest1, TestCompilerToTiger, Version=1.0.0.0, Culture=neutral, PublicKeyToken=null" name="test_mutually_recursive_alias" />
    </UnitTest>
    <UnitTest name="test_test46" storage="h:\lastversion\compiler 8-3-2012\testcompilertotiger\bin\debug\testcompilertotiger.dll" id="ff4c30d4-0e18-8aac-65dc-3010d8dc6819">
      <Execution id="39d7adc5-2a4a-4a5a-8b13-850a694bb152" />
      <TestMethod codeBase="H:/lastversion/Compiler 8-3-2012/TestCompilerToTiger/bin/Debug/TestCompilerToTiger.DLL" adapterTypeName="Microsoft.VisualStudio.TestTools.TestTypes.Unit.UnitTestAdapter, Microsoft.VisualStudio.QualityTools.Tips.UnitTest.Adapter, Version=10.0.0.0, Culture=neutral, PublicKeyToken=b03f5f7f11d50a3a" className="TestCompilerToTiger.UnitTest1, TestCompilerToTiger, Version=1.0.0.0, Culture=neutral, PublicKeyToken=null" name="test_test46" />
    </UnitTest>
    <UnitTest name="test_test16" storage="h:\lastversion\compiler 8-3-2012\testcompilertotiger\bin\debug\testcompilertotiger.dll" id="fb90f7ed-7430-80a6-0f96-1278e7153aad">
      <Execution id="f9c74aec-2c38-42f6-ac8e-214a1b7e64c8" />
      <TestMethod codeBase="H:/lastversion/Compiler 8-3-2012/TestCompilerToTiger/bin/Debug/TestCompilerToTiger.DLL" adapterTypeName="Microsoft.VisualStudio.TestTools.TestTypes.Unit.UnitTestAdapter, Microsoft.VisualStudio.QualityTools.Tips.UnitTest.Adapter, Version=10.0.0.0, Culture=neutral, PublicKeyToken=b03f5f7f11d50a3a" className="TestCompilerToTiger.UnitTest1, TestCompilerToTiger, Version=1.0.0.0, Culture=neutral, PublicKeyToken=null" name="test_test16" />
    </UnitTest>
    <UnitTest name="test_break_out_of_while" storage="h:\lastversion\compiler 8-3-2012\testcompilertotiger\bin\debug\testcompilertotiger.dll" id="29c89c54-d7fb-f98d-1f2a-27aade8fb1a1">
      <Execution id="4f498d2d-c4fc-4921-893a-21b04c1e9a66" />
      <TestMethod codeBase="H:/lastversion/Compiler 8-3-2012/TestCompilerToTiger/bin/Debug/TestCompilerToTiger.DLL" adapterTypeName="Microsoft.VisualStudio.TestTools.TestTypes.Unit.UnitTestAdapter, Microsoft.VisualStudio.QualityTools.Tips.UnitTest.Adapter, Version=10.0.0.0, Culture=neutral, PublicKeyToken=b03f5f7f11d50a3a" className="TestCompilerToTiger.UnitTest1, TestCompilerToTiger, Version=1.0.0.0, Culture=neutral, PublicKeyToken=null" name="test_break_out_of_while" />
    </UnitTest>
    <UnitTest name="test_expression_sequence_returns_last_value" storage="h:\lastversion\compiler 8-3-2012\testcompilertotiger\bin\debug\testcompilertotiger.dll" id="83e78d72-b212-dd46-9548-fec8071552c7">
      <Execution id="a4738736-01ee-44e4-bad8-ac8d45b5d576" />
      <TestMethod codeBase="H:/lastversion/Compiler 8-3-2012/TestCompilerToTiger/bin/Debug/TestCompilerToTiger.DLL" adapterTypeName="Microsoft.VisualStudio.TestTools.TestTypes.Unit.UnitTestAdapter, Microsoft.VisualStudio.QualityTools.Tips.UnitTest.Adapter, Version=10.0.0.0, Culture=neutral, PublicKeyToken=b03f5f7f11d50a3a" className="TestCompilerToTiger.UnitTest1, TestCompilerToTiger, Version=1.0.0.0, Culture=neutral, PublicKeyToken=null" name="test_expression_sequence_returns_last_value" />
    </UnitTest>
    <UnitTest name="test_mod8" storage="h:\lastversion\compiler 8-3-2012\testcompilertotiger\bin\debug\testcompilertotiger.dll" id="510d376c-bc82-1db9-4c26-7765bd4900fd">
      <Execution id="14e18d71-460c-4fb1-8ccd-c43d18623df4" />
      <TestMethod codeBase="H:/lastversion/Compiler 8-3-2012/TestCompilerToTiger/bin/Debug/TestCompilerToTiger.DLL" adapterTypeName="Microsoft.VisualStudio.TestTools.TestTypes.Unit.UnitTestAdapter, Microsoft.VisualStudio.QualityTools.Tips.UnitTest.Adapter, Version=10.0.0.0, Culture=neutral, PublicKeyToken=b03f5f7f11d50a3a" className="TestCompilerToTiger.UnitTest1, TestCompilerToTiger, Version=1.0.0.0, Culture=neutral, PublicKeyToken=null" name="test_mod8" />
    </UnitTest>
    <UnitTest name="test_access_complex" storage="h:\lastversion\compiler 8-3-2012\testcompilertotiger\bin\debug\testcompilertotiger.dll" id="487ad327-ee86-41b7-ddc2-994627f0d66e">
      <Execution id="bdf92b6d-900a-4632-9e5f-f551714a2734" />
      <TestMethod codeBase="H:/lastversion/Compiler 8-3-2012/TestCompilerToTiger/bin/Debug/TestCompilerToTiger.DLL" adapterTypeName="Microsoft.VisualStudio.TestTools.TestTypes.Unit.UnitTestAdapter, Microsoft.VisualStudio.QualityTools.Tips.UnitTest.Adapter, Version=10.0.0.0, Culture=neutral, PublicKeyToken=b03f5f7f11d50a3a" className="TestCompilerToTiger.UnitTest1, TestCompilerToTiger, Version=1.0.0.0, Culture=neutral, PublicKeyToken=null" name="test_access_complex" />
    </UnitTest>
    <UnitTest name="test_mod3" storage="h:\lastversion\compiler 8-3-2012\testcompilertotiger\bin\debug\testcompilertotiger.dll" id="97171acb-cce5-bb87-edb1-a40947c57107">
      <Execution id="70d5c0f8-dd07-4e6f-9103-a58b6454aca7" />
      <TestMethod codeBase="H:/lastversion/Compiler 8-3-2012/TestCompilerToTiger/bin/Debug/TestCompilerToTiger.DLL" adapterTypeName="Microsoft.VisualStudio.TestTools.TestTypes.Unit.UnitTestAdapter, Microsoft.VisualStudio.QualityTools.Tips.UnitTest.Adapter, Version=10.0.0.0, Culture=neutral, PublicKeyToken=b03f5f7f11d50a3a" className="TestCompilerToTiger.UnitTest1, TestCompilerToTiger, Version=1.0.0.0, Culture=neutral, PublicKeyToken=null" name="test_mod3" />
    </UnitTest>
    <UnitTest name="test_incompatible_types_jagged_array" storage="h:\lastversion\compiler 8-3-2012\testcompilertotiger\bin\debug\testcompilertotiger.dll" id="bedda814-012f-44ec-c334-f993d0f501c2">
      <Execution id="92219b85-1dd3-416d-b2ca-e880163bb751" />
      <TestMethod codeBase="H:/lastversion/Compiler 8-3-2012/TestCompilerToTiger/bin/Debug/TestCompilerToTiger.DLL" adapterTypeName="Microsoft.VisualStudio.TestTools.TestTypes.Unit.UnitTestAdapter, Microsoft.VisualStudio.QualityTools.Tips.UnitTest.Adapter, Version=10.0.0.0, Culture=neutral, PublicKeyToken=b03f5f7f11d50a3a" className="TestCompilerToTiger.UnitTest1, TestCompilerToTiger, Version=1.0.0.0, Culture=neutral, PublicKeyToken=null" name="test_incompatible_types_jagged_array" />
    </UnitTest>
    <UnitTest name="test_record_literal_less_params" storage="h:\lastversion\compiler 8-3-2012\testcompilertotiger\bin\debug\testcompilertotiger.dll" id="653eb7ac-1e40-67fb-ee64-62985c81131e">
      <Execution id="d81a5379-a2d0-4e10-bed1-7961cb3e222a" />
      <TestMethod codeBase="H:/lastversion/Compiler 8-3-2012/TestCompilerToTiger/bin/Debug/TestCompilerToTiger.DLL" adapterTypeName="Microsoft.VisualStudio.TestTools.TestTypes.Unit.UnitTestAdapter, Microsoft.VisualStudio.QualityTools.Tips.UnitTest.Adapter, Version=10.0.0.0, Culture=neutral, PublicKeyToken=b03f5f7f11d50a3a" className="TestCompilerToTiger.UnitTest1, TestCompilerToTiger, Version=1.0.0.0, Culture=neutral, PublicKeyToken=null" name="test_record_literal_less_params" />
    </UnitTest>
    <UnitTest name="test_test4" storage="h:\lastversion\compiler 8-3-2012\testcompilertotiger\bin\debug\testcompilertotiger.dll" id="909f0493-3a2b-3db1-9239-46de00bd2132">
      <Execution id="4eed514e-1f27-4f3e-a510-96f2e8b25af0" />
      <TestMethod codeBase="H:/lastversion/Compiler 8-3-2012/TestCompilerToTiger/bin/Debug/TestCompilerToTiger.DLL" adapterTypeName="Microsoft.VisualStudio.TestTools.TestTypes.Unit.UnitTestAdapter, Microsoft.VisualStudio.QualityTools.Tips.UnitTest.Adapter, Version=10.0.0.0, Culture=neutral, PublicKeyToken=b03f5f7f11d50a3a" className="TestCompilerToTiger.UnitTest1, TestCompilerToTiger, Version=1.0.0.0, Culture=neutral, PublicKeyToken=null" name="test_test4" />
    </UnitTest>
    <UnitTest name="test_test48" storage="h:\lastversion\compiler 8-3-2012\testcompilertotiger\bin\debug\testcompilertotiger.dll" id="d050111e-1afa-c332-bab6-dc16fcf18a86">
      <Execution id="cf20be8c-b211-454e-8842-49435c3386f5" />
      <TestMethod codeBase="H:/lastversion/Compiler 8-3-2012/TestCompilerToTiger/bin/Debug/TestCompilerToTiger.DLL" adapterTypeName="Microsoft.VisualStudio.TestTools.TestTypes.Unit.UnitTestAdapter, Microsoft.VisualStudio.QualityTools.Tips.UnitTest.Adapter, Version=10.0.0.0, Culture=neutral, PublicKeyToken=b03f5f7f11d50a3a" className="TestCompilerToTiger.UnitTest1, TestCompilerToTiger, Version=1.0.0.0, Culture=neutral, PublicKeyToken=null" name="test_test48" />
    </UnitTest>
    <UnitTest name="test_test38" storage="h:\lastversion\compiler 8-3-2012\testcompilertotiger\bin\debug\testcompilertotiger.dll" id="3c5d2c78-6807-923e-0707-565f55826a52">
      <Execution id="6ce388ef-f3bf-4714-8f72-3014ea711220" />
      <TestMethod codeBase="H:/lastversion/Compiler 8-3-2012/TestCompilerToTiger/bin/Debug/TestCompilerToTiger.DLL" adapterTypeName="Microsoft.VisualStudio.TestTools.TestTypes.Unit.UnitTestAdapter, Microsoft.VisualStudio.QualityTools.Tips.UnitTest.Adapter, Version=10.0.0.0, Culture=neutral, PublicKeyToken=b03f5f7f11d50a3a" className="TestCompilerToTiger.UnitTest1, TestCompilerToTiger, Version=1.0.0.0, Culture=neutral, PublicKeyToken=null" name="test_test38" />
    </UnitTest>
    <UnitTest name="test_test42" storage="h:\lastversion\compiler 8-3-2012\testcompilertotiger\bin\debug\testcompilertotiger.dll" id="c20e51b4-12b3-e19f-44f0-68b615cb9d34">
      <Execution id="43922b93-20b4-4538-9d85-be86209b007d" />
      <TestMethod codeBase="H:/lastversion/Compiler 8-3-2012/TestCompilerToTiger/bin/Debug/TestCompilerToTiger.DLL" adapterTypeName="Microsoft.VisualStudio.TestTools.TestTypes.Unit.UnitTestAdapter, Microsoft.VisualStudio.QualityTools.Tips.UnitTest.Adapter, Version=10.0.0.0, Culture=neutral, PublicKeyToken=b03f5f7f11d50a3a" className="TestCompilerToTiger.UnitTest1, TestCompilerToTiger, Version=1.0.0.0, Culture=neutral, PublicKeyToken=null" name="test_test42" />
    </UnitTest>
    <UnitTest name="test_test9" storage="h:\lastversion\compiler 8-3-2012\testcompilertotiger\bin\debug\testcompilertotiger.dll" id="d6875146-3a82-65ba-0dc8-a42d822217f6">
      <Execution id="d0b11995-b0b7-4b70-913c-afa684b8d6d7" />
      <TestMethod codeBase="H:/lastversion/Compiler 8-3-2012/TestCompilerToTiger/bin/Debug/TestCompilerToTiger.DLL" adapterTypeName="Microsoft.VisualStudio.TestTools.TestTypes.Unit.UnitTestAdapter, Microsoft.VisualStudio.QualityTools.Tips.UnitTest.Adapter, Version=10.0.0.0, Culture=neutral, PublicKeyToken=b03f5f7f11d50a3a" className="TestCompilerToTiger.UnitTest1, TestCompilerToTiger, Version=1.0.0.0, Culture=neutral, PublicKeyToken=null" name="test_test9" />
    </UnitTest>
    <UnitTest name="test_test30" storage="h:\lastversion\compiler 8-3-2012\testcompilertotiger\bin\debug\testcompilertotiger.dll" id="f8f7e3fc-a32f-4b7e-3884-a77c284c6334">
      <Execution id="7359dcbe-aa4f-40d7-9357-f242098a948e" />
      <TestMethod codeBase="H:/lastversion/Compiler 8-3-2012/TestCompilerToTiger/bin/Debug/TestCompilerToTiger.DLL" adapterTypeName="Microsoft.VisualStudio.TestTools.TestTypes.Unit.UnitTestAdapter, Microsoft.VisualStudio.QualityTools.Tips.UnitTest.Adapter, Version=10.0.0.0, Culture=neutral, PublicKeyToken=b03f5f7f11d50a3a" className="TestCompilerToTiger.UnitTest1, TestCompilerToTiger, Version=1.0.0.0, Culture=neutral, PublicKeyToken=null" name="test_test30" />
    </UnitTest>
    <UnitTest name="test_test5" storage="h:\lastversion\compiler 8-3-2012\testcompilertotiger\bin\debug\testcompilertotiger.dll" id="2a289f39-5a92-deb7-3bfb-b0c29bd31f53">
      <Execution id="2b85d9bc-313d-4367-8d9f-5506e6a7644d" />
      <TestMethod codeBase="H:/lastversion/Compiler 8-3-2012/TestCompilerToTiger/bin/Debug/TestCompilerToTiger.DLL" adapterTypeName="Microsoft.VisualStudio.TestTools.TestTypes.Unit.UnitTestAdapter, Microsoft.VisualStudio.QualityTools.Tips.UnitTest.Adapter, Version=10.0.0.0, Culture=neutral, PublicKeyToken=b03f5f7f11d50a3a" className="TestCompilerToTiger.UnitTest1, TestCompilerToTiger, Version=1.0.0.0, Culture=neutral, PublicKeyToken=null" name="test_test5" />
    </UnitTest>
    <UnitTest name="test_test12" storage="h:\lastversion\compiler 8-3-2012\testcompilertotiger\bin\debug\testcompilertotiger.dll" id="4f4b9668-5fc2-c922-c2a4-15a71f9d7a1b">
      <Execution id="38a65ad5-9604-481d-a013-6ca70838dd55" />
      <TestMethod codeBase="H:/lastversion/Compiler 8-3-2012/TestCompilerToTiger/bin/Debug/TestCompilerToTiger.DLL" adapterTypeName="Microsoft.VisualStudio.TestTools.TestTypes.Unit.UnitTestAdapter, Microsoft.VisualStudio.QualityTools.Tips.UnitTest.Adapter, Version=10.0.0.0, Culture=neutral, PublicKeyToken=b03f5f7f11d50a3a" className="TestCompilerToTiger.UnitTest1, TestCompilerToTiger, Version=1.0.0.0, Culture=neutral, PublicKeyToken=null" name="test_test12" />
    </UnitTest>
    <UnitTest name="test_invalid_mutually_recursive_record" storage="h:\lastversion\compiler 8-3-2012\testcompilertotiger\bin\debug\testcompilertotiger.dll" id="72aa1a9e-7bdb-88d7-27ff-e8b4fa9b856a">
      <Execution id="0c80b3cf-fac3-4814-8a60-0c0096d34418" />
      <TestMethod codeBase="H:/lastversion/Compiler 8-3-2012/TestCompilerToTiger/bin/Debug/TestCompilerToTiger.DLL" adapterTypeName="Microsoft.VisualStudio.TestTools.TestTypes.Unit.UnitTestAdapter, Microsoft.VisualStudio.QualityTools.Tips.UnitTest.Adapter, Version=10.0.0.0, Culture=neutral, PublicKeyToken=b03f5f7f11d50a3a" className="TestCompilerToTiger.UnitTest1, TestCompilerToTiger, Version=1.0.0.0, Culture=neutral, PublicKeyToken=null" name="test_invalid_mutually_recursive_record" />
    </UnitTest>
    <UnitTest name="test_test13" storage="h:\lastversion\compiler 8-3-2012\testcompilertotiger\bin\debug\testcompilertotiger.dll" id="dc1b746a-01eb-32a1-dd9f-13724fc026ff">
      <Execution id="7b8b0b88-a424-481f-b3c0-ea43fd091473" />
      <TestMethod codeBase="H:/lastversion/Compiler 8-3-2012/TestCompilerToTiger/bin/Debug/TestCompilerToTiger.DLL" adapterTypeName="Microsoft.VisualStudio.TestTools.TestTypes.Unit.UnitTestAdapter, Microsoft.VisualStudio.QualityTools.Tips.UnitTest.Adapter, Version=10.0.0.0, Culture=neutral, PublicKeyToken=b03f5f7f11d50a3a" className="TestCompilerToTiger.UnitTest1, TestCompilerToTiger, Version=1.0.0.0, Culture=neutral, PublicKeyToken=null" name="test_test13" />
    </UnitTest>
    <UnitTest name="test_test15" storage="h:\lastversion\compiler 8-3-2012\testcompilertotiger\bin\debug\testcompilertotiger.dll" id="c4fa99d9-cca8-ac70-06bb-cefbec6e204e">
      <Execution id="3670dc4d-5e0b-4ce6-9111-55674f55b896" />
      <TestMethod codeBase="H:/lastversion/Compiler 8-3-2012/TestCompilerToTiger/bin/Debug/TestCompilerToTiger.DLL" adapterTypeName="Microsoft.VisualStudio.TestTools.TestTypes.Unit.UnitTestAdapter, Microsoft.VisualStudio.QualityTools.Tips.UnitTest.Adapter, Version=10.0.0.0, Culture=neutral, PublicKeyToken=b03f5f7f11d50a3a" className="TestCompilerToTiger.UnitTest1, TestCompilerToTiger, Version=1.0.0.0, Culture=neutral, PublicKeyToken=null" name="test_test15" />
    </UnitTest>
    <UnitTest name="test_test40" storage="h:\lastversion\compiler 8-3-2012\testcompilertotiger\bin\debug\testcompilertotiger.dll" id="59f585d1-a0bb-33e9-4abb-19d69a17417d">
      <Execution id="701779b0-ff05-416b-bb9a-9034106f9bf6" />
      <TestMethod codeBase="H:/lastversion/Compiler 8-3-2012/TestCompilerToTiger/bin/Debug/TestCompilerToTiger.DLL" adapterTypeName="Microsoft.VisualStudio.TestTools.TestTypes.Unit.UnitTestAdapter, Microsoft.VisualStudio.QualityTools.Tips.UnitTest.Adapter, Version=10.0.0.0, Culture=neutral, PublicKeyToken=b03f5f7f11d50a3a" className="TestCompilerToTiger.UnitTest1, TestCompilerToTiger, Version=1.0.0.0, Culture=neutral, PublicKeyToken=null" name="test_test40" />
    </UnitTest>
    <UnitTest name="test_test32" storage="h:\lastversion\compiler 8-3-2012\testcompilertotiger\bin\debug\testcompilertotiger.dll" id="b072c1fb-dc11-85af-9856-d7106bde114d">
      <Execution id="f8725671-aa3e-411d-902d-3de922af8cc1" />
      <TestMethod codeBase="H:/lastversion/Compiler 8-3-2012/TestCompilerToTiger/bin/Debug/TestCompilerToTiger.DLL" adapterTypeName="Microsoft.VisualStudio.TestTools.TestTypes.Unit.UnitTestAdapter, Microsoft.VisualStudio.QualityTools.Tips.UnitTest.Adapter, Version=10.0.0.0, Culture=neutral, PublicKeyToken=b03f5f7f11d50a3a" className="TestCompilerToTiger.UnitTest1, TestCompilerToTiger, Version=1.0.0.0, Culture=neutral, PublicKeyToken=null" name="test_test32" />
    </UnitTest>
    <UnitTest name="test_array_init" storage="h:\lastversion\compiler 8-3-2012\testcompilertotiger\bin\debug\testcompilertotiger.dll" id="e8d2f115-d73c-2867-cfd5-f324a2ef1c4b">
      <Execution id="2a3b7960-39d9-4287-86f5-cf9277ac1626" />
      <TestMethod codeBase="H:/lastversion/Compiler 8-3-2012/TestCompilerToTiger/bin/Debug/TestCompilerToTiger.DLL" adapterTypeName="Microsoft.VisualStudio.TestTools.TestTypes.Unit.UnitTestAdapter, Microsoft.VisualStudio.QualityTools.Tips.UnitTest.Adapter, Version=10.0.0.0, Culture=neutral, PublicKeyToken=b03f5f7f11d50a3a" className="TestCompilerToTiger.UnitTest1, TestCompilerToTiger, Version=1.0.0.0, Culture=neutral, PublicKeyToken=null" name="test_array_init" />
    </UnitTest>
    <UnitTest name="test_recursive_array" storage="h:\lastversion\compiler 8-3-2012\testcompilertotiger\bin\debug\testcompilertotiger.dll" id="e5ba5b84-693c-c274-9024-67714abfd289">
      <Execution id="2e23c285-60c8-4930-bf28-046ca9723bd5" />
      <TestMethod codeBase="H:/lastversion/Compiler 8-3-2012/TestCompilerToTiger/bin/Debug/TestCompilerToTiger.DLL" adapterTypeName="Microsoft.VisualStudio.TestTools.TestTypes.Unit.UnitTestAdapter, Microsoft.VisualStudio.QualityTools.Tips.UnitTest.Adapter, Version=10.0.0.0, Culture=neutral, PublicKeyToken=b03f5f7f11d50a3a" className="TestCompilerToTiger.UnitTest1, TestCompilerToTiger, Version=1.0.0.0, Culture=neutral, PublicKeyToken=null" name="test_recursive_array" />
    </UnitTest>
    <UnitTest name="test_and_operator_non_valued_operands" storage="h:\lastversion\compiler 8-3-2012\testcompilertotiger\bin\debug\testcompilertotiger.dll" id="7778cbf3-4c15-9b31-c5ab-9ec850cf89a5">
      <Execution id="e322fe6a-f793-4764-9a48-f87944961d06" />
      <TestMethod codeBase="H:/lastversion/Compiler 8-3-2012/TestCompilerToTiger/bin/Debug/TestCompilerToTiger.DLL" adapterTypeName="Microsoft.VisualStudio.TestTools.TestTypes.Unit.UnitTestAdapter, Microsoft.VisualStudio.QualityTools.Tips.UnitTest.Adapter, Version=10.0.0.0, Culture=neutral, PublicKeyToken=b03f5f7f11d50a3a" className="TestCompilerToTiger.UnitTest1, TestCompilerToTiger, Version=1.0.0.0, Culture=neutral, PublicKeyToken=null" name="test_and_operator_non_valued_operands" />
    </UnitTest>
    <UnitTest name="test_test1" storage="h:\lastversion\compiler 8-3-2012\testcompilertotiger\bin\debug\testcompilertotiger.dll" id="46280aa5-4d15-904e-00e7-b0ec18a6f672">
      <Execution id="178e9ba6-429f-4685-ae40-c2da7e62e6ba" />
      <TestMethod codeBase="H:/lastversion/Compiler 8-3-2012/TestCompilerToTiger/bin/Debug/TestCompilerToTiger.DLL" adapterTypeName="Microsoft.VisualStudio.TestTools.TestTypes.Unit.UnitTestAdapter, Microsoft.VisualStudio.QualityTools.Tips.UnitTest.Adapter, Version=10.0.0.0, Culture=neutral, PublicKeyToken=b03f5f7f11d50a3a" className="TestCompilerToTiger.UnitTest1, TestCompilerToTiger, Version=1.0.0.0, Culture=neutral, PublicKeyToken=null" name="test_test1" />
    </UnitTest>
    <UnitTest name="test_if_then_without_valued_condition" storage="h:\lastversion\compiler 8-3-2012\testcompilertotiger\bin\debug\testcompilertotiger.dll" id="787fedd9-a949-1ea5-7ca7-01f74f289b04">
      <Execution id="821b984e-54bb-4e94-86ae-056c5fb7061e" />
      <TestMethod codeBase="H:/lastversion/Compiler 8-3-2012/TestCompilerToTiger/bin/Debug/TestCompilerToTiger.DLL" adapterTypeName="Microsoft.VisualStudio.TestTools.TestTypes.Unit.UnitTestAdapter, Microsoft.VisualStudio.QualityTools.Tips.UnitTest.Adapter, Version=10.0.0.0, Culture=neutral, PublicKeyToken=b03f5f7f11d50a3a" className="TestCompilerToTiger.UnitTest1, TestCompilerToTiger, Version=1.0.0.0, Culture=neutral, PublicKeyToken=null" name="test_if_then_without_valued_condition" />
    </UnitTest>
    <UnitTest name="test_record_literal_more_params" storage="h:\lastversion\compiler 8-3-2012\testcompilertotiger\bin\debug\testcompilertotiger.dll" id="1592ab8f-1085-3308-e351-9274eada4786">
      <Execution id="102fcc63-ff23-4413-b78a-5b071fd097ca" />
      <TestMethod codeBase="H:/lastversion/Compiler 8-3-2012/TestCompilerToTiger/bin/Debug/TestCompilerToTiger.DLL" adapterTypeName="Microsoft.VisualStudio.TestTools.TestTypes.Unit.UnitTestAdapter, Microsoft.VisualStudio.QualityTools.Tips.UnitTest.Adapter, Version=10.0.0.0, Culture=neutral, PublicKeyToken=b03f5f7f11d50a3a" className="TestCompilerToTiger.UnitTest1, TestCompilerToTiger, Version=1.0.0.0, Culture=neutral, PublicKeyToken=null" name="test_record_literal_more_params" />
    </UnitTest>
    <UnitTest name="test_test22" storage="h:\lastversion\compiler 8-3-2012\testcompilertotiger\bin\debug\testcompilertotiger.dll" id="bc0e1316-dbe6-b028-ade7-bfc7507988f6">
      <Execution id="8472d235-3d02-417e-bb42-086a423975cb" />
      <TestMethod codeBase="H:/lastversion/Compiler 8-3-2012/TestCompilerToTiger/bin/Debug/TestCompilerToTiger.DLL" adapterTypeName="Microsoft.VisualStudio.TestTools.TestTypes.Unit.UnitTestAdapter, Microsoft.VisualStudio.QualityTools.Tips.UnitTest.Adapter, Version=10.0.0.0, Culture=neutral, PublicKeyToken=b03f5f7f11d50a3a" className="TestCompilerToTiger.UnitTest1, TestCompilerToTiger, Version=1.0.0.0, Culture=neutral, PublicKeyToken=null" name="test_test22" />
    </UnitTest>
    <UnitTest name="test_test11" storage="h:\lastversion\compiler 8-3-2012\testcompilertotiger\bin\debug\testcompilertotiger.dll" id="914b2a0c-dbfa-15bf-c67e-da89c4c3ca96">
      <Execution id="a00980ac-71e2-4473-ab26-1e5a82055ab8" />
      <TestMethod codeBase="H:/lastversion/Compiler 8-3-2012/TestCompilerToTiger/bin/Debug/TestCompilerToTiger.DLL" adapterTypeName="Microsoft.VisualStudio.TestTools.TestTypes.Unit.UnitTestAdapter, Microsoft.VisualStudio.QualityTools.Tips.UnitTest.Adapter, Version=10.0.0.0, Culture=neutral, PublicKeyToken=b03f5f7f11d50a3a" className="TestCompilerToTiger.UnitTest1, TestCompilerToTiger, Version=1.0.0.0, Culture=neutral, PublicKeyToken=null" name="test_test11" />
    </UnitTest>
    <UnitTest name="test_test43" storage="h:\lastversion\compiler 8-3-2012\testcompilertotiger\bin\debug\testcompilertotiger.dll" id="e202bc60-0634-baa5-9fb7-e483d26688e3">
      <Execution id="f3d1e179-2c2f-4df1-b371-f5b6e7896097" />
      <TestMethod codeBase="H:/lastversion/Compiler 8-3-2012/TestCompilerToTiger/bin/Debug/TestCompilerToTiger.DLL" adapterTypeName="Microsoft.VisualStudio.TestTools.TestTypes.Unit.UnitTestAdapter, Microsoft.VisualStudio.QualityTools.Tips.UnitTest.Adapter, Version=10.0.0.0, Culture=neutral, PublicKeyToken=b03f5f7f11d50a3a" className="TestCompilerToTiger.UnitTest1, TestCompilerToTiger, Version=1.0.0.0, Culture=neutral, PublicKeyToken=null" name="test_test43" />
    </UnitTest>
    <UnitTest name="test_invalid_mutually_recursive_function_depth_3" storage="h:\lastversion\compiler 8-3-2012\testcompilertotiger\bin\debug\testcompilertotiger.dll" id="7c7d2692-7ab1-c90f-37ca-eafa8321abdc">
      <Execution id="5dd17f46-ba04-43c5-9f36-ef724eacb70d" />
      <TestMethod codeBase="H:/lastversion/Compiler 8-3-2012/TestCompilerToTiger/bin/Debug/TestCompilerToTiger.DLL" adapterTypeName="Microsoft.VisualStudio.TestTools.TestTypes.Unit.UnitTestAdapter, Microsoft.VisualStudio.QualityTools.Tips.UnitTest.Adapter, Version=10.0.0.0, Culture=neutral, PublicKeyToken=b03f5f7f11d50a3a" className="TestCompilerToTiger.UnitTest1, TestCompilerToTiger, Version=1.0.0.0, Culture=neutral, PublicKeyToken=null" name="test_invalid_mutually_recursive_function_depth_3" />
    </UnitTest>
    <UnitTest name="test_break_in_a_function" storage="h:\lastversion\compiler 8-3-2012\testcompilertotiger\bin\debug\testcompilertotiger.dll" id="39e514c1-78c7-15fd-4b22-50c302b2163e">
      <Execution id="c217f899-0e60-4570-a216-9ccd4496bde6" />
      <TestMethod codeBase="H:/lastversion/Compiler 8-3-2012/TestCompilerToTiger/bin/Debug/TestCompilerToTiger.DLL" adapterTypeName="Microsoft.VisualStudio.TestTools.TestTypes.Unit.UnitTestAdapter, Microsoft.VisualStudio.QualityTools.Tips.UnitTest.Adapter, Version=10.0.0.0, Culture=neutral, PublicKeyToken=b03f5f7f11d50a3a" className="TestCompilerToTiger.UnitTest1, TestCompilerToTiger, Version=1.0.0.0, Culture=neutral, PublicKeyToken=null" name="test_break_in_a_function" />
    </UnitTest>
    <UnitTest name="test_test41" storage="h:\lastversion\compiler 8-3-2012\testcompilertotiger\bin\debug\testcompilertotiger.dll" id="6cf12022-2ae0-7084-a31c-7e8297ba831d">
      <Execution id="9bdedcb1-4ce8-473d-b1fb-5cefb7578b36" />
      <TestMethod codeBase="H:/lastversion/Compiler 8-3-2012/TestCompilerToTiger/bin/Debug/TestCompilerToTiger.DLL" adapterTypeName="Microsoft.VisualStudio.TestTools.TestTypes.Unit.UnitTestAdapter, Microsoft.VisualStudio.QualityTools.Tips.UnitTest.Adapter, Version=10.0.0.0, Culture=neutral, PublicKeyToken=b03f5f7f11d50a3a" className="TestCompilerToTiger.UnitTest1, TestCompilerToTiger, Version=1.0.0.0, Culture=neutral, PublicKeyToken=null" name="test_test41" />
    </UnitTest>
    <UnitTest name="test_invalid_mutually_recursive_record_depth_3" storage="h:\lastversion\compiler 8-3-2012\testcompilertotiger\bin\debug\testcompilertotiger.dll" id="a2d926c3-2110-bd3c-06f7-e7b666840b6e">
      <Execution id="9cb17088-f7a7-4241-a4b4-4eaadff121e6" />
      <TestMethod codeBase="H:/lastversion/Compiler 8-3-2012/TestCompilerToTiger/bin/Debug/TestCompilerToTiger.DLL" adapterTypeName="Microsoft.VisualStudio.TestTools.TestTypes.Unit.UnitTestAdapter, Microsoft.VisualStudio.QualityTools.Tips.UnitTest.Adapter, Version=10.0.0.0, Culture=neutral, PublicKeyToken=b03f5f7f11d50a3a" className="TestCompilerToTiger.UnitTest1, TestCompilerToTiger, Version=1.0.0.0, Culture=neutral, PublicKeyToken=null" name="test_invalid_mutually_recursive_record_depth_3" />
    </UnitTest>
    <UnitTest name="test_mod7_1" storage="h:\lastversion\compiler 8-3-2012\testcompilertotiger\bin\debug\testcompilertotiger.dll" id="a7316259-a78f-4c76-fc44-43a2d7ccb76e">
      <Execution id="15f87bc4-92a2-4567-9c06-916a9b1e36b0" />
      <TestMethod codeBase="H:/lastversion/Compiler 8-3-2012/TestCompilerToTiger/bin/Debug/TestCompilerToTiger.DLL" adapterTypeName="Microsoft.VisualStudio.TestTools.TestTypes.Unit.UnitTestAdapter, Microsoft.VisualStudio.QualityTools.Tips.UnitTest.Adapter, Version=10.0.0.0, Culture=neutral, PublicKeyToken=b03f5f7f11d50a3a" className="TestCompilerToTiger.UnitTest1, TestCompilerToTiger, Version=1.0.0.0, Culture=neutral, PublicKeyToken=null" name="test_mod7_1" />
    </UnitTest>
    <UnitTest name="test_divide_between_non_valued_right" storage="h:\lastversion\compiler 8-3-2012\testcompilertotiger\bin\debug\testcompilertotiger.dll" id="a59733da-8885-c1da-b119-165c79329a1b">
      <Execution id="c627edfd-76dd-4db7-9f24-baa903fa4f22" />
      <TestMethod codeBase="H:/lastversion/Compiler 8-3-2012/TestCompilerToTiger/bin/Debug/TestCompilerToTiger.DLL" adapterTypeName="Microsoft.VisualStudio.TestTools.TestTypes.Unit.UnitTestAdapter, Microsoft.VisualStudio.QualityTools.Tips.UnitTest.Adapter, Version=10.0.0.0, Culture=neutral, PublicKeyToken=b03f5f7f11d50a3a" className="TestCompilerToTiger.UnitTest1, TestCompilerToTiger, Version=1.0.0.0, Culture=neutral, PublicKeyToken=null" name="test_divide_between_non_valued_right" />
    </UnitTest>
    <UnitTest name="test_test28" storage="h:\lastversion\compiler 8-3-2012\testcompilertotiger\bin\debug\testcompilertotiger.dll" id="36324f40-b2ea-1a81-62d1-737b148bbfa1">
      <Execution id="12098510-52af-4653-961d-97bcede3f847" />
      <TestMethod codeBase="H:/lastversion/Compiler 8-3-2012/TestCompilerToTiger/bin/Debug/TestCompilerToTiger.DLL" adapterTypeName="Microsoft.VisualStudio.TestTools.TestTypes.Unit.UnitTestAdapter, Microsoft.VisualStudio.QualityTools.Tips.UnitTest.Adapter, Version=10.0.0.0, Culture=neutral, PublicKeyToken=b03f5f7f11d50a3a" className="TestCompilerToTiger.UnitTest1, TestCompilerToTiger, Version=1.0.0.0, Culture=neutral, PublicKeyToken=null" name="test_test28" />
    </UnitTest>
    <UnitTest name="test_mod6" storage="h:\lastversion\compiler 8-3-2012\testcompilertotiger\bin\debug\testcompilertotiger.dll" id="4a01e103-991f-0e62-ab1c-3ca959d73353">
      <Execution id="d0e60797-2e45-48ba-9b56-a22891c51ed5" />
      <TestMethod codeBase="H:/lastversion/Compiler 8-3-2012/TestCompilerToTiger/bin/Debug/TestCompilerToTiger.DLL" adapterTypeName="Microsoft.VisualStudio.TestTools.TestTypes.Unit.UnitTestAdapter, Microsoft.VisualStudio.QualityTools.Tips.UnitTest.Adapter, Version=10.0.0.0, Culture=neutral, PublicKeyToken=b03f5f7f11d50a3a" className="TestCompilerToTiger.UnitTest1, TestCompilerToTiger, Version=1.0.0.0, Culture=neutral, PublicKeyToken=null" name="test_mod6" />
    </UnitTest>
    <UnitTest name="test_test36" storage="h:\lastversion\compiler 8-3-2012\testcompilertotiger\bin\debug\testcompilertotiger.dll" id="f96446f0-229a-33bf-fd57-40890b9bd378">
      <Execution id="0ecf7273-8380-406d-9b69-34a4872d3ccf" />
      <TestMethod codeBase="H:/lastversion/Compiler 8-3-2012/TestCompilerToTiger/bin/Debug/TestCompilerToTiger.DLL" adapterTypeName="Microsoft.VisualStudio.TestTools.TestTypes.Unit.UnitTestAdapter, Microsoft.VisualStudio.QualityTools.Tips.UnitTest.Adapter, Version=10.0.0.0, Culture=neutral, PublicKeyToken=b03f5f7f11d50a3a" className="TestCompilerToTiger.UnitTest1, TestCompilerToTiger, Version=1.0.0.0, Culture=neutral, PublicKeyToken=null" name="test_test36" />
    </UnitTest>
    <UnitTest name="test_test25" storage="h:\lastversion\compiler 8-3-2012\testcompilertotiger\bin\debug\testcompilertotiger.dll" id="d690abc7-a328-cd83-8fdc-b127cf098887">
      <Execution id="e80e9653-29ec-4df4-adfa-d2adf02f8fd1" />
      <TestMethod codeBase="H:/lastversion/Compiler 8-3-2012/TestCompilerToTiger/bin/Debug/TestCompilerToTiger.DLL" adapterTypeName="Microsoft.VisualStudio.TestTools.TestTypes.Unit.UnitTestAdapter, Microsoft.VisualStudio.QualityTools.Tips.UnitTest.Adapter, Version=10.0.0.0, Culture=neutral, PublicKeyToken=b03f5f7f11d50a3a" className="TestCompilerToTiger.UnitTest1, TestCompilerToTiger, Version=1.0.0.0, Culture=neutral, PublicKeyToken=null" name="test_test25" />
    </UnitTest>
    <UnitTest name="test_test24" storage="h:\lastversion\compiler 8-3-2012\testcompilertotiger\bin\debug\testcompilertotiger.dll" id="c8045a47-9964-f48c-6e03-79936fb7aaa2">
      <Execution id="6107d7b0-bf56-40ef-9887-72d642e588ae" />
      <TestMethod codeBase="H:/lastversion/Compiler 8-3-2012/TestCompilerToTiger/bin/Debug/TestCompilerToTiger.DLL" adapterTypeName="Microsoft.VisualStudio.TestTools.TestTypes.Unit.UnitTestAdapter, Microsoft.VisualStudio.QualityTools.Tips.UnitTest.Adapter, Version=10.0.0.0, Culture=neutral, PublicKeyToken=b03f5f7f11d50a3a" className="TestCompilerToTiger.UnitTest1, TestCompilerToTiger, Version=1.0.0.0, Culture=neutral, PublicKeyToken=null" name="test_test24" />
    </UnitTest>
    <UnitTest name="test_test14" storage="h:\lastversion\compiler 8-3-2012\testcompilertotiger\bin\debug\testcompilertotiger.dll" id="8a758c2f-0cd5-1d39-decc-a9938a65ea5c">
      <Execution id="014f372e-e3a8-4a11-a323-2738a387b6a9" />
      <TestMethod codeBase="H:/lastversion/Compiler 8-3-2012/TestCompilerToTiger/bin/Debug/TestCompilerToTiger.DLL" adapterTypeName="Microsoft.VisualStudio.TestTools.TestTypes.Unit.UnitTestAdapter, Microsoft.VisualStudio.QualityTools.Tips.UnitTest.Adapter, Version=10.0.0.0, Culture=neutral, PublicKeyToken=b03f5f7f11d50a3a" className="TestCompilerToTiger.UnitTest1, TestCompilerToTiger, Version=1.0.0.0, Culture=neutral, PublicKeyToken=null" name="test_test14" />
    </UnitTest>
    <UnitTest name="test_test21" storage="h:\lastversion\compiler 8-3-2012\testcompilertotiger\bin\debug\testcompilertotiger.dll" id="eec5b161-be3c-10b7-c8a8-069c5234b535">
      <Execution id="20fd818c-ae63-4d09-b56b-ea399529a4f0" />
      <TestMethod codeBase="H:/lastversion/Compiler 8-3-2012/TestCompilerToTiger/bin/Debug/TestCompilerToTiger.DLL" adapterTypeName="Microsoft.VisualStudio.TestTools.TestTypes.Unit.UnitTestAdapter, Microsoft.VisualStudio.QualityTools.Tips.UnitTest.Adapter, Version=10.0.0.0, Culture=neutral, PublicKeyToken=b03f5f7f11d50a3a" className="TestCompilerToTiger.UnitTest1, TestCompilerToTiger, Version=1.0.0.0, Culture=neutral, PublicKeyToken=null" name="test_test21" />
    </UnitTest>
    <UnitTest name="test_test47" storage="h:\lastversion\compiler 8-3-2012\testcompilertotiger\bin\debug\testcompilertotiger.dll" id="6abeaf16-1933-aee6-2e8b-ea4a38605847">
      <Execution id="932bc3c5-b3b9-4bbf-b093-6f7fa05692ff" />
      <TestMethod codeBase="H:/lastversion/Compiler 8-3-2012/TestCompilerToTiger/bin/Debug/TestCompilerToTiger.DLL" adapterTypeName="Microsoft.VisualStudio.TestTools.TestTypes.Unit.UnitTestAdapter, Microsoft.VisualStudio.QualityTools.Tips.UnitTest.Adapter, Version=10.0.0.0, Culture=neutral, PublicKeyToken=b03f5f7f11d50a3a" className="TestCompilerToTiger.UnitTest1, TestCompilerToTiger, Version=1.0.0.0, Culture=neutral, PublicKeyToken=null" name="test_test47" />
    </UnitTest>
    <UnitTest name="test_test7" storage="h:\lastversion\compiler 8-3-2012\testcompilertotiger\bin\debug\testcompilertotiger.dll" id="d06f6746-ead1-f925-4604-460409e84f79">
      <Execution id="6343cec6-e0bf-47e2-8027-6af9f5c676f0" />
      <TestMethod codeBase="H:/lastversion/Compiler 8-3-2012/TestCompilerToTiger/bin/Debug/TestCompilerToTiger.DLL" adapterTypeName="Microsoft.VisualStudio.TestTools.TestTypes.Unit.UnitTestAdapter, Microsoft.VisualStudio.QualityTools.Tips.UnitTest.Adapter, Version=10.0.0.0, Culture=neutral, PublicKeyToken=b03f5f7f11d50a3a" className="TestCompilerToTiger.UnitTest1, TestCompilerToTiger, Version=1.0.0.0, Culture=neutral, PublicKeyToken=null" name="test_test7" />
    </UnitTest>
    <UnitTest name="test_test49" storage="h:\lastversion\compiler 8-3-2012\testcompilertotiger\bin\debug\testcompilertotiger.dll" id="c348fff9-c0f5-4dfb-10de-9bcc6c0e2e35">
      <Execution id="7223562f-3445-4c72-8f25-f162a7c0c79d" />
      <TestMethod codeBase="H:/lastversion/Compiler 8-3-2012/TestCompilerToTiger/bin/Debug/TestCompilerToTiger.DLL" adapterTypeName="Microsoft.VisualStudio.TestTools.TestTypes.Unit.UnitTestAdapter, Microsoft.VisualStudio.QualityTools.Tips.UnitTest.Adapter, Version=10.0.0.0, Culture=neutral, PublicKeyToken=b03f5f7f11d50a3a" className="TestCompilerToTiger.UnitTest1, TestCompilerToTiger, Version=1.0.0.0, Culture=neutral, PublicKeyToken=null" name="test_test49" />
    </UnitTest>
    <UnitTest name="test_str" storage="h:\lastversion\compiler 8-3-2012\testcompilertotiger\bin\debug\testcompilertotiger.dll" id="f671f60d-5960-0a4e-25da-4be80fa480eb">
      <Execution id="2e9864d1-440d-45c3-a4e1-68b832e5b8cb" />
      <TestMethod codeBase="H:/lastversion/Compiler 8-3-2012/TestCompilerToTiger/bin/Debug/TestCompilerToTiger.DLL" adapterTypeName="Microsoft.VisualStudio.TestTools.TestTypes.Unit.UnitTestAdapter, Microsoft.VisualStudio.QualityTools.Tips.UnitTest.Adapter, Version=10.0.0.0, Culture=neutral, PublicKeyToken=b03f5f7f11d50a3a" className="TestCompilerToTiger.UnitTest1, TestCompilerToTiger, Version=1.0.0.0, Culture=neutral, PublicKeyToken=null" name="test_str" />
    </UnitTest>
    <UnitTest name="test_test3" storage="h:\lastversion\compiler 8-3-2012\testcompilertotiger\bin\debug\testcompilertotiger.dll" id="6935728c-f33b-b582-5cef-9b30d14c6ed4">
      <Execution id="a424f325-322b-46e0-9d3d-4b11a60aa9c7" />
      <TestMethod codeBase="H:/lastversion/Compiler 8-3-2012/TestCompilerToTiger/bin/Debug/TestCompilerToTiger.DLL" adapterTypeName="Microsoft.VisualStudio.TestTools.TestTypes.Unit.UnitTestAdapter, Microsoft.VisualStudio.QualityTools.Tips.UnitTest.Adapter, Version=10.0.0.0, Culture=neutral, PublicKeyToken=b03f5f7f11d50a3a" className="TestCompilerToTiger.UnitTest1, TestCompilerToTiger, Version=1.0.0.0, Culture=neutral, PublicKeyToken=null" name="test_test3" />
    </UnitTest>
  </TestDefinitions>
  <TestLists>
    <TestList name="Results Not in a List" id="8c84fa94-04c1-424b-9868-57a2d4851a1d" />
    <TestList name="All Loaded Results" id="19431567-8539-422a-85d7-44ee4e166bda" />
  </TestLists>
  <TestEntries>
    <TestEntry testId="019531f9-6c6d-6148-ff2d-d7912780c031" executionId="0ec8fa64-1a41-4bb9-9abf-cd9e4929713e" testListId="8c84fa94-04c1-424b-9868-57a2d4851a1d" />
    <TestEntry testId="041998ab-07f9-73fa-8039-7d960c796110" executionId="aa833fad-7205-434d-8c7f-37eb4a1d3373" testListId="8c84fa94-04c1-424b-9868-57a2d4851a1d" />
    <TestEntry testId="044ddcd4-6330-7a22-e9f8-f33b453f18d7" executionId="975cbf36-ae9e-44ff-8c7e-4dbe4180edef" testListId="8c84fa94-04c1-424b-9868-57a2d4851a1d" />
    <TestEntry testId="0ff029d3-12bf-eeea-36b5-2f404d00e87a" executionId="0fcbc5c8-91c1-4588-b7f9-66f648c2934b" testListId="8c84fa94-04c1-424b-9868-57a2d4851a1d" />
    <TestEntry testId="1592ab8f-1085-3308-e351-9274eada4786" executionId="102fcc63-ff23-4413-b78a-5b071fd097ca" testListId="8c84fa94-04c1-424b-9868-57a2d4851a1d" />
    <TestEntry testId="23273fad-a655-fb19-0591-a880a70c5eeb" executionId="93da1e3a-85ee-4de9-ba19-aee4048bcaf3" testListId="8c84fa94-04c1-424b-9868-57a2d4851a1d" />
    <TestEntry testId="29c89c54-d7fb-f98d-1f2a-27aade8fb1a1" executionId="4f498d2d-c4fc-4921-893a-21b04c1e9a66" testListId="8c84fa94-04c1-424b-9868-57a2d4851a1d" />
    <TestEntry testId="2a289f39-5a92-deb7-3bfb-b0c29bd31f53" executionId="2b85d9bc-313d-4367-8d9f-5506e6a7644d" testListId="8c84fa94-04c1-424b-9868-57a2d4851a1d" />
    <TestEntry testId="30a9dc30-d90c-bbee-e587-6b840a964a32" executionId="c9ab377e-6da9-4285-a07f-554f11b0ec3b" testListId="8c84fa94-04c1-424b-9868-57a2d4851a1d" />
    <TestEntry testId="33df6015-371d-7c50-5ef5-d8861ee19e12" executionId="b76b4ecb-5f5f-40fc-a1a0-8933f63e564d" testListId="8c84fa94-04c1-424b-9868-57a2d4851a1d" />
    <TestEntry testId="36324f40-b2ea-1a81-62d1-737b148bbfa1" executionId="12098510-52af-4653-961d-97bcede3f847" testListId="8c84fa94-04c1-424b-9868-57a2d4851a1d" />
    <TestEntry testId="39e514c1-78c7-15fd-4b22-50c302b2163e" executionId="c217f899-0e60-4570-a216-9ccd4496bde6" testListId="8c84fa94-04c1-424b-9868-57a2d4851a1d" />
    <TestEntry testId="3c5d2c78-6807-923e-0707-565f55826a52" executionId="6ce388ef-f3bf-4714-8f72-3014ea711220" testListId="8c84fa94-04c1-424b-9868-57a2d4851a1d" />
    <TestEntry testId="3c85eb83-557f-5abd-129b-c696176453d1" executionId="3430dab4-e1cf-4c6a-8b2c-fb4bb8730c31" testListId="8c84fa94-04c1-424b-9868-57a2d4851a1d" />
    <TestEntry testId="3eaf5a1b-09ff-aa0a-8696-77810f03640d" executionId="d23f1761-6147-4987-b4c3-d96dd5e13052" testListId="8c84fa94-04c1-424b-9868-57a2d4851a1d" />
    <TestEntry testId="46280aa5-4d15-904e-00e7-b0ec18a6f672" executionId="178e9ba6-429f-4685-ae40-c2da7e62e6ba" testListId="8c84fa94-04c1-424b-9868-57a2d4851a1d" />
    <TestEntry testId="487ad327-ee86-41b7-ddc2-994627f0d66e" executionId="bdf92b6d-900a-4632-9e5f-f551714a2734" testListId="8c84fa94-04c1-424b-9868-57a2d4851a1d" />
    <TestEntry testId="4a01e103-991f-0e62-ab1c-3ca959d73353" executionId="d0e60797-2e45-48ba-9b56-a22891c51ed5" testListId="8c84fa94-04c1-424b-9868-57a2d4851a1d" />
    <TestEntry testId="4f4b9668-5fc2-c922-c2a4-15a71f9d7a1b" executionId="38a65ad5-9604-481d-a013-6ca70838dd55" testListId="8c84fa94-04c1-424b-9868-57a2d4851a1d" />
    <TestEntry testId="4f876700-47e2-ddf4-4e1d-31ab9f1d665d" executionId="0e2af33d-c5da-4f2c-a5e4-eaa337d2ff93" testListId="8c84fa94-04c1-424b-9868-57a2d4851a1d" />
    <TestEntry testId="510d376c-bc82-1db9-4c26-7765bd4900fd" executionId="14e18d71-460c-4fb1-8ccd-c43d18623df4" testListId="8c84fa94-04c1-424b-9868-57a2d4851a1d" />
    <TestEntry testId="5607c4ab-1b6e-27ef-88db-5c98aa28e993" executionId="8072f7b3-2edb-4b2a-b1d7-750775a1ad20" testListId="8c84fa94-04c1-424b-9868-57a2d4851a1d" />
    <TestEntry testId="570f88f9-f5f9-b4a9-ed6f-3034933d7208" executionId="ed27a8a3-bb66-486b-ba70-393326384177" testListId="8c84fa94-04c1-424b-9868-57a2d4851a1d" />
    <TestEntry testId="59f585d1-a0bb-33e9-4abb-19d69a17417d" executionId="701779b0-ff05-416b-bb9a-9034106f9bf6" testListId="8c84fa94-04c1-424b-9868-57a2d4851a1d" />
    <TestEntry testId="6491bb9a-c473-c29d-0621-addaa45ea010" executionId="2abeec73-397a-43b1-b800-657738796e42" testListId="8c84fa94-04c1-424b-9868-57a2d4851a1d" />
    <TestEntry testId="653eb7ac-1e40-67fb-ee64-62985c81131e" executionId="d81a5379-a2d0-4e10-bed1-7961cb3e222a" testListId="8c84fa94-04c1-424b-9868-57a2d4851a1d" />
    <TestEntry testId="67c163c5-c8d3-5101-e815-2db32a75cf56" executionId="081dba51-af73-4629-a27d-4510000fbe10" testListId="8c84fa94-04c1-424b-9868-57a2d4851a1d" />
    <TestEntry testId="6935728c-f33b-b582-5cef-9b30d14c6ed4" executionId="a424f325-322b-46e0-9d3d-4b11a60aa9c7" testListId="8c84fa94-04c1-424b-9868-57a2d4851a1d" />
    <TestEntry testId="6abeaf16-1933-aee6-2e8b-ea4a38605847" executionId="932bc3c5-b3b9-4bbf-b093-6f7fa05692ff" testListId="8c84fa94-04c1-424b-9868-57a2d4851a1d" />
    <TestEntry testId="6cf12022-2ae0-7084-a31c-7e8297ba831d" executionId="9bdedcb1-4ce8-473d-b1fb-5cefb7578b36" testListId="8c84fa94-04c1-424b-9868-57a2d4851a1d" />
    <TestEntry testId="6cf631e1-db7e-962a-558e-bc54f36bb57a" executionId="d0a71f4a-74f9-4061-935a-524d2335d6e7" testListId="8c84fa94-04c1-424b-9868-57a2d4851a1d" />
    <TestEntry testId="6d72d84f-797d-15c2-7042-642838b6df03" executionId="2f6d24e1-52d9-429c-9c4f-92399ad28d76" testListId="8c84fa94-04c1-424b-9868-57a2d4851a1d" />
    <TestEntry testId="72aa1a9e-7bdb-88d7-27ff-e8b4fa9b856a" executionId="0c80b3cf-fac3-4814-8a60-0c0096d34418" testListId="8c84fa94-04c1-424b-9868-57a2d4851a1d" />
    <TestEntry testId="7778cbf3-4c15-9b31-c5ab-9ec850cf89a5" executionId="e322fe6a-f793-4764-9a48-f87944961d06" testListId="8c84fa94-04c1-424b-9868-57a2d4851a1d" />
    <TestEntry testId="787fedd9-a949-1ea5-7ca7-01f74f289b04" executionId="821b984e-54bb-4e94-86ae-056c5fb7061e" testListId="8c84fa94-04c1-424b-9868-57a2d4851a1d" />
    <TestEntry testId="7c7d2692-7ab1-c90f-37ca-eafa8321abdc" executionId="5dd17f46-ba04-43c5-9f36-ef724eacb70d" testListId="8c84fa94-04c1-424b-9868-57a2d4851a1d" />
    <TestEntry testId="83e78d72-b212-dd46-9548-fec8071552c7" executionId="a4738736-01ee-44e4-bad8-ac8d45b5d576" testListId="8c84fa94-04c1-424b-9868-57a2d4851a1d" />
    <TestEntry testId="8a758c2f-0cd5-1d39-decc-a9938a65ea5c" executionId="014f372e-e3a8-4a11-a323-2738a387b6a9" testListId="8c84fa94-04c1-424b-9868-57a2d4851a1d" />
    <TestEntry testId="8c0af343-7fa9-77f2-656f-4d5deee86c5d" executionId="dd0f92dc-1c44-47e4-9544-f3a4f3a7607d" testListId="8c84fa94-04c1-424b-9868-57a2d4851a1d" />
    <TestEntry testId="909f0493-3a2b-3db1-9239-46de00bd2132" executionId="4eed514e-1f27-4f3e-a510-96f2e8b25af0" testListId="8c84fa94-04c1-424b-9868-57a2d4851a1d" />
    <TestEntry testId="914b2a0c-dbfa-15bf-c67e-da89c4c3ca96" executionId="a00980ac-71e2-4473-ab26-1e5a82055ab8" testListId="8c84fa94-04c1-424b-9868-57a2d4851a1d" />
    <TestEntry testId="97171acb-cce5-bb87-edb1-a40947c57107" executionId="70d5c0f8-dd07-4e6f-9103-a58b6454aca7" testListId="8c84fa94-04c1-424b-9868-57a2d4851a1d" />
    <TestEntry testId="9936c7db-6cf6-2051-5d72-b9fe5c8e1ada" executionId="b60e0126-9cfd-4abf-b2f3-0134f7cb84ce" testListId="8c84fa94-04c1-424b-9868-57a2d4851a1d" />
    <TestEntry testId="99ccbccc-8faa-d870-7334-5e51e17814a3" executionId="8281090a-e70e-43ac-913c-2a0edb477676" testListId="8c84fa94-04c1-424b-9868-57a2d4851a1d" />
    <TestEntry testId="a077de67-c679-41e7-f6a0-f3e9004988c8" executionId="4abfec8c-9811-477d-a66b-773bda3aa5b7" testListId="8c84fa94-04c1-424b-9868-57a2d4851a1d" />
    <TestEntry testId="a2d926c3-2110-bd3c-06f7-e7b666840b6e" executionId="9cb17088-f7a7-4241-a4b4-4eaadff121e6" testListId="8c84fa94-04c1-424b-9868-57a2d4851a1d" />
    <TestEntry testId="a384bb22-ddee-6569-96ae-a4c57e6d3916" executionId="b30d7f25-97a4-48f7-a747-6fea37a16d0c" testListId="8c84fa94-04c1-424b-9868-57a2d4851a1d" />
    <TestEntry testId="a44cd249-8572-57ab-7e94-76db5bad3054" executionId="00cb72eb-ee72-4383-bf5b-929ab7c2aca4" testListId="8c84fa94-04c1-424b-9868-57a2d4851a1d" />
    <TestEntry testId="a472785a-6aac-8d41-8d14-3df81fa7d043" executionId="207dad3c-e953-4e4f-aa50-4f9fe411077e" testListId="8c84fa94-04c1-424b-9868-57a2d4851a1d" />
    <TestEntry testId="a59733da-8885-c1da-b119-165c79329a1b" executionId="c627edfd-76dd-4db7-9f24-baa903fa4f22" testListId="8c84fa94-04c1-424b-9868-57a2d4851a1d" />
    <TestEntry testId="a7316259-a78f-4c76-fc44-43a2d7ccb76e" executionId="15f87bc4-92a2-4567-9c06-916a9b1e36b0" testListId="8c84fa94-04c1-424b-9868-57a2d4851a1d" />
    <TestEntry testId="b072c1fb-dc11-85af-9856-d7106bde114d" executionId="f8725671-aa3e-411d-902d-3de922af8cc1" testListId="8c84fa94-04c1-424b-9868-57a2d4851a1d" />
    <TestEntry testId="b4c7ef8d-acd4-bb81-a04e-3b27f1d00de4" executionId="90a78110-3896-4b9e-afd0-56cef2acf715" testListId="8c84fa94-04c1-424b-9868-57a2d4851a1d" />
    <TestEntry testId="b59a94a6-b3eb-5bc0-dedb-53c312b3dd38" executionId="4adf0b06-f1e7-4f50-b094-6a1218d3e51a" testListId="8c84fa94-04c1-424b-9868-57a2d4851a1d" />
    <TestEntry testId="b62d9364-7778-3e50-d7a6-6bf0ce856a2f" executionId="6dc473bd-ee8b-4f65-b490-f2f2586c1515" testListId="8c84fa94-04c1-424b-9868-57a2d4851a1d" />
    <TestEntry testId="baf2563e-3009-d447-b0e7-170ab8463071" executionId="11271436-db72-4074-9ca9-29f92203f897" testListId="8c84fa94-04c1-424b-9868-57a2d4851a1d" />
    <TestEntry testId="bc0e1316-dbe6-b028-ade7-bfc7507988f6" executionId="8472d235-3d02-417e-bb42-086a423975cb" testListId="8c84fa94-04c1-424b-9868-57a2d4851a1d" />
    <TestEntry testId="bedda814-012f-44ec-c334-f993d0f501c2" executionId="92219b85-1dd3-416d-b2ca-e880163bb751" testListId="8c84fa94-04c1-424b-9868-57a2d4851a1d" />
    <TestEntry testId="c20e51b4-12b3-e19f-44f0-68b615cb9d34" executionId="43922b93-20b4-4538-9d85-be86209b007d" testListId="8c84fa94-04c1-424b-9868-57a2d4851a1d" />
    <TestEntry testId="c348fff9-c0f5-4dfb-10de-9bcc6c0e2e35" executionId="7223562f-3445-4c72-8f25-f162a7c0c79d" testListId="8c84fa94-04c1-424b-9868-57a2d4851a1d" />
    <TestEntry testId="c3679b4e-0952-8b62-ff50-a38002b5bb13" executionId="75b3f7c8-f150-45b7-aeb1-749ab11cda60" testListId="8c84fa94-04c1-424b-9868-57a2d4851a1d" />
    <TestEntry testId="c4fa99d9-cca8-ac70-06bb-cefbec6e204e" executionId="3670dc4d-5e0b-4ce6-9111-55674f55b896" testListId="8c84fa94-04c1-424b-9868-57a2d4851a1d" />
    <TestEntry testId="c4fb2239-0b02-8afd-06d9-ec6f804a8a52" executionId="385d32d9-a964-4562-830d-968efc592a6a" testListId="8c84fa94-04c1-424b-9868-57a2d4851a1d" />
    <TestEntry testId="c61736dc-d6c8-f953-d484-0d9a5b344127" executionId="5b5b8d67-7d82-4b2a-8f9c-55aaff6507f9" testListId="8c84fa94-04c1-424b-9868-57a2d4851a1d" />
    <TestEntry testId="c8045a47-9964-f48c-6e03-79936fb7aaa2" executionId="6107d7b0-bf56-40ef-9887-72d642e588ae" testListId="8c84fa94-04c1-424b-9868-57a2d4851a1d" />
    <TestEntry testId="cab8b132-edf3-b22a-dafd-52e3f1e74a4c" executionId="e3807fe6-707f-43fb-b737-faca69387e2e" testListId="8c84fa94-04c1-424b-9868-57a2d4851a1d" />
    <TestEntry testId="cda3dbd2-47ba-daee-07dc-a896644e4d82" executionId="5a088f54-d483-4a10-bc6d-66b7999dfa23" testListId="8c84fa94-04c1-424b-9868-57a2d4851a1d" />
    <TestEntry testId="ce2a8c2f-bbc2-eed5-1248-002e2907786b" executionId="781d700e-c3d1-413d-af2c-b4d8296aa3f4" testListId="8c84fa94-04c1-424b-9868-57a2d4851a1d" />
    <TestEntry testId="d050111e-1afa-c332-bab6-dc16fcf18a86" executionId="cf20be8c-b211-454e-8842-49435c3386f5" testListId="8c84fa94-04c1-424b-9868-57a2d4851a1d" />
    <TestEntry testId="d06f6746-ead1-f925-4604-460409e84f79" executionId="6343cec6-e0bf-47e2-8027-6af9f5c676f0" testListId="8c84fa94-04c1-424b-9868-57a2d4851a1d" />
    <TestEntry testId="d6875146-3a82-65ba-0dc8-a42d822217f6" executionId="d0b11995-b0b7-4b70-913c-afa684b8d6d7" testListId="8c84fa94-04c1-424b-9868-57a2d4851a1d" />
    <TestEntry testId="d690abc7-a328-cd83-8fdc-b127cf098887" executionId="e80e9653-29ec-4df4-adfa-d2adf02f8fd1" testListId="8c84fa94-04c1-424b-9868-57a2d4851a1d" />
    <TestEntry testId="d93fbe60-89ed-bf54-6dfb-bec94ee26025" executionId="60161e94-a986-49d3-9082-20f027c91f10" testListId="8c84fa94-04c1-424b-9868-57a2d4851a1d" />
    <TestEntry testId="da3e1bea-fd68-3dc0-d517-eb40039703ee" executionId="2f1ce323-d316-4bda-b384-21e6f5db1c0e" testListId="8c84fa94-04c1-424b-9868-57a2d4851a1d" />
    <TestEntry testId="dc1b746a-01eb-32a1-dd9f-13724fc026ff" executionId="7b8b0b88-a424-481f-b3c0-ea43fd091473" testListId="8c84fa94-04c1-424b-9868-57a2d4851a1d" />
    <TestEntry testId="e202bc60-0634-baa5-9fb7-e483d26688e3" executionId="f3d1e179-2c2f-4df1-b371-f5b6e7896097" testListId="8c84fa94-04c1-424b-9868-57a2d4851a1d" />
    <TestEntry testId="e23ffe73-c0b4-23de-3266-456dece737db" executionId="a8575d83-7adf-4509-8496-32070dd8724d" testListId="8c84fa94-04c1-424b-9868-57a2d4851a1d" />
    <TestEntry testId="e5ba5b84-693c-c274-9024-67714abfd289" executionId="2e23c285-60c8-4930-bf28-046ca9723bd5" testListId="8c84fa94-04c1-424b-9868-57a2d4851a1d" />
    <TestEntry testId="e6694f75-d598-6ffe-9c8e-bbfaecee7755" executionId="a3f71031-10c2-46a9-ab05-21d2792aa696" testListId="8c84fa94-04c1-424b-9868-57a2d4851a1d" />
    <TestEntry testId="e8d2f115-d73c-2867-cfd5-f324a2ef1c4b" executionId="2a3b7960-39d9-4287-86f5-cf9277ac1626" testListId="8c84fa94-04c1-424b-9868-57a2d4851a1d" />
    <TestEntry testId="ecf43549-1da5-5f9d-4f70-8ce66cfb75f9" executionId="1bfdc3cf-a459-4433-a491-97a5cff1c582" testListId="8c84fa94-04c1-424b-9868-57a2d4851a1d" />
    <TestEntry testId="eec5b161-be3c-10b7-c8a8-069c5234b535" executionId="20fd818c-ae63-4d09-b56b-ea399529a4f0" testListId="8c84fa94-04c1-424b-9868-57a2d4851a1d" />
    <TestEntry testId="f16497eb-6a01-ee64-493f-fa445e31a0a3" executionId="df61a11d-efc8-4320-abab-279093489f28" testListId="8c84fa94-04c1-424b-9868-57a2d4851a1d" />
    <TestEntry testId="f178d479-04b2-1f51-5b83-340d9c464883" executionId="6900fbf3-744a-4e4c-958d-86d3b913a900" testListId="8c84fa94-04c1-424b-9868-57a2d4851a1d" />
    <TestEntry testId="f1ff68f4-2ce6-1ac3-921c-079b2b95706c" executionId="803183bf-b0a8-4ddc-809e-1baf137c71b0" testListId="8c84fa94-04c1-424b-9868-57a2d4851a1d" />
    <TestEntry testId="f4efcf97-2817-134e-d4cd-02e0e8ed7f47" executionId="6676a014-93cd-43e0-80ad-6667201f1d9f" testListId="8c84fa94-04c1-424b-9868-57a2d4851a1d" />
    <TestEntry testId="f671f60d-5960-0a4e-25da-4be80fa480eb" executionId="2e9864d1-440d-45c3-a4e1-68b832e5b8cb" testListId="8c84fa94-04c1-424b-9868-57a2d4851a1d" />
    <TestEntry testId="f72187fc-b3e0-b7a6-6724-df81d1bfb604" executionId="68ed2fc6-437a-40d8-9ded-b0e59a56e43e" testListId="8c84fa94-04c1-424b-9868-57a2d4851a1d" />
    <TestEntry testId="f7361c7c-3b0f-6086-f159-11b4844d843d" executionId="632b6269-1c26-4c0f-b525-039a43ff21f5" testListId="8c84fa94-04c1-424b-9868-57a2d4851a1d" />
    <TestEntry testId="f8f7e3fc-a32f-4b7e-3884-a77c284c6334" executionId="7359dcbe-aa4f-40d7-9357-f242098a948e" testListId="8c84fa94-04c1-424b-9868-57a2d4851a1d" />
    <TestEntry testId="f96446f0-229a-33bf-fd57-40890b9bd378" executionId="0ecf7273-8380-406d-9b69-34a4872d3ccf" testListId="8c84fa94-04c1-424b-9868-57a2d4851a1d" />
    <TestEntry testId="fb90f7ed-7430-80a6-0f96-1278e7153aad" executionId="f9c74aec-2c38-42f6-ac8e-214a1b7e64c8" testListId="8c84fa94-04c1-424b-9868-57a2d4851a1d" />
    <TestEntry testId="ff4c30d4-0e18-8aac-65dc-3010d8dc6819" executionId="39d7adc5-2a4a-4a5a-8b13-850a694bb152" testListId="8c84fa94-04c1-424b-9868-57a2d4851a1d" />
  </TestEntries>
  <Results>
    <UnitTestResult executionId="0ec8fa64-1a41-4bb9-9abf-cd9e4929713e" testId="019531f9-6c6d-6148-ff2d-d7912780c031" testName="test_merge" computerName="HOME-E26FE83CAE" duration="00:00:00.0205011" startTime="2012-03-12T11:45:02.7656250-05:00" endTime="2012-03-12T11:45:04.4687500-05:00" testType="13cdc9d9-ddb5-4fa4-a97d-d965ccfc6d4b" outcome="Passed" testListId="8c84fa94-04c1-424b-9868-57a2d4851a1d" relativeResultsDirectory="0ec8fa64-1a41-4bb9-9abf-cd9e4929713e">
    </UnitTestResult>
    <UnitTestResult executionId="aa833fad-7205-434d-8c7f-37eb4a1d3373" testId="041998ab-07f9-73fa-8039-7d960c796110" testName="test_recursive_array_alias" computerName="HOME-E26FE83CAE" duration="00:00:00.0003418" startTime="2012-03-12T11:45:04.5000000-05:00" endTime="2012-03-12T11:45:04.5312500-05:00" testType="13cdc9d9-ddb5-4fa4-a97d-d965ccfc6d4b" outcome="Passed" testListId="8c84fa94-04c1-424b-9868-57a2d4851a1d" relativeResultsDirectory="aa833fad-7205-434d-8c7f-37eb4a1d3373">
    </UnitTestResult>
    <UnitTestResult executionId="975cbf36-ae9e-44ff-8c7e-4dbe4180edef" testId="044ddcd4-6330-7a22-e9f8-f33b453f18d7" testName="test_test26" computerName="HOME-E26FE83CAE" duration="00:00:00.2167089" startTime="2012-03-12T11:45:04.5625000-05:00" endTime="2012-03-12T11:45:04.7968750-05:00" testType="13cdc9d9-ddb5-4fa4-a97d-d965ccfc6d4b" outcome="Passed" testListId="8c84fa94-04c1-424b-9868-57a2d4851a1d" relativeResultsDirectory="975cbf36-ae9e-44ff-8c7e-4dbe4180edef">
    </UnitTestResult>
    <UnitTestResult executionId="0fcbc5c8-91c1-4588-b7f9-66f648c2934b" testId="0ff029d3-12bf-eeea-36b5-2f404d00e87a" testName="test_test50" computerName="HOME-E26FE83CAE" duration="00:00:00.0663556" startTime="2012-03-12T11:45:04.8437500-05:00" endTime="2012-03-12T11:45:04.9218750-05:00" testType="13cdc9d9-ddb5-4fa4-a97d-d965ccfc6d4b" outcome="Passed" testListId="8c84fa94-04c1-424b-9868-57a2d4851a1d" relativeResultsDirectory="0fcbc5c8-91c1-4588-b7f9-66f648c2934b">
    </UnitTestResult>
    <UnitTestResult executionId="102fcc63-ff23-4413-b78a-5b071fd097ca" testId="1592ab8f-1085-3308-e351-9274eada4786" testName="test_record_literal_more_params" computerName="HOME-E26FE83CAE" duration="00:00:00.0129608" startTime="2012-03-12T11:45:04.9687500-05:00" endTime="2012-03-12T11:45:05.0000000-05:00" testType="13cdc9d9-ddb5-4fa4-a97d-d965ccfc6d4b" outcome="Passed" testListId="8c84fa94-04c1-424b-9868-57a2d4851a1d" relativeResultsDirectory="102fcc63-ff23-4413-b78a-5b071fd097ca">
    </UnitTestResult>
    <UnitTestResult executionId="93da1e3a-85ee-4de9-ba19-aee4048bcaf3" testId="23273fad-a655-fb19-0591-a880a70c5eeb" testName="test_mod7_3" computerName="HOME-E26FE83CAE" duration="00:00:00.0230141" startTime="2012-03-12T11:45:05.0468750-05:00" endTime="2012-03-12T11:45:05.0937500-05:00" testType="13cdc9d9-ddb5-4fa4-a97d-d965ccfc6d4b" outcome="Passed" testListId="8c84fa94-04c1-424b-9868-57a2d4851a1d" relativeResultsDirectory="93da1e3a-85ee-4de9-ba19-aee4048bcaf3">
    </UnitTestResult>
    <UnitTestResult executionId="4f498d2d-c4fc-4921-893a-21b04c1e9a66" testId="29c89c54-d7fb-f98d-1f2a-27aade8fb1a1" testName="test_break_out_of_while" computerName="HOME-E26FE83CAE" duration="00:00:00.0118340" startTime="2012-03-12T11:45:05.1406250-05:00" endTime="2012-03-12T11:45:05.1875000-05:00" testType="13cdc9d9-ddb5-4fa4-a97d-d965ccfc6d4b" outcome="Passed" testListId="8c84fa94-04c1-424b-9868-57a2d4851a1d" relativeResultsDirectory="4f498d2d-c4fc-4921-893a-21b04c1e9a66">
    </UnitTestResult>
    <UnitTestResult executionId="2b85d9bc-313d-4367-8d9f-5506e6a7644d" testId="2a289f39-5a92-deb7-3bfb-b0c29bd31f53" testName="test_test5" computerName="HOME-E26FE83CAE" duration="00:00:00.0122439" startTime="2012-03-12T11:45:05.2187500-05:00" endTime="2012-03-12T11:45:05.2500000-05:00" testType="13cdc9d9-ddb5-4fa4-a97d-d965ccfc6d4b" outcome="Passed" testListId="8c84fa94-04c1-424b-9868-57a2d4851a1d" relativeResultsDirectory="2b85d9bc-313d-4367-8d9f-5506e6a7644d">
    </UnitTestResult>
    <UnitTestResult executionId="c9ab377e-6da9-4285-a07f-554f11b0ec3b" testId="30a9dc30-d90c-bbee-e587-6b840a964a32" testName="test_undefined_type_for_array_declaration" computerName="HOME-E26FE83CAE" duration="00:00:00.0079530" startTime="2012-03-12T11:45:05.2968750-05:00" endTime="2012-03-12T11:45:05.3281250-05:00" testType="13cdc9d9-ddb5-4fa4-a97d-d965ccfc6d4b" outcome="Passed" testListId="8c84fa94-04c1-424b-9868-57a2d4851a1d" relativeResultsDirectory="c9ab377e-6da9-4285-a07f-554f11b0ec3b">
    </UnitTestResult>
    <UnitTestResult executionId="b76b4ecb-5f5f-40fc-a1a0-8933f63e564d" testId="33df6015-371d-7c50-5ef5-d8861ee19e12" testName="test_test34" computerName="HOME-E26FE83CAE" duration="00:00:00.0234148" startTime="2012-03-12T11:45:05.3593750-05:00" endTime="2012-03-12T11:45:05.4062500-05:00" testType="13cdc9d9-ddb5-4fa4-a97d-d965ccfc6d4b" outcome="Passed" testListId="8c84fa94-04c1-424b-9868-57a2d4851a1d" relativeResultsDirectory="b76b4ecb-5f5f-40fc-a1a0-8933f63e564d">
    </UnitTestResult>
    <UnitTestResult executionId="12098510-52af-4653-961d-97bcede3f847" testId="36324f40-b2ea-1a81-62d1-737b148bbfa1" testName="test_test28" computerName="HOME-E26FE83CAE" duration="00:00:00.0085206" startTime="2012-03-12T11:45:05.4531250-05:00" endTime="2012-03-12T11:45:05.4843750-05:00" testType="13cdc9d9-ddb5-4fa4-a97d-d965ccfc6d4b" outcome="Passed" testListId="8c84fa94-04c1-424b-9868-57a2d4851a1d" relativeResultsDirectory="12098510-52af-4653-961d-97bcede3f847">
    </UnitTestResult>
    <UnitTestResult executionId="c217f899-0e60-4570-a216-9ccd4496bde6" testId="39e514c1-78c7-15fd-4b22-50c302b2163e" testName="test_break_in_a_function" computerName="HOME-E26FE83CAE" duration="00:00:00.0118891" startTime="2012-03-12T11:45:05.5156250-05:00" endTime="2012-03-12T11:45:05.5625000-05:00" testType="13cdc9d9-ddb5-4fa4-a97d-d965ccfc6d4b" outcome="Passed" testListId="8c84fa94-04c1-424b-9868-57a2d4851a1d" relativeResultsDirectory="c217f899-0e60-4570-a216-9ccd4496bde6">
    </UnitTestResult>
    <UnitTestResult executionId="6ce388ef-f3bf-4714-8f72-3014ea711220" testId="3c5d2c78-6807-923e-0707-565f55826a52" testName="test_test38" computerName="HOME-E26FE83CAE" duration="00:00:00.0116475" startTime="2012-03-12T11:45:05.5937500-05:00" endTime="2012-03-12T11:45:05.6406250-05:00" testType="13cdc9d9-ddb5-4fa4-a97d-d965ccfc6d4b" outcome="Passed" testListId="8c84fa94-04c1-424b-9868-57a2d4851a1d" relativeResultsDirectory="6ce388ef-f3bf-4714-8f72-3014ea711220">
    </UnitTestResult>
    <UnitTestResult executionId="3430dab4-e1cf-4c6a-8b2c-fb4bb8730c31" testId="3c85eb83-557f-5abd-129b-c696176453d1" testName="test_procedure_same_parameters_name" computerName="HOME-E26FE83CAE" duration="00:00:00.0086665" startTime="2012-03-12T11:45:05.6718750-05:00" endTime="2012-03-12T11:45:05.7031250-05:00" testType="13cdc9d9-ddb5-4fa4-a97d-d965ccfc6d4b" outcome="Passed" testListId="8c84fa94-04c1-424b-9868-57a2d4851a1d" relativeResultsDirectory="3430dab4-e1cf-4c6a-8b2c-fb4bb8730c31">
    </UnitTestResult>
    <UnitTestResult executionId="d23f1761-6147-4987-b4c3-d96dd5e13052" testId="3eaf5a1b-09ff-aa0a-8696-77810f03640d" testName="test_mod2" computerName="HOME-E26FE83CAE" duration="00:00:00.0082971" startTime="2012-03-12T11:45:05.7343750-05:00" endTime="2012-03-12T11:45:05.7812500-05:00" testType="13cdc9d9-ddb5-4fa4-a97d-d965ccfc6d4b" outcome="Passed" testListId="8c84fa94-04c1-424b-9868-57a2d4851a1d" relativeResultsDirectory="d23f1761-6147-4987-b4c3-d96dd5e13052">
    </UnitTestResult>
    <UnitTestResult executionId="178e9ba6-429f-4685-ae40-c2da7e62e6ba" testId="46280aa5-4d15-904e-00e7-b0ec18a6f672" testName="test_test1" computerName="HOME-E26FE83CAE" duration="00:00:00.0081294" startTime="2012-03-12T11:45:05.8125000-05:00" endTime="2012-03-12T11:45:05.8437500-05:00" testType="13cdc9d9-ddb5-4fa4-a97d-d965ccfc6d4b" outcome="Passed" testListId="8c84fa94-04c1-424b-9868-57a2d4851a1d" relativeResultsDirectory="178e9ba6-429f-4685-ae40-c2da7e62e6ba">
    </UnitTestResult>
    <UnitTestResult executionId="bdf92b6d-900a-4632-9e5f-f551714a2734" testId="487ad327-ee86-41b7-ddc2-994627f0d66e" testName="test_access_complex" computerName="HOME-E26FE83CAE" duration="00:00:00.0951109" startTime="2012-03-12T11:45:05.8906250-05:00" endTime="2012-03-12T11:45:06.0000000-05:00" testType="13cdc9d9-ddb5-4fa4-a97d-d965ccfc6d4b" outcome="Passed" testListId="8c84fa94-04c1-424b-9868-57a2d4851a1d" relativeResultsDirectory="bdf92b6d-900a-4632-9e5f-f551714a2734">
      <Output>
        <StdOut>Unable to cast object of type 'CompilersUtils.RecordNode' to type 'CompilersUtils.LValueNode'.</StdOut>
      </Output>
    </UnitTestResult>
    <UnitTestResult executionId="d0e60797-2e45-48ba-9b56-a22891c51ed5" testId="4a01e103-991f-0e62-ab1c-3ca959d73353" testName="test_mod6" computerName="HOME-E26FE83CAE" duration="00:00:00.0083210" startTime="2012-03-12T11:45:06.0468750-05:00" endTime="2012-03-12T11:45:06.0781250-05:00" testType="13cdc9d9-ddb5-4fa4-a97d-d965ccfc6d4b" outcome="Passed" testListId="8c84fa94-04c1-424b-9868-57a2d4851a1d" relativeResultsDirectory="d0e60797-2e45-48ba-9b56-a22891c51ed5">
    </UnitTestResult>
    <UnitTestResult executionId="38a65ad5-9604-481d-a013-6ca70838dd55" testId="4f4b9668-5fc2-c922-c2a4-15a71f9d7a1b" testName="test_test12" computerName="HOME-E26FE83CAE" duration="00:00:00.0080203" startTime="2012-03-12T11:45:06.1093750-05:00" endTime="2012-03-12T11:45:06.1406250-05:00" testType="13cdc9d9-ddb5-4fa4-a97d-d965ccfc6d4b" outcome="Passed" testListId="8c84fa94-04c1-424b-9868-57a2d4851a1d" relativeResultsDirectory="38a65ad5-9604-481d-a013-6ca70838dd55">
    </UnitTestResult>
    <UnitTestResult executionId="0e2af33d-c5da-4f2c-a5e4-eaa337d2ff93" testId="4f876700-47e2-ddf4-4e1d-31ab9f1d665d" testName="test_invalid_mutually_recursive_record_depth_4" computerName="HOME-E26FE83CAE" duration="00:00:00.0089922" startTime="2012-03-12T11:45:06.1875000-05:00" endTime="2012-03-12T11:45:06.2187500-05:00" testType="13cdc9d9-ddb5-4fa4-a97d-d965ccfc6d4b" outcome="Passed" testListId="8c84fa94-04c1-424b-9868-57a2d4851a1d" relativeResultsDirectory="0e2af33d-c5da-4f2c-a5e4-eaa337d2ff93">
    </UnitTestResult>
    <UnitTestResult executionId="14e18d71-460c-4fb1-8ccd-c43d18623df4" testId="510d376c-bc82-1db9-4c26-7765bd4900fd" testName="test_mod8" computerName="HOME-E26FE83CAE" duration="00:00:00.0362386" startTime="2012-03-12T11:45:06.2500000-05:00" endTime="2012-03-12T11:45:06.3281250-05:00" testType="13cdc9d9-ddb5-4fa4-a97d-d965ccfc6d4b" outcome="Passed" testListId="8c84fa94-04c1-424b-9868-57a2d4851a1d" relativeResultsDirectory="14e18d71-460c-4fb1-8ccd-c43d18623df4">
      <Output>
        <StdOut>Unable to cast object of type 'CompilersUtils.RecordNode' to type 'CompilersUtils.LValueNode'.</StdOut>
      </Output>
    </UnitTestResult>
    <UnitTestResult executionId="8072f7b3-2edb-4b2a-b1d7-750775a1ad20" testId="5607c4ab-1b6e-27ef-88db-5c98aa28e993" testName="test_test6" computerName="HOME-E26FE83CAE" duration="00:00:00.0087204" startTime="2012-03-12T11:45:06.3593750-05:00" endTime="2012-03-12T11:45:06.3906250-05:00" testType="13cdc9d9-ddb5-4fa4-a97d-d965ccfc6d4b" outcome="Passed" testListId="8c84fa94-04c1-424b-9868-57a2d4851a1d" relativeResultsDirectory="8072f7b3-2edb-4b2a-b1d7-750775a1ad20">
    </UnitTestResult>
    <UnitTestResult executionId="ed27a8a3-bb66-486b-ba70-393326384177" testId="570f88f9-f5f9-b4a9-ed6f-3034933d7208" testName="test_test23" computerName="HOME-E26FE83CAE" duration="00:00:00.0122885" startTime="2012-03-12T11:45:06.4375000-05:00" endTime="2012-03-12T11:45:06.4687500-05:00" testType="13cdc9d9-ddb5-4fa4-a97d-d965ccfc6d4b" outcome="Passed" testListId="8c84fa94-04c1-424b-9868-57a2d4851a1d" relativeResultsDirectory="ed27a8a3-bb66-486b-ba70-393326384177">
    </UnitTestResult>
    <UnitTestResult executionId="701779b0-ff05-416b-bb9a-9034106f9bf6" testId="59f585d1-a0bb-33e9-4abb-19d69a17417d" testName="test_test40" computerName="HOME-E26FE83CAE" duration="00:00:00.0084895" startTime="2012-03-12T11:45:06.5156250-05:00" endTime="2012-03-12T11:45:06.5312500-05:00" testType="13cdc9d9-ddb5-4fa4-a97d-d965ccfc6d4b" outcome="Passed" testListId="8c84fa94-04c1-424b-9868-57a2d4851a1d" relativeResultsDirectory="701779b0-ff05-416b-bb9a-9034106f9bf6">
    </UnitTestResult>
    <UnitTestResult executionId="2abeec73-397a-43b1-b800-657738796e42" testId="6491bb9a-c473-c29d-0621-addaa45ea010" testName="test_and_operator_invalid_type_operands" computerName="HOME-E26FE83CAE" duration="00:00:00.0102162" startTime="2012-03-12T11:45:06.5781250-05:00" endTime="2012-03-12T11:45:06.6093750-05:00" testType="13cdc9d9-ddb5-4fa4-a97d-d965ccfc6d4b" outcome="Passed" testListId="8c84fa94-04c1-424b-9868-57a2d4851a1d" relativeResultsDirectory="2abeec73-397a-43b1-b800-657738796e42">
    </UnitTestResult>
    <UnitTestResult executionId="d81a5379-a2d0-4e10-bed1-7961cb3e222a" testId="653eb7ac-1e40-67fb-ee64-62985c81131e" testName="test_record_literal_less_params" computerName="HOME-E26FE83CAE" duration="00:00:00.0083189" startTime="2012-03-12T11:45:06.6406250-05:00" endTime="2012-03-12T11:45:06.6718750-05:00" testType="13cdc9d9-ddb5-4fa4-a97d-d965ccfc6d4b" outcome="Passed" testListId="8c84fa94-04c1-424b-9868-57a2d4851a1d" relativeResultsDirectory="d81a5379-a2d0-4e10-bed1-7961cb3e222a">
    </UnitTestResult>
    <UnitTestResult executionId="081dba51-af73-4629-a27d-4510000fbe10" testId="67c163c5-c8d3-5101-e815-2db32a75cf56" testName="test_if_then_else_without_return_value" computerName="HOME-E26FE83CAE" duration="00:00:00.0113346" startTime="2012-03-12T11:45:06.7187500-05:00" endTime="2012-03-12T11:45:06.7500000-05:00" testType="13cdc9d9-ddb5-4fa4-a97d-d965ccfc6d4b" outcome="Passed" testListId="8c84fa94-04c1-424b-9868-57a2d4851a1d" relativeResultsDirectory="081dba51-af73-4629-a27d-4510000fbe10">
    </UnitTestResult>
    <UnitTestResult executionId="a424f325-322b-46e0-9d3d-4b11a60aa9c7" testId="6935728c-f33b-b582-5cef-9b30d14c6ed4" testName="test_test3" computerName="HOME-E26FE83CAE" duration="00:00:00.0083465" startTime="2012-03-12T11:45:06.7968750-05:00" endTime="2012-03-12T11:45:06.8437500-05:00" testType="13cdc9d9-ddb5-4fa4-a97d-d965ccfc6d4b" outcome="Passed" testListId="8c84fa94-04c1-424b-9868-57a2d4851a1d" relativeResultsDirectory="a424f325-322b-46e0-9d3d-4b11a60aa9c7">
    </UnitTestResult>
    <UnitTestResult executionId="932bc3c5-b3b9-4bbf-b093-6f7fa05692ff" testId="6abeaf16-1933-aee6-2e8b-ea4a38605847" testName="test_test47" computerName="HOME-E26FE83CAE" duration="00:00:00.0083208" startTime="2012-03-12T11:45:06.8750000-05:00" endTime="2012-03-12T11:45:06.9062500-05:00" testType="13cdc9d9-ddb5-4fa4-a97d-d965ccfc6d4b" outcome="Passed" testListId="8c84fa94-04c1-424b-9868-57a2d4851a1d" relativeResultsDirectory="932bc3c5-b3b9-4bbf-b093-6f7fa05692ff">
    </UnitTestResult>
    <UnitTestResult executionId="9bdedcb1-4ce8-473d-b1fb-5cefb7578b36" testId="6cf12022-2ae0-7084-a31c-7e8297ba831d" testName="test_test41" computerName="HOME-E26FE83CAE" duration="00:00:00.0082906" startTime="2012-03-12T11:45:06.9531250-05:00" endTime="2012-03-12T11:45:06.9843750-05:00" testType="13cdc9d9-ddb5-4fa4-a97d-d965ccfc6d4b" outcome="Passed" testListId="8c84fa94-04c1-424b-9868-57a2d4851a1d" relativeResultsDirectory="9bdedcb1-4ce8-473d-b1fb-5cefb7578b36">
    </UnitTestResult>
    <UnitTestResult executionId="d0a71f4a-74f9-4061-935a-524d2335d6e7" testId="6cf631e1-db7e-962a-558e-bc54f36bb57a" testName="test_record_access_incompatibles_types" computerName="HOME-E26FE83CAE" duration="00:00:00.0089996" startTime="2012-03-12T11:45:07.0156250-05:00" endTime="2012-03-12T11:45:07.0468750-05:00" testType="13cdc9d9-ddb5-4fa4-a97d-d965ccfc6d4b" outcome="Passed" testListId="8c84fa94-04c1-424b-9868-57a2d4851a1d" relativeResultsDirectory="d0a71f4a-74f9-4061-935a-524d2335d6e7">
    </UnitTestResult>
    <UnitTestResult executionId="2f6d24e1-52d9-429c-9c4f-92399ad28d76" testId="6d72d84f-797d-15c2-7042-642838b6df03" testName="test_test44" computerName="HOME-E26FE83CAE" duration="00:00:00.0080078" startTime="2012-03-12T11:45:07.0937500-05:00" endTime="2012-03-12T11:45:07.1093750-05:00" testType="13cdc9d9-ddb5-4fa4-a97d-d965ccfc6d4b" outcome="Passed" testListId="8c84fa94-04c1-424b-9868-57a2d4851a1d" relativeResultsDirectory="2f6d24e1-52d9-429c-9c4f-92399ad28d76">
    </UnitTestResult>
    <UnitTestResult executionId="0c80b3cf-fac3-4814-8a60-0c0096d34418" testId="72aa1a9e-7bdb-88d7-27ff-e8b4fa9b856a" testName="test_invalid_mutually_recursive_record" computerName="HOME-E26FE83CAE" duration="00:00:00.0114117" startTime="2012-03-12T11:45:07.3281250-05:00" endTime="2012-03-12T11:45:07.3593750-05:00" testType="13cdc9d9-ddb5-4fa4-a97d-d965ccfc6d4b" outcome="Passed" testListId="8c84fa94-04c1-424b-9868-57a2d4851a1d" relativeResultsDirectory="0c80b3cf-fac3-4814-8a60-0c0096d34418">
    </UnitTestResult>
    <UnitTestResult executionId="e322fe6a-f793-4764-9a48-f87944961d06" testId="7778cbf3-4c15-9b31-c5ab-9ec850cf89a5" testName="test_and_operator_non_valued_operands" computerName="HOME-E26FE83CAE" duration="00:00:00.0084542" startTime="2012-03-12T11:45:07.4062500-05:00" endTime="2012-03-12T11:45:07.4375000-05:00" testType="13cdc9d9-ddb5-4fa4-a97d-d965ccfc6d4b" outcome="Passed" testListId="8c84fa94-04c1-424b-9868-57a2d4851a1d" relativeResultsDirectory="e322fe6a-f793-4764-9a48-f87944961d06">
    </UnitTestResult>
    <UnitTestResult executionId="821b984e-54bb-4e94-86ae-056c5fb7061e" testId="787fedd9-a949-1ea5-7ca7-01f74f289b04" testName="test_if_then_without_valued_condition" computerName="HOME-E26FE83CAE" duration="00:00:00.0082047" startTime="2012-03-12T11:45:07.4687500-05:00" endTime="2012-03-12T11:45:07.5000000-05:00" testType="13cdc9d9-ddb5-4fa4-a97d-d965ccfc6d4b" outcome="Passed" testListId="8c84fa94-04c1-424b-9868-57a2d4851a1d" relativeResultsDirectory="821b984e-54bb-4e94-86ae-056c5fb7061e">
    </UnitTestResult>
    <UnitTestResult executionId="5dd17f46-ba04-43c5-9f36-ef724eacb70d" testId="7c7d2692-7ab1-c90f-37ca-eafa8321abdc" testName="test_invalid_mutually_recursive_function_depth_3" computerName="HOME-E26FE83CAE" duration="00:00:00.0084539" startTime="2012-03-12T11:45:07.5468750-05:00" endTime="2012-03-12T11:45:07.5625000-05:00" testType="13cdc9d9-ddb5-4fa4-a97d-d965ccfc6d4b" outcome="Passed" testListId="8c84fa94-04c1-424b-9868-57a2d4851a1d" relativeResultsDirectory="5dd17f46-ba04-43c5-9f36-ef724eacb70d">
    </UnitTestResult>
    <UnitTestResult executionId="a4738736-01ee-44e4-bad8-ac8d45b5d576" testId="83e78d72-b212-dd46-9548-fec8071552c7" testName="test_expression_sequence_returns_last_value" computerName="HOME-E26FE83CAE" duration="00:00:00.0083849" startTime="2012-03-12T11:45:07.6093750-05:00" endTime="2012-03-12T11:45:07.6406250-05:00" testType="13cdc9d9-ddb5-4fa4-a97d-d965ccfc6d4b" outcome="Passed" testListId="8c84fa94-04c1-424b-9868-57a2d4851a1d" relativeResultsDirectory="a4738736-01ee-44e4-bad8-ac8d45b5d576">
    </UnitTestResult>
    <UnitTestResult executionId="014f372e-e3a8-4a11-a323-2738a387b6a9" testId="8a758c2f-0cd5-1d39-decc-a9938a65ea5c" testName="test_test14" computerName="HOME-E26FE83CAE" duration="00:00:00.0090824" startTime="2012-03-12T11:45:07.6718750-05:00" endTime="2012-03-12T11:45:07.7031250-05:00" testType="13cdc9d9-ddb5-4fa4-a97d-d965ccfc6d4b" outcome="Passed" testListId="8c84fa94-04c1-424b-9868-57a2d4851a1d" relativeResultsDirectory="014f372e-e3a8-4a11-a323-2738a387b6a9">
    </UnitTestResult>
    <UnitTestResult executionId="dd0f92dc-1c44-47e4-9544-f3a4f3a7607d" testId="8c0af343-7fa9-77f2-656f-4d5deee86c5d" testName="test_array_string_nil" computerName="HOME-E26FE83CAE" duration="00:00:00.0088241" startTime="2012-03-12T11:45:07.7500000-05:00" endTime="2012-03-12T11:45:07.7812500-05:00" testType="13cdc9d9-ddb5-4fa4-a97d-d965ccfc6d4b" outcome="Passed" testListId="8c84fa94-04c1-424b-9868-57a2d4851a1d" relativeResultsDirectory="dd0f92dc-1c44-47e4-9544-f3a4f3a7607d">
    </UnitTestResult>
    <UnitTestResult executionId="4eed514e-1f27-4f3e-a510-96f2e8b25af0" testId="909f0493-3a2b-3db1-9239-46de00bd2132" testName="test_test4" computerName="HOME-E26FE83CAE" duration="00:00:00.0087116" startTime="2012-03-12T11:45:07.8125000-05:00" endTime="2012-03-12T11:45:07.8437500-05:00" testType="13cdc9d9-ddb5-4fa4-a97d-d965ccfc6d4b" outcome="Passed" testListId="8c84fa94-04c1-424b-9868-57a2d4851a1d" relativeResultsDirectory="4eed514e-1f27-4f3e-a510-96f2e8b25af0">
    </UnitTestResult>
    <UnitTestResult executionId="a00980ac-71e2-4473-ab26-1e5a82055ab8" testId="914b2a0c-dbfa-15bf-c67e-da89c4c3ca96" testName="test_test11" computerName="HOME-E26FE83CAE" duration="00:00:00.0084244" startTime="2012-03-12T11:45:07.8906250-05:00" endTime="2012-03-12T11:45:07.9218750-05:00" testType="13cdc9d9-ddb5-4fa4-a97d-d965ccfc6d4b" outcome="Passed" testListId="8c84fa94-04c1-424b-9868-57a2d4851a1d" relativeResultsDirectory="a00980ac-71e2-4473-ab26-1e5a82055ab8">
    </UnitTestResult>
    <UnitTestResult executionId="70d5c0f8-dd07-4e6f-9103-a58b6454aca7" testId="97171acb-cce5-bb87-edb1-a40947c57107" testName="test_mod3" computerName="HOME-E26FE83CAE" duration="00:00:00.0082575" startTime="2012-03-12T11:45:07.9687500-05:00" endTime="2012-03-12T11:45:08.0000000-05:00" testType="13cdc9d9-ddb5-4fa4-a97d-d965ccfc6d4b" outcome="Passed" testListId="8c84fa94-04c1-424b-9868-57a2d4851a1d" relativeResultsDirectory="70d5c0f8-dd07-4e6f-9103-a58b6454aca7">
    </UnitTestResult>
    <UnitTestResult executionId="b60e0126-9cfd-4abf-b2f3-0134f7cb84ce" testId="9936c7db-6cf6-2051-5d72-b9fe5c8e1ada" testName="test_test10" computerName="HOME-E26FE83CAE" duration="00:00:00.0079814" startTime="2012-03-12T11:45:08.0312500-05:00" endTime="2012-03-12T11:45:08.0625000-05:00" testType="13cdc9d9-ddb5-4fa4-a97d-d965ccfc6d4b" outcome="Passed" testListId="8c84fa94-04c1-424b-9868-57a2d4851a1d" relativeResultsDirectory="b60e0126-9cfd-4abf-b2f3-0134f7cb84ce">
    </UnitTestResult>
    <UnitTestResult executionId="8281090a-e70e-43ac-913c-2a0edb477676" testId="99ccbccc-8faa-d870-7334-5e51e17814a3" testName="test_test29" computerName="HOME-E26FE83CAE" duration="00:00:00.0084140" startTime="2012-03-12T11:45:08.0937500-05:00" endTime="2012-03-12T11:45:08.1250000-05:00" testType="13cdc9d9-ddb5-4fa4-a97d-d965ccfc6d4b" outcome="Passed" testListId="8c84fa94-04c1-424b-9868-57a2d4851a1d" relativeResultsDirectory="8281090a-e70e-43ac-913c-2a0edb477676">
    </UnitTestResult>
    <UnitTestResult executionId="4abfec8c-9811-477d-a66b-773bda3aa5b7" testId="a077de67-c679-41e7-f6a0-f3e9004988c8" testName="test_test27" computerName="HOME-E26FE83CAE" duration="00:00:00.0079643" startTime="2012-03-12T11:45:08.1718750-05:00" endTime="2012-03-12T11:45:08.2031250-05:00" testType="13cdc9d9-ddb5-4fa4-a97d-d965ccfc6d4b" outcome="Passed" testListId="8c84fa94-04c1-424b-9868-57a2d4851a1d" relativeResultsDirectory="4abfec8c-9811-477d-a66b-773bda3aa5b7">
    </UnitTestResult>
    <UnitTestResult executionId="9cb17088-f7a7-4241-a4b4-4eaadff121e6" testId="a2d926c3-2110-bd3c-06f7-e7b666840b6e" testName="test_invalid_mutually_recursive_record_depth_3" computerName="HOME-E26FE83CAE" duration="00:00:00.0083222" startTime="2012-03-12T11:45:08.2500000-05:00" endTime="2012-03-12T11:45:08.2812500-05:00" testType="13cdc9d9-ddb5-4fa4-a97d-d965ccfc6d4b" outcome="Passed" testListId="8c84fa94-04c1-424b-9868-57a2d4851a1d" relativeResultsDirectory="9cb17088-f7a7-4241-a4b4-4eaadff121e6">
    </UnitTestResult>
    <UnitTestResult executionId="b30d7f25-97a4-48f7-a747-6fea37a16d0c" testId="a384bb22-ddee-6569-96ae-a4c57e6d3916" testName="test_test8" computerName="HOME-E26FE83CAE" duration="00:00:00.0085863" startTime="2012-03-12T11:45:08.3125000-05:00" endTime="2012-03-12T11:45:08.3593750-05:00" testType="13cdc9d9-ddb5-4fa4-a97d-d965ccfc6d4b" outcome="Passed" testListId="8c84fa94-04c1-424b-9868-57a2d4851a1d" relativeResultsDirectory="b30d7f25-97a4-48f7-a747-6fea37a16d0c">
    </UnitTestResult>
    <UnitTestResult executionId="00cb72eb-ee72-4383-bf5b-929ab7c2aca4" testId="a44cd249-8572-57ab-7e94-76db5bad3054" testName="test_mod5" computerName="HOME-E26FE83CAE" duration="00:00:00.0083126" startTime="2012-03-12T11:45:08.3906250-05:00" endTime="2012-03-12T11:45:08.4218750-05:00" testType="13cdc9d9-ddb5-4fa4-a97d-d965ccfc6d4b" outcome="Passed" testListId="8c84fa94-04c1-424b-9868-57a2d4851a1d" relativeResultsDirectory="00cb72eb-ee72-4383-bf5b-929ab7c2aca4">
    </UnitTestResult>
    <UnitTestResult executionId="207dad3c-e953-4e4f-aa50-4f9fe411077e" testId="a472785a-6aac-8d41-8d14-3df81fa7d043" testName="test_test18" computerName="HOME-E26FE83CAE" duration="00:00:00.0082874" startTime="2012-03-12T11:45:08.4531250-05:00" endTime="2012-03-12T11:45:08.4843750-05:00" testType="13cdc9d9-ddb5-4fa4-a97d-d965ccfc6d4b" outcome="Passed" testListId="8c84fa94-04c1-424b-9868-57a2d4851a1d" relativeResultsDirectory="207dad3c-e953-4e4f-aa50-4f9fe411077e">
    </UnitTestResult>
    <UnitTestResult executionId="c627edfd-76dd-4db7-9f24-baa903fa4f22" testId="a59733da-8885-c1da-b119-165c79329a1b" testName="test_divide_between_non_valued_right" computerName="HOME-E26FE83CAE" duration="00:00:00.0081500" startTime="2012-03-12T11:45:08.5312500-05:00" endTime="2012-03-12T11:45:08.5468750-05:00" testType="13cdc9d9-ddb5-4fa4-a97d-d965ccfc6d4b" outcome="Passed" testListId="8c84fa94-04c1-424b-9868-57a2d4851a1d" relativeResultsDirectory="c627edfd-76dd-4db7-9f24-baa903fa4f22">
    </UnitTestResult>
    <UnitTestResult executionId="15f87bc4-92a2-4567-9c06-916a9b1e36b0" testId="a7316259-a78f-4c76-fc44-43a2d7ccb76e" testName="test_mod7_1" computerName="HOME-E26FE83CAE" duration="00:00:00.0082817" startTime="2012-03-12T11:45:08.5937500-05:00" endTime="2012-03-12T11:45:08.6250000-05:00" testType="13cdc9d9-ddb5-4fa4-a97d-d965ccfc6d4b" outcome="Passed" testListId="8c84fa94-04c1-424b-9868-57a2d4851a1d" relativeResultsDirectory="15f87bc4-92a2-4567-9c06-916a9b1e36b0">
    </UnitTestResult>
    <UnitTestResult executionId="f8725671-aa3e-411d-902d-3de922af8cc1" testId="b072c1fb-dc11-85af-9856-d7106bde114d" testName="test_test32" computerName="HOME-E26FE83CAE" duration="00:00:00.0082465" startTime="2012-03-12T11:45:08.6562500-05:00" endTime="2012-03-12T11:45:08.6875000-05:00" testType="13cdc9d9-ddb5-4fa4-a97d-d965ccfc6d4b" outcome="Passed" testListId="8c84fa94-04c1-424b-9868-57a2d4851a1d" relativeResultsDirectory="f8725671-aa3e-411d-902d-3de922af8cc1">
    </UnitTestResult>
    <UnitTestResult executionId="90a78110-3896-4b9e-afd0-56cef2acf715" testId="b4c7ef8d-acd4-bb81-a04e-3b27f1d00de4" testName="test_inferred_variable_incompatibles_type" computerName="HOME-E26FE83CAE" duration="00:00:00.0085930" startTime="2012-03-12T11:45:08.7187500-05:00" endTime="2012-03-12T11:45:08.7656250-05:00" testType="13cdc9d9-ddb5-4fa4-a97d-d965ccfc6d4b" outcome="Passed" testListId="8c84fa94-04c1-424b-9868-57a2d4851a1d" relativeResultsDirectory="90a78110-3896-4b9e-afd0-56cef2acf715">
    </UnitTestResult>
    <UnitTestResult executionId="4adf0b06-f1e7-4f50-b094-6a1218d3e51a" testId="b59a94a6-b3eb-5bc0-dedb-53c312b3dd38" testName="test_mutually_recursive_alias" computerName="HOME-E26FE83CAE" duration="00:00:00.0088375" startTime="2012-03-12T11:45:08.8125000-05:00" endTime="2012-03-12T11:45:08.8437500-05:00" testType="13cdc9d9-ddb5-4fa4-a97d-d965ccfc6d4b" outcome="Passed" testListId="8c84fa94-04c1-424b-9868-57a2d4851a1d" relativeResultsDirectory="4adf0b06-f1e7-4f50-b094-6a1218d3e51a">
    </UnitTestResult>
    <UnitTestResult executionId="6dc473bd-ee8b-4f65-b490-f2f2586c1515" testId="b62d9364-7778-3e50-d7a6-6bf0ce856a2f" testName="test_and_operator_returns_value" computerName="HOME-E26FE83CAE" duration="00:00:00.0086678" startTime="2012-03-12T11:45:08.8750000-05:00" endTime="2012-03-12T11:45:08.9218750-05:00" testType="13cdc9d9-ddb5-4fa4-a97d-d965ccfc6d4b" outcome="Passed" testListId="8c84fa94-04c1-424b-9868-57a2d4851a1d" relativeResultsDirectory="6dc473bd-ee8b-4f65-b490-f2f2586c1515">
    </UnitTestResult>
    <UnitTestResult executionId="11271436-db72-4074-9ca9-29f92203f897" testId="baf2563e-3009-d447-b0e7-170ab8463071" testName="test_test31" computerName="HOME-E26FE83CAE" duration="00:00:00.0081624" startTime="2012-03-12T11:45:08.9531250-05:00" endTime="2012-03-12T11:45:08.9843750-05:00" testType="13cdc9d9-ddb5-4fa4-a97d-d965ccfc6d4b" outcome="Passed" testListId="8c84fa94-04c1-424b-9868-57a2d4851a1d" relativeResultsDirectory="11271436-db72-4074-9ca9-29f92203f897">
    </UnitTestResult>
    <UnitTestResult executionId="8472d235-3d02-417e-bb42-086a423975cb" testId="bc0e1316-dbe6-b028-ade7-bfc7507988f6" testName="test_test22" computerName="HOME-E26FE83CAE" duration="00:00:00.0083394" startTime="2012-03-12T11:45:09.0312500-05:00" endTime="2012-03-12T11:45:09.0468750-05:00" testType="13cdc9d9-ddb5-4fa4-a97d-d965ccfc6d4b" outcome="Passed" testListId="8c84fa94-04c1-424b-9868-57a2d4851a1d" relativeResultsDirectory="8472d235-3d02-417e-bb42-086a423975cb">
    </UnitTestResult>
    <UnitTestResult executionId="92219b85-1dd3-416d-b2ca-e880163bb751" testId="bedda814-012f-44ec-c334-f993d0f501c2" testName="test_incompatible_types_jagged_array" computerName="HOME-E26FE83CAE" duration="00:00:00.0089917" startTime="2012-03-12T11:45:09.0937500-05:00" endTime="2012-03-12T11:45:09.1250000-05:00" testType="13cdc9d9-ddb5-4fa4-a97d-d965ccfc6d4b" outcome="Passed" testListId="8c84fa94-04c1-424b-9868-57a2d4851a1d" relativeResultsDirectory="92219b85-1dd3-416d-b2ca-e880163bb751">
    </UnitTestResult>
    <UnitTestResult executionId="43922b93-20b4-4538-9d85-be86209b007d" testId="c20e51b4-12b3-e19f-44f0-68b615cb9d34" testName="test_test42" computerName="HOME-E26FE83CAE" duration="00:00:00.0089051" startTime="2012-03-12T11:45:09.1718750-05:00" endTime="2012-03-12T11:45:09.1875000-05:00" testType="13cdc9d9-ddb5-4fa4-a97d-d965ccfc6d4b" outcome="Passed" testListId="8c84fa94-04c1-424b-9868-57a2d4851a1d" relativeResultsDirectory="43922b93-20b4-4538-9d85-be86209b007d">
    </UnitTestResult>
    <UnitTestResult executionId="7223562f-3445-4c72-8f25-f162a7c0c79d" testId="c348fff9-c0f5-4dfb-10de-9bcc6c0e2e35" testName="test_test49" computerName="HOME-E26FE83CAE" duration="00:00:00.1206767" startTime="2012-03-12T11:45:09.2343750-05:00" endTime="2012-03-12T11:45:09.3750000-05:00" testType="13cdc9d9-ddb5-4fa4-a97d-d965ccfc6d4b" outcome="Passed" testListId="8c84fa94-04c1-424b-9868-57a2d4851a1d" relativeResultsDirectory="7223562f-3445-4c72-8f25-f162a7c0c79d">
    </UnitTestResult>
    <UnitTestResult executionId="75b3f7c8-f150-45b7-aeb1-749ab11cda60" testId="c3679b4e-0952-8b62-ff50-a38002b5bb13" testName="test_mod4" computerName="HOME-E26FE83CAE" duration="00:00:00.0083798" startTime="2012-03-12T11:45:09.4218750-05:00" endTime="2012-03-12T11:45:09.4531250-05:00" testType="13cdc9d9-ddb5-4fa4-a97d-d965ccfc6d4b" outcome="Passed" testListId="8c84fa94-04c1-424b-9868-57a2d4851a1d" relativeResultsDirectory="75b3f7c8-f150-45b7-aeb1-749ab11cda60">
    </UnitTestResult>
    <UnitTestResult executionId="3670dc4d-5e0b-4ce6-9111-55674f55b896" testId="c4fa99d9-cca8-ac70-06bb-cefbec6e204e" testName="test_test15" computerName="HOME-E26FE83CAE" duration="00:00:00.0095162" startTime="2012-03-12T11:45:09.5000000-05:00" endTime="2012-03-12T11:45:09.5468750-05:00" testType="13cdc9d9-ddb5-4fa4-a97d-d965ccfc6d4b" outcome="Passed" testListId="8c84fa94-04c1-424b-9868-57a2d4851a1d" relativeResultsDirectory="3670dc4d-5e0b-4ce6-9111-55674f55b896">
    </UnitTestResult>
    <UnitTestResult executionId="385d32d9-a964-4562-830d-968efc592a6a" testId="c4fb2239-0b02-8afd-06d9-ec6f804a8a52" testName="test_test2" computerName="HOME-E26FE83CAE" duration="00:00:00.0083396" startTime="2012-03-12T11:45:09.5781250-05:00" endTime="2012-03-12T11:45:09.6093750-05:00" testType="13cdc9d9-ddb5-4fa4-a97d-d965ccfc6d4b" outcome="Passed" testListId="8c84fa94-04c1-424b-9868-57a2d4851a1d" relativeResultsDirectory="385d32d9-a964-4562-830d-968efc592a6a">
    </UnitTestResult>
    <UnitTestResult executionId="5b5b8d67-7d82-4b2a-8f9c-55aaff6507f9" testId="c61736dc-d6c8-f953-d484-0d9a5b344127" testName="test_nested_unavailable_function" computerName="HOME-E26FE83CAE" duration="00:00:00.0085682" startTime="2012-03-12T11:45:09.6562500-05:00" endTime="2012-03-12T11:45:09.6875000-05:00" testType="13cdc9d9-ddb5-4fa4-a97d-d965ccfc6d4b" outcome="Passed" testListId="8c84fa94-04c1-424b-9868-57a2d4851a1d" relativeResultsDirectory="5b5b8d67-7d82-4b2a-8f9c-55aaff6507f9">
    </UnitTestResult>
    <UnitTestResult executionId="6107d7b0-bf56-40ef-9887-72d642e588ae" testId="c8045a47-9964-f48c-6e03-79936fb7aaa2" testName="test_test24" computerName="HOME-E26FE83CAE" duration="00:00:00.0081553" startTime="2012-03-12T11:45:10.0625000-05:00" endTime="2012-03-12T11:45:10.0937500-05:00" testType="13cdc9d9-ddb5-4fa4-a97d-d965ccfc6d4b" outcome="Passed" testListId="8c84fa94-04c1-424b-9868-57a2d4851a1d" relativeResultsDirectory="6107d7b0-bf56-40ef-9887-72d642e588ae">
    </UnitTestResult>
    <UnitTestResult executionId="e3807fe6-707f-43fb-b737-faca69387e2e" testId="cab8b132-edf3-b22a-dafd-52e3f1e74a4c" testName="test_test19" computerName="HOME-E26FE83CAE" duration="00:00:00.0519016" startTime="2012-03-12T11:45:10.1250000-05:00" endTime="2012-03-12T11:45:10.2031250-05:00" testType="13cdc9d9-ddb5-4fa4-a97d-d965ccfc6d4b" outcome="Passed" testListId="8c84fa94-04c1-424b-9868-57a2d4851a1d" relativeResultsDirectory="e3807fe6-707f-43fb-b737-faca69387e2e">
      <Output>
        <StdOut>Object reference not set to an instance of an object.</StdOut>
      </Output>
    </UnitTestResult>
    <UnitTestResult executionId="5a088f54-d483-4a10-bc6d-66b7999dfa23" testId="cda3dbd2-47ba-daee-07dc-a896644e4d82" testName="test_test45" computerName="HOME-E26FE83CAE" duration="00:00:00.0085297" startTime="2012-03-12T11:45:10.2343750-05:00" endTime="2012-03-12T11:45:10.2656250-05:00" testType="13cdc9d9-ddb5-4fa4-a97d-d965ccfc6d4b" outcome="Passed" testListId="8c84fa94-04c1-424b-9868-57a2d4851a1d" relativeResultsDirectory="5a088f54-d483-4a10-bc6d-66b7999dfa23">
    </UnitTestResult>
    <UnitTestResult executionId="781d700e-c3d1-413d-af2c-b4d8296aa3f4" testId="ce2a8c2f-bbc2-eed5-1248-002e2907786b" testName="test_break_out_of_for" computerName="HOME-E26FE83CAE" duration="00:00:00.0087260" startTime="2012-03-12T11:45:10.3125000-05:00" endTime="2012-03-12T11:45:10.3437500-05:00" testType="13cdc9d9-ddb5-4fa4-a97d-d965ccfc6d4b" outcome="Passed" testListId="8c84fa94-04c1-424b-9868-57a2d4851a1d" relativeResultsDirectory="781d700e-c3d1-413d-af2c-b4d8296aa3f4">
    </UnitTestResult>
    <UnitTestResult executionId="cf20be8c-b211-454e-8842-49435c3386f5" testId="d050111e-1afa-c332-bab6-dc16fcf18a86" testName="test_test48" computerName="HOME-E26FE83CAE" duration="00:00:00.0082939" startTime="2012-03-12T11:45:10.3750000-05:00" endTime="2012-03-12T11:45:10.4062500-05:00" testType="13cdc9d9-ddb5-4fa4-a97d-d965ccfc6d4b" outcome="Passed" testListId="8c84fa94-04c1-424b-9868-57a2d4851a1d" relativeResultsDirectory="cf20be8c-b211-454e-8842-49435c3386f5">
    </UnitTestResult>
    <UnitTestResult executionId="6343cec6-e0bf-47e2-8027-6af9f5c676f0" testId="d06f6746-ead1-f925-4604-460409e84f79" testName="test_test7" computerName="HOME-E26FE83CAE" duration="00:00:00.0081969" startTime="2012-03-12T11:45:10.4531250-05:00" endTime="2012-03-12T11:45:10.4687500-05:00" testType="13cdc9d9-ddb5-4fa4-a97d-d965ccfc6d4b" outcome="Passed" testListId="8c84fa94-04c1-424b-9868-57a2d4851a1d" relativeResultsDirectory="6343cec6-e0bf-47e2-8027-6af9f5c676f0">
    </UnitTestResult>
    <UnitTestResult executionId="d0b11995-b0b7-4b70-913c-afa684b8d6d7" testId="d6875146-3a82-65ba-0dc8-a42d822217f6" testName="test_test9" computerName="HOME-E26FE83CAE" duration="00:00:00.0080959" startTime="2012-03-12T11:45:10.5156250-05:00" endTime="2012-03-12T11:45:10.5468750-05:00" testType="13cdc9d9-ddb5-4fa4-a97d-d965ccfc6d4b" outcome="Passed" testListId="8c84fa94-04c1-424b-9868-57a2d4851a1d" relativeResultsDirectory="d0b11995-b0b7-4b70-913c-afa684b8d6d7">
    </UnitTestResult>
    <UnitTestResult executionId="e80e9653-29ec-4df4-adfa-d2adf02f8fd1" testId="d690abc7-a328-cd83-8fdc-b127cf098887" testName="test_test25" computerName="HOME-E26FE83CAE" duration="00:00:00.0082400" startTime="2012-03-12T11:45:10.5781250-05:00" endTime="2012-03-12T11:45:10.6093750-05:00" testType="13cdc9d9-ddb5-4fa4-a97d-d965ccfc6d4b" outcome="Passed" testListId="8c84fa94-04c1-424b-9868-57a2d4851a1d" relativeResultsDirectory="e80e9653-29ec-4df4-adfa-d2adf02f8fd1">
    </UnitTestResult>
    <UnitTestResult executionId="60161e94-a986-49d3-9082-20f027c91f10" testId="d93fbe60-89ed-bf54-6dfb-bec94ee26025" testName="test_test35" computerName="HOME-E26FE83CAE" duration="00:00:00.0090645" startTime="2012-03-12T11:45:10.6406250-05:00" endTime="2012-03-12T11:45:10.6718750-05:00" testType="13cdc9d9-ddb5-4fa4-a97d-d965ccfc6d4b" outcome="Passed" testListId="8c84fa94-04c1-424b-9868-57a2d4851a1d" relativeResultsDirectory="60161e94-a986-49d3-9082-20f027c91f10">
    </UnitTestResult>
    <UnitTestResult executionId="2f1ce323-d316-4bda-b384-21e6f5db1c0e" testId="da3e1bea-fd68-3dc0-d517-eb40039703ee" testName="test_test17" computerName="HOME-E26FE83CAE" duration="00:00:00.0086239" startTime="2012-03-12T11:45:10.7187500-05:00" endTime="2012-03-12T11:45:10.7500000-05:00" testType="13cdc9d9-ddb5-4fa4-a97d-d965ccfc6d4b" outcome="Passed" testListId="8c84fa94-04c1-424b-9868-57a2d4851a1d" relativeResultsDirectory="2f1ce323-d316-4bda-b384-21e6f5db1c0e">
    </UnitTestResult>
    <UnitTestResult executionId="7b8b0b88-a424-481f-b3c0-ea43fd091473" testId="dc1b746a-01eb-32a1-dd9f-13724fc026ff" testName="test_test13" computerName="HOME-E26FE83CAE" duration="00:00:00.0081463" startTime="2012-03-12T11:45:10.7968750-05:00" endTime="2012-03-12T11:45:10.8125000-05:00" testType="13cdc9d9-ddb5-4fa4-a97d-d965ccfc6d4b" outcome="Passed" testListId="8c84fa94-04c1-424b-9868-57a2d4851a1d" relativeResultsDirectory="7b8b0b88-a424-481f-b3c0-ea43fd091473">
    </UnitTestResult>
    <UnitTestResult executionId="f3d1e179-2c2f-4df1-b371-f5b6e7896097" testId="e202bc60-0634-baa5-9fb7-e483d26688e3" testName="test_test43" computerName="HOME-E26FE83CAE" duration="00:00:00.0381703" startTime="2012-03-12T11:45:10.8750000-05:00" endTime="2012-03-12T11:45:10.9375000-05:00" testType="13cdc9d9-ddb5-4fa4-a97d-d965ccfc6d4b" outcome="Passed" testListId="8c84fa94-04c1-424b-9868-57a2d4851a1d" relativeResultsDirectory="f3d1e179-2c2f-4df1-b371-f5b6e7896097">
      <Output>
        <StdOut>Object reference not set to an instance of an object.</StdOut>
      </Output>
    </UnitTestResult>
    <UnitTestResult executionId="a8575d83-7adf-4509-8496-32070dd8724d" testId="e23ffe73-c0b4-23de-3266-456dece737db" testName="test_test37" computerName="HOME-E26FE83CAE" duration="00:00:00.0078957" startTime="2012-03-12T11:45:10.9687500-05:00" endTime="2012-03-12T11:45:11.0000000-05:00" testType="13cdc9d9-ddb5-4fa4-a97d-d965ccfc6d4b" outcome="Passed" testListId="8c84fa94-04c1-424b-9868-57a2d4851a1d" relativeResultsDirectory="a8575d83-7adf-4509-8496-32070dd8724d">
    </UnitTestResult>
    <UnitTestResult executionId="2e23c285-60c8-4930-bf28-046ca9723bd5" testId="e5ba5b84-693c-c274-9024-67714abfd289" testName="test_recursive_array" computerName="HOME-E26FE83CAE" duration="00:00:00.0084724" startTime="2012-03-12T11:45:11.0312500-05:00" endTime="2012-03-12T11:45:11.0625000-05:00" testType="13cdc9d9-ddb5-4fa4-a97d-d965ccfc6d4b" outcome="Passed" testListId="8c84fa94-04c1-424b-9868-57a2d4851a1d" relativeResultsDirectory="2e23c285-60c8-4930-bf28-046ca9723bd5">
    </UnitTestResult>
    <UnitTestResult executionId="a3f71031-10c2-46a9-ab05-21d2792aa696" testId="e6694f75-d598-6ffe-9c8e-bbfaecee7755" testName="test_queens" computerName="HOME-E26FE83CAE" duration="00:00:00.0094960" startTime="2012-03-12T11:45:11.0937500-05:00" endTime="2012-03-12T11:45:11.1250000-05:00" testType="13cdc9d9-ddb5-4fa4-a97d-d965ccfc6d4b" outcome="Passed" testListId="8c84fa94-04c1-424b-9868-57a2d4851a1d" relativeResultsDirectory="a3f71031-10c2-46a9-ab05-21d2792aa696">
    </UnitTestResult>
    <UnitTestResult executionId="2a3b7960-39d9-4287-86f5-cf9277ac1626" testId="e8d2f115-d73c-2867-cfd5-f324a2ef1c4b" testName="test_array_init" computerName="HOME-E26FE83CAE" duration="00:00:00.0108299" startTime="2012-03-12T11:45:11.1718750-05:00" endTime="2012-03-12T11:45:11.2187500-05:00" testType="13cdc9d9-ddb5-4fa4-a97d-d965ccfc6d4b" outcome="Passed" testListId="8c84fa94-04c1-424b-9868-57a2d4851a1d" relativeResultsDirectory="2a3b7960-39d9-4287-86f5-cf9277ac1626">
    </UnitTestResult>
    <UnitTestResult executionId="1bfdc3cf-a459-4433-a491-97a5cff1c582" testId="ecf43549-1da5-5f9d-4f70-8ce66cfb75f9" testName="test_undefined_type_for_alias" computerName="HOME-E26FE83CAE" duration="00:00:00.0083071" startTime="2012-03-12T11:45:11.2500000-05:00" endTime="2012-03-12T11:45:11.2812500-05:00" testType="13cdc9d9-ddb5-4fa4-a97d-d965ccfc6d4b" outcome="Passed" testListId="8c84fa94-04c1-424b-9868-57a2d4851a1d" relativeResultsDirectory="1bfdc3cf-a459-4433-a491-97a5cff1c582">
    </UnitTestResult>
    <UnitTestResult executionId="20fd818c-ae63-4d09-b56b-ea399529a4f0" testId="eec5b161-be3c-10b7-c8a8-069c5234b535" testName="test_test21" computerName="HOME-E26FE83CAE" duration="00:00:00.0089759" startTime="2012-03-12T11:45:11.3125000-05:00" endTime="2012-03-12T11:45:11.3593750-05:00" testType="13cdc9d9-ddb5-4fa4-a97d-d965ccfc6d4b" outcome="Passed" testListId="8c84fa94-04c1-424b-9868-57a2d4851a1d" relativeResultsDirectory="20fd818c-ae63-4d09-b56b-ea399529a4f0">
    </UnitTestResult>
    <UnitTestResult executionId="df61a11d-efc8-4320-abab-279093489f28" testId="f16497eb-6a01-ee64-493f-fa445e31a0a3" testName="test_test39" computerName="HOME-E26FE83CAE" duration="00:00:00.0082934" startTime="2012-03-12T11:45:11.4062500-05:00" endTime="2012-03-12T11:45:11.4375000-05:00" testType="13cdc9d9-ddb5-4fa4-a97d-d965ccfc6d4b" outcome="Passed" testListId="8c84fa94-04c1-424b-9868-57a2d4851a1d" relativeResultsDirectory="df61a11d-efc8-4320-abab-279093489f28">
    </UnitTestResult>
    <UnitTestResult executionId="6900fbf3-744a-4e4c-958d-86d3b913a900" testId="f178d479-04b2-1f51-5b83-340d9c464883" testName="test_test33" computerName="HOME-E26FE83CAE" duration="00:00:00.0406649" startTime="2012-03-12T11:45:11.4687500-05:00" endTime="2012-03-12T11:45:11.5312500-05:00" testType="13cdc9d9-ddb5-4fa4-a97d-d965ccfc6d4b" outcome="Passed" testListId="8c84fa94-04c1-424b-9868-57a2d4851a1d" relativeResultsDirectory="6900fbf3-744a-4e4c-958d-86d3b913a900">
      <Output>
        <StdOut>Object reference not set to an instance of an object.</StdOut>
      </Output>
    </UnitTestResult>
    <UnitTestResult executionId="803183bf-b0a8-4ddc-809e-1baf137c71b0" testId="f1ff68f4-2ce6-1ac3-921c-079b2b95706c" testName="test_differents_types_array_assign" computerName="HOME-E26FE83CAE" duration="00:00:00.0084775" startTime="2012-03-12T11:45:11.5625000-05:00" endTime="2012-03-12T11:45:11.5937500-05:00" testType="13cdc9d9-ddb5-4fa4-a97d-d965ccfc6d4b" outcome="Passed" testListId="8c84fa94-04c1-424b-9868-57a2d4851a1d" relativeResultsDirectory="803183bf-b0a8-4ddc-809e-1baf137c71b0">
    </UnitTestResult>
    <UnitTestResult executionId="6676a014-93cd-43e0-80ad-6667201f1d9f" testId="f4efcf97-2817-134e-d4cd-02e0e8ed7f47" testName="test_invalid_mutually_recursive_function_depth_4" computerName="HOME-E26FE83CAE" duration="00:00:00.0094916" startTime="2012-03-12T11:45:11.6406250-05:00" endTime="2012-03-12T11:45:11.6875000-05:00" testType="13cdc9d9-ddb5-4fa4-a97d-d965ccfc6d4b" outcome="Passed" testListId="8c84fa94-04c1-424b-9868-57a2d4851a1d" relativeResultsDirectory="6676a014-93cd-43e0-80ad-6667201f1d9f">
    </UnitTestResult>
    <UnitTestResult executionId="2e9864d1-440d-45c3-a4e1-68b832e5b8cb" testId="f671f60d-5960-0a4e-25da-4be80fa480eb" testName="test_str" computerName="HOME-E26FE83CAE" duration="00:00:00.0085637" startTime="2012-03-12T11:45:11.7187500-05:00" endTime="2012-03-12T11:45:11.7656250-05:00" testType="13cdc9d9-ddb5-4fa4-a97d-d965ccfc6d4b" outcome="Passed" testListId="8c84fa94-04c1-424b-9868-57a2d4851a1d" relativeResultsDirectory="2e9864d1-440d-45c3-a4e1-68b832e5b8cb">
    </UnitTestResult>
    <UnitTestResult executionId="68ed2fc6-437a-40d8-9ded-b0e59a56e43e" testId="f72187fc-b3e0-b7a6-6724-df81d1bfb604" testName="test_mod7_2" computerName="HOME-E26FE83CAE" duration="00:00:00.0080833" startTime="2012-03-12T11:45:11.7968750-05:00" endTime="2012-03-12T11:45:11.8281250-05:00" testType="13cdc9d9-ddb5-4fa4-a97d-d965ccfc6d4b" outcome="Passed" testListId="8c84fa94-04c1-424b-9868-57a2d4851a1d" relativeResultsDirectory="68ed2fc6-437a-40d8-9ded-b0e59a56e43e">
    </UnitTestResult>
    <UnitTestResult executionId="632b6269-1c26-4c0f-b525-039a43ff21f5" testId="f7361c7c-3b0f-6086-f159-11b4844d843d" testName="test_record_literal_invalid_types" computerName="HOME-E26FE83CAE" duration="00:00:00.0081807" startTime="2012-03-12T11:45:11.8750000-05:00" endTime="2012-03-12T11:45:11.8906250-05:00" testType="13cdc9d9-ddb5-4fa4-a97d-d965ccfc6d4b" outcome="Passed" testListId="8c84fa94-04c1-424b-9868-57a2d4851a1d" relativeResultsDirectory="632b6269-1c26-4c0f-b525-039a43ff21f5">
    </UnitTestResult>
    <UnitTestResult executionId="7359dcbe-aa4f-40d7-9357-f242098a948e" testId="f8f7e3fc-a32f-4b7e-3884-a77c284c6334" testName="test_test30" computerName="HOME-E26FE83CAE" duration="00:00:00.0388520" startTime="2012-03-12T11:45:11.9375000-05:00" endTime="2012-03-12T11:45:12.0000000-05:00" testType="13cdc9d9-ddb5-4fa4-a97d-d965ccfc6d4b" outcome="Passed" testListId="8c84fa94-04c1-424b-9868-57a2d4851a1d" relativeResultsDirectory="7359dcbe-aa4f-40d7-9357-f242098a948e">
      <Output>
        <StdOut>Object reference not set to an instance of an object.</StdOut>
      </Output>
    </UnitTestResult>
    <UnitTestResult executionId="0ecf7273-8380-406d-9b69-34a4872d3ccf" testId="f96446f0-229a-33bf-fd57-40890b9bd378" testName="test_test36" computerName="HOME-E26FE83CAE" duration="00:00:00.0614444" startTime="2012-03-12T11:45:12.0312500-05:00" endTime="2012-03-12T11:45:12.1093750-05:00" testType="13cdc9d9-ddb5-4fa4-a97d-d965ccfc6d4b" outcome="Passed" testListId="8c84fa94-04c1-424b-9868-57a2d4851a1d" relativeResultsDirectory="0ecf7273-8380-406d-9b69-34a4872d3ccf">
      <Output>
        <StdOut>Index was out of range. Must be non-negative and less than the size of the collection.
Parameter name: index</StdOut>
      </Output>
    </UnitTestResult>
    <UnitTestResult executionId="f9c74aec-2c38-42f6-ac8e-214a1b7e64c8" testId="fb90f7ed-7430-80a6-0f96-1278e7153aad" testName="test_test16" computerName="HOME-E26FE83CAE" duration="00:00:00.0084627" startTime="2012-03-12T11:45:12.1562500-05:00" endTime="2012-03-12T11:45:12.1718750-05:00" testType="13cdc9d9-ddb5-4fa4-a97d-d965ccfc6d4b" outcome="Passed" testListId="8c84fa94-04c1-424b-9868-57a2d4851a1d" relativeResultsDirectory="f9c74aec-2c38-42f6-ac8e-214a1b7e64c8">
    </UnitTestResult>
    <UnitTestResult executionId="39d7adc5-2a4a-4a5a-8b13-850a694bb152" testId="ff4c30d4-0e18-8aac-65dc-3010d8dc6819" testName="test_test46" computerName="HOME-E26FE83CAE" duration="00:00:00.0075838" startTime="2012-03-12T11:45:12.2187500-05:00" endTime="2012-03-12T11:45:12.2500000-05:00" testType="13cdc9d9-ddb5-4fa4-a97d-d965ccfc6d4b" outcome="Passed" testListId="8c84fa94-04c1-424b-9868-57a2d4851a1d" relativeResultsDirectory="39d7adc5-2a4a-4a5a-8b13-850a694bb152">
    </UnitTestResult>
  </Results>
</TestRun>