<?xml version="1.0" encoding="UTF-8"?>
<TestRun id="ccc66df8-2272-42a3-8921-b04c91c0f1dd" name="Dany@HOME-E26FE83CAE 2012-03-12 13:31:48" runUser="HOME-E26FE83CAE\Dany" xmlns="http://microsoft.com/schemas/VisualStudio/TeamTest/2010">
  <TestSettings name="Local" id="db3fc4c5-9574-448a-acee-8bc54bdc550b">
    <Description>These are default test settings for a local test run.</Description>
    <Deployment enabled="false" runDeploymentRoot="Dany_HOME-E26FE83CAE 2012-03-12 13_31_48">
      <DeploymentItem filename="H:\lastversion\Compiler 8-3-2012\CompilersUtils\bin\Debug\CompilersUtils.dll" />
    </Deployment>
    <Execution>
      <TestTypeSpecific />
      <AgentRule name="Execution Agents">
      </AgentRule>
    </Execution>
  </TestSettings>
  <Times creation="2012-03-12T13:31:48.8593750-05:00" queuing="2012-03-12T13:31:51.6406250-05:00" start="2012-03-12T13:31:52.1406250-05:00" finish="2012-03-12T13:32:27.9843750-05:00" />
  <ResultSummary outcome="Error">
    <Counters total="1" executed="1" error="0" failed="0" timeout="0" aborted="1" inconclusive="0" passedButRunAborted="0" notRunnable="0" notExecuted="0" disconnected="0" warning="0" passed="0" completed="0" inProgress="0" pending="0" />
    <RunInfos>
      <RunInfo computerName="HOME-E26FE83CAE" outcome="Error" timestamp="2012-03-12T13:32:27.9843750-05:00">
        <Text>Test host process exited unexpectedly.</Text>
      </RunInfo>
    </RunInfos>
  </ResultSummary>
  <TestDefinitions>
    <UnitTest name="test_and_operator_non_valued_operands" storage="h:\lastversion\compiler 8-3-2012\testcompilertotiger\bin\debug\testcompilertotiger.dll" id="7778cbf3-4c15-9b31-c5ab-9ec850cf89a5">
      <Execution id="c772cfee-0bca-473a-bdc9-7084c5ebd7f0" />
      <TestMethod codeBase="H:/lastversion/Compiler 8-3-2012/TestCompilerToTiger/bin/Debug/TestCompilerToTiger.DLL" adapterTypeName="Microsoft.VisualStudio.TestTools.TestTypes.Unit.UnitTestAdapter, Microsoft.VisualStudio.QualityTools.Tips.UnitTest.Adapter, Version=10.0.0.0, Culture=neutral, PublicKeyToken=b03f5f7f11d50a3a" className="TestCompilerToTiger.UnitTest1, TestCompilerToTiger, Version=1.0.0.0, Culture=neutral, PublicKeyToken=null" name="test_and_operator_non_valued_operands" />
    </UnitTest>
  </TestDefinitions>
  <TestLists>
    <TestList name="Results Not in a List" id="8c84fa94-04c1-424b-9868-57a2d4851a1d" />
    <TestList name="All Loaded Results" id="19431567-8539-422a-85d7-44ee4e166bda" />
  </TestLists>
  <TestEntries>
    <TestEntry testId="7778cbf3-4c15-9b31-c5ab-9ec850cf89a5" executionId="c772cfee-0bca-473a-bdc9-7084c5ebd7f0" testListId="8c84fa94-04c1-424b-9868-57a2d4851a1d" />
  </TestEntries>
  <Results>
    <UnitTestResult executionId="c772cfee-0bca-473a-bdc9-7084c5ebd7f0" testId="7778cbf3-4c15-9b31-c5ab-9ec850cf89a5" testName="test_and_operator_non_valued_operands" computerName="HOME-E26FE83CAE" duration="00:00:35.4687500" startTime="2012-03-12T13:31:52.5156250-05:00" endTime="2012-03-12T13:32:27.9843750-05:00" testType="13cdc9d9-ddb5-4fa4-a97d-d965ccfc6d4b" outcome="Aborted" testListId="8c84fa94-04c1-424b-9868-57a2d4851a1d" relativeResultsDirectory="c772cfee-0bca-473a-bdc9-7084c5ebd7f0">
    </UnitTestResult>
  </Results>
</TestRun>