<?xml version="1.0" encoding="UTF-8"?>
<TestRun id="2981a87a-8990-4bdf-a59b-178eae7e1534" name="Dany@HOME-E26FE83CAE 2012-03-12 14:28:14" runUser="HOME-E26FE83CAE\Dany" xmlns="http://microsoft.com/schemas/VisualStudio/TeamTest/2010">
  <TestSettings name="Local" id="db3fc4c5-9574-448a-acee-8bc54bdc550b">
    <Description>These are default test settings for a local test run.</Description>
    <Deployment enabled="false" runDeploymentRoot="Dany_HOME-E26FE83CAE 2012-03-12 14_28_14">
      <DeploymentItem filename="H:\lastversion\Compiler 8-3-2012\CompilersUtils\bin\Debug\CompilersUtils.dll" />
    </Deployment>
    <Execution>
      <TestTypeSpecific />
      <AgentRule name="Execution Agents">
      </AgentRule>
    </Execution>
  </TestSettings>
  <Times creation="2012-03-12T14:28:14.1250000-05:00" queuing="2012-03-12T14:28:17.0781250-05:00" start="2012-03-12T14:28:17.4687500-05:00" finish="2012-03-12T14:30:05.5937500-05:00" />
  <ResultSummary outcome="Error">
    <Counters total="93" executed="59" passed="57" error="0" failed="1" timeout="0" aborted="1" inconclusive="0" passedButRunAborted="0" notRunnable="0" notExecuted="34" disconnected="0" warning="0" completed="0" inProgress="0" pending="0" />
    <RunInfos>
      <RunInfo computerName="HOME-E26FE83CAE" outcome="Error" timestamp="2012-03-12T14:30:04.6718750-05:00">
        <Text>Test host process exited unexpectedly.</Text>
      </RunInfo>
    </RunInfos>
  </ResultSummary>
  <TestDefinitions>
    <UnitTest name="test_array_string_nil" storage="h:\lastversion\compiler 8-3-2012\testcompilertotiger\bin\debug\testcompilertotiger.dll" id="8c0af343-7fa9-77f2-656f-4d5deee86c5d">
      <Execution id="e1ab6ae9-f081-4bd1-a260-95b0d267b7b8" />
      <TestMethod codeBase="H:/lastversion/Compiler 8-3-2012/TestCompilerToTiger/bin/Debug/TestCompilerToTiger.DLL" adapterTypeName="Microsoft.VisualStudio.TestTools.TestTypes.Unit.UnitTestAdapter, Microsoft.VisualStudio.QualityTools.Tips.UnitTest.Adapter, Version=10.0.0.0, Culture=neutral, PublicKeyToken=b03f5f7f11d50a3a" className="TestCompilerToTiger.UnitTest1, TestCompilerToTiger, Version=1.0.0.0, Culture=neutral, PublicKeyToken=null" name="test_array_string_nil" />
    </UnitTest>
    <UnitTest name="test_test26" storage="h:\lastversion\compiler 8-3-2012\testcompilertotiger\bin\debug\testcompilertotiger.dll" id="044ddcd4-6330-7a22-e9f8-f33b453f18d7">
      <Execution id="75f68638-d826-45a6-bd9a-3249c8cfb15a" />
      <TestMethod codeBase="H:/lastversion/Compiler 8-3-2012/TestCompilerToTiger/bin/Debug/TestCompilerToTiger.DLL" adapterTypeName="Microsoft.VisualStudio.TestTools.TestTypes.Unit.UnitTestAdapter, Microsoft.VisualStudio.QualityTools.Tips.UnitTest.Adapter, Version=10.0.0.0, Culture=neutral, PublicKeyToken=b03f5f7f11d50a3a" className="TestCompilerToTiger.UnitTest1, TestCompilerToTiger, Version=1.0.0.0, Culture=neutral, PublicKeyToken=null" name="test_test26" />
    </UnitTest>
    <UnitTest name="test_invalid_mutually_recursive_function_depth_4" storage="h:\lastversion\compiler 8-3-2012\testcompilertotiger\bin\debug\testcompilertotiger.dll" id="f4efcf97-2817-134e-d4cd-02e0e8ed7f47">
      <Execution id="59a7c70d-1fa2-458b-9b2f-95effa77c8eb" />
      <TestMethod codeBase="H:/lastversion/Compiler 8-3-2012/TestCompilerToTiger/bin/Debug/TestCompilerToTiger.DLL" adapterTypeName="Microsoft.VisualStudio.TestTools.TestTypes.Unit.UnitTestAdapter, Microsoft.VisualStudio.QualityTools.Tips.UnitTest.Adapter, Version=10.0.0.0, Culture=neutral, PublicKeyToken=b03f5f7f11d50a3a" className="TestCompilerToTiger.UnitTest1, TestCompilerToTiger, Version=1.0.0.0, Culture=neutral, PublicKeyToken=null" name="test_invalid_mutually_recursive_function_depth_4" />
    </UnitTest>
    <UnitTest name="test_recursive_array_alias" storage="h:\lastversion\compiler 8-3-2012\testcompilertotiger\bin\debug\testcompilertotiger.dll" id="041998ab-07f9-73fa-8039-7d960c796110">
      <Execution id="2ba6461e-0d86-40d4-b8dc-e77c9d6b475e" />
      <TestMethod codeBase="H:/lastversion/Compiler 8-3-2012/TestCompilerToTiger/bin/Debug/TestCompilerToTiger.DLL" adapterTypeName="Microsoft.VisualStudio.TestTools.TestTypes.Unit.UnitTestAdapter, Microsoft.VisualStudio.QualityTools.Tips.UnitTest.Adapter, Version=10.0.0.0, Culture=neutral, PublicKeyToken=b03f5f7f11d50a3a" className="TestCompilerToTiger.UnitTest1, TestCompilerToTiger, Version=1.0.0.0, Culture=neutral, PublicKeyToken=null" name="test_recursive_array_alias" />
    </UnitTest>
    <UnitTest name="test_test8" storage="h:\lastversion\compiler 8-3-2012\testcompilertotiger\bin\debug\testcompilertotiger.dll" id="a384bb22-ddee-6569-96ae-a4c57e6d3916">
      <Execution id="9c02b69b-3f61-4cee-b1f4-da71bfbca602" />
      <TestMethod codeBase="H:/lastversion/Compiler 8-3-2012/TestCompilerToTiger/bin/Debug/TestCompilerToTiger.DLL" adapterTypeName="Microsoft.VisualStudio.TestTools.TestTypes.Unit.UnitTestAdapter, Microsoft.VisualStudio.QualityTools.Tips.UnitTest.Adapter, Version=10.0.0.0, Culture=neutral, PublicKeyToken=b03f5f7f11d50a3a" className="TestCompilerToTiger.UnitTest1, TestCompilerToTiger, Version=1.0.0.0, Culture=neutral, PublicKeyToken=null" name="test_test8" />
    </UnitTest>
    <UnitTest name="test_and_operator_returns_value" storage="h:\lastversion\compiler 8-3-2012\testcompilertotiger\bin\debug\testcompilertotiger.dll" id="b62d9364-7778-3e50-d7a6-6bf0ce856a2f">
      <Execution id="7e51c52d-c3ea-4b69-9d8e-79aa023346a4" />
      <TestMethod codeBase="H:/lastversion/Compiler 8-3-2012/TestCompilerToTiger/bin/Debug/TestCompilerToTiger.DLL" adapterTypeName="Microsoft.VisualStudio.TestTools.TestTypes.Unit.UnitTestAdapter, Microsoft.VisualStudio.QualityTools.Tips.UnitTest.Adapter, Version=10.0.0.0, Culture=neutral, PublicKeyToken=b03f5f7f11d50a3a" className="TestCompilerToTiger.UnitTest1, TestCompilerToTiger, Version=1.0.0.0, Culture=neutral, PublicKeyToken=null" name="test_and_operator_returns_value" />
    </UnitTest>
    <UnitTest name="test_test19" storage="h:\lastversion\compiler 8-3-2012\testcompilertotiger\bin\debug\testcompilertotiger.dll" id="cab8b132-edf3-b22a-dafd-52e3f1e74a4c">
      <Execution id="3243948a-1511-47ab-97a5-56406f58445d" />
      <TestMethod codeBase="H:/lastversion/Compiler 8-3-2012/TestCompilerToTiger/bin/Debug/TestCompilerToTiger.DLL" adapterTypeName="Microsoft.VisualStudio.TestTools.TestTypes.Unit.UnitTestAdapter, Microsoft.VisualStudio.QualityTools.Tips.UnitTest.Adapter, Version=10.0.0.0, Culture=neutral, PublicKeyToken=b03f5f7f11d50a3a" className="TestCompilerToTiger.UnitTest1, TestCompilerToTiger, Version=1.0.0.0, Culture=neutral, PublicKeyToken=null" name="test_test19" />
    </UnitTest>
    <UnitTest name="test_test35" storage="h:\lastversion\compiler 8-3-2012\testcompilertotiger\bin\debug\testcompilertotiger.dll" id="d93fbe60-89ed-bf54-6dfb-bec94ee26025">
      <Execution id="e1bcb601-d27f-40ff-90c7-204d77abea06" />
      <TestMethod codeBase="H:/lastversion/Compiler 8-3-2012/TestCompilerToTiger/bin/Debug/TestCompilerToTiger.DLL" adapterTypeName="Microsoft.VisualStudio.TestTools.TestTypes.Unit.UnitTestAdapter, Microsoft.VisualStudio.QualityTools.Tips.UnitTest.Adapter, Version=10.0.0.0, Culture=neutral, PublicKeyToken=b03f5f7f11d50a3a" className="TestCompilerToTiger.UnitTest1, TestCompilerToTiger, Version=1.0.0.0, Culture=neutral, PublicKeyToken=null" name="test_test35" />
    </UnitTest>
    <UnitTest name="test_record_literal_invalid_types" storage="h:\lastversion\compiler 8-3-2012\testcompilertotiger\bin\debug\testcompilertotiger.dll" id="f7361c7c-3b0f-6086-f159-11b4844d843d">
      <Execution id="574e8c24-9977-4f8d-bbcf-b7837db8133e" />
      <TestMethod codeBase="H:/lastversion/Compiler 8-3-2012/TestCompilerToTiger/bin/Debug/TestCompilerToTiger.DLL" adapterTypeName="Microsoft.VisualStudio.TestTools.TestTypes.Unit.UnitTestAdapter, Microsoft.VisualStudio.QualityTools.Tips.UnitTest.Adapter, Version=10.0.0.0, Culture=neutral, PublicKeyToken=b03f5f7f11d50a3a" className="TestCompilerToTiger.UnitTest1, TestCompilerToTiger, Version=1.0.0.0, Culture=neutral, PublicKeyToken=null" name="test_record_literal_invalid_types" />
    </UnitTest>
    <UnitTest name="test_record_access_incompatibles_types" storage="h:\lastversion\compiler 8-3-2012\testcompilertotiger\bin\debug\testcompilertotiger.dll" id="6cf631e1-db7e-962a-558e-bc54f36bb57a">
      <Execution id="9992ec9a-b3e9-40a0-bc52-551db72eb37c" />
      <TestMethod codeBase="H:/lastversion/Compiler 8-3-2012/TestCompilerToTiger/bin/Debug/TestCompilerToTiger.DLL" adapterTypeName="Microsoft.VisualStudio.TestTools.TestTypes.Unit.UnitTestAdapter, Microsoft.VisualStudio.QualityTools.Tips.UnitTest.Adapter, Version=10.0.0.0, Culture=neutral, PublicKeyToken=b03f5f7f11d50a3a" className="TestCompilerToTiger.UnitTest1, TestCompilerToTiger, Version=1.0.0.0, Culture=neutral, PublicKeyToken=null" name="test_record_access_incompatibles_types" />
    </UnitTest>
    <UnitTest name="test_break_out_of_for" storage="h:\lastversion\compiler 8-3-2012\testcompilertotiger\bin\debug\testcompilertotiger.dll" id="ce2a8c2f-bbc2-eed5-1248-002e2907786b">
      <Execution id="5be901c6-64e3-4a73-b5c5-546ec0491c45" />
      <TestMethod codeBase="H:/lastversion/Compiler 8-3-2012/TestCompilerToTiger/bin/Debug/TestCompilerToTiger.DLL" adapterTypeName="Microsoft.VisualStudio.TestTools.TestTypes.Unit.UnitTestAdapter, Microsoft.VisualStudio.QualityTools.Tips.UnitTest.Adapter, Version=10.0.0.0, Culture=neutral, PublicKeyToken=b03f5f7f11d50a3a" className="TestCompilerToTiger.UnitTest1, TestCompilerToTiger, Version=1.0.0.0, Culture=neutral, PublicKeyToken=null" name="test_break_out_of_for" />
    </UnitTest>
    <UnitTest name="test_undefined_type_for_array_declaration" storage="h:\lastversion\compiler 8-3-2012\testcompilertotiger\bin\debug\testcompilertotiger.dll" id="30a9dc30-d90c-bbee-e587-6b840a964a32">
      <Execution id="8801e0b4-7bd7-42a8-97c1-5feb9f0762be" />
      <TestMethod codeBase="H:/lastversion/Compiler 8-3-2012/TestCompilerToTiger/bin/Debug/TestCompilerToTiger.DLL" adapterTypeName="Microsoft.VisualStudio.TestTools.TestTypes.Unit.UnitTestAdapter, Microsoft.VisualStudio.QualityTools.Tips.UnitTest.Adapter, Version=10.0.0.0, Culture=neutral, PublicKeyToken=b03f5f7f11d50a3a" className="TestCompilerToTiger.UnitTest1, TestCompilerToTiger, Version=1.0.0.0, Culture=neutral, PublicKeyToken=null" name="test_undefined_type_for_array_declaration" />
    </UnitTest>
    <UnitTest name="test_undefined_type_for_alias" storage="h:\lastversion\compiler 8-3-2012\testcompilertotiger\bin\debug\testcompilertotiger.dll" id="ecf43549-1da5-5f9d-4f70-8ce66cfb75f9">
      <Execution id="602a10a3-3dcb-44bd-bee8-f0d7238aecf9" />
      <TestMethod codeBase="H:/lastversion/Compiler 8-3-2012/TestCompilerToTiger/bin/Debug/TestCompilerToTiger.DLL" adapterTypeName="Microsoft.VisualStudio.TestTools.TestTypes.Unit.UnitTestAdapter, Microsoft.VisualStudio.QualityTools.Tips.UnitTest.Adapter, Version=10.0.0.0, Culture=neutral, PublicKeyToken=b03f5f7f11d50a3a" className="TestCompilerToTiger.UnitTest1, TestCompilerToTiger, Version=1.0.0.0, Culture=neutral, PublicKeyToken=null" name="test_undefined_type_for_alias" />
    </UnitTest>
    <UnitTest name="test_test18" storage="h:\lastversion\compiler 8-3-2012\testcompilertotiger\bin\debug\testcompilertotiger.dll" id="a472785a-6aac-8d41-8d14-3df81fa7d043">
      <Execution id="bb815682-79dd-42cc-8b67-773215e2219c" />
      <TestMethod codeBase="H:/lastversion/Compiler 8-3-2012/TestCompilerToTiger/bin/Debug/TestCompilerToTiger.DLL" adapterTypeName="Microsoft.VisualStudio.TestTools.TestTypes.Unit.UnitTestAdapter, Microsoft.VisualStudio.QualityTools.Tips.UnitTest.Adapter, Version=10.0.0.0, Culture=neutral, PublicKeyToken=b03f5f7f11d50a3a" className="TestCompilerToTiger.UnitTest1, TestCompilerToTiger, Version=1.0.0.0, Culture=neutral, PublicKeyToken=null" name="test_test18" />
    </UnitTest>
    <UnitTest name="test_test44" storage="h:\lastversion\compiler 8-3-2012\testcompilertotiger\bin\debug\testcompilertotiger.dll" id="6d72d84f-797d-15c2-7042-642838b6df03">
      <Execution id="5a36823d-eb11-42fb-a81b-87f4f13986f6" />
      <TestMethod codeBase="H:/lastversion/Compiler 8-3-2012/TestCompilerToTiger/bin/Debug/TestCompilerToTiger.DLL" adapterTypeName="Microsoft.VisualStudio.TestTools.TestTypes.Unit.UnitTestAdapter, Microsoft.VisualStudio.QualityTools.Tips.UnitTest.Adapter, Version=10.0.0.0, Culture=neutral, PublicKeyToken=b03f5f7f11d50a3a" className="TestCompilerToTiger.UnitTest1, TestCompilerToTiger, Version=1.0.0.0, Culture=neutral, PublicKeyToken=null" name="test_test44" />
    </UnitTest>
    <UnitTest name="test_test34" storage="h:\lastversion\compiler 8-3-2012\testcompilertotiger\bin\debug\testcompilertotiger.dll" id="33df6015-371d-7c50-5ef5-d8861ee19e12">
      <Execution id="63328a17-42d2-4177-afe8-5e75566a91a5" />
      <TestMethod codeBase="H:/lastversion/Compiler 8-3-2012/TestCompilerToTiger/bin/Debug/TestCompilerToTiger.DLL" adapterTypeName="Microsoft.VisualStudio.TestTools.TestTypes.Unit.UnitTestAdapter, Microsoft.VisualStudio.QualityTools.Tips.UnitTest.Adapter, Version=10.0.0.0, Culture=neutral, PublicKeyToken=b03f5f7f11d50a3a" className="TestCompilerToTiger.UnitTest1, TestCompilerToTiger, Version=1.0.0.0, Culture=neutral, PublicKeyToken=null" name="test_test34" />
    </UnitTest>
    <UnitTest name="test_if_then_else_without_return_value" storage="h:\lastversion\compiler 8-3-2012\testcompilertotiger\bin\debug\testcompilertotiger.dll" id="67c163c5-c8d3-5101-e815-2db32a75cf56">
      <Execution id="be35abc2-3a5e-4533-83c1-30ba49437529" />
      <TestMethod codeBase="H:/lastversion/Compiler 8-3-2012/TestCompilerToTiger/bin/Debug/TestCompilerToTiger.DLL" adapterTypeName="Microsoft.VisualStudio.TestTools.TestTypes.Unit.UnitTestAdapter, Microsoft.VisualStudio.QualityTools.Tips.UnitTest.Adapter, Version=10.0.0.0, Culture=neutral, PublicKeyToken=b03f5f7f11d50a3a" className="TestCompilerToTiger.UnitTest1, TestCompilerToTiger, Version=1.0.0.0, Culture=neutral, PublicKeyToken=null" name="test_if_then_else_without_return_value" />
    </UnitTest>
    <UnitTest name="test_test39" storage="h:\lastversion\compiler 8-3-2012\testcompilertotiger\bin\debug\testcompilertotiger.dll" id="f16497eb-6a01-ee64-493f-fa445e31a0a3">
      <Execution id="dbc69cc8-30a3-4ddd-a5e8-f8186cb47a6b" />
      <TestMethod codeBase="H:/lastversion/Compiler 8-3-2012/TestCompilerToTiger/bin/Debug/TestCompilerToTiger.DLL" adapterTypeName="Microsoft.VisualStudio.TestTools.TestTypes.Unit.UnitTestAdapter, Microsoft.VisualStudio.QualityTools.Tips.UnitTest.Adapter, Version=10.0.0.0, Culture=neutral, PublicKeyToken=b03f5f7f11d50a3a" className="TestCompilerToTiger.UnitTest1, TestCompilerToTiger, Version=1.0.0.0, Culture=neutral, PublicKeyToken=null" name="test_test39" />
    </UnitTest>
    <UnitTest name="test_test29" storage="h:\lastversion\compiler 8-3-2012\testcompilertotiger\bin\debug\testcompilertotiger.dll" id="99ccbccc-8faa-d870-7334-5e51e17814a3">
      <Execution id="2ed05e37-b432-4f78-bd88-aabb573bee4d" />
      <TestMethod codeBase="H:/lastversion/Compiler 8-3-2012/TestCompilerToTiger/bin/Debug/TestCompilerToTiger.DLL" adapterTypeName="Microsoft.VisualStudio.TestTools.TestTypes.Unit.UnitTestAdapter, Microsoft.VisualStudio.QualityTools.Tips.UnitTest.Adapter, Version=10.0.0.0, Culture=neutral, PublicKeyToken=b03f5f7f11d50a3a" className="TestCompilerToTiger.UnitTest1, TestCompilerToTiger, Version=1.0.0.0, Culture=neutral, PublicKeyToken=null" name="test_test29" />
    </UnitTest>
    <UnitTest name="test_test37" storage="h:\lastversion\compiler 8-3-2012\testcompilertotiger\bin\debug\testcompilertotiger.dll" id="e23ffe73-c0b4-23de-3266-456dece737db">
      <Execution id="a8a26c7d-7324-45d1-9d41-11a60337c3af" />
      <TestMethod codeBase="H:/lastversion/Compiler 8-3-2012/TestCompilerToTiger/bin/Debug/TestCompilerToTiger.DLL" adapterTypeName="Microsoft.VisualStudio.TestTools.TestTypes.Unit.UnitTestAdapter, Microsoft.VisualStudio.QualityTools.Tips.UnitTest.Adapter, Version=10.0.0.0, Culture=neutral, PublicKeyToken=b03f5f7f11d50a3a" className="TestCompilerToTiger.UnitTest1, TestCompilerToTiger, Version=1.0.0.0, Culture=neutral, PublicKeyToken=null" name="test_test37" />
    </UnitTest>
    <UnitTest name="test_test45" storage="h:\lastversion\compiler 8-3-2012\testcompilertotiger\bin\debug\testcompilertotiger.dll" id="cda3dbd2-47ba-daee-07dc-a896644e4d82">
      <Execution id="1be63034-2ce9-4ee4-b49a-1fb14e1658a4" />
      <TestMethod codeBase="H:/lastversion/Compiler 8-3-2012/TestCompilerToTiger/bin/Debug/TestCompilerToTiger.DLL" adapterTypeName="Microsoft.VisualStudio.TestTools.TestTypes.Unit.UnitTestAdapter, Microsoft.VisualStudio.QualityTools.Tips.UnitTest.Adapter, Version=10.0.0.0, Culture=neutral, PublicKeyToken=b03f5f7f11d50a3a" className="TestCompilerToTiger.UnitTest1, TestCompilerToTiger, Version=1.0.0.0, Culture=neutral, PublicKeyToken=null" name="test_test45" />
    </UnitTest>
    <UnitTest name="test_procedure_same_parameters_name" storage="h:\lastversion\compiler 8-3-2012\testcompilertotiger\bin\debug\testcompilertotiger.dll" id="3c85eb83-557f-5abd-129b-c696176453d1">
      <Execution id="b56fbd99-5b1b-4338-a383-db6a4d0d0524" />
      <TestMethod codeBase="H:/lastversion/Compiler 8-3-2012/TestCompilerToTiger/bin/Debug/TestCompilerToTiger.DLL" adapterTypeName="Microsoft.VisualStudio.TestTools.TestTypes.Unit.UnitTestAdapter, Microsoft.VisualStudio.QualityTools.Tips.UnitTest.Adapter, Version=10.0.0.0, Culture=neutral, PublicKeyToken=b03f5f7f11d50a3a" className="TestCompilerToTiger.UnitTest1, TestCompilerToTiger, Version=1.0.0.0, Culture=neutral, PublicKeyToken=null" name="test_procedure_same_parameters_name" />
    </UnitTest>
    <UnitTest name="test_test10" storage="h:\lastversion\compiler 8-3-2012\testcompilertotiger\bin\debug\testcompilertotiger.dll" id="9936c7db-6cf6-2051-5d72-b9fe5c8e1ada">
      <Execution id="4c575a46-89e6-4a14-8a51-afe1321bbbf7" />
      <TestMethod codeBase="H:/lastversion/Compiler 8-3-2012/TestCompilerToTiger/bin/Debug/TestCompilerToTiger.DLL" adapterTypeName="Microsoft.VisualStudio.TestTools.TestTypes.Unit.UnitTestAdapter, Microsoft.VisualStudio.QualityTools.Tips.UnitTest.Adapter, Version=10.0.0.0, Culture=neutral, PublicKeyToken=b03f5f7f11d50a3a" className="TestCompilerToTiger.UnitTest1, TestCompilerToTiger, Version=1.0.0.0, Culture=neutral, PublicKeyToken=null" name="test_test10" />
    </UnitTest>
    <UnitTest name="test_mod2" storage="h:\lastversion\compiler 8-3-2012\testcompilertotiger\bin\debug\testcompilertotiger.dll" id="3eaf5a1b-09ff-aa0a-8696-77810f03640d">
      <Execution id="9a335568-4da4-44f0-b108-6c75d9898625" />
      <TestMethod codeBase="H:/lastversion/Compiler 8-3-2012/TestCompilerToTiger/bin/Debug/TestCompilerToTiger.DLL" adapterTypeName="Microsoft.VisualStudio.TestTools.TestTypes.Unit.UnitTestAdapter, Microsoft.VisualStudio.QualityTools.Tips.UnitTest.Adapter, Version=10.0.0.0, Culture=neutral, PublicKeyToken=b03f5f7f11d50a3a" className="TestCompilerToTiger.UnitTest1, TestCompilerToTiger, Version=1.0.0.0, Culture=neutral, PublicKeyToken=null" name="test_mod2" />
    </UnitTest>
    <UnitTest name="test_nested_unavailable_function" storage="h:\lastversion\compiler 8-3-2012\testcompilertotiger\bin\debug\testcompilertotiger.dll" id="c61736dc-d6c8-f953-d484-0d9a5b344127">
      <Execution id="60f9e8fd-2102-4bd4-921f-f5c96914ab07" />
      <TestMethod codeBase="H:/lastversion/Compiler 8-3-2012/TestCompilerToTiger/bin/Debug/TestCompilerToTiger.DLL" adapterTypeName="Microsoft.VisualStudio.TestTools.TestTypes.Unit.UnitTestAdapter, Microsoft.VisualStudio.QualityTools.Tips.UnitTest.Adapter, Version=10.0.0.0, Culture=neutral, PublicKeyToken=b03f5f7f11d50a3a" className="TestCompilerToTiger.UnitTest1, TestCompilerToTiger, Version=1.0.0.0, Culture=neutral, PublicKeyToken=null" name="test_nested_unavailable_function" />
    </UnitTest>
    <UnitTest name="test_inferred_variable_incompatibles_type" storage="h:\lastversion\compiler 8-3-2012\testcompilertotiger\bin\debug\testcompilertotiger.dll" id="b4c7ef8d-acd4-bb81-a04e-3b27f1d00de4">
      <Execution id="d8a31d2b-5335-41c4-bdf8-7671dee58595" />
      <TestMethod codeBase="H:/lastversion/Compiler 8-3-2012/TestCompilerToTiger/bin/Debug/TestCompilerToTiger.DLL" adapterTypeName="Microsoft.VisualStudio.TestTools.TestTypes.Unit.UnitTestAdapter, Microsoft.VisualStudio.QualityTools.Tips.UnitTest.Adapter, Version=10.0.0.0, Culture=neutral, PublicKeyToken=b03f5f7f11d50a3a" className="TestCompilerToTiger.UnitTest1, TestCompilerToTiger, Version=1.0.0.0, Culture=neutral, PublicKeyToken=null" name="test_inferred_variable_incompatibles_type" />
    </UnitTest>
    <UnitTest name="test_and_operator_invalid_type_operands" storage="h:\lastversion\compiler 8-3-2012\testcompilertotiger\bin\debug\testcompilertotiger.dll" id="6491bb9a-c473-c29d-0621-addaa45ea010">
      <Execution id="649f102d-d5f2-4ee7-b6d8-58821a2d9144" />
      <TestMethod codeBase="H:/lastversion/Compiler 8-3-2012/TestCompilerToTiger/bin/Debug/TestCompilerToTiger.DLL" adapterTypeName="Microsoft.VisualStudio.TestTools.TestTypes.Unit.UnitTestAdapter, Microsoft.VisualStudio.QualityTools.Tips.UnitTest.Adapter, Version=10.0.0.0, Culture=neutral, PublicKeyToken=b03f5f7f11d50a3a" className="TestCompilerToTiger.UnitTest1, TestCompilerToTiger, Version=1.0.0.0, Culture=neutral, PublicKeyToken=null" name="test_and_operator_invalid_type_operands" />
    </UnitTest>
    <UnitTest name="test_differents_types_array_assign" storage="h:\lastversion\compiler 8-3-2012\testcompilertotiger\bin\debug\testcompilertotiger.dll" id="f1ff68f4-2ce6-1ac3-921c-079b2b95706c">
      <Execution id="4e181aab-8940-4b26-ac10-a877c603d8d0" />
      <TestMethod codeBase="H:/lastversion/Compiler 8-3-2012/TestCompilerToTiger/bin/Debug/TestCompilerToTiger.DLL" adapterTypeName="Microsoft.VisualStudio.TestTools.TestTypes.Unit.UnitTestAdapter, Microsoft.VisualStudio.QualityTools.Tips.UnitTest.Adapter, Version=10.0.0.0, Culture=neutral, PublicKeyToken=b03f5f7f11d50a3a" className="TestCompilerToTiger.UnitTest1, TestCompilerToTiger, Version=1.0.0.0, Culture=neutral, PublicKeyToken=null" name="test_differents_types_array_assign" />
    </UnitTest>
    <UnitTest name="test_merge" storage="h:\lastversion\compiler 8-3-2012\testcompilertotiger\bin\debug\testcompilertotiger.dll" id="019531f9-6c6d-6148-ff2d-d7912780c031">
      <Execution id="aaee9da1-5d1a-4d10-9ddb-f8f184aaafb5" />
      <TestMethod codeBase="H:/lastversion/Compiler 8-3-2012/TestCompilerToTiger/bin/Debug/TestCompilerToTiger.DLL" adapterTypeName="Microsoft.VisualStudio.TestTools.TestTypes.Unit.UnitTestAdapter, Microsoft.VisualStudio.QualityTools.Tips.UnitTest.Adapter, Version=10.0.0.0, Culture=neutral, PublicKeyToken=b03f5f7f11d50a3a" className="TestCompilerToTiger.UnitTest1, TestCompilerToTiger, Version=1.0.0.0, Culture=neutral, PublicKeyToken=null" name="test_merge" />
    </UnitTest>
    <UnitTest name="test_mod5" storage="h:\lastversion\compiler 8-3-2012\testcompilertotiger\bin\debug\testcompilertotiger.dll" id="a44cd249-8572-57ab-7e94-76db5bad3054">
      <Execution id="16d20fab-c9b8-4c1d-a4e4-0d68a6e78ad9" />
      <TestMethod codeBase="H:/lastversion/Compiler 8-3-2012/TestCompilerToTiger/bin/Debug/TestCompilerToTiger.DLL" adapterTypeName="Microsoft.VisualStudio.TestTools.TestTypes.Unit.UnitTestAdapter, Microsoft.VisualStudio.QualityTools.Tips.UnitTest.Adapter, Version=10.0.0.0, Culture=neutral, PublicKeyToken=b03f5f7f11d50a3a" className="TestCompilerToTiger.UnitTest1, TestCompilerToTiger, Version=1.0.0.0, Culture=neutral, PublicKeyToken=null" name="test_mod5" />
    </UnitTest>
    <UnitTest name="test_test33" storage="h:\lastversion\compiler 8-3-2012\testcompilertotiger\bin\debug\testcompilertotiger.dll" id="f178d479-04b2-1f51-5b83-340d9c464883">
      <Execution id="f2f7196c-e1f0-41e8-b8f3-7d9320e9197e" />
      <TestMethod codeBase="H:/lastversion/Compiler 8-3-2012/TestCompilerToTiger/bin/Debug/TestCompilerToTiger.DLL" adapterTypeName="Microsoft.VisualStudio.TestTools.TestTypes.Unit.UnitTestAdapter, Microsoft.VisualStudio.QualityTools.Tips.UnitTest.Adapter, Version=10.0.0.0, Culture=neutral, PublicKeyToken=b03f5f7f11d50a3a" className="TestCompilerToTiger.UnitTest1, TestCompilerToTiger, Version=1.0.0.0, Culture=neutral, PublicKeyToken=null" name="test_test33" />
    </UnitTest>
    <UnitTest name="test_test23" storage="h:\lastversion\compiler 8-3-2012\testcompilertotiger\bin\debug\testcompilertotiger.dll" id="570f88f9-f5f9-b4a9-ed6f-3034933d7208">
      <Execution id="1b1f9c7f-1c78-4433-acab-7882d78efd3b" />
      <TestMethod codeBase="H:/lastversion/Compiler 8-3-2012/TestCompilerToTiger/bin/Debug/TestCompilerToTiger.DLL" adapterTypeName="Microsoft.VisualStudio.TestTools.TestTypes.Unit.UnitTestAdapter, Microsoft.VisualStudio.QualityTools.Tips.UnitTest.Adapter, Version=10.0.0.0, Culture=neutral, PublicKeyToken=b03f5f7f11d50a3a" className="TestCompilerToTiger.UnitTest1, TestCompilerToTiger, Version=1.0.0.0, Culture=neutral, PublicKeyToken=null" name="test_test23" />
    </UnitTest>
    <UnitTest name="test_invalid_mutually_recursive_record_depth_4" storage="h:\lastversion\compiler 8-3-2012\testcompilertotiger\bin\debug\testcompilertotiger.dll" id="4f876700-47e2-ddf4-4e1d-31ab9f1d665d">
      <Execution id="85e1f30c-62a1-4e27-a4ab-1ff36201ca9e" />
      <TestMethod codeBase="H:/lastversion/Compiler 8-3-2012/TestCompilerToTiger/bin/Debug/TestCompilerToTiger.DLL" adapterTypeName="Microsoft.VisualStudio.TestTools.TestTypes.Unit.UnitTestAdapter, Microsoft.VisualStudio.QualityTools.Tips.UnitTest.Adapter, Version=10.0.0.0, Culture=neutral, PublicKeyToken=b03f5f7f11d50a3a" className="TestCompilerToTiger.UnitTest1, TestCompilerToTiger, Version=1.0.0.0, Culture=neutral, PublicKeyToken=null" name="test_invalid_mutually_recursive_record_depth_4" />
    </UnitTest>
    <UnitTest name="test_test31" storage="h:\lastversion\compiler 8-3-2012\testcompilertotiger\bin\debug\testcompilertotiger.dll" id="baf2563e-3009-d447-b0e7-170ab8463071">
      <Execution id="4abdf8ca-737a-4dee-a0b4-da48aad63814" />
      <TestMethod codeBase="H:/lastversion/Compiler 8-3-2012/TestCompilerToTiger/bin/Debug/TestCompilerToTiger.DLL" adapterTypeName="Microsoft.VisualStudio.TestTools.TestTypes.Unit.UnitTestAdapter, Microsoft.VisualStudio.QualityTools.Tips.UnitTest.Adapter, Version=10.0.0.0, Culture=neutral, PublicKeyToken=b03f5f7f11d50a3a" className="TestCompilerToTiger.UnitTest1, TestCompilerToTiger, Version=1.0.0.0, Culture=neutral, PublicKeyToken=null" name="test_test31" />
    </UnitTest>
    <UnitTest name="test_mod4" storage="h:\lastversion\compiler 8-3-2012\testcompilertotiger\bin\debug\testcompilertotiger.dll" id="c3679b4e-0952-8b62-ff50-a38002b5bb13">
      <Execution id="c6eeadc0-9936-4f55-b26f-c6fae2bb5061" />
      <TestMethod codeBase="H:/lastversion/Compiler 8-3-2012/TestCompilerToTiger/bin/Debug/TestCompilerToTiger.DLL" adapterTypeName="Microsoft.VisualStudio.TestTools.TestTypes.Unit.UnitTestAdapter, Microsoft.VisualStudio.QualityTools.Tips.UnitTest.Adapter, Version=10.0.0.0, Culture=neutral, PublicKeyToken=b03f5f7f11d50a3a" className="TestCompilerToTiger.UnitTest1, TestCompilerToTiger, Version=1.0.0.0, Culture=neutral, PublicKeyToken=null" name="test_mod4" />
    </UnitTest>
    <UnitTest name="test_test2" storage="h:\lastversion\compiler 8-3-2012\testcompilertotiger\bin\debug\testcompilertotiger.dll" id="c4fb2239-0b02-8afd-06d9-ec6f804a8a52">
      <Execution id="44ffdbad-fb44-4ac3-8faf-d0ad0c8a1593" />
      <TestMethod codeBase="H:/lastversion/Compiler 8-3-2012/TestCompilerToTiger/bin/Debug/TestCompilerToTiger.DLL" adapterTypeName="Microsoft.VisualStudio.TestTools.TestTypes.Unit.UnitTestAdapter, Microsoft.VisualStudio.QualityTools.Tips.UnitTest.Adapter, Version=10.0.0.0, Culture=neutral, PublicKeyToken=b03f5f7f11d50a3a" className="TestCompilerToTiger.UnitTest1, TestCompilerToTiger, Version=1.0.0.0, Culture=neutral, PublicKeyToken=null" name="test_test2" />
    </UnitTest>
    <UnitTest name="test_mod7_2" storage="h:\lastversion\compiler 8-3-2012\testcompilertotiger\bin\debug\testcompilertotiger.dll" id="f72187fc-b3e0-b7a6-6724-df81d1bfb604">
      <Execution id="4f6f6b20-311e-459e-bb4d-4d151594a36a" />
      <TestMethod codeBase="H:/lastversion/Compiler 8-3-2012/TestCompilerToTiger/bin/Debug/TestCompilerToTiger.DLL" adapterTypeName="Microsoft.VisualStudio.TestTools.TestTypes.Unit.UnitTestAdapter, Microsoft.VisualStudio.QualityTools.Tips.UnitTest.Adapter, Version=10.0.0.0, Culture=neutral, PublicKeyToken=b03f5f7f11d50a3a" className="TestCompilerToTiger.UnitTest1, TestCompilerToTiger, Version=1.0.0.0, Culture=neutral, PublicKeyToken=null" name="test_mod7_2" />
    </UnitTest>
    <UnitTest name="test_test27" storage="h:\lastversion\compiler 8-3-2012\testcompilertotiger\bin\debug\testcompilertotiger.dll" id="a077de67-c679-41e7-f6a0-f3e9004988c8">
      <Execution id="d7f03c6a-214f-419b-8c0a-b328796cbd9f" />
      <TestMethod codeBase="H:/lastversion/Compiler 8-3-2012/TestCompilerToTiger/bin/Debug/TestCompilerToTiger.DLL" adapterTypeName="Microsoft.VisualStudio.TestTools.TestTypes.Unit.UnitTestAdapter, Microsoft.VisualStudio.QualityTools.Tips.UnitTest.Adapter, Version=10.0.0.0, Culture=neutral, PublicKeyToken=b03f5f7f11d50a3a" className="TestCompilerToTiger.UnitTest1, TestCompilerToTiger, Version=1.0.0.0, Culture=neutral, PublicKeyToken=null" name="test_test27" />
    </UnitTest>
    <UnitTest name="test_mod7_3" storage="h:\lastversion\compiler 8-3-2012\testcompilertotiger\bin\debug\testcompilertotiger.dll" id="23273fad-a655-fb19-0591-a880a70c5eeb">
      <Execution id="2fb1e49e-3dbd-486c-886e-904bff1b14ce" />
      <TestMethod codeBase="H:/lastversion/Compiler 8-3-2012/TestCompilerToTiger/bin/Debug/TestCompilerToTiger.DLL" adapterTypeName="Microsoft.VisualStudio.TestTools.TestTypes.Unit.UnitTestAdapter, Microsoft.VisualStudio.QualityTools.Tips.UnitTest.Adapter, Version=10.0.0.0, Culture=neutral, PublicKeyToken=b03f5f7f11d50a3a" className="TestCompilerToTiger.UnitTest1, TestCompilerToTiger, Version=1.0.0.0, Culture=neutral, PublicKeyToken=null" name="test_mod7_3" />
    </UnitTest>
    <UnitTest name="test_test50" storage="h:\lastversion\compiler 8-3-2012\testcompilertotiger\bin\debug\testcompilertotiger.dll" id="0ff029d3-12bf-eeea-36b5-2f404d00e87a">
      <Execution id="3f7837c3-f6a6-4249-9d3e-4f416e06060a" />
      <TestMethod codeBase="H:/lastversion/Compiler 8-3-2012/TestCompilerToTiger/bin/Debug/TestCompilerToTiger.DLL" adapterTypeName="Microsoft.VisualStudio.TestTools.TestTypes.Unit.UnitTestAdapter, Microsoft.VisualStudio.QualityTools.Tips.UnitTest.Adapter, Version=10.0.0.0, Culture=neutral, PublicKeyToken=b03f5f7f11d50a3a" className="TestCompilerToTiger.UnitTest1, TestCompilerToTiger, Version=1.0.0.0, Culture=neutral, PublicKeyToken=null" name="test_test50" />
    </UnitTest>
    <UnitTest name="test_queens" storage="h:\lastversion\compiler 8-3-2012\testcompilertotiger\bin\debug\testcompilertotiger.dll" id="e6694f75-d598-6ffe-9c8e-bbfaecee7755">
      <Execution id="09632b95-c9f4-43b0-b599-6c02eb283eb8" />
      <TestMethod codeBase="H:/lastversion/Compiler 8-3-2012/TestCompilerToTiger/bin/Debug/TestCompilerToTiger.DLL" adapterTypeName="Microsoft.VisualStudio.TestTools.TestTypes.Unit.UnitTestAdapter, Microsoft.VisualStudio.QualityTools.Tips.UnitTest.Adapter, Version=10.0.0.0, Culture=neutral, PublicKeyToken=b03f5f7f11d50a3a" className="TestCompilerToTiger.UnitTest1, TestCompilerToTiger, Version=1.0.0.0, Culture=neutral, PublicKeyToken=null" name="test_queens" />
    </UnitTest>
    <UnitTest name="test_test17" storage="h:\lastversion\compiler 8-3-2012\testcompilertotiger\bin\debug\testcompilertotiger.dll" id="da3e1bea-fd68-3dc0-d517-eb40039703ee">
      <Execution id="3c290bbf-d00e-45c4-b84f-50fe2358bd8e" />
      <TestMethod codeBase="H:/lastversion/Compiler 8-3-2012/TestCompilerToTiger/bin/Debug/TestCompilerToTiger.DLL" adapterTypeName="Microsoft.VisualStudio.TestTools.TestTypes.Unit.UnitTestAdapter, Microsoft.VisualStudio.QualityTools.Tips.UnitTest.Adapter, Version=10.0.0.0, Culture=neutral, PublicKeyToken=b03f5f7f11d50a3a" className="TestCompilerToTiger.UnitTest1, TestCompilerToTiger, Version=1.0.0.0, Culture=neutral, PublicKeyToken=null" name="test_test17" />
    </UnitTest>
    <UnitTest name="test_test6" storage="h:\lastversion\compiler 8-3-2012\testcompilertotiger\bin\debug\testcompilertotiger.dll" id="5607c4ab-1b6e-27ef-88db-5c98aa28e993">
      <Execution id="83eeafcd-5484-43e6-b73f-ca73703c0f78" />
      <TestMethod codeBase="H:/lastversion/Compiler 8-3-2012/TestCompilerToTiger/bin/Debug/TestCompilerToTiger.DLL" adapterTypeName="Microsoft.VisualStudio.TestTools.TestTypes.Unit.UnitTestAdapter, Microsoft.VisualStudio.QualityTools.Tips.UnitTest.Adapter, Version=10.0.0.0, Culture=neutral, PublicKeyToken=b03f5f7f11d50a3a" className="TestCompilerToTiger.UnitTest1, TestCompilerToTiger, Version=1.0.0.0, Culture=neutral, PublicKeyToken=null" name="test_test6" />
    </UnitTest>
    <UnitTest name="test_mutually_recursive_alias" storage="h:\lastversion\compiler 8-3-2012\testcompilertotiger\bin\debug\testcompilertotiger.dll" id="b59a94a6-b3eb-5bc0-dedb-53c312b3dd38">
      <Execution id="69ead590-e742-4af2-8f97-4cbfd37ef0ae" />
      <TestMethod codeBase="H:/lastversion/Compiler 8-3-2012/TestCompilerToTiger/bin/Debug/TestCompilerToTiger.DLL" adapterTypeName="Microsoft.VisualStudio.TestTools.TestTypes.Unit.UnitTestAdapter, Microsoft.VisualStudio.QualityTools.Tips.UnitTest.Adapter, Version=10.0.0.0, Culture=neutral, PublicKeyToken=b03f5f7f11d50a3a" className="TestCompilerToTiger.UnitTest1, TestCompilerToTiger, Version=1.0.0.0, Culture=neutral, PublicKeyToken=null" name="test_mutually_recursive_alias" />
    </UnitTest>
    <UnitTest name="test_test46" storage="h:\lastversion\compiler 8-3-2012\testcompilertotiger\bin\debug\testcompilertotiger.dll" id="ff4c30d4-0e18-8aac-65dc-3010d8dc6819">
      <Execution id="e59e0171-7b72-4bc6-87eb-cd444d2095f3" />
      <TestMethod codeBase="H:/lastversion/Compiler 8-3-2012/TestCompilerToTiger/bin/Debug/TestCompilerToTiger.DLL" adapterTypeName="Microsoft.VisualStudio.TestTools.TestTypes.Unit.UnitTestAdapter, Microsoft.VisualStudio.QualityTools.Tips.UnitTest.Adapter, Version=10.0.0.0, Culture=neutral, PublicKeyToken=b03f5f7f11d50a3a" className="TestCompilerToTiger.UnitTest1, TestCompilerToTiger, Version=1.0.0.0, Culture=neutral, PublicKeyToken=null" name="test_test46" />
    </UnitTest>
    <UnitTest name="test_test16" storage="h:\lastversion\compiler 8-3-2012\testcompilertotiger\bin\debug\testcompilertotiger.dll" id="fb90f7ed-7430-80a6-0f96-1278e7153aad">
      <Execution id="94878271-dc04-405f-9ef8-b3d1a3b33cdb" />
      <TestMethod codeBase="H:/lastversion/Compiler 8-3-2012/TestCompilerToTiger/bin/Debug/TestCompilerToTiger.DLL" adapterTypeName="Microsoft.VisualStudio.TestTools.TestTypes.Unit.UnitTestAdapter, Microsoft.VisualStudio.QualityTools.Tips.UnitTest.Adapter, Version=10.0.0.0, Culture=neutral, PublicKeyToken=b03f5f7f11d50a3a" className="TestCompilerToTiger.UnitTest1, TestCompilerToTiger, Version=1.0.0.0, Culture=neutral, PublicKeyToken=null" name="test_test16" />
    </UnitTest>
    <UnitTest name="test_break_out_of_while" storage="h:\lastversion\compiler 8-3-2012\testcompilertotiger\bin\debug\testcompilertotiger.dll" id="29c89c54-d7fb-f98d-1f2a-27aade8fb1a1">
      <Execution id="ec2b7e28-21f1-4d69-a1db-b429d0950efc" />
      <TestMethod codeBase="H:/lastversion/Compiler 8-3-2012/TestCompilerToTiger/bin/Debug/TestCompilerToTiger.DLL" adapterTypeName="Microsoft.VisualStudio.TestTools.TestTypes.Unit.UnitTestAdapter, Microsoft.VisualStudio.QualityTools.Tips.UnitTest.Adapter, Version=10.0.0.0, Culture=neutral, PublicKeyToken=b03f5f7f11d50a3a" className="TestCompilerToTiger.UnitTest1, TestCompilerToTiger, Version=1.0.0.0, Culture=neutral, PublicKeyToken=null" name="test_break_out_of_while" />
    </UnitTest>
    <UnitTest name="test_expression_sequence_returns_last_value" storage="h:\lastversion\compiler 8-3-2012\testcompilertotiger\bin\debug\testcompilertotiger.dll" id="83e78d72-b212-dd46-9548-fec8071552c7">
      <Execution id="1f547bc9-c5e4-4172-8378-98802e894d4e" />
      <TestMethod codeBase="H:/lastversion/Compiler 8-3-2012/TestCompilerToTiger/bin/Debug/TestCompilerToTiger.DLL" adapterTypeName="Microsoft.VisualStudio.TestTools.TestTypes.Unit.UnitTestAdapter, Microsoft.VisualStudio.QualityTools.Tips.UnitTest.Adapter, Version=10.0.0.0, Culture=neutral, PublicKeyToken=b03f5f7f11d50a3a" className="TestCompilerToTiger.UnitTest1, TestCompilerToTiger, Version=1.0.0.0, Culture=neutral, PublicKeyToken=null" name="test_expression_sequence_returns_last_value" />
    </UnitTest>
    <UnitTest name="test_mod8" storage="h:\lastversion\compiler 8-3-2012\testcompilertotiger\bin\debug\testcompilertotiger.dll" id="510d376c-bc82-1db9-4c26-7765bd4900fd">
      <Execution id="89b536c4-0d24-4d07-833d-9d43c271cd5f" />
      <TestMethod codeBase="H:/lastversion/Compiler 8-3-2012/TestCompilerToTiger/bin/Debug/TestCompilerToTiger.DLL" adapterTypeName="Microsoft.VisualStudio.TestTools.TestTypes.Unit.UnitTestAdapter, Microsoft.VisualStudio.QualityTools.Tips.UnitTest.Adapter, Version=10.0.0.0, Culture=neutral, PublicKeyToken=b03f5f7f11d50a3a" className="TestCompilerToTiger.UnitTest1, TestCompilerToTiger, Version=1.0.0.0, Culture=neutral, PublicKeyToken=null" name="test_mod8" />
    </UnitTest>
    <UnitTest name="test_access_complex" storage="h:\lastversion\compiler 8-3-2012\testcompilertotiger\bin\debug\testcompilertotiger.dll" id="487ad327-ee86-41b7-ddc2-994627f0d66e">
      <Execution id="64b8b7ad-748e-4dea-bb4c-2b51f32a1d07" />
      <TestMethod codeBase="H:/lastversion/Compiler 8-3-2012/TestCompilerToTiger/bin/Debug/TestCompilerToTiger.DLL" adapterTypeName="Microsoft.VisualStudio.TestTools.TestTypes.Unit.UnitTestAdapter, Microsoft.VisualStudio.QualityTools.Tips.UnitTest.Adapter, Version=10.0.0.0, Culture=neutral, PublicKeyToken=b03f5f7f11d50a3a" className="TestCompilerToTiger.UnitTest1, TestCompilerToTiger, Version=1.0.0.0, Culture=neutral, PublicKeyToken=null" name="test_access_complex" />
    </UnitTest>
    <UnitTest name="test_mod3" storage="h:\lastversion\compiler 8-3-2012\testcompilertotiger\bin\debug\testcompilertotiger.dll" id="97171acb-cce5-bb87-edb1-a40947c57107">
      <Execution id="8478f69c-fd5a-4730-b2d4-4e5ff50af333" />
      <TestMethod codeBase="H:/lastversion/Compiler 8-3-2012/TestCompilerToTiger/bin/Debug/TestCompilerToTiger.DLL" adapterTypeName="Microsoft.VisualStudio.TestTools.TestTypes.Unit.UnitTestAdapter, Microsoft.VisualStudio.QualityTools.Tips.UnitTest.Adapter, Version=10.0.0.0, Culture=neutral, PublicKeyToken=b03f5f7f11d50a3a" className="TestCompilerToTiger.UnitTest1, TestCompilerToTiger, Version=1.0.0.0, Culture=neutral, PublicKeyToken=null" name="test_mod3" />
    </UnitTest>
    <UnitTest name="test_incompatible_types_jagged_array" storage="h:\lastversion\compiler 8-3-2012\testcompilertotiger\bin\debug\testcompilertotiger.dll" id="bedda814-012f-44ec-c334-f993d0f501c2">
      <Execution id="041c09ea-d0d7-4d18-a4ab-cc5251d8bc73" />
      <TestMethod codeBase="H:/lastversion/Compiler 8-3-2012/TestCompilerToTiger/bin/Debug/TestCompilerToTiger.DLL" adapterTypeName="Microsoft.VisualStudio.TestTools.TestTypes.Unit.UnitTestAdapter, Microsoft.VisualStudio.QualityTools.Tips.UnitTest.Adapter, Version=10.0.0.0, Culture=neutral, PublicKeyToken=b03f5f7f11d50a3a" className="TestCompilerToTiger.UnitTest1, TestCompilerToTiger, Version=1.0.0.0, Culture=neutral, PublicKeyToken=null" name="test_incompatible_types_jagged_array" />
    </UnitTest>
    <UnitTest name="test_record_literal_less_params" storage="h:\lastversion\compiler 8-3-2012\testcompilertotiger\bin\debug\testcompilertotiger.dll" id="653eb7ac-1e40-67fb-ee64-62985c81131e">
      <Execution id="d3f974d9-3602-4859-8090-5d8dd178d201" />
      <TestMethod codeBase="H:/lastversion/Compiler 8-3-2012/TestCompilerToTiger/bin/Debug/TestCompilerToTiger.DLL" adapterTypeName="Microsoft.VisualStudio.TestTools.TestTypes.Unit.UnitTestAdapter, Microsoft.VisualStudio.QualityTools.Tips.UnitTest.Adapter, Version=10.0.0.0, Culture=neutral, PublicKeyToken=b03f5f7f11d50a3a" className="TestCompilerToTiger.UnitTest1, TestCompilerToTiger, Version=1.0.0.0, Culture=neutral, PublicKeyToken=null" name="test_record_literal_less_params" />
    </UnitTest>
    <UnitTest name="test_test4" storage="h:\lastversion\compiler 8-3-2012\testcompilertotiger\bin\debug\testcompilertotiger.dll" id="909f0493-3a2b-3db1-9239-46de00bd2132">
      <Execution id="21b50105-3eca-4dd9-b8a0-636c55df0d5e" />
      <TestMethod codeBase="H:/lastversion/Compiler 8-3-2012/TestCompilerToTiger/bin/Debug/TestCompilerToTiger.DLL" adapterTypeName="Microsoft.VisualStudio.TestTools.TestTypes.Unit.UnitTestAdapter, Microsoft.VisualStudio.QualityTools.Tips.UnitTest.Adapter, Version=10.0.0.0, Culture=neutral, PublicKeyToken=b03f5f7f11d50a3a" className="TestCompilerToTiger.UnitTest1, TestCompilerToTiger, Version=1.0.0.0, Culture=neutral, PublicKeyToken=null" name="test_test4" />
    </UnitTest>
    <UnitTest name="test_test48" storage="h:\lastversion\compiler 8-3-2012\testcompilertotiger\bin\debug\testcompilertotiger.dll" id="d050111e-1afa-c332-bab6-dc16fcf18a86">
      <Execution id="289bee4e-f076-4c64-8c8a-362c9a03bae0" />
      <TestMethod codeBase="H:/lastversion/Compiler 8-3-2012/TestCompilerToTiger/bin/Debug/TestCompilerToTiger.DLL" adapterTypeName="Microsoft.VisualStudio.TestTools.TestTypes.Unit.UnitTestAdapter, Microsoft.VisualStudio.QualityTools.Tips.UnitTest.Adapter, Version=10.0.0.0, Culture=neutral, PublicKeyToken=b03f5f7f11d50a3a" className="TestCompilerToTiger.UnitTest1, TestCompilerToTiger, Version=1.0.0.0, Culture=neutral, PublicKeyToken=null" name="test_test48" />
    </UnitTest>
    <UnitTest name="test_test38" storage="h:\lastversion\compiler 8-3-2012\testcompilertotiger\bin\debug\testcompilertotiger.dll" id="3c5d2c78-6807-923e-0707-565f55826a52">
      <Execution id="247d920a-b99d-4e7f-b95a-905bc74cdd39" />
      <TestMethod codeBase="H:/lastversion/Compiler 8-3-2012/TestCompilerToTiger/bin/Debug/TestCompilerToTiger.DLL" adapterTypeName="Microsoft.VisualStudio.TestTools.TestTypes.Unit.UnitTestAdapter, Microsoft.VisualStudio.QualityTools.Tips.UnitTest.Adapter, Version=10.0.0.0, Culture=neutral, PublicKeyToken=b03f5f7f11d50a3a" className="TestCompilerToTiger.UnitTest1, TestCompilerToTiger, Version=1.0.0.0, Culture=neutral, PublicKeyToken=null" name="test_test38" />
    </UnitTest>
    <UnitTest name="test_test42" storage="h:\lastversion\compiler 8-3-2012\testcompilertotiger\bin\debug\testcompilertotiger.dll" id="c20e51b4-12b3-e19f-44f0-68b615cb9d34">
      <Execution id="26246d44-f58e-4eb6-80d1-b9346d44aa5a" />
      <TestMethod codeBase="H:/lastversion/Compiler 8-3-2012/TestCompilerToTiger/bin/Debug/TestCompilerToTiger.DLL" adapterTypeName="Microsoft.VisualStudio.TestTools.TestTypes.Unit.UnitTestAdapter, Microsoft.VisualStudio.QualityTools.Tips.UnitTest.Adapter, Version=10.0.0.0, Culture=neutral, PublicKeyToken=b03f5f7f11d50a3a" className="TestCompilerToTiger.UnitTest1, TestCompilerToTiger, Version=1.0.0.0, Culture=neutral, PublicKeyToken=null" name="test_test42" />
    </UnitTest>
    <UnitTest name="test_test9" storage="h:\lastversion\compiler 8-3-2012\testcompilertotiger\bin\debug\testcompilertotiger.dll" id="d6875146-3a82-65ba-0dc8-a42d822217f6">
      <Execution id="35e0d555-e9e7-4da9-80a3-ef586f1a7b15" />
      <TestMethod codeBase="H:/lastversion/Compiler 8-3-2012/TestCompilerToTiger/bin/Debug/TestCompilerToTiger.DLL" adapterTypeName="Microsoft.VisualStudio.TestTools.TestTypes.Unit.UnitTestAdapter, Microsoft.VisualStudio.QualityTools.Tips.UnitTest.Adapter, Version=10.0.0.0, Culture=neutral, PublicKeyToken=b03f5f7f11d50a3a" className="TestCompilerToTiger.UnitTest1, TestCompilerToTiger, Version=1.0.0.0, Culture=neutral, PublicKeyToken=null" name="test_test9" />
    </UnitTest>
    <UnitTest name="test_test30" storage="h:\lastversion\compiler 8-3-2012\testcompilertotiger\bin\debug\testcompilertotiger.dll" id="f8f7e3fc-a32f-4b7e-3884-a77c284c6334">
      <Execution id="5e60da84-256c-4938-8292-c1d0abb9c35c" />
      <TestMethod codeBase="H:/lastversion/Compiler 8-3-2012/TestCompilerToTiger/bin/Debug/TestCompilerToTiger.DLL" adapterTypeName="Microsoft.VisualStudio.TestTools.TestTypes.Unit.UnitTestAdapter, Microsoft.VisualStudio.QualityTools.Tips.UnitTest.Adapter, Version=10.0.0.0, Culture=neutral, PublicKeyToken=b03f5f7f11d50a3a" className="TestCompilerToTiger.UnitTest1, TestCompilerToTiger, Version=1.0.0.0, Culture=neutral, PublicKeyToken=null" name="test_test30" />
    </UnitTest>
    <UnitTest name="test_test5" storage="h:\lastversion\compiler 8-3-2012\testcompilertotiger\bin\debug\testcompilertotiger.dll" id="2a289f39-5a92-deb7-3bfb-b0c29bd31f53">
      <Execution id="ec5aa3c9-76dc-4997-915f-424bff7205a6" />
      <TestMethod codeBase="H:/lastversion/Compiler 8-3-2012/TestCompilerToTiger/bin/Debug/TestCompilerToTiger.DLL" adapterTypeName="Microsoft.VisualStudio.TestTools.TestTypes.Unit.UnitTestAdapter, Microsoft.VisualStudio.QualityTools.Tips.UnitTest.Adapter, Version=10.0.0.0, Culture=neutral, PublicKeyToken=b03f5f7f11d50a3a" className="TestCompilerToTiger.UnitTest1, TestCompilerToTiger, Version=1.0.0.0, Culture=neutral, PublicKeyToken=null" name="test_test5" />
    </UnitTest>
    <UnitTest name="test_test12" storage="h:\lastversion\compiler 8-3-2012\testcompilertotiger\bin\debug\testcompilertotiger.dll" id="4f4b9668-5fc2-c922-c2a4-15a71f9d7a1b">
      <Execution id="e06f05c3-8e6c-460e-9e5f-4737153a090a" />
      <TestMethod codeBase="H:/lastversion/Compiler 8-3-2012/TestCompilerToTiger/bin/Debug/TestCompilerToTiger.DLL" adapterTypeName="Microsoft.VisualStudio.TestTools.TestTypes.Unit.UnitTestAdapter, Microsoft.VisualStudio.QualityTools.Tips.UnitTest.Adapter, Version=10.0.0.0, Culture=neutral, PublicKeyToken=b03f5f7f11d50a3a" className="TestCompilerToTiger.UnitTest1, TestCompilerToTiger, Version=1.0.0.0, Culture=neutral, PublicKeyToken=null" name="test_test12" />
    </UnitTest>
    <UnitTest name="test_invalid_mutually_recursive_record" storage="h:\lastversion\compiler 8-3-2012\testcompilertotiger\bin\debug\testcompilertotiger.dll" id="72aa1a9e-7bdb-88d7-27ff-e8b4fa9b856a">
      <Execution id="b709e49a-0c48-4076-ab3a-40bda0216a0f" />
      <TestMethod codeBase="H:/lastversion/Compiler 8-3-2012/TestCompilerToTiger/bin/Debug/TestCompilerToTiger.DLL" adapterTypeName="Microsoft.VisualStudio.TestTools.TestTypes.Unit.UnitTestAdapter, Microsoft.VisualStudio.QualityTools.Tips.UnitTest.Adapter, Version=10.0.0.0, Culture=neutral, PublicKeyToken=b03f5f7f11d50a3a" className="TestCompilerToTiger.UnitTest1, TestCompilerToTiger, Version=1.0.0.0, Culture=neutral, PublicKeyToken=null" name="test_invalid_mutually_recursive_record" />
    </UnitTest>
    <UnitTest name="test_test13" storage="h:\lastversion\compiler 8-3-2012\testcompilertotiger\bin\debug\testcompilertotiger.dll" id="dc1b746a-01eb-32a1-dd9f-13724fc026ff">
      <Execution id="8beb1919-2469-41ca-8e42-1f45e9745c4a" />
      <TestMethod codeBase="H:/lastversion/Compiler 8-3-2012/TestCompilerToTiger/bin/Debug/TestCompilerToTiger.DLL" adapterTypeName="Microsoft.VisualStudio.TestTools.TestTypes.Unit.UnitTestAdapter, Microsoft.VisualStudio.QualityTools.Tips.UnitTest.Adapter, Version=10.0.0.0, Culture=neutral, PublicKeyToken=b03f5f7f11d50a3a" className="TestCompilerToTiger.UnitTest1, TestCompilerToTiger, Version=1.0.0.0, Culture=neutral, PublicKeyToken=null" name="test_test13" />
    </UnitTest>
    <UnitTest name="test_test15" storage="h:\lastversion\compiler 8-3-2012\testcompilertotiger\bin\debug\testcompilertotiger.dll" id="c4fa99d9-cca8-ac70-06bb-cefbec6e204e">
      <Execution id="6c1adff6-f527-4949-8439-b71174382f88" />
      <TestMethod codeBase="H:/lastversion/Compiler 8-3-2012/TestCompilerToTiger/bin/Debug/TestCompilerToTiger.DLL" adapterTypeName="Microsoft.VisualStudio.TestTools.TestTypes.Unit.UnitTestAdapter, Microsoft.VisualStudio.QualityTools.Tips.UnitTest.Adapter, Version=10.0.0.0, Culture=neutral, PublicKeyToken=b03f5f7f11d50a3a" className="TestCompilerToTiger.UnitTest1, TestCompilerToTiger, Version=1.0.0.0, Culture=neutral, PublicKeyToken=null" name="test_test15" />
    </UnitTest>
    <UnitTest name="test_test40" storage="h:\lastversion\compiler 8-3-2012\testcompilertotiger\bin\debug\testcompilertotiger.dll" id="59f585d1-a0bb-33e9-4abb-19d69a17417d">
      <Execution id="9ba4336e-1c3e-4dcc-a7ac-bfbb26a3933c" />
      <TestMethod codeBase="H:/lastversion/Compiler 8-3-2012/TestCompilerToTiger/bin/Debug/TestCompilerToTiger.DLL" adapterTypeName="Microsoft.VisualStudio.TestTools.TestTypes.Unit.UnitTestAdapter, Microsoft.VisualStudio.QualityTools.Tips.UnitTest.Adapter, Version=10.0.0.0, Culture=neutral, PublicKeyToken=b03f5f7f11d50a3a" className="TestCompilerToTiger.UnitTest1, TestCompilerToTiger, Version=1.0.0.0, Culture=neutral, PublicKeyToken=null" name="test_test40" />
    </UnitTest>
    <UnitTest name="test_test32" storage="h:\lastversion\compiler 8-3-2012\testcompilertotiger\bin\debug\testcompilertotiger.dll" id="b072c1fb-dc11-85af-9856-d7106bde114d">
      <Execution id="4a0b4a66-b114-4db0-9f7d-7458a5b6b54d" />
      <TestMethod codeBase="H:/lastversion/Compiler 8-3-2012/TestCompilerToTiger/bin/Debug/TestCompilerToTiger.DLL" adapterTypeName="Microsoft.VisualStudio.TestTools.TestTypes.Unit.UnitTestAdapter, Microsoft.VisualStudio.QualityTools.Tips.UnitTest.Adapter, Version=10.0.0.0, Culture=neutral, PublicKeyToken=b03f5f7f11d50a3a" className="TestCompilerToTiger.UnitTest1, TestCompilerToTiger, Version=1.0.0.0, Culture=neutral, PublicKeyToken=null" name="test_test32" />
    </UnitTest>
    <UnitTest name="test_array_init" storage="h:\lastversion\compiler 8-3-2012\testcompilertotiger\bin\debug\testcompilertotiger.dll" id="e8d2f115-d73c-2867-cfd5-f324a2ef1c4b">
      <Execution id="bc4942d1-6056-45f5-800d-c403a0968d22" />
      <TestMethod codeBase="H:/lastversion/Compiler 8-3-2012/TestCompilerToTiger/bin/Debug/TestCompilerToTiger.DLL" adapterTypeName="Microsoft.VisualStudio.TestTools.TestTypes.Unit.UnitTestAdapter, Microsoft.VisualStudio.QualityTools.Tips.UnitTest.Adapter, Version=10.0.0.0, Culture=neutral, PublicKeyToken=b03f5f7f11d50a3a" className="TestCompilerToTiger.UnitTest1, TestCompilerToTiger, Version=1.0.0.0, Culture=neutral, PublicKeyToken=null" name="test_array_init" />
    </UnitTest>
    <UnitTest name="test_recursive_array" storage="h:\lastversion\compiler 8-3-2012\testcompilertotiger\bin\debug\testcompilertotiger.dll" id="e5ba5b84-693c-c274-9024-67714abfd289">
      <Execution id="1228f2d1-391f-44ee-a63f-38df809c158e" />
      <TestMethod codeBase="H:/lastversion/Compiler 8-3-2012/TestCompilerToTiger/bin/Debug/TestCompilerToTiger.DLL" adapterTypeName="Microsoft.VisualStudio.TestTools.TestTypes.Unit.UnitTestAdapter, Microsoft.VisualStudio.QualityTools.Tips.UnitTest.Adapter, Version=10.0.0.0, Culture=neutral, PublicKeyToken=b03f5f7f11d50a3a" className="TestCompilerToTiger.UnitTest1, TestCompilerToTiger, Version=1.0.0.0, Culture=neutral, PublicKeyToken=null" name="test_recursive_array" />
    </UnitTest>
    <UnitTest name="test_and_operator_non_valued_operands" storage="h:\lastversion\compiler 8-3-2012\testcompilertotiger\bin\debug\testcompilertotiger.dll" id="7778cbf3-4c15-9b31-c5ab-9ec850cf89a5">
      <Execution id="156eed42-227f-4366-8b6c-0b745d4ba5b0" />
      <TestMethod codeBase="H:/lastversion/Compiler 8-3-2012/TestCompilerToTiger/bin/Debug/TestCompilerToTiger.DLL" adapterTypeName="Microsoft.VisualStudio.TestTools.TestTypes.Unit.UnitTestAdapter, Microsoft.VisualStudio.QualityTools.Tips.UnitTest.Adapter, Version=10.0.0.0, Culture=neutral, PublicKeyToken=b03f5f7f11d50a3a" className="TestCompilerToTiger.UnitTest1, TestCompilerToTiger, Version=1.0.0.0, Culture=neutral, PublicKeyToken=null" name="test_and_operator_non_valued_operands" />
    </UnitTest>
    <UnitTest name="test_test1" storage="h:\lastversion\compiler 8-3-2012\testcompilertotiger\bin\debug\testcompilertotiger.dll" id="46280aa5-4d15-904e-00e7-b0ec18a6f672">
      <Execution id="045fa5b7-26e6-485d-acf6-a4a8e771c0b0" />
      <TestMethod codeBase="H:/lastversion/Compiler 8-3-2012/TestCompilerToTiger/bin/Debug/TestCompilerToTiger.DLL" adapterTypeName="Microsoft.VisualStudio.TestTools.TestTypes.Unit.UnitTestAdapter, Microsoft.VisualStudio.QualityTools.Tips.UnitTest.Adapter, Version=10.0.0.0, Culture=neutral, PublicKeyToken=b03f5f7f11d50a3a" className="TestCompilerToTiger.UnitTest1, TestCompilerToTiger, Version=1.0.0.0, Culture=neutral, PublicKeyToken=null" name="test_test1" />
    </UnitTest>
    <UnitTest name="test_if_then_without_valued_condition" storage="h:\lastversion\compiler 8-3-2012\testcompilertotiger\bin\debug\testcompilertotiger.dll" id="787fedd9-a949-1ea5-7ca7-01f74f289b04">
      <Execution id="7bdddbbe-85a0-4f46-aacd-eee292e4a7ee" />
      <TestMethod codeBase="H:/lastversion/Compiler 8-3-2012/TestCompilerToTiger/bin/Debug/TestCompilerToTiger.DLL" adapterTypeName="Microsoft.VisualStudio.TestTools.TestTypes.Unit.UnitTestAdapter, Microsoft.VisualStudio.QualityTools.Tips.UnitTest.Adapter, Version=10.0.0.0, Culture=neutral, PublicKeyToken=b03f5f7f11d50a3a" className="TestCompilerToTiger.UnitTest1, TestCompilerToTiger, Version=1.0.0.0, Culture=neutral, PublicKeyToken=null" name="test_if_then_without_valued_condition" />
    </UnitTest>
    <UnitTest name="test_record_literal_more_params" storage="h:\lastversion\compiler 8-3-2012\testcompilertotiger\bin\debug\testcompilertotiger.dll" id="1592ab8f-1085-3308-e351-9274eada4786">
      <Execution id="52f2cdfb-b6e4-44d4-981b-8389b2a0b728" />
      <TestMethod codeBase="H:/lastversion/Compiler 8-3-2012/TestCompilerToTiger/bin/Debug/TestCompilerToTiger.DLL" adapterTypeName="Microsoft.VisualStudio.TestTools.TestTypes.Unit.UnitTestAdapter, Microsoft.VisualStudio.QualityTools.Tips.UnitTest.Adapter, Version=10.0.0.0, Culture=neutral, PublicKeyToken=b03f5f7f11d50a3a" className="TestCompilerToTiger.UnitTest1, TestCompilerToTiger, Version=1.0.0.0, Culture=neutral, PublicKeyToken=null" name="test_record_literal_more_params" />
    </UnitTest>
    <UnitTest name="test_test22" storage="h:\lastversion\compiler 8-3-2012\testcompilertotiger\bin\debug\testcompilertotiger.dll" id="bc0e1316-dbe6-b028-ade7-bfc7507988f6">
      <Execution id="610a6d36-e09b-4b0f-89b2-d9a8281cef33" />
      <TestMethod codeBase="H:/lastversion/Compiler 8-3-2012/TestCompilerToTiger/bin/Debug/TestCompilerToTiger.DLL" adapterTypeName="Microsoft.VisualStudio.TestTools.TestTypes.Unit.UnitTestAdapter, Microsoft.VisualStudio.QualityTools.Tips.UnitTest.Adapter, Version=10.0.0.0, Culture=neutral, PublicKeyToken=b03f5f7f11d50a3a" className="TestCompilerToTiger.UnitTest1, TestCompilerToTiger, Version=1.0.0.0, Culture=neutral, PublicKeyToken=null" name="test_test22" />
    </UnitTest>
    <UnitTest name="test_test11" storage="h:\lastversion\compiler 8-3-2012\testcompilertotiger\bin\debug\testcompilertotiger.dll" id="914b2a0c-dbfa-15bf-c67e-da89c4c3ca96">
      <Execution id="f4f7a504-3955-4262-a367-52598daec004" />
      <TestMethod codeBase="H:/lastversion/Compiler 8-3-2012/TestCompilerToTiger/bin/Debug/TestCompilerToTiger.DLL" adapterTypeName="Microsoft.VisualStudio.TestTools.TestTypes.Unit.UnitTestAdapter, Microsoft.VisualStudio.QualityTools.Tips.UnitTest.Adapter, Version=10.0.0.0, Culture=neutral, PublicKeyToken=b03f5f7f11d50a3a" className="TestCompilerToTiger.UnitTest1, TestCompilerToTiger, Version=1.0.0.0, Culture=neutral, PublicKeyToken=null" name="test_test11" />
    </UnitTest>
    <UnitTest name="test_test43" storage="h:\lastversion\compiler 8-3-2012\testcompilertotiger\bin\debug\testcompilertotiger.dll" id="e202bc60-0634-baa5-9fb7-e483d26688e3">
      <Execution id="64233909-9aec-493b-a210-852876d07e3c" />
      <TestMethod codeBase="H:/lastversion/Compiler 8-3-2012/TestCompilerToTiger/bin/Debug/TestCompilerToTiger.DLL" adapterTypeName="Microsoft.VisualStudio.TestTools.TestTypes.Unit.UnitTestAdapter, Microsoft.VisualStudio.QualityTools.Tips.UnitTest.Adapter, Version=10.0.0.0, Culture=neutral, PublicKeyToken=b03f5f7f11d50a3a" className="TestCompilerToTiger.UnitTest1, TestCompilerToTiger, Version=1.0.0.0, Culture=neutral, PublicKeyToken=null" name="test_test43" />
    </UnitTest>
    <UnitTest name="test_invalid_mutually_recursive_function_depth_3" storage="h:\lastversion\compiler 8-3-2012\testcompilertotiger\bin\debug\testcompilertotiger.dll" id="7c7d2692-7ab1-c90f-37ca-eafa8321abdc">
      <Execution id="86456efc-fc6d-4857-9998-3d7d213ec93a" />
      <TestMethod codeBase="H:/lastversion/Compiler 8-3-2012/TestCompilerToTiger/bin/Debug/TestCompilerToTiger.DLL" adapterTypeName="Microsoft.VisualStudio.TestTools.TestTypes.Unit.UnitTestAdapter, Microsoft.VisualStudio.QualityTools.Tips.UnitTest.Adapter, Version=10.0.0.0, Culture=neutral, PublicKeyToken=b03f5f7f11d50a3a" className="TestCompilerToTiger.UnitTest1, TestCompilerToTiger, Version=1.0.0.0, Culture=neutral, PublicKeyToken=null" name="test_invalid_mutually_recursive_function_depth_3" />
    </UnitTest>
    <UnitTest name="test_break_in_a_function" storage="h:\lastversion\compiler 8-3-2012\testcompilertotiger\bin\debug\testcompilertotiger.dll" id="39e514c1-78c7-15fd-4b22-50c302b2163e">
      <Execution id="059b2a34-e858-4ade-87bc-0e34c67dac5d" />
      <TestMethod codeBase="H:/lastversion/Compiler 8-3-2012/TestCompilerToTiger/bin/Debug/TestCompilerToTiger.DLL" adapterTypeName="Microsoft.VisualStudio.TestTools.TestTypes.Unit.UnitTestAdapter, Microsoft.VisualStudio.QualityTools.Tips.UnitTest.Adapter, Version=10.0.0.0, Culture=neutral, PublicKeyToken=b03f5f7f11d50a3a" className="TestCompilerToTiger.UnitTest1, TestCompilerToTiger, Version=1.0.0.0, Culture=neutral, PublicKeyToken=null" name="test_break_in_a_function" />
    </UnitTest>
    <UnitTest name="test_test41" storage="h:\lastversion\compiler 8-3-2012\testcompilertotiger\bin\debug\testcompilertotiger.dll" id="6cf12022-2ae0-7084-a31c-7e8297ba831d">
      <Execution id="7e3f4227-49a6-4d35-b182-90c2522d2122" />
      <TestMethod codeBase="H:/lastversion/Compiler 8-3-2012/TestCompilerToTiger/bin/Debug/TestCompilerToTiger.DLL" adapterTypeName="Microsoft.VisualStudio.TestTools.TestTypes.Unit.UnitTestAdapter, Microsoft.VisualStudio.QualityTools.Tips.UnitTest.Adapter, Version=10.0.0.0, Culture=neutral, PublicKeyToken=b03f5f7f11d50a3a" className="TestCompilerToTiger.UnitTest1, TestCompilerToTiger, Version=1.0.0.0, Culture=neutral, PublicKeyToken=null" name="test_test41" />
    </UnitTest>
    <UnitTest name="test_invalid_mutually_recursive_record_depth_3" storage="h:\lastversion\compiler 8-3-2012\testcompilertotiger\bin\debug\testcompilertotiger.dll" id="a2d926c3-2110-bd3c-06f7-e7b666840b6e">
      <Execution id="8d713bf2-2e4f-47ef-b1b6-d5fea50affa6" />
      <TestMethod codeBase="H:/lastversion/Compiler 8-3-2012/TestCompilerToTiger/bin/Debug/TestCompilerToTiger.DLL" adapterTypeName="Microsoft.VisualStudio.TestTools.TestTypes.Unit.UnitTestAdapter, Microsoft.VisualStudio.QualityTools.Tips.UnitTest.Adapter, Version=10.0.0.0, Culture=neutral, PublicKeyToken=b03f5f7f11d50a3a" className="TestCompilerToTiger.UnitTest1, TestCompilerToTiger, Version=1.0.0.0, Culture=neutral, PublicKeyToken=null" name="test_invalid_mutually_recursive_record_depth_3" />
    </UnitTest>
    <UnitTest name="test_mod7_1" storage="h:\lastversion\compiler 8-3-2012\testcompilertotiger\bin\debug\testcompilertotiger.dll" id="a7316259-a78f-4c76-fc44-43a2d7ccb76e">
      <Execution id="2d8167b5-f339-4c09-895b-d489e5913b04" />
      <TestMethod codeBase="H:/lastversion/Compiler 8-3-2012/TestCompilerToTiger/bin/Debug/TestCompilerToTiger.DLL" adapterTypeName="Microsoft.VisualStudio.TestTools.TestTypes.Unit.UnitTestAdapter, Microsoft.VisualStudio.QualityTools.Tips.UnitTest.Adapter, Version=10.0.0.0, Culture=neutral, PublicKeyToken=b03f5f7f11d50a3a" className="TestCompilerToTiger.UnitTest1, TestCompilerToTiger, Version=1.0.0.0, Culture=neutral, PublicKeyToken=null" name="test_mod7_1" />
    </UnitTest>
    <UnitTest name="test_divide_between_non_valued_right" storage="h:\lastversion\compiler 8-3-2012\testcompilertotiger\bin\debug\testcompilertotiger.dll" id="a59733da-8885-c1da-b119-165c79329a1b">
      <Execution id="eac70ea9-fa10-4c7b-b7ce-3d4da5ee851f" />
      <TestMethod codeBase="H:/lastversion/Compiler 8-3-2012/TestCompilerToTiger/bin/Debug/TestCompilerToTiger.DLL" adapterTypeName="Microsoft.VisualStudio.TestTools.TestTypes.Unit.UnitTestAdapter, Microsoft.VisualStudio.QualityTools.Tips.UnitTest.Adapter, Version=10.0.0.0, Culture=neutral, PublicKeyToken=b03f5f7f11d50a3a" className="TestCompilerToTiger.UnitTest1, TestCompilerToTiger, Version=1.0.0.0, Culture=neutral, PublicKeyToken=null" name="test_divide_between_non_valued_right" />
    </UnitTest>
    <UnitTest name="test_test28" storage="h:\lastversion\compiler 8-3-2012\testcompilertotiger\bin\debug\testcompilertotiger.dll" id="36324f40-b2ea-1a81-62d1-737b148bbfa1">
      <Execution id="8ee66881-1d78-4e72-8780-6f5ca1cfbcf0" />
      <TestMethod codeBase="H:/lastversion/Compiler 8-3-2012/TestCompilerToTiger/bin/Debug/TestCompilerToTiger.DLL" adapterTypeName="Microsoft.VisualStudio.TestTools.TestTypes.Unit.UnitTestAdapter, Microsoft.VisualStudio.QualityTools.Tips.UnitTest.Adapter, Version=10.0.0.0, Culture=neutral, PublicKeyToken=b03f5f7f11d50a3a" className="TestCompilerToTiger.UnitTest1, TestCompilerToTiger, Version=1.0.0.0, Culture=neutral, PublicKeyToken=null" name="test_test28" />
    </UnitTest>
    <UnitTest name="test_mod6" storage="h:\lastversion\compiler 8-3-2012\testcompilertotiger\bin\debug\testcompilertotiger.dll" id="4a01e103-991f-0e62-ab1c-3ca959d73353">
      <Execution id="ffe390d8-4d44-4bad-9471-4c98584da570" />
      <TestMethod codeBase="H:/lastversion/Compiler 8-3-2012/TestCompilerToTiger/bin/Debug/TestCompilerToTiger.DLL" adapterTypeName="Microsoft.VisualStudio.TestTools.TestTypes.Unit.UnitTestAdapter, Microsoft.VisualStudio.QualityTools.Tips.UnitTest.Adapter, Version=10.0.0.0, Culture=neutral, PublicKeyToken=b03f5f7f11d50a3a" className="TestCompilerToTiger.UnitTest1, TestCompilerToTiger, Version=1.0.0.0, Culture=neutral, PublicKeyToken=null" name="test_mod6" />
    </UnitTest>
    <UnitTest name="test_test36" storage="h:\lastversion\compiler 8-3-2012\testcompilertotiger\bin\debug\testcompilertotiger.dll" id="f96446f0-229a-33bf-fd57-40890b9bd378">
      <Execution id="d69f0df3-65e0-4b8e-a5a4-1b0f1315de96" />
      <TestMethod codeBase="H:/lastversion/Compiler 8-3-2012/TestCompilerToTiger/bin/Debug/TestCompilerToTiger.DLL" adapterTypeName="Microsoft.VisualStudio.TestTools.TestTypes.Unit.UnitTestAdapter, Microsoft.VisualStudio.QualityTools.Tips.UnitTest.Adapter, Version=10.0.0.0, Culture=neutral, PublicKeyToken=b03f5f7f11d50a3a" className="TestCompilerToTiger.UnitTest1, TestCompilerToTiger, Version=1.0.0.0, Culture=neutral, PublicKeyToken=null" name="test_test36" />
    </UnitTest>
    <UnitTest name="test_test25" storage="h:\lastversion\compiler 8-3-2012\testcompilertotiger\bin\debug\testcompilertotiger.dll" id="d690abc7-a328-cd83-8fdc-b127cf098887">
      <Execution id="27947f22-ba45-4049-84e8-f52abbc78012" />
      <TestMethod codeBase="H:/lastversion/Compiler 8-3-2012/TestCompilerToTiger/bin/Debug/TestCompilerToTiger.DLL" adapterTypeName="Microsoft.VisualStudio.TestTools.TestTypes.Unit.UnitTestAdapter, Microsoft.VisualStudio.QualityTools.Tips.UnitTest.Adapter, Version=10.0.0.0, Culture=neutral, PublicKeyToken=b03f5f7f11d50a3a" className="TestCompilerToTiger.UnitTest1, TestCompilerToTiger, Version=1.0.0.0, Culture=neutral, PublicKeyToken=null" name="test_test25" />
    </UnitTest>
    <UnitTest name="test_test24" storage="h:\lastversion\compiler 8-3-2012\testcompilertotiger\bin\debug\testcompilertotiger.dll" id="c8045a47-9964-f48c-6e03-79936fb7aaa2">
      <Execution id="07b0e0e8-79e3-4c89-b517-77771cd68c9e" />
      <TestMethod codeBase="H:/lastversion/Compiler 8-3-2012/TestCompilerToTiger/bin/Debug/TestCompilerToTiger.DLL" adapterTypeName="Microsoft.VisualStudio.TestTools.TestTypes.Unit.UnitTestAdapter, Microsoft.VisualStudio.QualityTools.Tips.UnitTest.Adapter, Version=10.0.0.0, Culture=neutral, PublicKeyToken=b03f5f7f11d50a3a" className="TestCompilerToTiger.UnitTest1, TestCompilerToTiger, Version=1.0.0.0, Culture=neutral, PublicKeyToken=null" name="test_test24" />
    </UnitTest>
    <UnitTest name="test_test14" storage="h:\lastversion\compiler 8-3-2012\testcompilertotiger\bin\debug\testcompilertotiger.dll" id="8a758c2f-0cd5-1d39-decc-a9938a65ea5c">
      <Execution id="0960d211-2900-4dcb-a618-260ec6213a2a" />
      <TestMethod codeBase="H:/lastversion/Compiler 8-3-2012/TestCompilerToTiger/bin/Debug/TestCompilerToTiger.DLL" adapterTypeName="Microsoft.VisualStudio.TestTools.TestTypes.Unit.UnitTestAdapter, Microsoft.VisualStudio.QualityTools.Tips.UnitTest.Adapter, Version=10.0.0.0, Culture=neutral, PublicKeyToken=b03f5f7f11d50a3a" className="TestCompilerToTiger.UnitTest1, TestCompilerToTiger, Version=1.0.0.0, Culture=neutral, PublicKeyToken=null" name="test_test14" />
    </UnitTest>
    <UnitTest name="test_test21" storage="h:\lastversion\compiler 8-3-2012\testcompilertotiger\bin\debug\testcompilertotiger.dll" id="eec5b161-be3c-10b7-c8a8-069c5234b535">
      <Execution id="7ba3d62b-4c1f-4671-95d5-8390c52fd2b0" />
      <TestMethod codeBase="H:/lastversion/Compiler 8-3-2012/TestCompilerToTiger/bin/Debug/TestCompilerToTiger.DLL" adapterTypeName="Microsoft.VisualStudio.TestTools.TestTypes.Unit.UnitTestAdapter, Microsoft.VisualStudio.QualityTools.Tips.UnitTest.Adapter, Version=10.0.0.0, Culture=neutral, PublicKeyToken=b03f5f7f11d50a3a" className="TestCompilerToTiger.UnitTest1, TestCompilerToTiger, Version=1.0.0.0, Culture=neutral, PublicKeyToken=null" name="test_test21" />
    </UnitTest>
    <UnitTest name="test_test47" storage="h:\lastversion\compiler 8-3-2012\testcompilertotiger\bin\debug\testcompilertotiger.dll" id="6abeaf16-1933-aee6-2e8b-ea4a38605847">
      <Execution id="121e68eb-d3a4-4639-a0a0-9e192a2e8279" />
      <TestMethod codeBase="H:/lastversion/Compiler 8-3-2012/TestCompilerToTiger/bin/Debug/TestCompilerToTiger.DLL" adapterTypeName="Microsoft.VisualStudio.TestTools.TestTypes.Unit.UnitTestAdapter, Microsoft.VisualStudio.QualityTools.Tips.UnitTest.Adapter, Version=10.0.0.0, Culture=neutral, PublicKeyToken=b03f5f7f11d50a3a" className="TestCompilerToTiger.UnitTest1, TestCompilerToTiger, Version=1.0.0.0, Culture=neutral, PublicKeyToken=null" name="test_test47" />
    </UnitTest>
    <UnitTest name="test_test7" storage="h:\lastversion\compiler 8-3-2012\testcompilertotiger\bin\debug\testcompilertotiger.dll" id="d06f6746-ead1-f925-4604-460409e84f79">
      <Execution id="fa0e49c8-d44d-4160-9ea3-df9844f4120c" />
      <TestMethod codeBase="H:/lastversion/Compiler 8-3-2012/TestCompilerToTiger/bin/Debug/TestCompilerToTiger.DLL" adapterTypeName="Microsoft.VisualStudio.TestTools.TestTypes.Unit.UnitTestAdapter, Microsoft.VisualStudio.QualityTools.Tips.UnitTest.Adapter, Version=10.0.0.0, Culture=neutral, PublicKeyToken=b03f5f7f11d50a3a" className="TestCompilerToTiger.UnitTest1, TestCompilerToTiger, Version=1.0.0.0, Culture=neutral, PublicKeyToken=null" name="test_test7" />
    </UnitTest>
    <UnitTest name="test_test49" storage="h:\lastversion\compiler 8-3-2012\testcompilertotiger\bin\debug\testcompilertotiger.dll" id="c348fff9-c0f5-4dfb-10de-9bcc6c0e2e35">
      <Execution id="45d03e35-8e69-4d9a-8f61-0cffee5945e8" />
      <TestMethod codeBase="H:/lastversion/Compiler 8-3-2012/TestCompilerToTiger/bin/Debug/TestCompilerToTiger.DLL" adapterTypeName="Microsoft.VisualStudio.TestTools.TestTypes.Unit.UnitTestAdapter, Microsoft.VisualStudio.QualityTools.Tips.UnitTest.Adapter, Version=10.0.0.0, Culture=neutral, PublicKeyToken=b03f5f7f11d50a3a" className="TestCompilerToTiger.UnitTest1, TestCompilerToTiger, Version=1.0.0.0, Culture=neutral, PublicKeyToken=null" name="test_test49" />
    </UnitTest>
    <UnitTest name="test_str" storage="h:\lastversion\compiler 8-3-2012\testcompilertotiger\bin\debug\testcompilertotiger.dll" id="f671f60d-5960-0a4e-25da-4be80fa480eb">
      <Execution id="0cb27623-ebd1-4d0a-8291-629dadef47c0" />
      <TestMethod codeBase="H:/lastversion/Compiler 8-3-2012/TestCompilerToTiger/bin/Debug/TestCompilerToTiger.DLL" adapterTypeName="Microsoft.VisualStudio.TestTools.TestTypes.Unit.UnitTestAdapter, Microsoft.VisualStudio.QualityTools.Tips.UnitTest.Adapter, Version=10.0.0.0, Culture=neutral, PublicKeyToken=b03f5f7f11d50a3a" className="TestCompilerToTiger.UnitTest1, TestCompilerToTiger, Version=1.0.0.0, Culture=neutral, PublicKeyToken=null" name="test_str" />
    </UnitTest>
    <UnitTest name="test_test3" storage="h:\lastversion\compiler 8-3-2012\testcompilertotiger\bin\debug\testcompilertotiger.dll" id="6935728c-f33b-b582-5cef-9b30d14c6ed4">
      <Execution id="6f4a5af5-eba9-4c02-be27-35b527db1906" />
      <TestMethod codeBase="H:/lastversion/Compiler 8-3-2012/TestCompilerToTiger/bin/Debug/TestCompilerToTiger.DLL" adapterTypeName="Microsoft.VisualStudio.TestTools.TestTypes.Unit.UnitTestAdapter, Microsoft.VisualStudio.QualityTools.Tips.UnitTest.Adapter, Version=10.0.0.0, Culture=neutral, PublicKeyToken=b03f5f7f11d50a3a" className="TestCompilerToTiger.UnitTest1, TestCompilerToTiger, Version=1.0.0.0, Culture=neutral, PublicKeyToken=null" name="test_test3" />
    </UnitTest>
  </TestDefinitions>
  <TestLists>
    <TestList name="Results Not in a List" id="8c84fa94-04c1-424b-9868-57a2d4851a1d" />
    <TestList name="All Loaded Results" id="19431567-8539-422a-85d7-44ee4e166bda" />
  </TestLists>
  <TestEntries>
    <TestEntry testId="019531f9-6c6d-6148-ff2d-d7912780c031" executionId="aaee9da1-5d1a-4d10-9ddb-f8f184aaafb5" testListId="8c84fa94-04c1-424b-9868-57a2d4851a1d" />
    <TestEntry testId="041998ab-07f9-73fa-8039-7d960c796110" executionId="2ba6461e-0d86-40d4-b8dc-e77c9d6b475e" testListId="8c84fa94-04c1-424b-9868-57a2d4851a1d" />
    <TestEntry testId="044ddcd4-6330-7a22-e9f8-f33b453f18d7" executionId="75f68638-d826-45a6-bd9a-3249c8cfb15a" testListId="8c84fa94-04c1-424b-9868-57a2d4851a1d" />
    <TestEntry testId="0ff029d3-12bf-eeea-36b5-2f404d00e87a" executionId="3f7837c3-f6a6-4249-9d3e-4f416e06060a" testListId="8c84fa94-04c1-424b-9868-57a2d4851a1d" />
    <TestEntry testId="1592ab8f-1085-3308-e351-9274eada4786" executionId="52f2cdfb-b6e4-44d4-981b-8389b2a0b728" testListId="8c84fa94-04c1-424b-9868-57a2d4851a1d" />
    <TestEntry testId="23273fad-a655-fb19-0591-a880a70c5eeb" executionId="2fb1e49e-3dbd-486c-886e-904bff1b14ce" testListId="8c84fa94-04c1-424b-9868-57a2d4851a1d" />
    <TestEntry testId="29c89c54-d7fb-f98d-1f2a-27aade8fb1a1" executionId="ec2b7e28-21f1-4d69-a1db-b429d0950efc" testListId="8c84fa94-04c1-424b-9868-57a2d4851a1d" />
    <TestEntry testId="2a289f39-5a92-deb7-3bfb-b0c29bd31f53" executionId="ec5aa3c9-76dc-4997-915f-424bff7205a6" testListId="8c84fa94-04c1-424b-9868-57a2d4851a1d" />
    <TestEntry testId="30a9dc30-d90c-bbee-e587-6b840a964a32" executionId="8801e0b4-7bd7-42a8-97c1-5feb9f0762be" testListId="8c84fa94-04c1-424b-9868-57a2d4851a1d" />
    <TestEntry testId="33df6015-371d-7c50-5ef5-d8861ee19e12" executionId="63328a17-42d2-4177-afe8-5e75566a91a5" testListId="8c84fa94-04c1-424b-9868-57a2d4851a1d" />
    <TestEntry testId="36324f40-b2ea-1a81-62d1-737b148bbfa1" executionId="8ee66881-1d78-4e72-8780-6f5ca1cfbcf0" testListId="8c84fa94-04c1-424b-9868-57a2d4851a1d" />
    <TestEntry testId="39e514c1-78c7-15fd-4b22-50c302b2163e" executionId="059b2a34-e858-4ade-87bc-0e34c67dac5d" testListId="8c84fa94-04c1-424b-9868-57a2d4851a1d" />
    <TestEntry testId="3c5d2c78-6807-923e-0707-565f55826a52" executionId="247d920a-b99d-4e7f-b95a-905bc74cdd39" testListId="8c84fa94-04c1-424b-9868-57a2d4851a1d" />
    <TestEntry testId="3c85eb83-557f-5abd-129b-c696176453d1" executionId="b56fbd99-5b1b-4338-a383-db6a4d0d0524" testListId="8c84fa94-04c1-424b-9868-57a2d4851a1d" />
    <TestEntry testId="3eaf5a1b-09ff-aa0a-8696-77810f03640d" executionId="9a335568-4da4-44f0-b108-6c75d9898625" testListId="8c84fa94-04c1-424b-9868-57a2d4851a1d" />
    <TestEntry testId="46280aa5-4d15-904e-00e7-b0ec18a6f672" executionId="045fa5b7-26e6-485d-acf6-a4a8e771c0b0" testListId="8c84fa94-04c1-424b-9868-57a2d4851a1d" />
    <TestEntry testId="487ad327-ee86-41b7-ddc2-994627f0d66e" executionId="64b8b7ad-748e-4dea-bb4c-2b51f32a1d07" testListId="8c84fa94-04c1-424b-9868-57a2d4851a1d" />
    <TestEntry testId="4a01e103-991f-0e62-ab1c-3ca959d73353" executionId="ffe390d8-4d44-4bad-9471-4c98584da570" testListId="8c84fa94-04c1-424b-9868-57a2d4851a1d" />
    <TestEntry testId="4f4b9668-5fc2-c922-c2a4-15a71f9d7a1b" executionId="e06f05c3-8e6c-460e-9e5f-4737153a090a" testListId="8c84fa94-04c1-424b-9868-57a2d4851a1d" />
    <TestEntry testId="4f876700-47e2-ddf4-4e1d-31ab9f1d665d" executionId="85e1f30c-62a1-4e27-a4ab-1ff36201ca9e" testListId="8c84fa94-04c1-424b-9868-57a2d4851a1d" />
    <TestEntry testId="510d376c-bc82-1db9-4c26-7765bd4900fd" executionId="89b536c4-0d24-4d07-833d-9d43c271cd5f" testListId="8c84fa94-04c1-424b-9868-57a2d4851a1d" />
    <TestEntry testId="5607c4ab-1b6e-27ef-88db-5c98aa28e993" executionId="83eeafcd-5484-43e6-b73f-ca73703c0f78" testListId="8c84fa94-04c1-424b-9868-57a2d4851a1d" />
    <TestEntry testId="570f88f9-f5f9-b4a9-ed6f-3034933d7208" executionId="1b1f9c7f-1c78-4433-acab-7882d78efd3b" testListId="8c84fa94-04c1-424b-9868-57a2d4851a1d" />
    <TestEntry testId="59f585d1-a0bb-33e9-4abb-19d69a17417d" executionId="9ba4336e-1c3e-4dcc-a7ac-bfbb26a3933c" testListId="8c84fa94-04c1-424b-9868-57a2d4851a1d" />
    <TestEntry testId="6491bb9a-c473-c29d-0621-addaa45ea010" executionId="649f102d-d5f2-4ee7-b6d8-58821a2d9144" testListId="8c84fa94-04c1-424b-9868-57a2d4851a1d" />
    <TestEntry testId="653eb7ac-1e40-67fb-ee64-62985c81131e" executionId="d3f974d9-3602-4859-8090-5d8dd178d201" testListId="8c84fa94-04c1-424b-9868-57a2d4851a1d" />
    <TestEntry testId="67c163c5-c8d3-5101-e815-2db32a75cf56" executionId="be35abc2-3a5e-4533-83c1-30ba49437529" testListId="8c84fa94-04c1-424b-9868-57a2d4851a1d" />
    <TestEntry testId="6935728c-f33b-b582-5cef-9b30d14c6ed4" executionId="6f4a5af5-eba9-4c02-be27-35b527db1906" testListId="8c84fa94-04c1-424b-9868-57a2d4851a1d" />
    <TestEntry testId="6abeaf16-1933-aee6-2e8b-ea4a38605847" executionId="121e68eb-d3a4-4639-a0a0-9e192a2e8279" testListId="8c84fa94-04c1-424b-9868-57a2d4851a1d" />
    <TestEntry testId="6cf12022-2ae0-7084-a31c-7e8297ba831d" executionId="7e3f4227-49a6-4d35-b182-90c2522d2122" testListId="8c84fa94-04c1-424b-9868-57a2d4851a1d" />
    <TestEntry testId="6cf631e1-db7e-962a-558e-bc54f36bb57a" executionId="9992ec9a-b3e9-40a0-bc52-551db72eb37c" testListId="8c84fa94-04c1-424b-9868-57a2d4851a1d" />
    <TestEntry testId="6d72d84f-797d-15c2-7042-642838b6df03" executionId="5a36823d-eb11-42fb-a81b-87f4f13986f6" testListId="8c84fa94-04c1-424b-9868-57a2d4851a1d" />
    <TestEntry testId="72aa1a9e-7bdb-88d7-27ff-e8b4fa9b856a" executionId="b709e49a-0c48-4076-ab3a-40bda0216a0f" testListId="8c84fa94-04c1-424b-9868-57a2d4851a1d" />
    <TestEntry testId="7778cbf3-4c15-9b31-c5ab-9ec850cf89a5" executionId="156eed42-227f-4366-8b6c-0b745d4ba5b0" testListId="8c84fa94-04c1-424b-9868-57a2d4851a1d" />
    <TestEntry testId="787fedd9-a949-1ea5-7ca7-01f74f289b04" executionId="7bdddbbe-85a0-4f46-aacd-eee292e4a7ee" testListId="8c84fa94-04c1-424b-9868-57a2d4851a1d" />
    <TestEntry testId="7c7d2692-7ab1-c90f-37ca-eafa8321abdc" executionId="86456efc-fc6d-4857-9998-3d7d213ec93a" testListId="8c84fa94-04c1-424b-9868-57a2d4851a1d" />
    <TestEntry testId="83e78d72-b212-dd46-9548-fec8071552c7" executionId="1f547bc9-c5e4-4172-8378-98802e894d4e" testListId="8c84fa94-04c1-424b-9868-57a2d4851a1d" />
    <TestEntry testId="8a758c2f-0cd5-1d39-decc-a9938a65ea5c" executionId="0960d211-2900-4dcb-a618-260ec6213a2a" testListId="8c84fa94-04c1-424b-9868-57a2d4851a1d" />
    <TestEntry testId="8c0af343-7fa9-77f2-656f-4d5deee86c5d" executionId="e1ab6ae9-f081-4bd1-a260-95b0d267b7b8" testListId="8c84fa94-04c1-424b-9868-57a2d4851a1d" />
    <TestEntry testId="909f0493-3a2b-3db1-9239-46de00bd2132" executionId="21b50105-3eca-4dd9-b8a0-636c55df0d5e" testListId="8c84fa94-04c1-424b-9868-57a2d4851a1d" />
    <TestEntry testId="914b2a0c-dbfa-15bf-c67e-da89c4c3ca96" executionId="f4f7a504-3955-4262-a367-52598daec004" testListId="8c84fa94-04c1-424b-9868-57a2d4851a1d" />
    <TestEntry testId="97171acb-cce5-bb87-edb1-a40947c57107" executionId="8478f69c-fd5a-4730-b2d4-4e5ff50af333" testListId="8c84fa94-04c1-424b-9868-57a2d4851a1d" />
    <TestEntry testId="9936c7db-6cf6-2051-5d72-b9fe5c8e1ada" executionId="4c575a46-89e6-4a14-8a51-afe1321bbbf7" testListId="8c84fa94-04c1-424b-9868-57a2d4851a1d" />
    <TestEntry testId="99ccbccc-8faa-d870-7334-5e51e17814a3" executionId="2ed05e37-b432-4f78-bd88-aabb573bee4d" testListId="8c84fa94-04c1-424b-9868-57a2d4851a1d" />
    <TestEntry testId="a077de67-c679-41e7-f6a0-f3e9004988c8" executionId="d7f03c6a-214f-419b-8c0a-b328796cbd9f" testListId="8c84fa94-04c1-424b-9868-57a2d4851a1d" />
    <TestEntry testId="a2d926c3-2110-bd3c-06f7-e7b666840b6e" executionId="8d713bf2-2e4f-47ef-b1b6-d5fea50affa6" testListId="8c84fa94-04c1-424b-9868-57a2d4851a1d" />
    <TestEntry testId="a384bb22-ddee-6569-96ae-a4c57e6d3916" executionId="9c02b69b-3f61-4cee-b1f4-da71bfbca602" testListId="8c84fa94-04c1-424b-9868-57a2d4851a1d" />
    <TestEntry testId="a44cd249-8572-57ab-7e94-76db5bad3054" executionId="16d20fab-c9b8-4c1d-a4e4-0d68a6e78ad9" testListId="8c84fa94-04c1-424b-9868-57a2d4851a1d" />
    <TestEntry testId="a472785a-6aac-8d41-8d14-3df81fa7d043" executionId="bb815682-79dd-42cc-8b67-773215e2219c" testListId="8c84fa94-04c1-424b-9868-57a2d4851a1d" />
    <TestEntry testId="a59733da-8885-c1da-b119-165c79329a1b" executionId="eac70ea9-fa10-4c7b-b7ce-3d4da5ee851f" testListId="8c84fa94-04c1-424b-9868-57a2d4851a1d" />
    <TestEntry testId="a7316259-a78f-4c76-fc44-43a2d7ccb76e" executionId="2d8167b5-f339-4c09-895b-d489e5913b04" testListId="8c84fa94-04c1-424b-9868-57a2d4851a1d" />
    <TestEntry testId="b072c1fb-dc11-85af-9856-d7106bde114d" executionId="4a0b4a66-b114-4db0-9f7d-7458a5b6b54d" testListId="8c84fa94-04c1-424b-9868-57a2d4851a1d" />
    <TestEntry testId="b4c7ef8d-acd4-bb81-a04e-3b27f1d00de4" executionId="d8a31d2b-5335-41c4-bdf8-7671dee58595" testListId="8c84fa94-04c1-424b-9868-57a2d4851a1d" />
    <TestEntry testId="b59a94a6-b3eb-5bc0-dedb-53c312b3dd38" executionId="69ead590-e742-4af2-8f97-4cbfd37ef0ae" testListId="8c84fa94-04c1-424b-9868-57a2d4851a1d" />
    <TestEntry testId="b62d9364-7778-3e50-d7a6-6bf0ce856a2f" executionId="7e51c52d-c3ea-4b69-9d8e-79aa023346a4" testListId="8c84fa94-04c1-424b-9868-57a2d4851a1d" />
    <TestEntry testId="baf2563e-3009-d447-b0e7-170ab8463071" executionId="4abdf8ca-737a-4dee-a0b4-da48aad63814" testListId="8c84fa94-04c1-424b-9868-57a2d4851a1d" />
    <TestEntry testId="bc0e1316-dbe6-b028-ade7-bfc7507988f6" executionId="610a6d36-e09b-4b0f-89b2-d9a8281cef33" testListId="8c84fa94-04c1-424b-9868-57a2d4851a1d" />
    <TestEntry testId="bedda814-012f-44ec-c334-f993d0f501c2" executionId="041c09ea-d0d7-4d18-a4ab-cc5251d8bc73" testListId="8c84fa94-04c1-424b-9868-57a2d4851a1d" />
    <TestEntry testId="c20e51b4-12b3-e19f-44f0-68b615cb9d34" executionId="26246d44-f58e-4eb6-80d1-b9346d44aa5a" testListId="8c84fa94-04c1-424b-9868-57a2d4851a1d" />
    <TestEntry testId="c348fff9-c0f5-4dfb-10de-9bcc6c0e2e35" executionId="45d03e35-8e69-4d9a-8f61-0cffee5945e8" testListId="8c84fa94-04c1-424b-9868-57a2d4851a1d" />
    <TestEntry testId="c3679b4e-0952-8b62-ff50-a38002b5bb13" executionId="c6eeadc0-9936-4f55-b26f-c6fae2bb5061" testListId="8c84fa94-04c1-424b-9868-57a2d4851a1d" />
    <TestEntry testId="c4fa99d9-cca8-ac70-06bb-cefbec6e204e" executionId="6c1adff6-f527-4949-8439-b71174382f88" testListId="8c84fa94-04c1-424b-9868-57a2d4851a1d" />
    <TestEntry testId="c4fb2239-0b02-8afd-06d9-ec6f804a8a52" executionId="44ffdbad-fb44-4ac3-8faf-d0ad0c8a1593" testListId="8c84fa94-04c1-424b-9868-57a2d4851a1d" />
    <TestEntry testId="c61736dc-d6c8-f953-d484-0d9a5b344127" executionId="60f9e8fd-2102-4bd4-921f-f5c96914ab07" testListId="8c84fa94-04c1-424b-9868-57a2d4851a1d" />
    <TestEntry testId="c8045a47-9964-f48c-6e03-79936fb7aaa2" executionId="07b0e0e8-79e3-4c89-b517-77771cd68c9e" testListId="8c84fa94-04c1-424b-9868-57a2d4851a1d" />
    <TestEntry testId="cab8b132-edf3-b22a-dafd-52e3f1e74a4c" executionId="3243948a-1511-47ab-97a5-56406f58445d" testListId="8c84fa94-04c1-424b-9868-57a2d4851a1d" />
    <TestEntry testId="cda3dbd2-47ba-daee-07dc-a896644e4d82" executionId="1be63034-2ce9-4ee4-b49a-1fb14e1658a4" testListId="8c84fa94-04c1-424b-9868-57a2d4851a1d" />
    <TestEntry testId="ce2a8c2f-bbc2-eed5-1248-002e2907786b" executionId="5be901c6-64e3-4a73-b5c5-546ec0491c45" testListId="8c84fa94-04c1-424b-9868-57a2d4851a1d" />
    <TestEntry testId="d050111e-1afa-c332-bab6-dc16fcf18a86" executionId="289bee4e-f076-4c64-8c8a-362c9a03bae0" testListId="8c84fa94-04c1-424b-9868-57a2d4851a1d" />
    <TestEntry testId="d06f6746-ead1-f925-4604-460409e84f79" executionId="fa0e49c8-d44d-4160-9ea3-df9844f4120c" testListId="8c84fa94-04c1-424b-9868-57a2d4851a1d" />
    <TestEntry testId="d6875146-3a82-65ba-0dc8-a42d822217f6" executionId="35e0d555-e9e7-4da9-80a3-ef586f1a7b15" testListId="8c84fa94-04c1-424b-9868-57a2d4851a1d" />
    <TestEntry testId="d690abc7-a328-cd83-8fdc-b127cf098887" executionId="27947f22-ba45-4049-84e8-f52abbc78012" testListId="8c84fa94-04c1-424b-9868-57a2d4851a1d" />
    <TestEntry testId="d93fbe60-89ed-bf54-6dfb-bec94ee26025" executionId="e1bcb601-d27f-40ff-90c7-204d77abea06" testListId="8c84fa94-04c1-424b-9868-57a2d4851a1d" />
    <TestEntry testId="da3e1bea-fd68-3dc0-d517-eb40039703ee" executionId="3c290bbf-d00e-45c4-b84f-50fe2358bd8e" testListId="8c84fa94-04c1-424b-9868-57a2d4851a1d" />
    <TestEntry testId="dc1b746a-01eb-32a1-dd9f-13724fc026ff" executionId="8beb1919-2469-41ca-8e42-1f45e9745c4a" testListId="8c84fa94-04c1-424b-9868-57a2d4851a1d" />
    <TestEntry testId="e202bc60-0634-baa5-9fb7-e483d26688e3" executionId="64233909-9aec-493b-a210-852876d07e3c" testListId="8c84fa94-04c1-424b-9868-57a2d4851a1d" />
    <TestEntry testId="e23ffe73-c0b4-23de-3266-456dece737db" executionId="a8a26c7d-7324-45d1-9d41-11a60337c3af" testListId="8c84fa94-04c1-424b-9868-57a2d4851a1d" />
    <TestEntry testId="e5ba5b84-693c-c274-9024-67714abfd289" executionId="1228f2d1-391f-44ee-a63f-38df809c158e" testListId="8c84fa94-04c1-424b-9868-57a2d4851a1d" />
    <TestEntry testId="e6694f75-d598-6ffe-9c8e-bbfaecee7755" executionId="09632b95-c9f4-43b0-b599-6c02eb283eb8" testListId="8c84fa94-04c1-424b-9868-57a2d4851a1d" />
    <TestEntry testId="e8d2f115-d73c-2867-cfd5-f324a2ef1c4b" executionId="bc4942d1-6056-45f5-800d-c403a0968d22" testListId="8c84fa94-04c1-424b-9868-57a2d4851a1d" />
    <TestEntry testId="ecf43549-1da5-5f9d-4f70-8ce66cfb75f9" executionId="602a10a3-3dcb-44bd-bee8-f0d7238aecf9" testListId="8c84fa94-04c1-424b-9868-57a2d4851a1d" />
    <TestEntry testId="eec5b161-be3c-10b7-c8a8-069c5234b535" executionId="7ba3d62b-4c1f-4671-95d5-8390c52fd2b0" testListId="8c84fa94-04c1-424b-9868-57a2d4851a1d" />
    <TestEntry testId="f16497eb-6a01-ee64-493f-fa445e31a0a3" executionId="dbc69cc8-30a3-4ddd-a5e8-f8186cb47a6b" testListId="8c84fa94-04c1-424b-9868-57a2d4851a1d" />
    <TestEntry testId="f178d479-04b2-1f51-5b83-340d9c464883" executionId="f2f7196c-e1f0-41e8-b8f3-7d9320e9197e" testListId="8c84fa94-04c1-424b-9868-57a2d4851a1d" />
    <TestEntry testId="f1ff68f4-2ce6-1ac3-921c-079b2b95706c" executionId="4e181aab-8940-4b26-ac10-a877c603d8d0" testListId="8c84fa94-04c1-424b-9868-57a2d4851a1d" />
    <TestEntry testId="f4efcf97-2817-134e-d4cd-02e0e8ed7f47" executionId="59a7c70d-1fa2-458b-9b2f-95effa77c8eb" testListId="8c84fa94-04c1-424b-9868-57a2d4851a1d" />
    <TestEntry testId="f671f60d-5960-0a4e-25da-4be80fa480eb" executionId="0cb27623-ebd1-4d0a-8291-629dadef47c0" testListId="8c84fa94-04c1-424b-9868-57a2d4851a1d" />
    <TestEntry testId="f72187fc-b3e0-b7a6-6724-df81d1bfb604" executionId="4f6f6b20-311e-459e-bb4d-4d151594a36a" testListId="8c84fa94-04c1-424b-9868-57a2d4851a1d" />
    <TestEntry testId="f7361c7c-3b0f-6086-f159-11b4844d843d" executionId="574e8c24-9977-4f8d-bbcf-b7837db8133e" testListId="8c84fa94-04c1-424b-9868-57a2d4851a1d" />
    <TestEntry testId="f8f7e3fc-a32f-4b7e-3884-a77c284c6334" executionId="5e60da84-256c-4938-8292-c1d0abb9c35c" testListId="8c84fa94-04c1-424b-9868-57a2d4851a1d" />
    <TestEntry testId="f96446f0-229a-33bf-fd57-40890b9bd378" executionId="d69f0df3-65e0-4b8e-a5a4-1b0f1315de96" testListId="8c84fa94-04c1-424b-9868-57a2d4851a1d" />
    <TestEntry testId="fb90f7ed-7430-80a6-0f96-1278e7153aad" executionId="94878271-dc04-405f-9ef8-b3d1a3b33cdb" testListId="8c84fa94-04c1-424b-9868-57a2d4851a1d" />
    <TestEntry testId="ff4c30d4-0e18-8aac-65dc-3010d8dc6819" executionId="e59e0171-7b72-4bc6-87eb-cd444d2095f3" testListId="8c84fa94-04c1-424b-9868-57a2d4851a1d" />
  </TestEntries>
  <Results>
    <UnitTestResult executionId="aaee9da1-5d1a-4d10-9ddb-f8f184aaafb5" testId="019531f9-6c6d-6148-ff2d-d7912780c031" testName="test_merge" computerName="HOME-E26FE83CAE" duration="00:00:00.0209834" startTime="2012-03-12T14:28:17.7031250-05:00" endTime="2012-03-12T14:28:19.3593750-05:00" testType="13cdc9d9-ddb5-4fa4-a97d-d965ccfc6d4b" outcome="Passed" testListId="8c84fa94-04c1-424b-9868-57a2d4851a1d" relativeResultsDirectory="aaee9da1-5d1a-4d10-9ddb-f8f184aaafb5">
    </UnitTestResult>
    <UnitTestResult executionId="2ba6461e-0d86-40d4-b8dc-e77c9d6b475e" testId="041998ab-07f9-73fa-8039-7d960c796110" testName="test_recursive_array_alias" computerName="HOME-E26FE83CAE" duration="00:00:00.0003409" startTime="2012-03-12T14:28:19.4375000-05:00" endTime="2012-03-12T14:28:19.4531250-05:00" testType="13cdc9d9-ddb5-4fa4-a97d-d965ccfc6d4b" outcome="Passed" testListId="8c84fa94-04c1-424b-9868-57a2d4851a1d" relativeResultsDirectory="2ba6461e-0d86-40d4-b8dc-e77c9d6b475e">
    </UnitTestResult>
    <UnitTestResult executionId="75f68638-d826-45a6-bd9a-3249c8cfb15a" testId="044ddcd4-6330-7a22-e9f8-f33b453f18d7" testName="test_test26" computerName="HOME-E26FE83CAE" duration="00:00:00.2099733" startTime="2012-03-12T14:28:19.5000000-05:00" endTime="2012-03-12T14:28:19.7500000-05:00" testType="13cdc9d9-ddb5-4fa4-a97d-d965ccfc6d4b" outcome="Passed" testListId="8c84fa94-04c1-424b-9868-57a2d4851a1d" relativeResultsDirectory="75f68638-d826-45a6-bd9a-3249c8cfb15a">
    </UnitTestResult>
    <UnitTestResult executionId="3f7837c3-f6a6-4249-9d3e-4f416e06060a" testId="0ff029d3-12bf-eeea-36b5-2f404d00e87a" testName="test_test50" computerName="HOME-E26FE83CAE" duration="00:01:26.5524740" startTime="2012-03-12T14:28:19.7968750-05:00" endTime="2012-03-12T14:29:46.3750000-05:00" testType="13cdc9d9-ddb5-4fa4-a97d-d965ccfc6d4b" outcome="Failed" testListId="8c84fa94-04c1-424b-9868-57a2d4851a1d" relativeResultsDirectory="3f7837c3-f6a6-4249-9d3e-4f416e06060a">
      <Output>
        <StdOut>Object reference not set to an instance of an object.</StdOut>
        <ErrorInfo>
          <Message>Assert.AreEqual failed. Expected:&lt;0&gt;. Actual:&lt;3&gt;. El test test50la cantidad de errores fueron distintos</Message>
          <StackTrace>   at TestCompilerToTiger.UnitTest1.test_test50() in H:\lastversion\Compiler 8-3-2012\TestCompilerToTiger\UnitTest1.cs:line 1208
</StackTrace>
        </ErrorInfo>
      </Output>
    </UnitTestResult>
    <UnitTestResult executionId="52f2cdfb-b6e4-44d4-981b-8389b2a0b728" testId="1592ab8f-1085-3308-e351-9274eada4786" testName="test_record_literal_more_params" computerName="HOME-E26FE83CAE" duration="00:00:00.0090470" startTime="2012-03-12T14:29:46.4375000-05:00" endTime="2012-03-12T14:29:46.4687500-05:00" testType="13cdc9d9-ddb5-4fa4-a97d-d965ccfc6d4b" outcome="Passed" testListId="8c84fa94-04c1-424b-9868-57a2d4851a1d" relativeResultsDirectory="52f2cdfb-b6e4-44d4-981b-8389b2a0b728">
    </UnitTestResult>
    <UnitTestResult executionId="2fb1e49e-3dbd-486c-886e-904bff1b14ce" testId="23273fad-a655-fb19-0591-a880a70c5eeb" testName="test_mod7_3" computerName="HOME-E26FE83CAE" duration="00:00:00.0297000" startTime="2012-03-12T14:29:46.5156250-05:00" endTime="2012-03-12T14:29:46.5781250-05:00" testType="13cdc9d9-ddb5-4fa4-a97d-d965ccfc6d4b" outcome="Passed" testListId="8c84fa94-04c1-424b-9868-57a2d4851a1d" relativeResultsDirectory="2fb1e49e-3dbd-486c-886e-904bff1b14ce">
    </UnitTestResult>
    <UnitTestResult executionId="ec2b7e28-21f1-4d69-a1db-b429d0950efc" testId="29c89c54-d7fb-f98d-1f2a-27aade8fb1a1" testName="test_break_out_of_while" computerName="HOME-E26FE83CAE" duration="00:00:00.0092934" startTime="2012-03-12T14:29:46.6406250-05:00" endTime="2012-03-12T14:29:46.6718750-05:00" testType="13cdc9d9-ddb5-4fa4-a97d-d965ccfc6d4b" outcome="Passed" testListId="8c84fa94-04c1-424b-9868-57a2d4851a1d" relativeResultsDirectory="ec2b7e28-21f1-4d69-a1db-b429d0950efc">
    </UnitTestResult>
    <UnitTestResult executionId="ec5aa3c9-76dc-4997-915f-424bff7205a6" testId="2a289f39-5a92-deb7-3bfb-b0c29bd31f53" testName="test_test5" computerName="HOME-E26FE83CAE" duration="00:00:00.0047320" startTime="2012-03-12T14:29:46.7187500-05:00" endTime="2012-03-12T14:29:46.7500000-05:00" testType="13cdc9d9-ddb5-4fa4-a97d-d965ccfc6d4b" outcome="Passed" testListId="8c84fa94-04c1-424b-9868-57a2d4851a1d" relativeResultsDirectory="ec5aa3c9-76dc-4997-915f-424bff7205a6">
    </UnitTestResult>
    <UnitTestResult executionId="8801e0b4-7bd7-42a8-97c1-5feb9f0762be" testId="30a9dc30-d90c-bbee-e587-6b840a964a32" testName="test_undefined_type_for_array_declaration" computerName="HOME-E26FE83CAE" duration="00:00:00.0047555" startTime="2012-03-12T14:29:46.7968750-05:00" endTime="2012-03-12T14:29:46.8281250-05:00" testType="13cdc9d9-ddb5-4fa4-a97d-d965ccfc6d4b" outcome="Passed" testListId="8c84fa94-04c1-424b-9868-57a2d4851a1d" relativeResultsDirectory="8801e0b4-7bd7-42a8-97c1-5feb9f0762be">
    </UnitTestResult>
    <UnitTestResult executionId="63328a17-42d2-4177-afe8-5e75566a91a5" testId="33df6015-371d-7c50-5ef5-d8861ee19e12" testName="test_test34" computerName="HOME-E26FE83CAE" duration="00:00:00.0179465" startTime="2012-03-12T14:29:46.8593750-05:00" endTime="2012-03-12T14:29:46.9062500-05:00" testType="13cdc9d9-ddb5-4fa4-a97d-d965ccfc6d4b" outcome="Passed" testListId="8c84fa94-04c1-424b-9868-57a2d4851a1d" relativeResultsDirectory="63328a17-42d2-4177-afe8-5e75566a91a5">
    </UnitTestResult>
    <UnitTestResult executionId="8ee66881-1d78-4e72-8780-6f5ca1cfbcf0" testId="36324f40-b2ea-1a81-62d1-737b148bbfa1" testName="test_test28" computerName="HOME-E26FE83CAE" duration="00:00:00.0053209" startTime="2012-03-12T14:29:46.9531250-05:00" endTime="2012-03-12T14:29:46.9843750-05:00" testType="13cdc9d9-ddb5-4fa4-a97d-d965ccfc6d4b" outcome="Passed" testListId="8c84fa94-04c1-424b-9868-57a2d4851a1d" relativeResultsDirectory="8ee66881-1d78-4e72-8780-6f5ca1cfbcf0">
    </UnitTestResult>
    <UnitTestResult executionId="059b2a34-e858-4ade-87bc-0e34c67dac5d" testId="39e514c1-78c7-15fd-4b22-50c302b2163e" testName="test_break_in_a_function" computerName="HOME-E26FE83CAE" duration="00:00:00.0082903" startTime="2012-03-12T14:29:47.0312500-05:00" endTime="2012-03-12T14:29:47.0625000-05:00" testType="13cdc9d9-ddb5-4fa4-a97d-d965ccfc6d4b" outcome="Passed" testListId="8c84fa94-04c1-424b-9868-57a2d4851a1d" relativeResultsDirectory="059b2a34-e858-4ade-87bc-0e34c67dac5d">
    </UnitTestResult>
    <UnitTestResult executionId="247d920a-b99d-4e7f-b95a-905bc74cdd39" testId="3c5d2c78-6807-923e-0707-565f55826a52" testName="test_test38" computerName="HOME-E26FE83CAE" duration="00:00:00.0075117" startTime="2012-03-12T14:29:47.1093750-05:00" endTime="2012-03-12T14:29:47.1406250-05:00" testType="13cdc9d9-ddb5-4fa4-a97d-d965ccfc6d4b" outcome="Passed" testListId="8c84fa94-04c1-424b-9868-57a2d4851a1d" relativeResultsDirectory="247d920a-b99d-4e7f-b95a-905bc74cdd39">
    </UnitTestResult>
    <UnitTestResult executionId="b56fbd99-5b1b-4338-a383-db6a4d0d0524" testId="3c85eb83-557f-5abd-129b-c696176453d1" testName="test_procedure_same_parameters_name" computerName="HOME-E26FE83CAE" duration="00:00:00.0048865" startTime="2012-03-12T14:29:47.1875000-05:00" endTime="2012-03-12T14:29:47.2187500-05:00" testType="13cdc9d9-ddb5-4fa4-a97d-d965ccfc6d4b" outcome="Passed" testListId="8c84fa94-04c1-424b-9868-57a2d4851a1d" relativeResultsDirectory="b56fbd99-5b1b-4338-a383-db6a4d0d0524">
    </UnitTestResult>
    <UnitTestResult executionId="9a335568-4da4-44f0-b108-6c75d9898625" testId="3eaf5a1b-09ff-aa0a-8696-77810f03640d" testName="test_mod2" computerName="HOME-E26FE83CAE" duration="00:00:00.0077434" startTime="2012-03-12T14:29:47.2656250-05:00" endTime="2012-03-12T14:29:47.2968750-05:00" testType="13cdc9d9-ddb5-4fa4-a97d-d965ccfc6d4b" outcome="Passed" testListId="8c84fa94-04c1-424b-9868-57a2d4851a1d" relativeResultsDirectory="9a335568-4da4-44f0-b108-6c75d9898625">
    </UnitTestResult>
    <UnitTestResult executionId="045fa5b7-26e6-485d-acf6-a4a8e771c0b0" testId="46280aa5-4d15-904e-00e7-b0ec18a6f672" testName="test_test1" computerName="HOME-E26FE83CAE" duration="00:00:00.0042810" startTime="2012-03-12T14:29:47.3437500-05:00" endTime="2012-03-12T14:29:47.3750000-05:00" testType="13cdc9d9-ddb5-4fa4-a97d-d965ccfc6d4b" outcome="Passed" testListId="8c84fa94-04c1-424b-9868-57a2d4851a1d" relativeResultsDirectory="045fa5b7-26e6-485d-acf6-a4a8e771c0b0">
    </UnitTestResult>
    <UnitTestResult executionId="64b8b7ad-748e-4dea-bb4c-2b51f32a1d07" testId="487ad327-ee86-41b7-ddc2-994627f0d66e" testName="test_access_complex" computerName="HOME-E26FE83CAE" duration="00:00:00.0365970" startTime="2012-03-12T14:29:47.4218750-05:00" endTime="2012-03-12T14:29:47.4843750-05:00" testType="13cdc9d9-ddb5-4fa4-a97d-d965ccfc6d4b" outcome="Passed" testListId="8c84fa94-04c1-424b-9868-57a2d4851a1d" relativeResultsDirectory="64b8b7ad-748e-4dea-bb4c-2b51f32a1d07">
      <Output>
        <StdOut>Unable to cast object of type 'CompilersUtils.RecordNode' to type 'CompilersUtils.LValueNode'.</StdOut>
      </Output>
    </UnitTestResult>
    <UnitTestResult executionId="ffe390d8-4d44-4bad-9471-4c98584da570" testId="4a01e103-991f-0e62-ab1c-3ca959d73353" testName="test_mod6" computerName="HOME-E26FE83CAE" duration="00:00:00.0047474" startTime="2012-03-12T14:29:47.5312500-05:00" endTime="2012-03-12T14:29:47.5625000-05:00" testType="13cdc9d9-ddb5-4fa4-a97d-d965ccfc6d4b" outcome="Passed" testListId="8c84fa94-04c1-424b-9868-57a2d4851a1d" relativeResultsDirectory="ffe390d8-4d44-4bad-9471-4c98584da570">
    </UnitTestResult>
    <UnitTestResult executionId="e06f05c3-8e6c-460e-9e5f-4737153a090a" testId="4f4b9668-5fc2-c922-c2a4-15a71f9d7a1b" testName="test_test12" computerName="HOME-E26FE83CAE" duration="00:00:00.0047293" startTime="2012-03-12T14:29:47.6093750-05:00" endTime="2012-03-12T14:29:47.6250000-05:00" testType="13cdc9d9-ddb5-4fa4-a97d-d965ccfc6d4b" outcome="Passed" testListId="8c84fa94-04c1-424b-9868-57a2d4851a1d" relativeResultsDirectory="e06f05c3-8e6c-460e-9e5f-4737153a090a">
    </UnitTestResult>
    <UnitTestResult executionId="85e1f30c-62a1-4e27-a4ab-1ff36201ca9e" testId="4f876700-47e2-ddf4-4e1d-31ab9f1d665d" testName="test_invalid_mutually_recursive_record_depth_4" computerName="HOME-E26FE83CAE" duration="00:00:00.0051521" startTime="2012-03-12T14:29:47.8750000-05:00" endTime="2012-03-12T14:29:47.9062500-05:00" testType="13cdc9d9-ddb5-4fa4-a97d-d965ccfc6d4b" outcome="Passed" testListId="8c84fa94-04c1-424b-9868-57a2d4851a1d" relativeResultsDirectory="85e1f30c-62a1-4e27-a4ab-1ff36201ca9e">
    </UnitTestResult>
    <UnitTestResult executionId="89b536c4-0d24-4d07-833d-9d43c271cd5f" testId="510d376c-bc82-1db9-4c26-7765bd4900fd" testName="test_mod8" computerName="HOME-E26FE83CAE" duration="00:00:00.0373489" startTime="2012-03-12T14:29:47.9531250-05:00" endTime="2012-03-12T14:29:48.0156250-05:00" testType="13cdc9d9-ddb5-4fa4-a97d-d965ccfc6d4b" outcome="Passed" testListId="8c84fa94-04c1-424b-9868-57a2d4851a1d" relativeResultsDirectory="89b536c4-0d24-4d07-833d-9d43c271cd5f">
      <Output>
        <StdOut>Unable to cast object of type 'CompilersUtils.RecordNode' to type 'CompilersUtils.LValueNode'.</StdOut>
      </Output>
    </UnitTestResult>
    <UnitTestResult executionId="83eeafcd-5484-43e6-b73f-ca73703c0f78" testId="5607c4ab-1b6e-27ef-88db-5c98aa28e993" testName="test_test6" computerName="HOME-E26FE83CAE" duration="00:00:00.0050086" startTime="2012-03-12T14:29:48.0625000-05:00" endTime="2012-03-12T14:29:48.0937500-05:00" testType="13cdc9d9-ddb5-4fa4-a97d-d965ccfc6d4b" outcome="Passed" testListId="8c84fa94-04c1-424b-9868-57a2d4851a1d" relativeResultsDirectory="83eeafcd-5484-43e6-b73f-ca73703c0f78">
    </UnitTestResult>
    <UnitTestResult executionId="1b1f9c7f-1c78-4433-acab-7882d78efd3b" testId="570f88f9-f5f9-b4a9-ed6f-3034933d7208" testName="test_test23" computerName="HOME-E26FE83CAE" duration="00:00:00.0086433" startTime="2012-03-12T14:29:48.1406250-05:00" endTime="2012-03-12T14:29:48.1718750-05:00" testType="13cdc9d9-ddb5-4fa4-a97d-d965ccfc6d4b" outcome="Passed" testListId="8c84fa94-04c1-424b-9868-57a2d4851a1d" relativeResultsDirectory="1b1f9c7f-1c78-4433-acab-7882d78efd3b">
    </UnitTestResult>
    <UnitTestResult executionId="9ba4336e-1c3e-4dcc-a7ac-bfbb26a3933c" testId="59f585d1-a0bb-33e9-4abb-19d69a17417d" testName="test_test40" computerName="HOME-E26FE83CAE" duration="00:00:00.0048261" startTime="2012-03-12T14:29:48.2187500-05:00" endTime="2012-03-12T14:29:48.2500000-05:00" testType="13cdc9d9-ddb5-4fa4-a97d-d965ccfc6d4b" outcome="Passed" testListId="8c84fa94-04c1-424b-9868-57a2d4851a1d" relativeResultsDirectory="9ba4336e-1c3e-4dcc-a7ac-bfbb26a3933c">
    </UnitTestResult>
    <UnitTestResult executionId="649f102d-d5f2-4ee7-b6d8-58821a2d9144" testId="6491bb9a-c473-c29d-0621-addaa45ea010" testName="test_and_operator_invalid_type_operands" computerName="HOME-E26FE83CAE" duration="00:00:00.0066042" startTime="2012-03-12T14:29:48.2968750-05:00" endTime="2012-03-12T14:29:48.3281250-05:00" testType="13cdc9d9-ddb5-4fa4-a97d-d965ccfc6d4b" outcome="Passed" testListId="8c84fa94-04c1-424b-9868-57a2d4851a1d" relativeResultsDirectory="649f102d-d5f2-4ee7-b6d8-58821a2d9144">
    </UnitTestResult>
    <UnitTestResult executionId="d3f974d9-3602-4859-8090-5d8dd178d201" testId="653eb7ac-1e40-67fb-ee64-62985c81131e" testName="test_record_literal_less_params" computerName="HOME-E26FE83CAE" duration="00:00:00.0046658" startTime="2012-03-12T14:29:48.3750000-05:00" endTime="2012-03-12T14:29:48.4062500-05:00" testType="13cdc9d9-ddb5-4fa4-a97d-d965ccfc6d4b" outcome="Passed" testListId="8c84fa94-04c1-424b-9868-57a2d4851a1d" relativeResultsDirectory="d3f974d9-3602-4859-8090-5d8dd178d201">
    </UnitTestResult>
    <UnitTestResult executionId="be35abc2-3a5e-4533-83c1-30ba49437529" testId="67c163c5-c8d3-5101-e815-2db32a75cf56" testName="test_if_then_else_without_return_value" computerName="HOME-E26FE83CAE" duration="00:00:00.0071903" startTime="2012-03-12T14:29:48.4531250-05:00" endTime="2012-03-12T14:29:48.4843750-05:00" testType="13cdc9d9-ddb5-4fa4-a97d-d965ccfc6d4b" outcome="Passed" testListId="8c84fa94-04c1-424b-9868-57a2d4851a1d" relativeResultsDirectory="be35abc2-3a5e-4533-83c1-30ba49437529">
    </UnitTestResult>
    <UnitTestResult executionId="6f4a5af5-eba9-4c02-be27-35b527db1906" testId="6935728c-f33b-b582-5cef-9b30d14c6ed4" testName="test_test3" computerName="HOME-E26FE83CAE" duration="00:00:00.0044309" startTime="2012-03-12T14:29:48.5312500-05:00" endTime="2012-03-12T14:29:48.5468750-05:00" testType="13cdc9d9-ddb5-4fa4-a97d-d965ccfc6d4b" outcome="Passed" testListId="8c84fa94-04c1-424b-9868-57a2d4851a1d" relativeResultsDirectory="6f4a5af5-eba9-4c02-be27-35b527db1906">
    </UnitTestResult>
    <UnitTestResult executionId="121e68eb-d3a4-4639-a0a0-9e192a2e8279" testId="6abeaf16-1933-aee6-2e8b-ea4a38605847" testName="test_test47" computerName="HOME-E26FE83CAE" duration="00:00:00.0046374" startTime="2012-03-12T14:29:48.6093750-05:00" endTime="2012-03-12T14:29:48.6250000-05:00" testType="13cdc9d9-ddb5-4fa4-a97d-d965ccfc6d4b" outcome="Passed" testListId="8c84fa94-04c1-424b-9868-57a2d4851a1d" relativeResultsDirectory="121e68eb-d3a4-4639-a0a0-9e192a2e8279">
    </UnitTestResult>
    <UnitTestResult executionId="7e3f4227-49a6-4d35-b182-90c2522d2122" testId="6cf12022-2ae0-7084-a31c-7e8297ba831d" testName="test_test41" computerName="HOME-E26FE83CAE" duration="00:00:00.0046066" startTime="2012-03-12T14:29:48.6718750-05:00" endTime="2012-03-12T14:29:48.7031250-05:00" testType="13cdc9d9-ddb5-4fa4-a97d-d965ccfc6d4b" outcome="Passed" testListId="8c84fa94-04c1-424b-9868-57a2d4851a1d" relativeResultsDirectory="7e3f4227-49a6-4d35-b182-90c2522d2122">
    </UnitTestResult>
    <UnitTestResult executionId="9992ec9a-b3e9-40a0-bc52-551db72eb37c" testId="6cf631e1-db7e-962a-558e-bc54f36bb57a" testName="test_record_access_incompatibles_types" computerName="HOME-E26FE83CAE" duration="00:00:00.0048251" startTime="2012-03-12T14:29:48.7500000-05:00" endTime="2012-03-12T14:29:48.7812500-05:00" testType="13cdc9d9-ddb5-4fa4-a97d-d965ccfc6d4b" outcome="Passed" testListId="8c84fa94-04c1-424b-9868-57a2d4851a1d" relativeResultsDirectory="9992ec9a-b3e9-40a0-bc52-551db72eb37c">
    </UnitTestResult>
    <UnitTestResult executionId="5a36823d-eb11-42fb-a81b-87f4f13986f6" testId="6d72d84f-797d-15c2-7042-642838b6df03" testName="test_test44" computerName="HOME-E26FE83CAE" duration="00:00:00.0046674" startTime="2012-03-12T14:29:48.8437500-05:00" endTime="2012-03-12T14:29:48.8593750-05:00" testType="13cdc9d9-ddb5-4fa4-a97d-d965ccfc6d4b" outcome="Passed" testListId="8c84fa94-04c1-424b-9868-57a2d4851a1d" relativeResultsDirectory="5a36823d-eb11-42fb-a81b-87f4f13986f6">
    </UnitTestResult>
    <UnitTestResult executionId="b709e49a-0c48-4076-ab3a-40bda0216a0f" testId="72aa1a9e-7bdb-88d7-27ff-e8b4fa9b856a" testName="test_invalid_mutually_recursive_record" computerName="HOME-E26FE83CAE" duration="00:00:00.0055218" startTime="2012-03-12T14:29:48.9218750-05:00" endTime="2012-03-12T14:29:48.9843750-05:00" testType="13cdc9d9-ddb5-4fa4-a97d-d965ccfc6d4b" outcome="Passed" testListId="8c84fa94-04c1-424b-9868-57a2d4851a1d" relativeResultsDirectory="b709e49a-0c48-4076-ab3a-40bda0216a0f">
    </UnitTestResult>
    <UnitTestResult executionId="156eed42-227f-4366-8b6c-0b745d4ba5b0" testId="7778cbf3-4c15-9b31-c5ab-9ec850cf89a5" testName="test_and_operator_non_valued_operands" computerName="HOME-E26FE83CAE" duration="00:00:00.0059527" startTime="2012-03-12T14:29:49.0468750-05:00" endTime="2012-03-12T14:29:49.1093750-05:00" testType="13cdc9d9-ddb5-4fa4-a97d-d965ccfc6d4b" outcome="Passed" testListId="8c84fa94-04c1-424b-9868-57a2d4851a1d" relativeResultsDirectory="156eed42-227f-4366-8b6c-0b745d4ba5b0">
    </UnitTestResult>
    <UnitTestResult executionId="7bdddbbe-85a0-4f46-aacd-eee292e4a7ee" testId="787fedd9-a949-1ea5-7ca7-01f74f289b04" testName="test_if_then_without_valued_condition" computerName="HOME-E26FE83CAE" duration="00:00:00.0042645" startTime="2012-03-12T14:29:49.3593750-05:00" endTime="2012-03-12T14:29:49.3906250-05:00" testType="13cdc9d9-ddb5-4fa4-a97d-d965ccfc6d4b" outcome="Passed" testListId="8c84fa94-04c1-424b-9868-57a2d4851a1d" relativeResultsDirectory="7bdddbbe-85a0-4f46-aacd-eee292e4a7ee">
    </UnitTestResult>
    <UnitTestResult executionId="86456efc-fc6d-4857-9998-3d7d213ec93a" testId="7c7d2692-7ab1-c90f-37ca-eafa8321abdc" testName="test_invalid_mutually_recursive_function_depth_3" computerName="HOME-E26FE83CAE" duration="00:00:00.0056153" startTime="2012-03-12T14:29:49.4375000-05:00" endTime="2012-03-12T14:29:49.4687500-05:00" testType="13cdc9d9-ddb5-4fa4-a97d-d965ccfc6d4b" outcome="Passed" testListId="8c84fa94-04c1-424b-9868-57a2d4851a1d" relativeResultsDirectory="86456efc-fc6d-4857-9998-3d7d213ec93a">
    </UnitTestResult>
    <UnitTestResult executionId="1f547bc9-c5e4-4172-8378-98802e894d4e" testId="83e78d72-b212-dd46-9548-fec8071552c7" testName="test_expression_sequence_returns_last_value" computerName="HOME-E26FE83CAE" duration="00:00:00.0047810" startTime="2012-03-12T14:29:49.5156250-05:00" endTime="2012-03-12T14:29:49.5468750-05:00" testType="13cdc9d9-ddb5-4fa4-a97d-d965ccfc6d4b" outcome="Passed" testListId="8c84fa94-04c1-424b-9868-57a2d4851a1d" relativeResultsDirectory="1f547bc9-c5e4-4172-8378-98802e894d4e">
    </UnitTestResult>
    <UnitTestResult executionId="0960d211-2900-4dcb-a618-260ec6213a2a" testId="8a758c2f-0cd5-1d39-decc-a9938a65ea5c" testName="test_test14" computerName="HOME-E26FE83CAE" duration="00:00:00.0063742" startTime="2012-03-12T14:29:49.5937500-05:00" endTime="2012-03-12T14:29:49.6250000-05:00" testType="13cdc9d9-ddb5-4fa4-a97d-d965ccfc6d4b" outcome="Passed" testListId="8c84fa94-04c1-424b-9868-57a2d4851a1d" relativeResultsDirectory="0960d211-2900-4dcb-a618-260ec6213a2a">
    </UnitTestResult>
    <UnitTestResult executionId="e1ab6ae9-f081-4bd1-a260-95b0d267b7b8" testId="8c0af343-7fa9-77f2-656f-4d5deee86c5d" testName="test_array_string_nil" computerName="HOME-E26FE83CAE" duration="00:00:00.0042749" startTime="2012-03-12T14:29:49.6718750-05:00" endTime="2012-03-12T14:29:49.6875000-05:00" testType="13cdc9d9-ddb5-4fa4-a97d-d965ccfc6d4b" outcome="Passed" testListId="8c84fa94-04c1-424b-9868-57a2d4851a1d" relativeResultsDirectory="e1ab6ae9-f081-4bd1-a260-95b0d267b7b8">
    </UnitTestResult>
    <UnitTestResult executionId="21b50105-3eca-4dd9-b8a0-636c55df0d5e" testId="909f0493-3a2b-3db1-9239-46de00bd2132" testName="test_test4" computerName="HOME-E26FE83CAE" duration="00:00:00.0053818" startTime="2012-03-12T14:29:49.7343750-05:00" endTime="2012-03-12T14:29:49.7656250-05:00" testType="13cdc9d9-ddb5-4fa4-a97d-d965ccfc6d4b" outcome="Passed" testListId="8c84fa94-04c1-424b-9868-57a2d4851a1d" relativeResultsDirectory="21b50105-3eca-4dd9-b8a0-636c55df0d5e">
    </UnitTestResult>
    <UnitTestResult executionId="f4f7a504-3955-4262-a367-52598daec004" testId="914b2a0c-dbfa-15bf-c67e-da89c4c3ca96" testName="test_test11" computerName="HOME-E26FE83CAE" duration="00:00:00.0047642" startTime="2012-03-12T14:29:49.8125000-05:00" endTime="2012-03-12T14:29:49.8437500-05:00" testType="13cdc9d9-ddb5-4fa4-a97d-d965ccfc6d4b" outcome="Passed" testListId="8c84fa94-04c1-424b-9868-57a2d4851a1d" relativeResultsDirectory="f4f7a504-3955-4262-a367-52598daec004">
    </UnitTestResult>
    <UnitTestResult executionId="8478f69c-fd5a-4730-b2d4-4e5ff50af333" testId="97171acb-cce5-bb87-edb1-a40947c57107" testName="test_mod3" computerName="HOME-E26FE83CAE" duration="00:00:00.0049735" startTime="2012-03-12T14:29:49.8750000-05:00" endTime="2012-03-12T14:29:49.9062500-05:00" testType="13cdc9d9-ddb5-4fa4-a97d-d965ccfc6d4b" outcome="Passed" testListId="8c84fa94-04c1-424b-9868-57a2d4851a1d" relativeResultsDirectory="8478f69c-fd5a-4730-b2d4-4e5ff50af333">
    </UnitTestResult>
    <UnitTestResult executionId="4c575a46-89e6-4a14-8a51-afe1321bbbf7" testId="9936c7db-6cf6-2051-5d72-b9fe5c8e1ada" testName="test_test10" computerName="HOME-E26FE83CAE" duration="00:00:00.0049831" startTime="2012-03-12T14:29:49.9687500-05:00" endTime="2012-03-12T14:29:50.0000000-05:00" testType="13cdc9d9-ddb5-4fa4-a97d-d965ccfc6d4b" outcome="Passed" testListId="8c84fa94-04c1-424b-9868-57a2d4851a1d" relativeResultsDirectory="4c575a46-89e6-4a14-8a51-afe1321bbbf7">
    </UnitTestResult>
    <UnitTestResult executionId="2ed05e37-b432-4f78-bd88-aabb573bee4d" testId="99ccbccc-8faa-d870-7334-5e51e17814a3" testName="test_test29" computerName="HOME-E26FE83CAE" duration="00:00:00.0049578" startTime="2012-03-12T14:29:50.0312500-05:00" endTime="2012-03-12T14:29:50.0625000-05:00" testType="13cdc9d9-ddb5-4fa4-a97d-d965ccfc6d4b" outcome="Passed" testListId="8c84fa94-04c1-424b-9868-57a2d4851a1d" relativeResultsDirectory="2ed05e37-b432-4f78-bd88-aabb573bee4d">
    </UnitTestResult>
    <UnitTestResult executionId="d7f03c6a-214f-419b-8c0a-b328796cbd9f" testId="a077de67-c679-41e7-f6a0-f3e9004988c8" testName="test_test27" computerName="HOME-E26FE83CAE" duration="00:00:00.0048198" startTime="2012-03-12T14:29:50.1250000-05:00" endTime="2012-03-12T14:29:50.1562500-05:00" testType="13cdc9d9-ddb5-4fa4-a97d-d965ccfc6d4b" outcome="Passed" testListId="8c84fa94-04c1-424b-9868-57a2d4851a1d" relativeResultsDirectory="d7f03c6a-214f-419b-8c0a-b328796cbd9f">
    </UnitTestResult>
    <UnitTestResult executionId="8d713bf2-2e4f-47ef-b1b6-d5fea50affa6" testId="a2d926c3-2110-bd3c-06f7-e7b666840b6e" testName="test_invalid_mutually_recursive_record_depth_3" computerName="HOME-E26FE83CAE" duration="00:00:00.0048174" startTime="2012-03-12T14:29:50.2031250-05:00" endTime="2012-03-12T14:29:50.2343750-05:00" testType="13cdc9d9-ddb5-4fa4-a97d-d965ccfc6d4b" outcome="Passed" testListId="8c84fa94-04c1-424b-9868-57a2d4851a1d" relativeResultsDirectory="8d713bf2-2e4f-47ef-b1b6-d5fea50affa6">
    </UnitTestResult>
    <UnitTestResult executionId="9c02b69b-3f61-4cee-b1f4-da71bfbca602" testId="a384bb22-ddee-6569-96ae-a4c57e6d3916" testName="test_test8" computerName="HOME-E26FE83CAE" duration="00:00:00.0046361" startTime="2012-03-12T14:29:50.2812500-05:00" endTime="2012-03-12T14:29:50.2968750-05:00" testType="13cdc9d9-ddb5-4fa4-a97d-d965ccfc6d4b" outcome="Passed" testListId="8c84fa94-04c1-424b-9868-57a2d4851a1d" relativeResultsDirectory="9c02b69b-3f61-4cee-b1f4-da71bfbca602">
    </UnitTestResult>
    <UnitTestResult executionId="16d20fab-c9b8-4c1d-a4e4-0d68a6e78ad9" testId="a44cd249-8572-57ab-7e94-76db5bad3054" testName="test_mod5" computerName="HOME-E26FE83CAE" duration="00:00:00.0046727" startTime="2012-03-12T14:29:50.3593750-05:00" endTime="2012-03-12T14:29:50.3750000-05:00" testType="13cdc9d9-ddb5-4fa4-a97d-d965ccfc6d4b" outcome="Passed" testListId="8c84fa94-04c1-424b-9868-57a2d4851a1d" relativeResultsDirectory="16d20fab-c9b8-4c1d-a4e4-0d68a6e78ad9">
    </UnitTestResult>
    <UnitTestResult executionId="bb815682-79dd-42cc-8b67-773215e2219c" testId="a472785a-6aac-8d41-8d14-3df81fa7d043" testName="test_test18" computerName="HOME-E26FE83CAE" duration="00:00:00.0050348" startTime="2012-03-12T14:29:50.4218750-05:00" endTime="2012-03-12T14:29:50.4531250-05:00" testType="13cdc9d9-ddb5-4fa4-a97d-d965ccfc6d4b" outcome="Passed" testListId="8c84fa94-04c1-424b-9868-57a2d4851a1d" relativeResultsDirectory="bb815682-79dd-42cc-8b67-773215e2219c">
    </UnitTestResult>
    <UnitTestResult executionId="eac70ea9-fa10-4c7b-b7ce-3d4da5ee851f" testId="a59733da-8885-c1da-b119-165c79329a1b" testName="test_divide_between_non_valued_right" computerName="HOME-E26FE83CAE" duration="00:00:00.0047280" startTime="2012-03-12T14:29:50.7031250-05:00" endTime="2012-03-12T14:29:50.7343750-05:00" testType="13cdc9d9-ddb5-4fa4-a97d-d965ccfc6d4b" outcome="Passed" testListId="8c84fa94-04c1-424b-9868-57a2d4851a1d" relativeResultsDirectory="eac70ea9-fa10-4c7b-b7ce-3d4da5ee851f">
    </UnitTestResult>
    <UnitTestResult executionId="2d8167b5-f339-4c09-895b-d489e5913b04" testId="a7316259-a78f-4c76-fc44-43a2d7ccb76e" testName="test_mod7_1" computerName="HOME-E26FE83CAE" duration="00:00:00.0046893" startTime="2012-03-12T14:29:50.7812500-05:00" endTime="2012-03-12T14:29:50.8125000-05:00" testType="13cdc9d9-ddb5-4fa4-a97d-d965ccfc6d4b" outcome="Passed" testListId="8c84fa94-04c1-424b-9868-57a2d4851a1d" relativeResultsDirectory="2d8167b5-f339-4c09-895b-d489e5913b04">
    </UnitTestResult>
    <UnitTestResult executionId="4a0b4a66-b114-4db0-9f7d-7458a5b6b54d" testId="b072c1fb-dc11-85af-9856-d7106bde114d" testName="test_test32" computerName="HOME-E26FE83CAE" duration="00:00:00.0045219" startTime="2012-03-12T14:29:50.8593750-05:00" endTime="2012-03-12T14:29:50.8750000-05:00" testType="13cdc9d9-ddb5-4fa4-a97d-d965ccfc6d4b" outcome="Passed" testListId="8c84fa94-04c1-424b-9868-57a2d4851a1d" relativeResultsDirectory="4a0b4a66-b114-4db0-9f7d-7458a5b6b54d">
    </UnitTestResult>
    <UnitTestResult executionId="d8a31d2b-5335-41c4-bdf8-7671dee58595" testId="b4c7ef8d-acd4-bb81-a04e-3b27f1d00de4" testName="test_inferred_variable_incompatibles_type" computerName="HOME-E26FE83CAE" duration="00:00:00.0054148" startTime="2012-03-12T14:29:50.9375000-05:00" endTime="2012-03-12T14:29:50.9531250-05:00" testType="13cdc9d9-ddb5-4fa4-a97d-d965ccfc6d4b" outcome="Passed" testListId="8c84fa94-04c1-424b-9868-57a2d4851a1d" relativeResultsDirectory="d8a31d2b-5335-41c4-bdf8-7671dee58595">
    </UnitTestResult>
    <UnitTestResult executionId="69ead590-e742-4af2-8f97-4cbfd37ef0ae" testId="b59a94a6-b3eb-5bc0-dedb-53c312b3dd38" testName="test_mutually_recursive_alias" computerName="HOME-E26FE83CAE" duration="00:00:00.0048280" startTime="2012-03-12T14:29:51.0000000-05:00" endTime="2012-03-12T14:29:51.0312500-05:00" testType="13cdc9d9-ddb5-4fa4-a97d-d965ccfc6d4b" outcome="Passed" testListId="8c84fa94-04c1-424b-9868-57a2d4851a1d" relativeResultsDirectory="69ead590-e742-4af2-8f97-4cbfd37ef0ae">
    </UnitTestResult>
    <UnitTestResult executionId="7e51c52d-c3ea-4b69-9d8e-79aa023346a4" testId="b62d9364-7778-3e50-d7a6-6bf0ce856a2f" testName="test_and_operator_returns_value" computerName="HOME-E26FE83CAE" duration="00:00:00.0045950" startTime="2012-03-12T14:29:51.0781250-05:00" endTime="2012-03-12T14:29:51.1093750-05:00" testType="13cdc9d9-ddb5-4fa4-a97d-d965ccfc6d4b" outcome="Passed" testListId="8c84fa94-04c1-424b-9868-57a2d4851a1d" relativeResultsDirectory="7e51c52d-c3ea-4b69-9d8e-79aa023346a4">
    </UnitTestResult>
    <UnitTestResult executionId="4abdf8ca-737a-4dee-a0b4-da48aad63814" testId="baf2563e-3009-d447-b0e7-170ab8463071" testName="test_test31" computerName="HOME-E26FE83CAE" duration="00:00:00.0048178" startTime="2012-03-12T14:29:51.1562500-05:00" endTime="2012-03-12T14:29:51.1718750-05:00" testType="13cdc9d9-ddb5-4fa4-a97d-d965ccfc6d4b" outcome="Passed" testListId="8c84fa94-04c1-424b-9868-57a2d4851a1d" relativeResultsDirectory="4abdf8ca-737a-4dee-a0b4-da48aad63814">
    </UnitTestResult>
    <UnitTestResult executionId="610a6d36-e09b-4b0f-89b2-d9a8281cef33" testId="bc0e1316-dbe6-b028-ade7-bfc7507988f6" testName="test_test22" computerName="HOME-E26FE83CAE" duration="00:00:00.0046265" startTime="2012-03-12T14:29:51.2187500-05:00" endTime="2012-03-12T14:29:51.2500000-05:00" testType="13cdc9d9-ddb5-4fa4-a97d-d965ccfc6d4b" outcome="Passed" testListId="8c84fa94-04c1-424b-9868-57a2d4851a1d" relativeResultsDirectory="610a6d36-e09b-4b0f-89b2-d9a8281cef33">
    </UnitTestResult>
    <UnitTestResult executionId="041c09ea-d0d7-4d18-a4ab-cc5251d8bc73" testId="bedda814-012f-44ec-c334-f993d0f501c2" testName="test_incompatible_types_jagged_array" computerName="HOME-E26FE83CAE" duration="00:00:00.0056651" startTime="2012-03-12T14:29:51.2968750-05:00" endTime="2012-03-12T14:29:51.3281250-05:00" testType="13cdc9d9-ddb5-4fa4-a97d-d965ccfc6d4b" outcome="Passed" testListId="8c84fa94-04c1-424b-9868-57a2d4851a1d" relativeResultsDirectory="041c09ea-d0d7-4d18-a4ab-cc5251d8bc73">
    </UnitTestResult>
    <UnitTestResult executionId="26246d44-f58e-4eb6-80d1-b9346d44aa5a" testId="c20e51b4-12b3-e19f-44f0-68b615cb9d34" testName="test_test42" computerName="HOME-E26FE83CAE" duration="00:00:13.3125000" startTime="2012-03-12T14:29:51.3750000-05:00" endTime="2012-03-12T14:30:04.6875000-05:00" testType="13cdc9d9-ddb5-4fa4-a97d-d965ccfc6d4b" outcome="Aborted" testListId="8c84fa94-04c1-424b-9868-57a2d4851a1d" relativeResultsDirectory="26246d44-f58e-4eb6-80d1-b9346d44aa5a">
    </UnitTestResult>
    <UnitTestResult executionId="45d03e35-8e69-4d9a-8f61-0cffee5945e8" testId="c348fff9-c0f5-4dfb-10de-9bcc6c0e2e35" testName="test_test49" computerName="HOME-E26FE83CAE" testType="13cdc9d9-ddb5-4fa4-a97d-d965ccfc6d4b" outcome="NotExecuted" testListId="8c84fa94-04c1-424b-9868-57a2d4851a1d" relativeResultsDirectory="45d03e35-8e69-4d9a-8f61-0cffee5945e8">
    </UnitTestResult>
    <UnitTestResult executionId="c6eeadc0-9936-4f55-b26f-c6fae2bb5061" testId="c3679b4e-0952-8b62-ff50-a38002b5bb13" testName="test_mod4" computerName="HOME-E26FE83CAE" testType="13cdc9d9-ddb5-4fa4-a97d-d965ccfc6d4b" outcome="NotExecuted" testListId="8c84fa94-04c1-424b-9868-57a2d4851a1d" relativeResultsDirectory="c6eeadc0-9936-4f55-b26f-c6fae2bb5061">
    </UnitTestResult>
    <UnitTestResult executionId="6c1adff6-f527-4949-8439-b71174382f88" testId="c4fa99d9-cca8-ac70-06bb-cefbec6e204e" testName="test_test15" computerName="HOME-E26FE83CAE" testType="13cdc9d9-ddb5-4fa4-a97d-d965ccfc6d4b" outcome="NotExecuted" testListId="8c84fa94-04c1-424b-9868-57a2d4851a1d" relativeResultsDirectory="6c1adff6-f527-4949-8439-b71174382f88">
    </UnitTestResult>
    <UnitTestResult executionId="44ffdbad-fb44-4ac3-8faf-d0ad0c8a1593" testId="c4fb2239-0b02-8afd-06d9-ec6f804a8a52" testName="test_test2" computerName="HOME-E26FE83CAE" testType="13cdc9d9-ddb5-4fa4-a97d-d965ccfc6d4b" outcome="NotExecuted" testListId="8c84fa94-04c1-424b-9868-57a2d4851a1d" relativeResultsDirectory="44ffdbad-fb44-4ac3-8faf-d0ad0c8a1593">
    </UnitTestResult>
    <UnitTestResult executionId="60f9e8fd-2102-4bd4-921f-f5c96914ab07" testId="c61736dc-d6c8-f953-d484-0d9a5b344127" testName="test_nested_unavailable_function" computerName="HOME-E26FE83CAE" testType="13cdc9d9-ddb5-4fa4-a97d-d965ccfc6d4b" outcome="NotExecuted" testListId="8c84fa94-04c1-424b-9868-57a2d4851a1d" relativeResultsDirectory="60f9e8fd-2102-4bd4-921f-f5c96914ab07">
    </UnitTestResult>
    <UnitTestResult executionId="07b0e0e8-79e3-4c89-b517-77771cd68c9e" testId="c8045a47-9964-f48c-6e03-79936fb7aaa2" testName="test_test24" computerName="HOME-E26FE83CAE" testType="13cdc9d9-ddb5-4fa4-a97d-d965ccfc6d4b" outcome="NotExecuted" testListId="8c84fa94-04c1-424b-9868-57a2d4851a1d" relativeResultsDirectory="07b0e0e8-79e3-4c89-b517-77771cd68c9e">
    </UnitTestResult>
    <UnitTestResult executionId="3243948a-1511-47ab-97a5-56406f58445d" testId="cab8b132-edf3-b22a-dafd-52e3f1e74a4c" testName="test_test19" computerName="HOME-E26FE83CAE" testType="13cdc9d9-ddb5-4fa4-a97d-d965ccfc6d4b" outcome="NotExecuted" testListId="8c84fa94-04c1-424b-9868-57a2d4851a1d" relativeResultsDirectory="3243948a-1511-47ab-97a5-56406f58445d">
    </UnitTestResult>
    <UnitTestResult executionId="1be63034-2ce9-4ee4-b49a-1fb14e1658a4" testId="cda3dbd2-47ba-daee-07dc-a896644e4d82" testName="test_test45" computerName="HOME-E26FE83CAE" testType="13cdc9d9-ddb5-4fa4-a97d-d965ccfc6d4b" outcome="NotExecuted" testListId="8c84fa94-04c1-424b-9868-57a2d4851a1d" relativeResultsDirectory="1be63034-2ce9-4ee4-b49a-1fb14e1658a4">
    </UnitTestResult>
    <UnitTestResult executionId="5be901c6-64e3-4a73-b5c5-546ec0491c45" testId="ce2a8c2f-bbc2-eed5-1248-002e2907786b" testName="test_break_out_of_for" computerName="HOME-E26FE83CAE" testType="13cdc9d9-ddb5-4fa4-a97d-d965ccfc6d4b" outcome="NotExecuted" testListId="8c84fa94-04c1-424b-9868-57a2d4851a1d" relativeResultsDirectory="5be901c6-64e3-4a73-b5c5-546ec0491c45">
    </UnitTestResult>
    <UnitTestResult executionId="289bee4e-f076-4c64-8c8a-362c9a03bae0" testId="d050111e-1afa-c332-bab6-dc16fcf18a86" testName="test_test48" computerName="HOME-E26FE83CAE" testType="13cdc9d9-ddb5-4fa4-a97d-d965ccfc6d4b" outcome="NotExecuted" testListId="8c84fa94-04c1-424b-9868-57a2d4851a1d" relativeResultsDirectory="289bee4e-f076-4c64-8c8a-362c9a03bae0">
    </UnitTestResult>
    <UnitTestResult executionId="fa0e49c8-d44d-4160-9ea3-df9844f4120c" testId="d06f6746-ead1-f925-4604-460409e84f79" testName="test_test7" computerName="HOME-E26FE83CAE" testType="13cdc9d9-ddb5-4fa4-a97d-d965ccfc6d4b" outcome="NotExecuted" testListId="8c84fa94-04c1-424b-9868-57a2d4851a1d" relativeResultsDirectory="fa0e49c8-d44d-4160-9ea3-df9844f4120c">
    </UnitTestResult>
    <UnitTestResult executionId="35e0d555-e9e7-4da9-80a3-ef586f1a7b15" testId="d6875146-3a82-65ba-0dc8-a42d822217f6" testName="test_test9" computerName="HOME-E26FE83CAE" testType="13cdc9d9-ddb5-4fa4-a97d-d965ccfc6d4b" outcome="NotExecuted" testListId="8c84fa94-04c1-424b-9868-57a2d4851a1d" relativeResultsDirectory="35e0d555-e9e7-4da9-80a3-ef586f1a7b15">
    </UnitTestResult>
    <UnitTestResult executionId="27947f22-ba45-4049-84e8-f52abbc78012" testId="d690abc7-a328-cd83-8fdc-b127cf098887" testName="test_test25" computerName="HOME-E26FE83CAE" testType="13cdc9d9-ddb5-4fa4-a97d-d965ccfc6d4b" outcome="NotExecuted" testListId="8c84fa94-04c1-424b-9868-57a2d4851a1d" relativeResultsDirectory="27947f22-ba45-4049-84e8-f52abbc78012">
    </UnitTestResult>
    <UnitTestResult executionId="e1bcb601-d27f-40ff-90c7-204d77abea06" testId="d93fbe60-89ed-bf54-6dfb-bec94ee26025" testName="test_test35" computerName="HOME-E26FE83CAE" testType="13cdc9d9-ddb5-4fa4-a97d-d965ccfc6d4b" outcome="NotExecuted" testListId="8c84fa94-04c1-424b-9868-57a2d4851a1d" relativeResultsDirectory="e1bcb601-d27f-40ff-90c7-204d77abea06">
    </UnitTestResult>
    <UnitTestResult executionId="3c290bbf-d00e-45c4-b84f-50fe2358bd8e" testId="da3e1bea-fd68-3dc0-d517-eb40039703ee" testName="test_test17" computerName="HOME-E26FE83CAE" testType="13cdc9d9-ddb5-4fa4-a97d-d965ccfc6d4b" outcome="NotExecuted" testListId="8c84fa94-04c1-424b-9868-57a2d4851a1d" relativeResultsDirectory="3c290bbf-d00e-45c4-b84f-50fe2358bd8e">
    </UnitTestResult>
    <UnitTestResult executionId="8beb1919-2469-41ca-8e42-1f45e9745c4a" testId="dc1b746a-01eb-32a1-dd9f-13724fc026ff" testName="test_test13" computerName="HOME-E26FE83CAE" testType="13cdc9d9-ddb5-4fa4-a97d-d965ccfc6d4b" outcome="NotExecuted" testListId="8c84fa94-04c1-424b-9868-57a2d4851a1d" relativeResultsDirectory="8beb1919-2469-41ca-8e42-1f45e9745c4a">
    </UnitTestResult>
    <UnitTestResult executionId="64233909-9aec-493b-a210-852876d07e3c" testId="e202bc60-0634-baa5-9fb7-e483d26688e3" testName="test_test43" computerName="HOME-E26FE83CAE" testType="13cdc9d9-ddb5-4fa4-a97d-d965ccfc6d4b" outcome="NotExecuted" testListId="8c84fa94-04c1-424b-9868-57a2d4851a1d" relativeResultsDirectory="64233909-9aec-493b-a210-852876d07e3c">
    </UnitTestResult>
    <UnitTestResult executionId="a8a26c7d-7324-45d1-9d41-11a60337c3af" testId="e23ffe73-c0b4-23de-3266-456dece737db" testName="test_test37" computerName="HOME-E26FE83CAE" testType="13cdc9d9-ddb5-4fa4-a97d-d965ccfc6d4b" outcome="NotExecuted" testListId="8c84fa94-04c1-424b-9868-57a2d4851a1d" relativeResultsDirectory="a8a26c7d-7324-45d1-9d41-11a60337c3af">
    </UnitTestResult>
    <UnitTestResult executionId="1228f2d1-391f-44ee-a63f-38df809c158e" testId="e5ba5b84-693c-c274-9024-67714abfd289" testName="test_recursive_array" computerName="HOME-E26FE83CAE" testType="13cdc9d9-ddb5-4fa4-a97d-d965ccfc6d4b" outcome="NotExecuted" testListId="8c84fa94-04c1-424b-9868-57a2d4851a1d" relativeResultsDirectory="1228f2d1-391f-44ee-a63f-38df809c158e">
    </UnitTestResult>
    <UnitTestResult executionId="09632b95-c9f4-43b0-b599-6c02eb283eb8" testId="e6694f75-d598-6ffe-9c8e-bbfaecee7755" testName="test_queens" computerName="HOME-E26FE83CAE" testType="13cdc9d9-ddb5-4fa4-a97d-d965ccfc6d4b" outcome="NotExecuted" testListId="8c84fa94-04c1-424b-9868-57a2d4851a1d" relativeResultsDirectory="09632b95-c9f4-43b0-b599-6c02eb283eb8">
    </UnitTestResult>
    <UnitTestResult executionId="bc4942d1-6056-45f5-800d-c403a0968d22" testId="e8d2f115-d73c-2867-cfd5-f324a2ef1c4b" testName="test_array_init" computerName="HOME-E26FE83CAE" testType="13cdc9d9-ddb5-4fa4-a97d-d965ccfc6d4b" outcome="NotExecuted" testListId="8c84fa94-04c1-424b-9868-57a2d4851a1d" relativeResultsDirectory="bc4942d1-6056-45f5-800d-c403a0968d22">
    </UnitTestResult>
    <UnitTestResult executionId="602a10a3-3dcb-44bd-bee8-f0d7238aecf9" testId="ecf43549-1da5-5f9d-4f70-8ce66cfb75f9" testName="test_undefined_type_for_alias" computerName="HOME-E26FE83CAE" testType="13cdc9d9-ddb5-4fa4-a97d-d965ccfc6d4b" outcome="NotExecuted" testListId="8c84fa94-04c1-424b-9868-57a2d4851a1d" relativeResultsDirectory="602a10a3-3dcb-44bd-bee8-f0d7238aecf9">
    </UnitTestResult>
    <UnitTestResult executionId="7ba3d62b-4c1f-4671-95d5-8390c52fd2b0" testId="eec5b161-be3c-10b7-c8a8-069c5234b535" testName="test_test21" computerName="HOME-E26FE83CAE" testType="13cdc9d9-ddb5-4fa4-a97d-d965ccfc6d4b" outcome="NotExecuted" testListId="8c84fa94-04c1-424b-9868-57a2d4851a1d" relativeResultsDirectory="7ba3d62b-4c1f-4671-95d5-8390c52fd2b0">
    </UnitTestResult>
    <UnitTestResult executionId="dbc69cc8-30a3-4ddd-a5e8-f8186cb47a6b" testId="f16497eb-6a01-ee64-493f-fa445e31a0a3" testName="test_test39" computerName="HOME-E26FE83CAE" testType="13cdc9d9-ddb5-4fa4-a97d-d965ccfc6d4b" outcome="NotExecuted" testListId="8c84fa94-04c1-424b-9868-57a2d4851a1d" relativeResultsDirectory="dbc69cc8-30a3-4ddd-a5e8-f8186cb47a6b">
    </UnitTestResult>
    <UnitTestResult executionId="f2f7196c-e1f0-41e8-b8f3-7d9320e9197e" testId="f178d479-04b2-1f51-5b83-340d9c464883" testName="test_test33" computerName="HOME-E26FE83CAE" testType="13cdc9d9-ddb5-4fa4-a97d-d965ccfc6d4b" outcome="NotExecuted" testListId="8c84fa94-04c1-424b-9868-57a2d4851a1d" relativeResultsDirectory="f2f7196c-e1f0-41e8-b8f3-7d9320e9197e">
    </UnitTestResult>
    <UnitTestResult executionId="4e181aab-8940-4b26-ac10-a877c603d8d0" testId="f1ff68f4-2ce6-1ac3-921c-079b2b95706c" testName="test_differents_types_array_assign" computerName="HOME-E26FE83CAE" testType="13cdc9d9-ddb5-4fa4-a97d-d965ccfc6d4b" outcome="NotExecuted" testListId="8c84fa94-04c1-424b-9868-57a2d4851a1d" relativeResultsDirectory="4e181aab-8940-4b26-ac10-a877c603d8d0">
    </UnitTestResult>
    <UnitTestResult executionId="59a7c70d-1fa2-458b-9b2f-95effa77c8eb" testId="f4efcf97-2817-134e-d4cd-02e0e8ed7f47" testName="test_invalid_mutually_recursive_function_depth_4" computerName="HOME-E26FE83CAE" testType="13cdc9d9-ddb5-4fa4-a97d-d965ccfc6d4b" outcome="NotExecuted" testListId="8c84fa94-04c1-424b-9868-57a2d4851a1d" relativeResultsDirectory="59a7c70d-1fa2-458b-9b2f-95effa77c8eb">
    </UnitTestResult>
    <UnitTestResult executionId="0cb27623-ebd1-4d0a-8291-629dadef47c0" testId="f671f60d-5960-0a4e-25da-4be80fa480eb" testName="test_str" computerName="HOME-E26FE83CAE" testType="13cdc9d9-ddb5-4fa4-a97d-d965ccfc6d4b" outcome="NotExecuted" testListId="8c84fa94-04c1-424b-9868-57a2d4851a1d" relativeResultsDirectory="0cb27623-ebd1-4d0a-8291-629dadef47c0">
    </UnitTestResult>
    <UnitTestResult executionId="4f6f6b20-311e-459e-bb4d-4d151594a36a" testId="f72187fc-b3e0-b7a6-6724-df81d1bfb604" testName="test_mod7_2" computerName="HOME-E26FE83CAE" testType="13cdc9d9-ddb5-4fa4-a97d-d965ccfc6d4b" outcome="NotExecuted" testListId="8c84fa94-04c1-424b-9868-57a2d4851a1d" relativeResultsDirectory="4f6f6b20-311e-459e-bb4d-4d151594a36a">
    </UnitTestResult>
    <UnitTestResult executionId="574e8c24-9977-4f8d-bbcf-b7837db8133e" testId="f7361c7c-3b0f-6086-f159-11b4844d843d" testName="test_record_literal_invalid_types" computerName="HOME-E26FE83CAE" testType="13cdc9d9-ddb5-4fa4-a97d-d965ccfc6d4b" outcome="NotExecuted" testListId="8c84fa94-04c1-424b-9868-57a2d4851a1d" relativeResultsDirectory="574e8c24-9977-4f8d-bbcf-b7837db8133e">
    </UnitTestResult>
    <UnitTestResult executionId="5e60da84-256c-4938-8292-c1d0abb9c35c" testId="f8f7e3fc-a32f-4b7e-3884-a77c284c6334" testName="test_test30" computerName="HOME-E26FE83CAE" testType="13cdc9d9-ddb5-4fa4-a97d-d965ccfc6d4b" outcome="NotExecuted" testListId="8c84fa94-04c1-424b-9868-57a2d4851a1d" relativeResultsDirectory="5e60da84-256c-4938-8292-c1d0abb9c35c">
    </UnitTestResult>
    <UnitTestResult executionId="d69f0df3-65e0-4b8e-a5a4-1b0f1315de96" testId="f96446f0-229a-33bf-fd57-40890b9bd378" testName="test_test36" computerName="HOME-E26FE83CAE" testType="13cdc9d9-ddb5-4fa4-a97d-d965ccfc6d4b" outcome="NotExecuted" testListId="8c84fa94-04c1-424b-9868-57a2d4851a1d" relativeResultsDirectory="d69f0df3-65e0-4b8e-a5a4-1b0f1315de96">
    </UnitTestResult>
    <UnitTestResult executionId="94878271-dc04-405f-9ef8-b3d1a3b33cdb" testId="fb90f7ed-7430-80a6-0f96-1278e7153aad" testName="test_test16" computerName="HOME-E26FE83CAE" testType="13cdc9d9-ddb5-4fa4-a97d-d965ccfc6d4b" outcome="NotExecuted" testListId="8c84fa94-04c1-424b-9868-57a2d4851a1d" relativeResultsDirectory="94878271-dc04-405f-9ef8-b3d1a3b33cdb">
    </UnitTestResult>
    <UnitTestResult executionId="e59e0171-7b72-4bc6-87eb-cd444d2095f3" testId="ff4c30d4-0e18-8aac-65dc-3010d8dc6819" testName="test_test46" computerName="HOME-E26FE83CAE" testType="13cdc9d9-ddb5-4fa4-a97d-d965ccfc6d4b" outcome="NotExecuted" testListId="8c84fa94-04c1-424b-9868-57a2d4851a1d" relativeResultsDirectory="e59e0171-7b72-4bc6-87eb-cd444d2095f3">
    </UnitTestResult>
  </Results>
</TestRun>