<?xml version="1.0" encoding="UTF-8"?>
<TestRun id="c6f58b72-036d-4ca9-8f08-646be9bdd529" name="Dany@HOME-E26FE83CAE 2012-03-12 14:15:15" runUser="HOME-E26FE83CAE\Dany" xmlns="http://microsoft.com/schemas/VisualStudio/TeamTest/2010">
  <TestSettings name="Local" id="db3fc4c5-9574-448a-acee-8bc54bdc550b">
    <Description>These are default test settings for a local test run.</Description>
    <Deployment enabled="false" runDeploymentRoot="Dany_HOME-E26FE83CAE 2012-03-12 14_15_15">
      <DeploymentItem filename="H:\lastversion\Compiler 8-3-2012\CompilersUtils\bin\Debug\CompilersUtils.dll" />
    </Deployment>
    <Execution>
      <TestTypeSpecific />
      <AgentRule name="Execution Agents">
      </AgentRule>
    </Execution>
  </TestSettings>
  <Times creation="2012-03-12T14:15:15.8906250-05:00" queuing="2012-03-12T14:15:19.1250000-05:00" start="2012-03-12T14:15:19.5156250-05:00" finish="2012-03-12T14:15:31.0000000-05:00" />
  <ResultSummary outcome="Completed">
    <Counters total="93" executed="93" passed="93" error="0" failed="0" timeout="0" aborted="0" inconclusive="0" passedButRunAborted="0" notRunnable="0" notExecuted="0" disconnected="0" warning="0" completed="0" inProgress="0" pending="0" />
  </ResultSummary>
  <TestDefinitions>
    <UnitTest name="test_array_string_nil" storage="h:\lastversion\compiler 8-3-2012\testcompilertotiger\bin\debug\testcompilertotiger.dll" id="8c0af343-7fa9-77f2-656f-4d5deee86c5d">
      <Execution id="60ede1a9-8025-4e58-bcc9-e72f69a2a5b2" />
      <TestMethod codeBase="H:/lastversion/Compiler 8-3-2012/TestCompilerToTiger/bin/Debug/TestCompilerToTiger.DLL" adapterTypeName="Microsoft.VisualStudio.TestTools.TestTypes.Unit.UnitTestAdapter, Microsoft.VisualStudio.QualityTools.Tips.UnitTest.Adapter, Version=10.0.0.0, Culture=neutral, PublicKeyToken=b03f5f7f11d50a3a" className="TestCompilerToTiger.UnitTest1, TestCompilerToTiger, Version=1.0.0.0, Culture=neutral, PublicKeyToken=null" name="test_array_string_nil" />
    </UnitTest>
    <UnitTest name="test_test26" storage="h:\lastversion\compiler 8-3-2012\testcompilertotiger\bin\debug\testcompilertotiger.dll" id="044ddcd4-6330-7a22-e9f8-f33b453f18d7">
      <Execution id="fa900768-ac1e-4880-906e-624f33970135" />
      <TestMethod codeBase="H:/lastversion/Compiler 8-3-2012/TestCompilerToTiger/bin/Debug/TestCompilerToTiger.DLL" adapterTypeName="Microsoft.VisualStudio.TestTools.TestTypes.Unit.UnitTestAdapter, Microsoft.VisualStudio.QualityTools.Tips.UnitTest.Adapter, Version=10.0.0.0, Culture=neutral, PublicKeyToken=b03f5f7f11d50a3a" className="TestCompilerToTiger.UnitTest1, TestCompilerToTiger, Version=1.0.0.0, Culture=neutral, PublicKeyToken=null" name="test_test26" />
    </UnitTest>
    <UnitTest name="test_invalid_mutually_recursive_function_depth_4" storage="h:\lastversion\compiler 8-3-2012\testcompilertotiger\bin\debug\testcompilertotiger.dll" id="f4efcf97-2817-134e-d4cd-02e0e8ed7f47">
      <Execution id="25f9b631-332c-49a3-9873-bceab431f3b9" />
      <TestMethod codeBase="H:/lastversion/Compiler 8-3-2012/TestCompilerToTiger/bin/Debug/TestCompilerToTiger.DLL" adapterTypeName="Microsoft.VisualStudio.TestTools.TestTypes.Unit.UnitTestAdapter, Microsoft.VisualStudio.QualityTools.Tips.UnitTest.Adapter, Version=10.0.0.0, Culture=neutral, PublicKeyToken=b03f5f7f11d50a3a" className="TestCompilerToTiger.UnitTest1, TestCompilerToTiger, Version=1.0.0.0, Culture=neutral, PublicKeyToken=null" name="test_invalid_mutually_recursive_function_depth_4" />
    </UnitTest>
    <UnitTest name="test_recursive_array_alias" storage="h:\lastversion\compiler 8-3-2012\testcompilertotiger\bin\debug\testcompilertotiger.dll" id="041998ab-07f9-73fa-8039-7d960c796110">
      <Execution id="8a86d9c1-db0d-4ed6-ab10-7b7ea57927cf" />
      <TestMethod codeBase="H:/lastversion/Compiler 8-3-2012/TestCompilerToTiger/bin/Debug/TestCompilerToTiger.DLL" adapterTypeName="Microsoft.VisualStudio.TestTools.TestTypes.Unit.UnitTestAdapter, Microsoft.VisualStudio.QualityTools.Tips.UnitTest.Adapter, Version=10.0.0.0, Culture=neutral, PublicKeyToken=b03f5f7f11d50a3a" className="TestCompilerToTiger.UnitTest1, TestCompilerToTiger, Version=1.0.0.0, Culture=neutral, PublicKeyToken=null" name="test_recursive_array_alias" />
    </UnitTest>
    <UnitTest name="test_test8" storage="h:\lastversion\compiler 8-3-2012\testcompilertotiger\bin\debug\testcompilertotiger.dll" id="a384bb22-ddee-6569-96ae-a4c57e6d3916">
      <Execution id="b34ac493-17ee-4a0b-adf0-2106243af68c" />
      <TestMethod codeBase="H:/lastversion/Compiler 8-3-2012/TestCompilerToTiger/bin/Debug/TestCompilerToTiger.DLL" adapterTypeName="Microsoft.VisualStudio.TestTools.TestTypes.Unit.UnitTestAdapter, Microsoft.VisualStudio.QualityTools.Tips.UnitTest.Adapter, Version=10.0.0.0, Culture=neutral, PublicKeyToken=b03f5f7f11d50a3a" className="TestCompilerToTiger.UnitTest1, TestCompilerToTiger, Version=1.0.0.0, Culture=neutral, PublicKeyToken=null" name="test_test8" />
    </UnitTest>
    <UnitTest name="test_and_operator_returns_value" storage="h:\lastversion\compiler 8-3-2012\testcompilertotiger\bin\debug\testcompilertotiger.dll" id="b62d9364-7778-3e50-d7a6-6bf0ce856a2f">
      <Execution id="dd269b61-0f80-4b09-9908-82043b7252a0" />
      <TestMethod codeBase="H:/lastversion/Compiler 8-3-2012/TestCompilerToTiger/bin/Debug/TestCompilerToTiger.DLL" adapterTypeName="Microsoft.VisualStudio.TestTools.TestTypes.Unit.UnitTestAdapter, Microsoft.VisualStudio.QualityTools.Tips.UnitTest.Adapter, Version=10.0.0.0, Culture=neutral, PublicKeyToken=b03f5f7f11d50a3a" className="TestCompilerToTiger.UnitTest1, TestCompilerToTiger, Version=1.0.0.0, Culture=neutral, PublicKeyToken=null" name="test_and_operator_returns_value" />
    </UnitTest>
    <UnitTest name="test_test19" storage="h:\lastversion\compiler 8-3-2012\testcompilertotiger\bin\debug\testcompilertotiger.dll" id="cab8b132-edf3-b22a-dafd-52e3f1e74a4c">
      <Execution id="8f6585fd-7496-4896-9f4d-00b025cdfd31" />
      <TestMethod codeBase="H:/lastversion/Compiler 8-3-2012/TestCompilerToTiger/bin/Debug/TestCompilerToTiger.DLL" adapterTypeName="Microsoft.VisualStudio.TestTools.TestTypes.Unit.UnitTestAdapter, Microsoft.VisualStudio.QualityTools.Tips.UnitTest.Adapter, Version=10.0.0.0, Culture=neutral, PublicKeyToken=b03f5f7f11d50a3a" className="TestCompilerToTiger.UnitTest1, TestCompilerToTiger, Version=1.0.0.0, Culture=neutral, PublicKeyToken=null" name="test_test19" />
    </UnitTest>
    <UnitTest name="test_test35" storage="h:\lastversion\compiler 8-3-2012\testcompilertotiger\bin\debug\testcompilertotiger.dll" id="d93fbe60-89ed-bf54-6dfb-bec94ee26025">
      <Execution id="27453ccf-8857-444c-aa37-b2b9f9cfefda" />
      <TestMethod codeBase="H:/lastversion/Compiler 8-3-2012/TestCompilerToTiger/bin/Debug/TestCompilerToTiger.DLL" adapterTypeName="Microsoft.VisualStudio.TestTools.TestTypes.Unit.UnitTestAdapter, Microsoft.VisualStudio.QualityTools.Tips.UnitTest.Adapter, Version=10.0.0.0, Culture=neutral, PublicKeyToken=b03f5f7f11d50a3a" className="TestCompilerToTiger.UnitTest1, TestCompilerToTiger, Version=1.0.0.0, Culture=neutral, PublicKeyToken=null" name="test_test35" />
    </UnitTest>
    <UnitTest name="test_record_literal_invalid_types" storage="h:\lastversion\compiler 8-3-2012\testcompilertotiger\bin\debug\testcompilertotiger.dll" id="f7361c7c-3b0f-6086-f159-11b4844d843d">
      <Execution id="725cef26-8df8-4b20-8df0-258131a86930" />
      <TestMethod codeBase="H:/lastversion/Compiler 8-3-2012/TestCompilerToTiger/bin/Debug/TestCompilerToTiger.DLL" adapterTypeName="Microsoft.VisualStudio.TestTools.TestTypes.Unit.UnitTestAdapter, Microsoft.VisualStudio.QualityTools.Tips.UnitTest.Adapter, Version=10.0.0.0, Culture=neutral, PublicKeyToken=b03f5f7f11d50a3a" className="TestCompilerToTiger.UnitTest1, TestCompilerToTiger, Version=1.0.0.0, Culture=neutral, PublicKeyToken=null" name="test_record_literal_invalid_types" />
    </UnitTest>
    <UnitTest name="test_record_access_incompatibles_types" storage="h:\lastversion\compiler 8-3-2012\testcompilertotiger\bin\debug\testcompilertotiger.dll" id="6cf631e1-db7e-962a-558e-bc54f36bb57a">
      <Execution id="487fd6c1-9880-4288-845e-1bc6f1d5199f" />
      <TestMethod codeBase="H:/lastversion/Compiler 8-3-2012/TestCompilerToTiger/bin/Debug/TestCompilerToTiger.DLL" adapterTypeName="Microsoft.VisualStudio.TestTools.TestTypes.Unit.UnitTestAdapter, Microsoft.VisualStudio.QualityTools.Tips.UnitTest.Adapter, Version=10.0.0.0, Culture=neutral, PublicKeyToken=b03f5f7f11d50a3a" className="TestCompilerToTiger.UnitTest1, TestCompilerToTiger, Version=1.0.0.0, Culture=neutral, PublicKeyToken=null" name="test_record_access_incompatibles_types" />
    </UnitTest>
    <UnitTest name="test_break_out_of_for" storage="h:\lastversion\compiler 8-3-2012\testcompilertotiger\bin\debug\testcompilertotiger.dll" id="ce2a8c2f-bbc2-eed5-1248-002e2907786b">
      <Execution id="273c5ac3-1e9e-4c99-85f2-7b1c068022f4" />
      <TestMethod codeBase="H:/lastversion/Compiler 8-3-2012/TestCompilerToTiger/bin/Debug/TestCompilerToTiger.DLL" adapterTypeName="Microsoft.VisualStudio.TestTools.TestTypes.Unit.UnitTestAdapter, Microsoft.VisualStudio.QualityTools.Tips.UnitTest.Adapter, Version=10.0.0.0, Culture=neutral, PublicKeyToken=b03f5f7f11d50a3a" className="TestCompilerToTiger.UnitTest1, TestCompilerToTiger, Version=1.0.0.0, Culture=neutral, PublicKeyToken=null" name="test_break_out_of_for" />
    </UnitTest>
    <UnitTest name="test_undefined_type_for_array_declaration" storage="h:\lastversion\compiler 8-3-2012\testcompilertotiger\bin\debug\testcompilertotiger.dll" id="30a9dc30-d90c-bbee-e587-6b840a964a32">
      <Execution id="243c9bdb-012c-4145-a6b6-a4c645981ce2" />
      <TestMethod codeBase="H:/lastversion/Compiler 8-3-2012/TestCompilerToTiger/bin/Debug/TestCompilerToTiger.DLL" adapterTypeName="Microsoft.VisualStudio.TestTools.TestTypes.Unit.UnitTestAdapter, Microsoft.VisualStudio.QualityTools.Tips.UnitTest.Adapter, Version=10.0.0.0, Culture=neutral, PublicKeyToken=b03f5f7f11d50a3a" className="TestCompilerToTiger.UnitTest1, TestCompilerToTiger, Version=1.0.0.0, Culture=neutral, PublicKeyToken=null" name="test_undefined_type_for_array_declaration" />
    </UnitTest>
    <UnitTest name="test_undefined_type_for_alias" storage="h:\lastversion\compiler 8-3-2012\testcompilertotiger\bin\debug\testcompilertotiger.dll" id="ecf43549-1da5-5f9d-4f70-8ce66cfb75f9">
      <Execution id="25cf1436-0d9e-444a-a52a-79b32bfb33fd" />
      <TestMethod codeBase="H:/lastversion/Compiler 8-3-2012/TestCompilerToTiger/bin/Debug/TestCompilerToTiger.DLL" adapterTypeName="Microsoft.VisualStudio.TestTools.TestTypes.Unit.UnitTestAdapter, Microsoft.VisualStudio.QualityTools.Tips.UnitTest.Adapter, Version=10.0.0.0, Culture=neutral, PublicKeyToken=b03f5f7f11d50a3a" className="TestCompilerToTiger.UnitTest1, TestCompilerToTiger, Version=1.0.0.0, Culture=neutral, PublicKeyToken=null" name="test_undefined_type_for_alias" />
    </UnitTest>
    <UnitTest name="test_test18" storage="h:\lastversion\compiler 8-3-2012\testcompilertotiger\bin\debug\testcompilertotiger.dll" id="a472785a-6aac-8d41-8d14-3df81fa7d043">
      <Execution id="eb2cf1f5-9afc-459a-b077-9c9764184658" />
      <TestMethod codeBase="H:/lastversion/Compiler 8-3-2012/TestCompilerToTiger/bin/Debug/TestCompilerToTiger.DLL" adapterTypeName="Microsoft.VisualStudio.TestTools.TestTypes.Unit.UnitTestAdapter, Microsoft.VisualStudio.QualityTools.Tips.UnitTest.Adapter, Version=10.0.0.0, Culture=neutral, PublicKeyToken=b03f5f7f11d50a3a" className="TestCompilerToTiger.UnitTest1, TestCompilerToTiger, Version=1.0.0.0, Culture=neutral, PublicKeyToken=null" name="test_test18" />
    </UnitTest>
    <UnitTest name="test_test44" storage="h:\lastversion\compiler 8-3-2012\testcompilertotiger\bin\debug\testcompilertotiger.dll" id="6d72d84f-797d-15c2-7042-642838b6df03">
      <Execution id="e83d0931-01f0-46f5-af33-e6f1fb0a7e4a" />
      <TestMethod codeBase="H:/lastversion/Compiler 8-3-2012/TestCompilerToTiger/bin/Debug/TestCompilerToTiger.DLL" adapterTypeName="Microsoft.VisualStudio.TestTools.TestTypes.Unit.UnitTestAdapter, Microsoft.VisualStudio.QualityTools.Tips.UnitTest.Adapter, Version=10.0.0.0, Culture=neutral, PublicKeyToken=b03f5f7f11d50a3a" className="TestCompilerToTiger.UnitTest1, TestCompilerToTiger, Version=1.0.0.0, Culture=neutral, PublicKeyToken=null" name="test_test44" />
    </UnitTest>
    <UnitTest name="test_test34" storage="h:\lastversion\compiler 8-3-2012\testcompilertotiger\bin\debug\testcompilertotiger.dll" id="33df6015-371d-7c50-5ef5-d8861ee19e12">
      <Execution id="010159f6-77ce-42f3-ac81-b1fbf1912e00" />
      <TestMethod codeBase="H:/lastversion/Compiler 8-3-2012/TestCompilerToTiger/bin/Debug/TestCompilerToTiger.DLL" adapterTypeName="Microsoft.VisualStudio.TestTools.TestTypes.Unit.UnitTestAdapter, Microsoft.VisualStudio.QualityTools.Tips.UnitTest.Adapter, Version=10.0.0.0, Culture=neutral, PublicKeyToken=b03f5f7f11d50a3a" className="TestCompilerToTiger.UnitTest1, TestCompilerToTiger, Version=1.0.0.0, Culture=neutral, PublicKeyToken=null" name="test_test34" />
    </UnitTest>
    <UnitTest name="test_if_then_else_without_return_value" storage="h:\lastversion\compiler 8-3-2012\testcompilertotiger\bin\debug\testcompilertotiger.dll" id="67c163c5-c8d3-5101-e815-2db32a75cf56">
      <Execution id="dc5875e8-2ea2-4d06-adbe-d8f07bc963eb" />
      <TestMethod codeBase="H:/lastversion/Compiler 8-3-2012/TestCompilerToTiger/bin/Debug/TestCompilerToTiger.DLL" adapterTypeName="Microsoft.VisualStudio.TestTools.TestTypes.Unit.UnitTestAdapter, Microsoft.VisualStudio.QualityTools.Tips.UnitTest.Adapter, Version=10.0.0.0, Culture=neutral, PublicKeyToken=b03f5f7f11d50a3a" className="TestCompilerToTiger.UnitTest1, TestCompilerToTiger, Version=1.0.0.0, Culture=neutral, PublicKeyToken=null" name="test_if_then_else_without_return_value" />
    </UnitTest>
    <UnitTest name="test_test39" storage="h:\lastversion\compiler 8-3-2012\testcompilertotiger\bin\debug\testcompilertotiger.dll" id="f16497eb-6a01-ee64-493f-fa445e31a0a3">
      <Execution id="5f148ef3-7a3c-4d4c-846b-b0aaf1b5d157" />
      <TestMethod codeBase="H:/lastversion/Compiler 8-3-2012/TestCompilerToTiger/bin/Debug/TestCompilerToTiger.DLL" adapterTypeName="Microsoft.VisualStudio.TestTools.TestTypes.Unit.UnitTestAdapter, Microsoft.VisualStudio.QualityTools.Tips.UnitTest.Adapter, Version=10.0.0.0, Culture=neutral, PublicKeyToken=b03f5f7f11d50a3a" className="TestCompilerToTiger.UnitTest1, TestCompilerToTiger, Version=1.0.0.0, Culture=neutral, PublicKeyToken=null" name="test_test39" />
    </UnitTest>
    <UnitTest name="test_test29" storage="h:\lastversion\compiler 8-3-2012\testcompilertotiger\bin\debug\testcompilertotiger.dll" id="99ccbccc-8faa-d870-7334-5e51e17814a3">
      <Execution id="766c8c8d-ae8b-4a4d-b5d7-8bf78aba3e54" />
      <TestMethod codeBase="H:/lastversion/Compiler 8-3-2012/TestCompilerToTiger/bin/Debug/TestCompilerToTiger.DLL" adapterTypeName="Microsoft.VisualStudio.TestTools.TestTypes.Unit.UnitTestAdapter, Microsoft.VisualStudio.QualityTools.Tips.UnitTest.Adapter, Version=10.0.0.0, Culture=neutral, PublicKeyToken=b03f5f7f11d50a3a" className="TestCompilerToTiger.UnitTest1, TestCompilerToTiger, Version=1.0.0.0, Culture=neutral, PublicKeyToken=null" name="test_test29" />
    </UnitTest>
    <UnitTest name="test_test37" storage="h:\lastversion\compiler 8-3-2012\testcompilertotiger\bin\debug\testcompilertotiger.dll" id="e23ffe73-c0b4-23de-3266-456dece737db">
      <Execution id="035e7d33-2065-4e63-ba02-def4d8d6df0b" />
      <TestMethod codeBase="H:/lastversion/Compiler 8-3-2012/TestCompilerToTiger/bin/Debug/TestCompilerToTiger.DLL" adapterTypeName="Microsoft.VisualStudio.TestTools.TestTypes.Unit.UnitTestAdapter, Microsoft.VisualStudio.QualityTools.Tips.UnitTest.Adapter, Version=10.0.0.0, Culture=neutral, PublicKeyToken=b03f5f7f11d50a3a" className="TestCompilerToTiger.UnitTest1, TestCompilerToTiger, Version=1.0.0.0, Culture=neutral, PublicKeyToken=null" name="test_test37" />
    </UnitTest>
    <UnitTest name="test_test45" storage="h:\lastversion\compiler 8-3-2012\testcompilertotiger\bin\debug\testcompilertotiger.dll" id="cda3dbd2-47ba-daee-07dc-a896644e4d82">
      <Execution id="9321cc3b-ad21-4f2a-9e60-9f08c794b1b3" />
      <TestMethod codeBase="H:/lastversion/Compiler 8-3-2012/TestCompilerToTiger/bin/Debug/TestCompilerToTiger.DLL" adapterTypeName="Microsoft.VisualStudio.TestTools.TestTypes.Unit.UnitTestAdapter, Microsoft.VisualStudio.QualityTools.Tips.UnitTest.Adapter, Version=10.0.0.0, Culture=neutral, PublicKeyToken=b03f5f7f11d50a3a" className="TestCompilerToTiger.UnitTest1, TestCompilerToTiger, Version=1.0.0.0, Culture=neutral, PublicKeyToken=null" name="test_test45" />
    </UnitTest>
    <UnitTest name="test_procedure_same_parameters_name" storage="h:\lastversion\compiler 8-3-2012\testcompilertotiger\bin\debug\testcompilertotiger.dll" id="3c85eb83-557f-5abd-129b-c696176453d1">
      <Execution id="c7deeb25-f418-444f-b85a-f4d5f95a44f6" />
      <TestMethod codeBase="H:/lastversion/Compiler 8-3-2012/TestCompilerToTiger/bin/Debug/TestCompilerToTiger.DLL" adapterTypeName="Microsoft.VisualStudio.TestTools.TestTypes.Unit.UnitTestAdapter, Microsoft.VisualStudio.QualityTools.Tips.UnitTest.Adapter, Version=10.0.0.0, Culture=neutral, PublicKeyToken=b03f5f7f11d50a3a" className="TestCompilerToTiger.UnitTest1, TestCompilerToTiger, Version=1.0.0.0, Culture=neutral, PublicKeyToken=null" name="test_procedure_same_parameters_name" />
    </UnitTest>
    <UnitTest name="test_test10" storage="h:\lastversion\compiler 8-3-2012\testcompilertotiger\bin\debug\testcompilertotiger.dll" id="9936c7db-6cf6-2051-5d72-b9fe5c8e1ada">
      <Execution id="d950c1b0-0b4d-4911-9bfa-f22ed00e54d4" />
      <TestMethod codeBase="H:/lastversion/Compiler 8-3-2012/TestCompilerToTiger/bin/Debug/TestCompilerToTiger.DLL" adapterTypeName="Microsoft.VisualStudio.TestTools.TestTypes.Unit.UnitTestAdapter, Microsoft.VisualStudio.QualityTools.Tips.UnitTest.Adapter, Version=10.0.0.0, Culture=neutral, PublicKeyToken=b03f5f7f11d50a3a" className="TestCompilerToTiger.UnitTest1, TestCompilerToTiger, Version=1.0.0.0, Culture=neutral, PublicKeyToken=null" name="test_test10" />
    </UnitTest>
    <UnitTest name="test_mod2" storage="h:\lastversion\compiler 8-3-2012\testcompilertotiger\bin\debug\testcompilertotiger.dll" id="3eaf5a1b-09ff-aa0a-8696-77810f03640d">
      <Execution id="c28875fb-f1f5-493a-bb2d-78cfc6bbeb56" />
      <TestMethod codeBase="H:/lastversion/Compiler 8-3-2012/TestCompilerToTiger/bin/Debug/TestCompilerToTiger.DLL" adapterTypeName="Microsoft.VisualStudio.TestTools.TestTypes.Unit.UnitTestAdapter, Microsoft.VisualStudio.QualityTools.Tips.UnitTest.Adapter, Version=10.0.0.0, Culture=neutral, PublicKeyToken=b03f5f7f11d50a3a" className="TestCompilerToTiger.UnitTest1, TestCompilerToTiger, Version=1.0.0.0, Culture=neutral, PublicKeyToken=null" name="test_mod2" />
    </UnitTest>
    <UnitTest name="test_nested_unavailable_function" storage="h:\lastversion\compiler 8-3-2012\testcompilertotiger\bin\debug\testcompilertotiger.dll" id="c61736dc-d6c8-f953-d484-0d9a5b344127">
      <Execution id="9f535ccf-637f-4fc5-b45f-290590372752" />
      <TestMethod codeBase="H:/lastversion/Compiler 8-3-2012/TestCompilerToTiger/bin/Debug/TestCompilerToTiger.DLL" adapterTypeName="Microsoft.VisualStudio.TestTools.TestTypes.Unit.UnitTestAdapter, Microsoft.VisualStudio.QualityTools.Tips.UnitTest.Adapter, Version=10.0.0.0, Culture=neutral, PublicKeyToken=b03f5f7f11d50a3a" className="TestCompilerToTiger.UnitTest1, TestCompilerToTiger, Version=1.0.0.0, Culture=neutral, PublicKeyToken=null" name="test_nested_unavailable_function" />
    </UnitTest>
    <UnitTest name="test_inferred_variable_incompatibles_type" storage="h:\lastversion\compiler 8-3-2012\testcompilertotiger\bin\debug\testcompilertotiger.dll" id="b4c7ef8d-acd4-bb81-a04e-3b27f1d00de4">
      <Execution id="201ce2ec-c4cf-465f-bc71-e9a96061c850" />
      <TestMethod codeBase="H:/lastversion/Compiler 8-3-2012/TestCompilerToTiger/bin/Debug/TestCompilerToTiger.DLL" adapterTypeName="Microsoft.VisualStudio.TestTools.TestTypes.Unit.UnitTestAdapter, Microsoft.VisualStudio.QualityTools.Tips.UnitTest.Adapter, Version=10.0.0.0, Culture=neutral, PublicKeyToken=b03f5f7f11d50a3a" className="TestCompilerToTiger.UnitTest1, TestCompilerToTiger, Version=1.0.0.0, Culture=neutral, PublicKeyToken=null" name="test_inferred_variable_incompatibles_type" />
    </UnitTest>
    <UnitTest name="test_and_operator_invalid_type_operands" storage="h:\lastversion\compiler 8-3-2012\testcompilertotiger\bin\debug\testcompilertotiger.dll" id="6491bb9a-c473-c29d-0621-addaa45ea010">
      <Execution id="03f63076-27aa-41e4-bcf4-509b38f3a7e6" />
      <TestMethod codeBase="H:/lastversion/Compiler 8-3-2012/TestCompilerToTiger/bin/Debug/TestCompilerToTiger.DLL" adapterTypeName="Microsoft.VisualStudio.TestTools.TestTypes.Unit.UnitTestAdapter, Microsoft.VisualStudio.QualityTools.Tips.UnitTest.Adapter, Version=10.0.0.0, Culture=neutral, PublicKeyToken=b03f5f7f11d50a3a" className="TestCompilerToTiger.UnitTest1, TestCompilerToTiger, Version=1.0.0.0, Culture=neutral, PublicKeyToken=null" name="test_and_operator_invalid_type_operands" />
    </UnitTest>
    <UnitTest name="test_differents_types_array_assign" storage="h:\lastversion\compiler 8-3-2012\testcompilertotiger\bin\debug\testcompilertotiger.dll" id="f1ff68f4-2ce6-1ac3-921c-079b2b95706c">
      <Execution id="6484ae8c-ebc4-4af2-bdd7-81c6212bc78b" />
      <TestMethod codeBase="H:/lastversion/Compiler 8-3-2012/TestCompilerToTiger/bin/Debug/TestCompilerToTiger.DLL" adapterTypeName="Microsoft.VisualStudio.TestTools.TestTypes.Unit.UnitTestAdapter, Microsoft.VisualStudio.QualityTools.Tips.UnitTest.Adapter, Version=10.0.0.0, Culture=neutral, PublicKeyToken=b03f5f7f11d50a3a" className="TestCompilerToTiger.UnitTest1, TestCompilerToTiger, Version=1.0.0.0, Culture=neutral, PublicKeyToken=null" name="test_differents_types_array_assign" />
    </UnitTest>
    <UnitTest name="test_merge" storage="h:\lastversion\compiler 8-3-2012\testcompilertotiger\bin\debug\testcompilertotiger.dll" id="019531f9-6c6d-6148-ff2d-d7912780c031">
      <Execution id="0bf9e160-ac76-4673-8f39-07fd9aeb81dd" />
      <TestMethod codeBase="H:/lastversion/Compiler 8-3-2012/TestCompilerToTiger/bin/Debug/TestCompilerToTiger.DLL" adapterTypeName="Microsoft.VisualStudio.TestTools.TestTypes.Unit.UnitTestAdapter, Microsoft.VisualStudio.QualityTools.Tips.UnitTest.Adapter, Version=10.0.0.0, Culture=neutral, PublicKeyToken=b03f5f7f11d50a3a" className="TestCompilerToTiger.UnitTest1, TestCompilerToTiger, Version=1.0.0.0, Culture=neutral, PublicKeyToken=null" name="test_merge" />
    </UnitTest>
    <UnitTest name="test_mod5" storage="h:\lastversion\compiler 8-3-2012\testcompilertotiger\bin\debug\testcompilertotiger.dll" id="a44cd249-8572-57ab-7e94-76db5bad3054">
      <Execution id="b44b9990-af7d-4949-86df-65dd4cde7832" />
      <TestMethod codeBase="H:/lastversion/Compiler 8-3-2012/TestCompilerToTiger/bin/Debug/TestCompilerToTiger.DLL" adapterTypeName="Microsoft.VisualStudio.TestTools.TestTypes.Unit.UnitTestAdapter, Microsoft.VisualStudio.QualityTools.Tips.UnitTest.Adapter, Version=10.0.0.0, Culture=neutral, PublicKeyToken=b03f5f7f11d50a3a" className="TestCompilerToTiger.UnitTest1, TestCompilerToTiger, Version=1.0.0.0, Culture=neutral, PublicKeyToken=null" name="test_mod5" />
    </UnitTest>
    <UnitTest name="test_test33" storage="h:\lastversion\compiler 8-3-2012\testcompilertotiger\bin\debug\testcompilertotiger.dll" id="f178d479-04b2-1f51-5b83-340d9c464883">
      <Execution id="c58cdfa2-b33b-497b-9914-f2e0c3ee73d2" />
      <TestMethod codeBase="H:/lastversion/Compiler 8-3-2012/TestCompilerToTiger/bin/Debug/TestCompilerToTiger.DLL" adapterTypeName="Microsoft.VisualStudio.TestTools.TestTypes.Unit.UnitTestAdapter, Microsoft.VisualStudio.QualityTools.Tips.UnitTest.Adapter, Version=10.0.0.0, Culture=neutral, PublicKeyToken=b03f5f7f11d50a3a" className="TestCompilerToTiger.UnitTest1, TestCompilerToTiger, Version=1.0.0.0, Culture=neutral, PublicKeyToken=null" name="test_test33" />
    </UnitTest>
    <UnitTest name="test_test23" storage="h:\lastversion\compiler 8-3-2012\testcompilertotiger\bin\debug\testcompilertotiger.dll" id="570f88f9-f5f9-b4a9-ed6f-3034933d7208">
      <Execution id="42ac2cfa-9388-4449-be63-bd7a578ea71a" />
      <TestMethod codeBase="H:/lastversion/Compiler 8-3-2012/TestCompilerToTiger/bin/Debug/TestCompilerToTiger.DLL" adapterTypeName="Microsoft.VisualStudio.TestTools.TestTypes.Unit.UnitTestAdapter, Microsoft.VisualStudio.QualityTools.Tips.UnitTest.Adapter, Version=10.0.0.0, Culture=neutral, PublicKeyToken=b03f5f7f11d50a3a" className="TestCompilerToTiger.UnitTest1, TestCompilerToTiger, Version=1.0.0.0, Culture=neutral, PublicKeyToken=null" name="test_test23" />
    </UnitTest>
    <UnitTest name="test_invalid_mutually_recursive_record_depth_4" storage="h:\lastversion\compiler 8-3-2012\testcompilertotiger\bin\debug\testcompilertotiger.dll" id="4f876700-47e2-ddf4-4e1d-31ab9f1d665d">
      <Execution id="acb1cbeb-b7d6-4e08-bf6d-36bff3b85066" />
      <TestMethod codeBase="H:/lastversion/Compiler 8-3-2012/TestCompilerToTiger/bin/Debug/TestCompilerToTiger.DLL" adapterTypeName="Microsoft.VisualStudio.TestTools.TestTypes.Unit.UnitTestAdapter, Microsoft.VisualStudio.QualityTools.Tips.UnitTest.Adapter, Version=10.0.0.0, Culture=neutral, PublicKeyToken=b03f5f7f11d50a3a" className="TestCompilerToTiger.UnitTest1, TestCompilerToTiger, Version=1.0.0.0, Culture=neutral, PublicKeyToken=null" name="test_invalid_mutually_recursive_record_depth_4" />
    </UnitTest>
    <UnitTest name="test_test31" storage="h:\lastversion\compiler 8-3-2012\testcompilertotiger\bin\debug\testcompilertotiger.dll" id="baf2563e-3009-d447-b0e7-170ab8463071">
      <Execution id="434d6096-ceb3-4203-b802-d7ac79f5889c" />
      <TestMethod codeBase="H:/lastversion/Compiler 8-3-2012/TestCompilerToTiger/bin/Debug/TestCompilerToTiger.DLL" adapterTypeName="Microsoft.VisualStudio.TestTools.TestTypes.Unit.UnitTestAdapter, Microsoft.VisualStudio.QualityTools.Tips.UnitTest.Adapter, Version=10.0.0.0, Culture=neutral, PublicKeyToken=b03f5f7f11d50a3a" className="TestCompilerToTiger.UnitTest1, TestCompilerToTiger, Version=1.0.0.0, Culture=neutral, PublicKeyToken=null" name="test_test31" />
    </UnitTest>
    <UnitTest name="test_mod4" storage="h:\lastversion\compiler 8-3-2012\testcompilertotiger\bin\debug\testcompilertotiger.dll" id="c3679b4e-0952-8b62-ff50-a38002b5bb13">
      <Execution id="de66b3dd-48c5-4f70-a471-984dc792c169" />
      <TestMethod codeBase="H:/lastversion/Compiler 8-3-2012/TestCompilerToTiger/bin/Debug/TestCompilerToTiger.DLL" adapterTypeName="Microsoft.VisualStudio.TestTools.TestTypes.Unit.UnitTestAdapter, Microsoft.VisualStudio.QualityTools.Tips.UnitTest.Adapter, Version=10.0.0.0, Culture=neutral, PublicKeyToken=b03f5f7f11d50a3a" className="TestCompilerToTiger.UnitTest1, TestCompilerToTiger, Version=1.0.0.0, Culture=neutral, PublicKeyToken=null" name="test_mod4" />
    </UnitTest>
    <UnitTest name="test_test2" storage="h:\lastversion\compiler 8-3-2012\testcompilertotiger\bin\debug\testcompilertotiger.dll" id="c4fb2239-0b02-8afd-06d9-ec6f804a8a52">
      <Execution id="21b0d372-e10a-469e-b389-6f45b72dbda2" />
      <TestMethod codeBase="H:/lastversion/Compiler 8-3-2012/TestCompilerToTiger/bin/Debug/TestCompilerToTiger.DLL" adapterTypeName="Microsoft.VisualStudio.TestTools.TestTypes.Unit.UnitTestAdapter, Microsoft.VisualStudio.QualityTools.Tips.UnitTest.Adapter, Version=10.0.0.0, Culture=neutral, PublicKeyToken=b03f5f7f11d50a3a" className="TestCompilerToTiger.UnitTest1, TestCompilerToTiger, Version=1.0.0.0, Culture=neutral, PublicKeyToken=null" name="test_test2" />
    </UnitTest>
    <UnitTest name="test_mod7_2" storage="h:\lastversion\compiler 8-3-2012\testcompilertotiger\bin\debug\testcompilertotiger.dll" id="f72187fc-b3e0-b7a6-6724-df81d1bfb604">
      <Execution id="39f71e3a-5b88-418b-a7a9-e5225e75ba5a" />
      <TestMethod codeBase="H:/lastversion/Compiler 8-3-2012/TestCompilerToTiger/bin/Debug/TestCompilerToTiger.DLL" adapterTypeName="Microsoft.VisualStudio.TestTools.TestTypes.Unit.UnitTestAdapter, Microsoft.VisualStudio.QualityTools.Tips.UnitTest.Adapter, Version=10.0.0.0, Culture=neutral, PublicKeyToken=b03f5f7f11d50a3a" className="TestCompilerToTiger.UnitTest1, TestCompilerToTiger, Version=1.0.0.0, Culture=neutral, PublicKeyToken=null" name="test_mod7_2" />
    </UnitTest>
    <UnitTest name="test_test27" storage="h:\lastversion\compiler 8-3-2012\testcompilertotiger\bin\debug\testcompilertotiger.dll" id="a077de67-c679-41e7-f6a0-f3e9004988c8">
      <Execution id="3aed6a4b-ff58-4d9e-8463-f9b81c7d4cc6" />
      <TestMethod codeBase="H:/lastversion/Compiler 8-3-2012/TestCompilerToTiger/bin/Debug/TestCompilerToTiger.DLL" adapterTypeName="Microsoft.VisualStudio.TestTools.TestTypes.Unit.UnitTestAdapter, Microsoft.VisualStudio.QualityTools.Tips.UnitTest.Adapter, Version=10.0.0.0, Culture=neutral, PublicKeyToken=b03f5f7f11d50a3a" className="TestCompilerToTiger.UnitTest1, TestCompilerToTiger, Version=1.0.0.0, Culture=neutral, PublicKeyToken=null" name="test_test27" />
    </UnitTest>
    <UnitTest name="test_mod7_3" storage="h:\lastversion\compiler 8-3-2012\testcompilertotiger\bin\debug\testcompilertotiger.dll" id="23273fad-a655-fb19-0591-a880a70c5eeb">
      <Execution id="58dd9649-e9bf-42f7-8bf5-477552b29c04" />
      <TestMethod codeBase="H:/lastversion/Compiler 8-3-2012/TestCompilerToTiger/bin/Debug/TestCompilerToTiger.DLL" adapterTypeName="Microsoft.VisualStudio.TestTools.TestTypes.Unit.UnitTestAdapter, Microsoft.VisualStudio.QualityTools.Tips.UnitTest.Adapter, Version=10.0.0.0, Culture=neutral, PublicKeyToken=b03f5f7f11d50a3a" className="TestCompilerToTiger.UnitTest1, TestCompilerToTiger, Version=1.0.0.0, Culture=neutral, PublicKeyToken=null" name="test_mod7_3" />
    </UnitTest>
    <UnitTest name="test_test50" storage="h:\lastversion\compiler 8-3-2012\testcompilertotiger\bin\debug\testcompilertotiger.dll" id="0ff029d3-12bf-eeea-36b5-2f404d00e87a">
      <Execution id="6f7cdedb-0e88-4b40-a8a6-9c3089be37fe" />
      <TestMethod codeBase="H:/lastversion/Compiler 8-3-2012/TestCompilerToTiger/bin/Debug/TestCompilerToTiger.DLL" adapterTypeName="Microsoft.VisualStudio.TestTools.TestTypes.Unit.UnitTestAdapter, Microsoft.VisualStudio.QualityTools.Tips.UnitTest.Adapter, Version=10.0.0.0, Culture=neutral, PublicKeyToken=b03f5f7f11d50a3a" className="TestCompilerToTiger.UnitTest1, TestCompilerToTiger, Version=1.0.0.0, Culture=neutral, PublicKeyToken=null" name="test_test50" />
    </UnitTest>
    <UnitTest name="test_queens" storage="h:\lastversion\compiler 8-3-2012\testcompilertotiger\bin\debug\testcompilertotiger.dll" id="e6694f75-d598-6ffe-9c8e-bbfaecee7755">
      <Execution id="e616d737-fba8-4e3e-8f2e-512fcc2ca8d4" />
      <TestMethod codeBase="H:/lastversion/Compiler 8-3-2012/TestCompilerToTiger/bin/Debug/TestCompilerToTiger.DLL" adapterTypeName="Microsoft.VisualStudio.TestTools.TestTypes.Unit.UnitTestAdapter, Microsoft.VisualStudio.QualityTools.Tips.UnitTest.Adapter, Version=10.0.0.0, Culture=neutral, PublicKeyToken=b03f5f7f11d50a3a" className="TestCompilerToTiger.UnitTest1, TestCompilerToTiger, Version=1.0.0.0, Culture=neutral, PublicKeyToken=null" name="test_queens" />
    </UnitTest>
    <UnitTest name="test_test17" storage="h:\lastversion\compiler 8-3-2012\testcompilertotiger\bin\debug\testcompilertotiger.dll" id="da3e1bea-fd68-3dc0-d517-eb40039703ee">
      <Execution id="a757085d-32e8-4af0-8a22-cc4b7143ed49" />
      <TestMethod codeBase="H:/lastversion/Compiler 8-3-2012/TestCompilerToTiger/bin/Debug/TestCompilerToTiger.DLL" adapterTypeName="Microsoft.VisualStudio.TestTools.TestTypes.Unit.UnitTestAdapter, Microsoft.VisualStudio.QualityTools.Tips.UnitTest.Adapter, Version=10.0.0.0, Culture=neutral, PublicKeyToken=b03f5f7f11d50a3a" className="TestCompilerToTiger.UnitTest1, TestCompilerToTiger, Version=1.0.0.0, Culture=neutral, PublicKeyToken=null" name="test_test17" />
    </UnitTest>
    <UnitTest name="test_test6" storage="h:\lastversion\compiler 8-3-2012\testcompilertotiger\bin\debug\testcompilertotiger.dll" id="5607c4ab-1b6e-27ef-88db-5c98aa28e993">
      <Execution id="db57e73b-e7e0-4290-9831-86e0d47bf500" />
      <TestMethod codeBase="H:/lastversion/Compiler 8-3-2012/TestCompilerToTiger/bin/Debug/TestCompilerToTiger.DLL" adapterTypeName="Microsoft.VisualStudio.TestTools.TestTypes.Unit.UnitTestAdapter, Microsoft.VisualStudio.QualityTools.Tips.UnitTest.Adapter, Version=10.0.0.0, Culture=neutral, PublicKeyToken=b03f5f7f11d50a3a" className="TestCompilerToTiger.UnitTest1, TestCompilerToTiger, Version=1.0.0.0, Culture=neutral, PublicKeyToken=null" name="test_test6" />
    </UnitTest>
    <UnitTest name="test_mutually_recursive_alias" storage="h:\lastversion\compiler 8-3-2012\testcompilertotiger\bin\debug\testcompilertotiger.dll" id="b59a94a6-b3eb-5bc0-dedb-53c312b3dd38">
      <Execution id="410be092-1068-49bf-9fbb-9fcb42b7bd27" />
      <TestMethod codeBase="H:/lastversion/Compiler 8-3-2012/TestCompilerToTiger/bin/Debug/TestCompilerToTiger.DLL" adapterTypeName="Microsoft.VisualStudio.TestTools.TestTypes.Unit.UnitTestAdapter, Microsoft.VisualStudio.QualityTools.Tips.UnitTest.Adapter, Version=10.0.0.0, Culture=neutral, PublicKeyToken=b03f5f7f11d50a3a" className="TestCompilerToTiger.UnitTest1, TestCompilerToTiger, Version=1.0.0.0, Culture=neutral, PublicKeyToken=null" name="test_mutually_recursive_alias" />
    </UnitTest>
    <UnitTest name="test_test46" storage="h:\lastversion\compiler 8-3-2012\testcompilertotiger\bin\debug\testcompilertotiger.dll" id="ff4c30d4-0e18-8aac-65dc-3010d8dc6819">
      <Execution id="dc21cedc-0a3a-4d9f-aef6-8ec242a2d624" />
      <TestMethod codeBase="H:/lastversion/Compiler 8-3-2012/TestCompilerToTiger/bin/Debug/TestCompilerToTiger.DLL" adapterTypeName="Microsoft.VisualStudio.TestTools.TestTypes.Unit.UnitTestAdapter, Microsoft.VisualStudio.QualityTools.Tips.UnitTest.Adapter, Version=10.0.0.0, Culture=neutral, PublicKeyToken=b03f5f7f11d50a3a" className="TestCompilerToTiger.UnitTest1, TestCompilerToTiger, Version=1.0.0.0, Culture=neutral, PublicKeyToken=null" name="test_test46" />
    </UnitTest>
    <UnitTest name="test_test16" storage="h:\lastversion\compiler 8-3-2012\testcompilertotiger\bin\debug\testcompilertotiger.dll" id="fb90f7ed-7430-80a6-0f96-1278e7153aad">
      <Execution id="9c73adf1-0144-4655-86e1-6b88f27225d4" />
      <TestMethod codeBase="H:/lastversion/Compiler 8-3-2012/TestCompilerToTiger/bin/Debug/TestCompilerToTiger.DLL" adapterTypeName="Microsoft.VisualStudio.TestTools.TestTypes.Unit.UnitTestAdapter, Microsoft.VisualStudio.QualityTools.Tips.UnitTest.Adapter, Version=10.0.0.0, Culture=neutral, PublicKeyToken=b03f5f7f11d50a3a" className="TestCompilerToTiger.UnitTest1, TestCompilerToTiger, Version=1.0.0.0, Culture=neutral, PublicKeyToken=null" name="test_test16" />
    </UnitTest>
    <UnitTest name="test_break_out_of_while" storage="h:\lastversion\compiler 8-3-2012\testcompilertotiger\bin\debug\testcompilertotiger.dll" id="29c89c54-d7fb-f98d-1f2a-27aade8fb1a1">
      <Execution id="52ad0b4c-da75-4973-89fc-c1aed3071dfe" />
      <TestMethod codeBase="H:/lastversion/Compiler 8-3-2012/TestCompilerToTiger/bin/Debug/TestCompilerToTiger.DLL" adapterTypeName="Microsoft.VisualStudio.TestTools.TestTypes.Unit.UnitTestAdapter, Microsoft.VisualStudio.QualityTools.Tips.UnitTest.Adapter, Version=10.0.0.0, Culture=neutral, PublicKeyToken=b03f5f7f11d50a3a" className="TestCompilerToTiger.UnitTest1, TestCompilerToTiger, Version=1.0.0.0, Culture=neutral, PublicKeyToken=null" name="test_break_out_of_while" />
    </UnitTest>
    <UnitTest name="test_expression_sequence_returns_last_value" storage="h:\lastversion\compiler 8-3-2012\testcompilertotiger\bin\debug\testcompilertotiger.dll" id="83e78d72-b212-dd46-9548-fec8071552c7">
      <Execution id="129be4fa-d76f-483a-9d39-93ca05fbb946" />
      <TestMethod codeBase="H:/lastversion/Compiler 8-3-2012/TestCompilerToTiger/bin/Debug/TestCompilerToTiger.DLL" adapterTypeName="Microsoft.VisualStudio.TestTools.TestTypes.Unit.UnitTestAdapter, Microsoft.VisualStudio.QualityTools.Tips.UnitTest.Adapter, Version=10.0.0.0, Culture=neutral, PublicKeyToken=b03f5f7f11d50a3a" className="TestCompilerToTiger.UnitTest1, TestCompilerToTiger, Version=1.0.0.0, Culture=neutral, PublicKeyToken=null" name="test_expression_sequence_returns_last_value" />
    </UnitTest>
    <UnitTest name="test_mod8" storage="h:\lastversion\compiler 8-3-2012\testcompilertotiger\bin\debug\testcompilertotiger.dll" id="510d376c-bc82-1db9-4c26-7765bd4900fd">
      <Execution id="e88a1c99-9a92-4fbf-a2a6-b04dedb8886d" />
      <TestMethod codeBase="H:/lastversion/Compiler 8-3-2012/TestCompilerToTiger/bin/Debug/TestCompilerToTiger.DLL" adapterTypeName="Microsoft.VisualStudio.TestTools.TestTypes.Unit.UnitTestAdapter, Microsoft.VisualStudio.QualityTools.Tips.UnitTest.Adapter, Version=10.0.0.0, Culture=neutral, PublicKeyToken=b03f5f7f11d50a3a" className="TestCompilerToTiger.UnitTest1, TestCompilerToTiger, Version=1.0.0.0, Culture=neutral, PublicKeyToken=null" name="test_mod8" />
    </UnitTest>
    <UnitTest name="test_access_complex" storage="h:\lastversion\compiler 8-3-2012\testcompilertotiger\bin\debug\testcompilertotiger.dll" id="487ad327-ee86-41b7-ddc2-994627f0d66e">
      <Execution id="4a969312-e8e6-4340-b0e9-2bf0303e0516" />
      <TestMethod codeBase="H:/lastversion/Compiler 8-3-2012/TestCompilerToTiger/bin/Debug/TestCompilerToTiger.DLL" adapterTypeName="Microsoft.VisualStudio.TestTools.TestTypes.Unit.UnitTestAdapter, Microsoft.VisualStudio.QualityTools.Tips.UnitTest.Adapter, Version=10.0.0.0, Culture=neutral, PublicKeyToken=b03f5f7f11d50a3a" className="TestCompilerToTiger.UnitTest1, TestCompilerToTiger, Version=1.0.0.0, Culture=neutral, PublicKeyToken=null" name="test_access_complex" />
    </UnitTest>
    <UnitTest name="test_mod3" storage="h:\lastversion\compiler 8-3-2012\testcompilertotiger\bin\debug\testcompilertotiger.dll" id="97171acb-cce5-bb87-edb1-a40947c57107">
      <Execution id="d6ab5c76-2f41-42aa-b3de-c3fbd10da2e1" />
      <TestMethod codeBase="H:/lastversion/Compiler 8-3-2012/TestCompilerToTiger/bin/Debug/TestCompilerToTiger.DLL" adapterTypeName="Microsoft.VisualStudio.TestTools.TestTypes.Unit.UnitTestAdapter, Microsoft.VisualStudio.QualityTools.Tips.UnitTest.Adapter, Version=10.0.0.0, Culture=neutral, PublicKeyToken=b03f5f7f11d50a3a" className="TestCompilerToTiger.UnitTest1, TestCompilerToTiger, Version=1.0.0.0, Culture=neutral, PublicKeyToken=null" name="test_mod3" />
    </UnitTest>
    <UnitTest name="test_incompatible_types_jagged_array" storage="h:\lastversion\compiler 8-3-2012\testcompilertotiger\bin\debug\testcompilertotiger.dll" id="bedda814-012f-44ec-c334-f993d0f501c2">
      <Execution id="b5cb59f3-3d04-4e6e-af26-9174f0144499" />
      <TestMethod codeBase="H:/lastversion/Compiler 8-3-2012/TestCompilerToTiger/bin/Debug/TestCompilerToTiger.DLL" adapterTypeName="Microsoft.VisualStudio.TestTools.TestTypes.Unit.UnitTestAdapter, Microsoft.VisualStudio.QualityTools.Tips.UnitTest.Adapter, Version=10.0.0.0, Culture=neutral, PublicKeyToken=b03f5f7f11d50a3a" className="TestCompilerToTiger.UnitTest1, TestCompilerToTiger, Version=1.0.0.0, Culture=neutral, PublicKeyToken=null" name="test_incompatible_types_jagged_array" />
    </UnitTest>
    <UnitTest name="test_record_literal_less_params" storage="h:\lastversion\compiler 8-3-2012\testcompilertotiger\bin\debug\testcompilertotiger.dll" id="653eb7ac-1e40-67fb-ee64-62985c81131e">
      <Execution id="58b16290-7572-4aa2-b6e5-a55c92adc7c0" />
      <TestMethod codeBase="H:/lastversion/Compiler 8-3-2012/TestCompilerToTiger/bin/Debug/TestCompilerToTiger.DLL" adapterTypeName="Microsoft.VisualStudio.TestTools.TestTypes.Unit.UnitTestAdapter, Microsoft.VisualStudio.QualityTools.Tips.UnitTest.Adapter, Version=10.0.0.0, Culture=neutral, PublicKeyToken=b03f5f7f11d50a3a" className="TestCompilerToTiger.UnitTest1, TestCompilerToTiger, Version=1.0.0.0, Culture=neutral, PublicKeyToken=null" name="test_record_literal_less_params" />
    </UnitTest>
    <UnitTest name="test_test4" storage="h:\lastversion\compiler 8-3-2012\testcompilertotiger\bin\debug\testcompilertotiger.dll" id="909f0493-3a2b-3db1-9239-46de00bd2132">
      <Execution id="85eb0316-23cc-4daa-afca-f71e1c545cda" />
      <TestMethod codeBase="H:/lastversion/Compiler 8-3-2012/TestCompilerToTiger/bin/Debug/TestCompilerToTiger.DLL" adapterTypeName="Microsoft.VisualStudio.TestTools.TestTypes.Unit.UnitTestAdapter, Microsoft.VisualStudio.QualityTools.Tips.UnitTest.Adapter, Version=10.0.0.0, Culture=neutral, PublicKeyToken=b03f5f7f11d50a3a" className="TestCompilerToTiger.UnitTest1, TestCompilerToTiger, Version=1.0.0.0, Culture=neutral, PublicKeyToken=null" name="test_test4" />
    </UnitTest>
    <UnitTest name="test_test48" storage="h:\lastversion\compiler 8-3-2012\testcompilertotiger\bin\debug\testcompilertotiger.dll" id="d050111e-1afa-c332-bab6-dc16fcf18a86">
      <Execution id="5016d4ee-3618-4e73-a0a0-b42d375c1ef5" />
      <TestMethod codeBase="H:/lastversion/Compiler 8-3-2012/TestCompilerToTiger/bin/Debug/TestCompilerToTiger.DLL" adapterTypeName="Microsoft.VisualStudio.TestTools.TestTypes.Unit.UnitTestAdapter, Microsoft.VisualStudio.QualityTools.Tips.UnitTest.Adapter, Version=10.0.0.0, Culture=neutral, PublicKeyToken=b03f5f7f11d50a3a" className="TestCompilerToTiger.UnitTest1, TestCompilerToTiger, Version=1.0.0.0, Culture=neutral, PublicKeyToken=null" name="test_test48" />
    </UnitTest>
    <UnitTest name="test_test38" storage="h:\lastversion\compiler 8-3-2012\testcompilertotiger\bin\debug\testcompilertotiger.dll" id="3c5d2c78-6807-923e-0707-565f55826a52">
      <Execution id="3abbf969-deea-423c-bf27-28cdfb4bbaca" />
      <TestMethod codeBase="H:/lastversion/Compiler 8-3-2012/TestCompilerToTiger/bin/Debug/TestCompilerToTiger.DLL" adapterTypeName="Microsoft.VisualStudio.TestTools.TestTypes.Unit.UnitTestAdapter, Microsoft.VisualStudio.QualityTools.Tips.UnitTest.Adapter, Version=10.0.0.0, Culture=neutral, PublicKeyToken=b03f5f7f11d50a3a" className="TestCompilerToTiger.UnitTest1, TestCompilerToTiger, Version=1.0.0.0, Culture=neutral, PublicKeyToken=null" name="test_test38" />
    </UnitTest>
    <UnitTest name="test_test42" storage="h:\lastversion\compiler 8-3-2012\testcompilertotiger\bin\debug\testcompilertotiger.dll" id="c20e51b4-12b3-e19f-44f0-68b615cb9d34">
      <Execution id="2fd4029c-32bd-4c75-b95c-1546010158c2" />
      <TestMethod codeBase="H:/lastversion/Compiler 8-3-2012/TestCompilerToTiger/bin/Debug/TestCompilerToTiger.DLL" adapterTypeName="Microsoft.VisualStudio.TestTools.TestTypes.Unit.UnitTestAdapter, Microsoft.VisualStudio.QualityTools.Tips.UnitTest.Adapter, Version=10.0.0.0, Culture=neutral, PublicKeyToken=b03f5f7f11d50a3a" className="TestCompilerToTiger.UnitTest1, TestCompilerToTiger, Version=1.0.0.0, Culture=neutral, PublicKeyToken=null" name="test_test42" />
    </UnitTest>
    <UnitTest name="test_test9" storage="h:\lastversion\compiler 8-3-2012\testcompilertotiger\bin\debug\testcompilertotiger.dll" id="d6875146-3a82-65ba-0dc8-a42d822217f6">
      <Execution id="f33ae17c-55ce-4ebd-81a0-01f79ee79355" />
      <TestMethod codeBase="H:/lastversion/Compiler 8-3-2012/TestCompilerToTiger/bin/Debug/TestCompilerToTiger.DLL" adapterTypeName="Microsoft.VisualStudio.TestTools.TestTypes.Unit.UnitTestAdapter, Microsoft.VisualStudio.QualityTools.Tips.UnitTest.Adapter, Version=10.0.0.0, Culture=neutral, PublicKeyToken=b03f5f7f11d50a3a" className="TestCompilerToTiger.UnitTest1, TestCompilerToTiger, Version=1.0.0.0, Culture=neutral, PublicKeyToken=null" name="test_test9" />
    </UnitTest>
    <UnitTest name="test_test30" storage="h:\lastversion\compiler 8-3-2012\testcompilertotiger\bin\debug\testcompilertotiger.dll" id="f8f7e3fc-a32f-4b7e-3884-a77c284c6334">
      <Execution id="123d493b-ae79-4786-b989-972573ea96c3" />
      <TestMethod codeBase="H:/lastversion/Compiler 8-3-2012/TestCompilerToTiger/bin/Debug/TestCompilerToTiger.DLL" adapterTypeName="Microsoft.VisualStudio.TestTools.TestTypes.Unit.UnitTestAdapter, Microsoft.VisualStudio.QualityTools.Tips.UnitTest.Adapter, Version=10.0.0.0, Culture=neutral, PublicKeyToken=b03f5f7f11d50a3a" className="TestCompilerToTiger.UnitTest1, TestCompilerToTiger, Version=1.0.0.0, Culture=neutral, PublicKeyToken=null" name="test_test30" />
    </UnitTest>
    <UnitTest name="test_test5" storage="h:\lastversion\compiler 8-3-2012\testcompilertotiger\bin\debug\testcompilertotiger.dll" id="2a289f39-5a92-deb7-3bfb-b0c29bd31f53">
      <Execution id="e74ec2d7-3606-44e1-808c-6e30d277ae7e" />
      <TestMethod codeBase="H:/lastversion/Compiler 8-3-2012/TestCompilerToTiger/bin/Debug/TestCompilerToTiger.DLL" adapterTypeName="Microsoft.VisualStudio.TestTools.TestTypes.Unit.UnitTestAdapter, Microsoft.VisualStudio.QualityTools.Tips.UnitTest.Adapter, Version=10.0.0.0, Culture=neutral, PublicKeyToken=b03f5f7f11d50a3a" className="TestCompilerToTiger.UnitTest1, TestCompilerToTiger, Version=1.0.0.0, Culture=neutral, PublicKeyToken=null" name="test_test5" />
    </UnitTest>
    <UnitTest name="test_test12" storage="h:\lastversion\compiler 8-3-2012\testcompilertotiger\bin\debug\testcompilertotiger.dll" id="4f4b9668-5fc2-c922-c2a4-15a71f9d7a1b">
      <Execution id="6a5ccde3-0ff2-49b9-bd90-7c06eb1b64ee" />
      <TestMethod codeBase="H:/lastversion/Compiler 8-3-2012/TestCompilerToTiger/bin/Debug/TestCompilerToTiger.DLL" adapterTypeName="Microsoft.VisualStudio.TestTools.TestTypes.Unit.UnitTestAdapter, Microsoft.VisualStudio.QualityTools.Tips.UnitTest.Adapter, Version=10.0.0.0, Culture=neutral, PublicKeyToken=b03f5f7f11d50a3a" className="TestCompilerToTiger.UnitTest1, TestCompilerToTiger, Version=1.0.0.0, Culture=neutral, PublicKeyToken=null" name="test_test12" />
    </UnitTest>
    <UnitTest name="test_invalid_mutually_recursive_record" storage="h:\lastversion\compiler 8-3-2012\testcompilertotiger\bin\debug\testcompilertotiger.dll" id="72aa1a9e-7bdb-88d7-27ff-e8b4fa9b856a">
      <Execution id="6d264da7-057d-480e-a293-30ca494b8df3" />
      <TestMethod codeBase="H:/lastversion/Compiler 8-3-2012/TestCompilerToTiger/bin/Debug/TestCompilerToTiger.DLL" adapterTypeName="Microsoft.VisualStudio.TestTools.TestTypes.Unit.UnitTestAdapter, Microsoft.VisualStudio.QualityTools.Tips.UnitTest.Adapter, Version=10.0.0.0, Culture=neutral, PublicKeyToken=b03f5f7f11d50a3a" className="TestCompilerToTiger.UnitTest1, TestCompilerToTiger, Version=1.0.0.0, Culture=neutral, PublicKeyToken=null" name="test_invalid_mutually_recursive_record" />
    </UnitTest>
    <UnitTest name="test_test13" storage="h:\lastversion\compiler 8-3-2012\testcompilertotiger\bin\debug\testcompilertotiger.dll" id="dc1b746a-01eb-32a1-dd9f-13724fc026ff">
      <Execution id="a9c61f8a-d803-4784-bbb4-343fb0d6d35a" />
      <TestMethod codeBase="H:/lastversion/Compiler 8-3-2012/TestCompilerToTiger/bin/Debug/TestCompilerToTiger.DLL" adapterTypeName="Microsoft.VisualStudio.TestTools.TestTypes.Unit.UnitTestAdapter, Microsoft.VisualStudio.QualityTools.Tips.UnitTest.Adapter, Version=10.0.0.0, Culture=neutral, PublicKeyToken=b03f5f7f11d50a3a" className="TestCompilerToTiger.UnitTest1, TestCompilerToTiger, Version=1.0.0.0, Culture=neutral, PublicKeyToken=null" name="test_test13" />
    </UnitTest>
    <UnitTest name="test_test15" storage="h:\lastversion\compiler 8-3-2012\testcompilertotiger\bin\debug\testcompilertotiger.dll" id="c4fa99d9-cca8-ac70-06bb-cefbec6e204e">
      <Execution id="6f50aa33-2612-4698-ba2e-c22791268f6c" />
      <TestMethod codeBase="H:/lastversion/Compiler 8-3-2012/TestCompilerToTiger/bin/Debug/TestCompilerToTiger.DLL" adapterTypeName="Microsoft.VisualStudio.TestTools.TestTypes.Unit.UnitTestAdapter, Microsoft.VisualStudio.QualityTools.Tips.UnitTest.Adapter, Version=10.0.0.0, Culture=neutral, PublicKeyToken=b03f5f7f11d50a3a" className="TestCompilerToTiger.UnitTest1, TestCompilerToTiger, Version=1.0.0.0, Culture=neutral, PublicKeyToken=null" name="test_test15" />
    </UnitTest>
    <UnitTest name="test_test40" storage="h:\lastversion\compiler 8-3-2012\testcompilertotiger\bin\debug\testcompilertotiger.dll" id="59f585d1-a0bb-33e9-4abb-19d69a17417d">
      <Execution id="e141f3db-bd7e-42cb-8bac-f6413671a3f2" />
      <TestMethod codeBase="H:/lastversion/Compiler 8-3-2012/TestCompilerToTiger/bin/Debug/TestCompilerToTiger.DLL" adapterTypeName="Microsoft.VisualStudio.TestTools.TestTypes.Unit.UnitTestAdapter, Microsoft.VisualStudio.QualityTools.Tips.UnitTest.Adapter, Version=10.0.0.0, Culture=neutral, PublicKeyToken=b03f5f7f11d50a3a" className="TestCompilerToTiger.UnitTest1, TestCompilerToTiger, Version=1.0.0.0, Culture=neutral, PublicKeyToken=null" name="test_test40" />
    </UnitTest>
    <UnitTest name="test_test32" storage="h:\lastversion\compiler 8-3-2012\testcompilertotiger\bin\debug\testcompilertotiger.dll" id="b072c1fb-dc11-85af-9856-d7106bde114d">
      <Execution id="f4955e4a-c7e8-48eb-956d-9dd4a24bece3" />
      <TestMethod codeBase="H:/lastversion/Compiler 8-3-2012/TestCompilerToTiger/bin/Debug/TestCompilerToTiger.DLL" adapterTypeName="Microsoft.VisualStudio.TestTools.TestTypes.Unit.UnitTestAdapter, Microsoft.VisualStudio.QualityTools.Tips.UnitTest.Adapter, Version=10.0.0.0, Culture=neutral, PublicKeyToken=b03f5f7f11d50a3a" className="TestCompilerToTiger.UnitTest1, TestCompilerToTiger, Version=1.0.0.0, Culture=neutral, PublicKeyToken=null" name="test_test32" />
    </UnitTest>
    <UnitTest name="test_array_init" storage="h:\lastversion\compiler 8-3-2012\testcompilertotiger\bin\debug\testcompilertotiger.dll" id="e8d2f115-d73c-2867-cfd5-f324a2ef1c4b">
      <Execution id="f1c62c54-c24e-4bc4-aec9-99e60402d3aa" />
      <TestMethod codeBase="H:/lastversion/Compiler 8-3-2012/TestCompilerToTiger/bin/Debug/TestCompilerToTiger.DLL" adapterTypeName="Microsoft.VisualStudio.TestTools.TestTypes.Unit.UnitTestAdapter, Microsoft.VisualStudio.QualityTools.Tips.UnitTest.Adapter, Version=10.0.0.0, Culture=neutral, PublicKeyToken=b03f5f7f11d50a3a" className="TestCompilerToTiger.UnitTest1, TestCompilerToTiger, Version=1.0.0.0, Culture=neutral, PublicKeyToken=null" name="test_array_init" />
    </UnitTest>
    <UnitTest name="test_recursive_array" storage="h:\lastversion\compiler 8-3-2012\testcompilertotiger\bin\debug\testcompilertotiger.dll" id="e5ba5b84-693c-c274-9024-67714abfd289">
      <Execution id="ec6837fb-3cbe-441b-a4d8-0ab0c7274860" />
      <TestMethod codeBase="H:/lastversion/Compiler 8-3-2012/TestCompilerToTiger/bin/Debug/TestCompilerToTiger.DLL" adapterTypeName="Microsoft.VisualStudio.TestTools.TestTypes.Unit.UnitTestAdapter, Microsoft.VisualStudio.QualityTools.Tips.UnitTest.Adapter, Version=10.0.0.0, Culture=neutral, PublicKeyToken=b03f5f7f11d50a3a" className="TestCompilerToTiger.UnitTest1, TestCompilerToTiger, Version=1.0.0.0, Culture=neutral, PublicKeyToken=null" name="test_recursive_array" />
    </UnitTest>
    <UnitTest name="test_and_operator_non_valued_operands" storage="h:\lastversion\compiler 8-3-2012\testcompilertotiger\bin\debug\testcompilertotiger.dll" id="7778cbf3-4c15-9b31-c5ab-9ec850cf89a5">
      <Execution id="d31c2300-f8fe-48c6-b21b-22cd6c6a98d7" />
      <TestMethod codeBase="H:/lastversion/Compiler 8-3-2012/TestCompilerToTiger/bin/Debug/TestCompilerToTiger.DLL" adapterTypeName="Microsoft.VisualStudio.TestTools.TestTypes.Unit.UnitTestAdapter, Microsoft.VisualStudio.QualityTools.Tips.UnitTest.Adapter, Version=10.0.0.0, Culture=neutral, PublicKeyToken=b03f5f7f11d50a3a" className="TestCompilerToTiger.UnitTest1, TestCompilerToTiger, Version=1.0.0.0, Culture=neutral, PublicKeyToken=null" name="test_and_operator_non_valued_operands" />
    </UnitTest>
    <UnitTest name="test_test1" storage="h:\lastversion\compiler 8-3-2012\testcompilertotiger\bin\debug\testcompilertotiger.dll" id="46280aa5-4d15-904e-00e7-b0ec18a6f672">
      <Execution id="336ff3fc-7d37-44a8-8f0c-1beca84555f4" />
      <TestMethod codeBase="H:/lastversion/Compiler 8-3-2012/TestCompilerToTiger/bin/Debug/TestCompilerToTiger.DLL" adapterTypeName="Microsoft.VisualStudio.TestTools.TestTypes.Unit.UnitTestAdapter, Microsoft.VisualStudio.QualityTools.Tips.UnitTest.Adapter, Version=10.0.0.0, Culture=neutral, PublicKeyToken=b03f5f7f11d50a3a" className="TestCompilerToTiger.UnitTest1, TestCompilerToTiger, Version=1.0.0.0, Culture=neutral, PublicKeyToken=null" name="test_test1" />
    </UnitTest>
    <UnitTest name="test_if_then_without_valued_condition" storage="h:\lastversion\compiler 8-3-2012\testcompilertotiger\bin\debug\testcompilertotiger.dll" id="787fedd9-a949-1ea5-7ca7-01f74f289b04">
      <Execution id="0bfc34de-7701-4075-9abf-9224f2a29d0a" />
      <TestMethod codeBase="H:/lastversion/Compiler 8-3-2012/TestCompilerToTiger/bin/Debug/TestCompilerToTiger.DLL" adapterTypeName="Microsoft.VisualStudio.TestTools.TestTypes.Unit.UnitTestAdapter, Microsoft.VisualStudio.QualityTools.Tips.UnitTest.Adapter, Version=10.0.0.0, Culture=neutral, PublicKeyToken=b03f5f7f11d50a3a" className="TestCompilerToTiger.UnitTest1, TestCompilerToTiger, Version=1.0.0.0, Culture=neutral, PublicKeyToken=null" name="test_if_then_without_valued_condition" />
    </UnitTest>
    <UnitTest name="test_record_literal_more_params" storage="h:\lastversion\compiler 8-3-2012\testcompilertotiger\bin\debug\testcompilertotiger.dll" id="1592ab8f-1085-3308-e351-9274eada4786">
      <Execution id="28a326c0-1772-4f13-bdbd-666e3cc54670" />
      <TestMethod codeBase="H:/lastversion/Compiler 8-3-2012/TestCompilerToTiger/bin/Debug/TestCompilerToTiger.DLL" adapterTypeName="Microsoft.VisualStudio.TestTools.TestTypes.Unit.UnitTestAdapter, Microsoft.VisualStudio.QualityTools.Tips.UnitTest.Adapter, Version=10.0.0.0, Culture=neutral, PublicKeyToken=b03f5f7f11d50a3a" className="TestCompilerToTiger.UnitTest1, TestCompilerToTiger, Version=1.0.0.0, Culture=neutral, PublicKeyToken=null" name="test_record_literal_more_params" />
    </UnitTest>
    <UnitTest name="test_test22" storage="h:\lastversion\compiler 8-3-2012\testcompilertotiger\bin\debug\testcompilertotiger.dll" id="bc0e1316-dbe6-b028-ade7-bfc7507988f6">
      <Execution id="776654f4-4579-449e-8c07-2da7d62ea930" />
      <TestMethod codeBase="H:/lastversion/Compiler 8-3-2012/TestCompilerToTiger/bin/Debug/TestCompilerToTiger.DLL" adapterTypeName="Microsoft.VisualStudio.TestTools.TestTypes.Unit.UnitTestAdapter, Microsoft.VisualStudio.QualityTools.Tips.UnitTest.Adapter, Version=10.0.0.0, Culture=neutral, PublicKeyToken=b03f5f7f11d50a3a" className="TestCompilerToTiger.UnitTest1, TestCompilerToTiger, Version=1.0.0.0, Culture=neutral, PublicKeyToken=null" name="test_test22" />
    </UnitTest>
    <UnitTest name="test_test11" storage="h:\lastversion\compiler 8-3-2012\testcompilertotiger\bin\debug\testcompilertotiger.dll" id="914b2a0c-dbfa-15bf-c67e-da89c4c3ca96">
      <Execution id="0c2017f6-2495-4410-8fc5-4dae57120064" />
      <TestMethod codeBase="H:/lastversion/Compiler 8-3-2012/TestCompilerToTiger/bin/Debug/TestCompilerToTiger.DLL" adapterTypeName="Microsoft.VisualStudio.TestTools.TestTypes.Unit.UnitTestAdapter, Microsoft.VisualStudio.QualityTools.Tips.UnitTest.Adapter, Version=10.0.0.0, Culture=neutral, PublicKeyToken=b03f5f7f11d50a3a" className="TestCompilerToTiger.UnitTest1, TestCompilerToTiger, Version=1.0.0.0, Culture=neutral, PublicKeyToken=null" name="test_test11" />
    </UnitTest>
    <UnitTest name="test_test43" storage="h:\lastversion\compiler 8-3-2012\testcompilertotiger\bin\debug\testcompilertotiger.dll" id="e202bc60-0634-baa5-9fb7-e483d26688e3">
      <Execution id="2c092c84-2d43-4cf5-b91b-701428bcc73c" />
      <TestMethod codeBase="H:/lastversion/Compiler 8-3-2012/TestCompilerToTiger/bin/Debug/TestCompilerToTiger.DLL" adapterTypeName="Microsoft.VisualStudio.TestTools.TestTypes.Unit.UnitTestAdapter, Microsoft.VisualStudio.QualityTools.Tips.UnitTest.Adapter, Version=10.0.0.0, Culture=neutral, PublicKeyToken=b03f5f7f11d50a3a" className="TestCompilerToTiger.UnitTest1, TestCompilerToTiger, Version=1.0.0.0, Culture=neutral, PublicKeyToken=null" name="test_test43" />
    </UnitTest>
    <UnitTest name="test_invalid_mutually_recursive_function_depth_3" storage="h:\lastversion\compiler 8-3-2012\testcompilertotiger\bin\debug\testcompilertotiger.dll" id="7c7d2692-7ab1-c90f-37ca-eafa8321abdc">
      <Execution id="88b6e78c-0fb0-4a7a-8334-2a9f4dc27132" />
      <TestMethod codeBase="H:/lastversion/Compiler 8-3-2012/TestCompilerToTiger/bin/Debug/TestCompilerToTiger.DLL" adapterTypeName="Microsoft.VisualStudio.TestTools.TestTypes.Unit.UnitTestAdapter, Microsoft.VisualStudio.QualityTools.Tips.UnitTest.Adapter, Version=10.0.0.0, Culture=neutral, PublicKeyToken=b03f5f7f11d50a3a" className="TestCompilerToTiger.UnitTest1, TestCompilerToTiger, Version=1.0.0.0, Culture=neutral, PublicKeyToken=null" name="test_invalid_mutually_recursive_function_depth_3" />
    </UnitTest>
    <UnitTest name="test_break_in_a_function" storage="h:\lastversion\compiler 8-3-2012\testcompilertotiger\bin\debug\testcompilertotiger.dll" id="39e514c1-78c7-15fd-4b22-50c302b2163e">
      <Execution id="457fc8fc-5585-4d88-9bbe-926a5fc533af" />
      <TestMethod codeBase="H:/lastversion/Compiler 8-3-2012/TestCompilerToTiger/bin/Debug/TestCompilerToTiger.DLL" adapterTypeName="Microsoft.VisualStudio.TestTools.TestTypes.Unit.UnitTestAdapter, Microsoft.VisualStudio.QualityTools.Tips.UnitTest.Adapter, Version=10.0.0.0, Culture=neutral, PublicKeyToken=b03f5f7f11d50a3a" className="TestCompilerToTiger.UnitTest1, TestCompilerToTiger, Version=1.0.0.0, Culture=neutral, PublicKeyToken=null" name="test_break_in_a_function" />
    </UnitTest>
    <UnitTest name="test_test41" storage="h:\lastversion\compiler 8-3-2012\testcompilertotiger\bin\debug\testcompilertotiger.dll" id="6cf12022-2ae0-7084-a31c-7e8297ba831d">
      <Execution id="27ee22d1-19ba-42ed-9cbc-02e7fd59bdf0" />
      <TestMethod codeBase="H:/lastversion/Compiler 8-3-2012/TestCompilerToTiger/bin/Debug/TestCompilerToTiger.DLL" adapterTypeName="Microsoft.VisualStudio.TestTools.TestTypes.Unit.UnitTestAdapter, Microsoft.VisualStudio.QualityTools.Tips.UnitTest.Adapter, Version=10.0.0.0, Culture=neutral, PublicKeyToken=b03f5f7f11d50a3a" className="TestCompilerToTiger.UnitTest1, TestCompilerToTiger, Version=1.0.0.0, Culture=neutral, PublicKeyToken=null" name="test_test41" />
    </UnitTest>
    <UnitTest name="test_invalid_mutually_recursive_record_depth_3" storage="h:\lastversion\compiler 8-3-2012\testcompilertotiger\bin\debug\testcompilertotiger.dll" id="a2d926c3-2110-bd3c-06f7-e7b666840b6e">
      <Execution id="6032816c-56ea-4906-8b2f-9c2d9d989dd6" />
      <TestMethod codeBase="H:/lastversion/Compiler 8-3-2012/TestCompilerToTiger/bin/Debug/TestCompilerToTiger.DLL" adapterTypeName="Microsoft.VisualStudio.TestTools.TestTypes.Unit.UnitTestAdapter, Microsoft.VisualStudio.QualityTools.Tips.UnitTest.Adapter, Version=10.0.0.0, Culture=neutral, PublicKeyToken=b03f5f7f11d50a3a" className="TestCompilerToTiger.UnitTest1, TestCompilerToTiger, Version=1.0.0.0, Culture=neutral, PublicKeyToken=null" name="test_invalid_mutually_recursive_record_depth_3" />
    </UnitTest>
    <UnitTest name="test_mod7_1" storage="h:\lastversion\compiler 8-3-2012\testcompilertotiger\bin\debug\testcompilertotiger.dll" id="a7316259-a78f-4c76-fc44-43a2d7ccb76e">
      <Execution id="cc15952f-273a-4156-8271-3a018834ec76" />
      <TestMethod codeBase="H:/lastversion/Compiler 8-3-2012/TestCompilerToTiger/bin/Debug/TestCompilerToTiger.DLL" adapterTypeName="Microsoft.VisualStudio.TestTools.TestTypes.Unit.UnitTestAdapter, Microsoft.VisualStudio.QualityTools.Tips.UnitTest.Adapter, Version=10.0.0.0, Culture=neutral, PublicKeyToken=b03f5f7f11d50a3a" className="TestCompilerToTiger.UnitTest1, TestCompilerToTiger, Version=1.0.0.0, Culture=neutral, PublicKeyToken=null" name="test_mod7_1" />
    </UnitTest>
    <UnitTest name="test_divide_between_non_valued_right" storage="h:\lastversion\compiler 8-3-2012\testcompilertotiger\bin\debug\testcompilertotiger.dll" id="a59733da-8885-c1da-b119-165c79329a1b">
      <Execution id="c9c349ce-46f6-46a7-b5ec-acbaca97467c" />
      <TestMethod codeBase="H:/lastversion/Compiler 8-3-2012/TestCompilerToTiger/bin/Debug/TestCompilerToTiger.DLL" adapterTypeName="Microsoft.VisualStudio.TestTools.TestTypes.Unit.UnitTestAdapter, Microsoft.VisualStudio.QualityTools.Tips.UnitTest.Adapter, Version=10.0.0.0, Culture=neutral, PublicKeyToken=b03f5f7f11d50a3a" className="TestCompilerToTiger.UnitTest1, TestCompilerToTiger, Version=1.0.0.0, Culture=neutral, PublicKeyToken=null" name="test_divide_between_non_valued_right" />
    </UnitTest>
    <UnitTest name="test_test28" storage="h:\lastversion\compiler 8-3-2012\testcompilertotiger\bin\debug\testcompilertotiger.dll" id="36324f40-b2ea-1a81-62d1-737b148bbfa1">
      <Execution id="dcc6173c-2b5e-4d65-941b-9b5ce9a4632d" />
      <TestMethod codeBase="H:/lastversion/Compiler 8-3-2012/TestCompilerToTiger/bin/Debug/TestCompilerToTiger.DLL" adapterTypeName="Microsoft.VisualStudio.TestTools.TestTypes.Unit.UnitTestAdapter, Microsoft.VisualStudio.QualityTools.Tips.UnitTest.Adapter, Version=10.0.0.0, Culture=neutral, PublicKeyToken=b03f5f7f11d50a3a" className="TestCompilerToTiger.UnitTest1, TestCompilerToTiger, Version=1.0.0.0, Culture=neutral, PublicKeyToken=null" name="test_test28" />
    </UnitTest>
    <UnitTest name="test_mod6" storage="h:\lastversion\compiler 8-3-2012\testcompilertotiger\bin\debug\testcompilertotiger.dll" id="4a01e103-991f-0e62-ab1c-3ca959d73353">
      <Execution id="cfad7cd6-3c73-4302-8768-a509b8e9cc50" />
      <TestMethod codeBase="H:/lastversion/Compiler 8-3-2012/TestCompilerToTiger/bin/Debug/TestCompilerToTiger.DLL" adapterTypeName="Microsoft.VisualStudio.TestTools.TestTypes.Unit.UnitTestAdapter, Microsoft.VisualStudio.QualityTools.Tips.UnitTest.Adapter, Version=10.0.0.0, Culture=neutral, PublicKeyToken=b03f5f7f11d50a3a" className="TestCompilerToTiger.UnitTest1, TestCompilerToTiger, Version=1.0.0.0, Culture=neutral, PublicKeyToken=null" name="test_mod6" />
    </UnitTest>
    <UnitTest name="test_test36" storage="h:\lastversion\compiler 8-3-2012\testcompilertotiger\bin\debug\testcompilertotiger.dll" id="f96446f0-229a-33bf-fd57-40890b9bd378">
      <Execution id="99797171-524a-4036-b245-f74a52358330" />
      <TestMethod codeBase="H:/lastversion/Compiler 8-3-2012/TestCompilerToTiger/bin/Debug/TestCompilerToTiger.DLL" adapterTypeName="Microsoft.VisualStudio.TestTools.TestTypes.Unit.UnitTestAdapter, Microsoft.VisualStudio.QualityTools.Tips.UnitTest.Adapter, Version=10.0.0.0, Culture=neutral, PublicKeyToken=b03f5f7f11d50a3a" className="TestCompilerToTiger.UnitTest1, TestCompilerToTiger, Version=1.0.0.0, Culture=neutral, PublicKeyToken=null" name="test_test36" />
    </UnitTest>
    <UnitTest name="test_test25" storage="h:\lastversion\compiler 8-3-2012\testcompilertotiger\bin\debug\testcompilertotiger.dll" id="d690abc7-a328-cd83-8fdc-b127cf098887">
      <Execution id="36aed4d9-39c6-4b53-8b62-abb69e7d2b2d" />
      <TestMethod codeBase="H:/lastversion/Compiler 8-3-2012/TestCompilerToTiger/bin/Debug/TestCompilerToTiger.DLL" adapterTypeName="Microsoft.VisualStudio.TestTools.TestTypes.Unit.UnitTestAdapter, Microsoft.VisualStudio.QualityTools.Tips.UnitTest.Adapter, Version=10.0.0.0, Culture=neutral, PublicKeyToken=b03f5f7f11d50a3a" className="TestCompilerToTiger.UnitTest1, TestCompilerToTiger, Version=1.0.0.0, Culture=neutral, PublicKeyToken=null" name="test_test25" />
    </UnitTest>
    <UnitTest name="test_test24" storage="h:\lastversion\compiler 8-3-2012\testcompilertotiger\bin\debug\testcompilertotiger.dll" id="c8045a47-9964-f48c-6e03-79936fb7aaa2">
      <Execution id="10448d8c-dd76-4b6b-96a6-c49d8f90839d" />
      <TestMethod codeBase="H:/lastversion/Compiler 8-3-2012/TestCompilerToTiger/bin/Debug/TestCompilerToTiger.DLL" adapterTypeName="Microsoft.VisualStudio.TestTools.TestTypes.Unit.UnitTestAdapter, Microsoft.VisualStudio.QualityTools.Tips.UnitTest.Adapter, Version=10.0.0.0, Culture=neutral, PublicKeyToken=b03f5f7f11d50a3a" className="TestCompilerToTiger.UnitTest1, TestCompilerToTiger, Version=1.0.0.0, Culture=neutral, PublicKeyToken=null" name="test_test24" />
    </UnitTest>
    <UnitTest name="test_test14" storage="h:\lastversion\compiler 8-3-2012\testcompilertotiger\bin\debug\testcompilertotiger.dll" id="8a758c2f-0cd5-1d39-decc-a9938a65ea5c">
      <Execution id="c1a1e8aa-c8d7-4b24-a992-bad9f6c93424" />
      <TestMethod codeBase="H:/lastversion/Compiler 8-3-2012/TestCompilerToTiger/bin/Debug/TestCompilerToTiger.DLL" adapterTypeName="Microsoft.VisualStudio.TestTools.TestTypes.Unit.UnitTestAdapter, Microsoft.VisualStudio.QualityTools.Tips.UnitTest.Adapter, Version=10.0.0.0, Culture=neutral, PublicKeyToken=b03f5f7f11d50a3a" className="TestCompilerToTiger.UnitTest1, TestCompilerToTiger, Version=1.0.0.0, Culture=neutral, PublicKeyToken=null" name="test_test14" />
    </UnitTest>
    <UnitTest name="test_test21" storage="h:\lastversion\compiler 8-3-2012\testcompilertotiger\bin\debug\testcompilertotiger.dll" id="eec5b161-be3c-10b7-c8a8-069c5234b535">
      <Execution id="9eda9568-54f2-4309-add7-5765ba03b57f" />
      <TestMethod codeBase="H:/lastversion/Compiler 8-3-2012/TestCompilerToTiger/bin/Debug/TestCompilerToTiger.DLL" adapterTypeName="Microsoft.VisualStudio.TestTools.TestTypes.Unit.UnitTestAdapter, Microsoft.VisualStudio.QualityTools.Tips.UnitTest.Adapter, Version=10.0.0.0, Culture=neutral, PublicKeyToken=b03f5f7f11d50a3a" className="TestCompilerToTiger.UnitTest1, TestCompilerToTiger, Version=1.0.0.0, Culture=neutral, PublicKeyToken=null" name="test_test21" />
    </UnitTest>
    <UnitTest name="test_test47" storage="h:\lastversion\compiler 8-3-2012\testcompilertotiger\bin\debug\testcompilertotiger.dll" id="6abeaf16-1933-aee6-2e8b-ea4a38605847">
      <Execution id="91b203d7-1854-4af9-be00-7d848d35b4ca" />
      <TestMethod codeBase="H:/lastversion/Compiler 8-3-2012/TestCompilerToTiger/bin/Debug/TestCompilerToTiger.DLL" adapterTypeName="Microsoft.VisualStudio.TestTools.TestTypes.Unit.UnitTestAdapter, Microsoft.VisualStudio.QualityTools.Tips.UnitTest.Adapter, Version=10.0.0.0, Culture=neutral, PublicKeyToken=b03f5f7f11d50a3a" className="TestCompilerToTiger.UnitTest1, TestCompilerToTiger, Version=1.0.0.0, Culture=neutral, PublicKeyToken=null" name="test_test47" />
    </UnitTest>
    <UnitTest name="test_test7" storage="h:\lastversion\compiler 8-3-2012\testcompilertotiger\bin\debug\testcompilertotiger.dll" id="d06f6746-ead1-f925-4604-460409e84f79">
      <Execution id="0fc1d85d-7d2e-40ee-9d3b-510451767211" />
      <TestMethod codeBase="H:/lastversion/Compiler 8-3-2012/TestCompilerToTiger/bin/Debug/TestCompilerToTiger.DLL" adapterTypeName="Microsoft.VisualStudio.TestTools.TestTypes.Unit.UnitTestAdapter, Microsoft.VisualStudio.QualityTools.Tips.UnitTest.Adapter, Version=10.0.0.0, Culture=neutral, PublicKeyToken=b03f5f7f11d50a3a" className="TestCompilerToTiger.UnitTest1, TestCompilerToTiger, Version=1.0.0.0, Culture=neutral, PublicKeyToken=null" name="test_test7" />
    </UnitTest>
    <UnitTest name="test_test49" storage="h:\lastversion\compiler 8-3-2012\testcompilertotiger\bin\debug\testcompilertotiger.dll" id="c348fff9-c0f5-4dfb-10de-9bcc6c0e2e35">
      <Execution id="0c857cc4-75eb-46bc-841e-f258844e6f2a" />
      <TestMethod codeBase="H:/lastversion/Compiler 8-3-2012/TestCompilerToTiger/bin/Debug/TestCompilerToTiger.DLL" adapterTypeName="Microsoft.VisualStudio.TestTools.TestTypes.Unit.UnitTestAdapter, Microsoft.VisualStudio.QualityTools.Tips.UnitTest.Adapter, Version=10.0.0.0, Culture=neutral, PublicKeyToken=b03f5f7f11d50a3a" className="TestCompilerToTiger.UnitTest1, TestCompilerToTiger, Version=1.0.0.0, Culture=neutral, PublicKeyToken=null" name="test_test49" />
    </UnitTest>
    <UnitTest name="test_str" storage="h:\lastversion\compiler 8-3-2012\testcompilertotiger\bin\debug\testcompilertotiger.dll" id="f671f60d-5960-0a4e-25da-4be80fa480eb">
      <Execution id="a436e540-9eab-4ce2-95c2-85f4d2a28aa2" />
      <TestMethod codeBase="H:/lastversion/Compiler 8-3-2012/TestCompilerToTiger/bin/Debug/TestCompilerToTiger.DLL" adapterTypeName="Microsoft.VisualStudio.TestTools.TestTypes.Unit.UnitTestAdapter, Microsoft.VisualStudio.QualityTools.Tips.UnitTest.Adapter, Version=10.0.0.0, Culture=neutral, PublicKeyToken=b03f5f7f11d50a3a" className="TestCompilerToTiger.UnitTest1, TestCompilerToTiger, Version=1.0.0.0, Culture=neutral, PublicKeyToken=null" name="test_str" />
    </UnitTest>
    <UnitTest name="test_test3" storage="h:\lastversion\compiler 8-3-2012\testcompilertotiger\bin\debug\testcompilertotiger.dll" id="6935728c-f33b-b582-5cef-9b30d14c6ed4">
      <Execution id="0a6d4f78-e782-44a5-a6aa-ba054076cca1" />
      <TestMethod codeBase="H:/lastversion/Compiler 8-3-2012/TestCompilerToTiger/bin/Debug/TestCompilerToTiger.DLL" adapterTypeName="Microsoft.VisualStudio.TestTools.TestTypes.Unit.UnitTestAdapter, Microsoft.VisualStudio.QualityTools.Tips.UnitTest.Adapter, Version=10.0.0.0, Culture=neutral, PublicKeyToken=b03f5f7f11d50a3a" className="TestCompilerToTiger.UnitTest1, TestCompilerToTiger, Version=1.0.0.0, Culture=neutral, PublicKeyToken=null" name="test_test3" />
    </UnitTest>
  </TestDefinitions>
  <TestLists>
    <TestList name="Results Not in a List" id="8c84fa94-04c1-424b-9868-57a2d4851a1d" />
    <TestList name="All Loaded Results" id="19431567-8539-422a-85d7-44ee4e166bda" />
  </TestLists>
  <TestEntries>
    <TestEntry testId="019531f9-6c6d-6148-ff2d-d7912780c031" executionId="0bf9e160-ac76-4673-8f39-07fd9aeb81dd" testListId="8c84fa94-04c1-424b-9868-57a2d4851a1d" />
    <TestEntry testId="041998ab-07f9-73fa-8039-7d960c796110" executionId="8a86d9c1-db0d-4ed6-ab10-7b7ea57927cf" testListId="8c84fa94-04c1-424b-9868-57a2d4851a1d" />
    <TestEntry testId="044ddcd4-6330-7a22-e9f8-f33b453f18d7" executionId="fa900768-ac1e-4880-906e-624f33970135" testListId="8c84fa94-04c1-424b-9868-57a2d4851a1d" />
    <TestEntry testId="0ff029d3-12bf-eeea-36b5-2f404d00e87a" executionId="6f7cdedb-0e88-4b40-a8a6-9c3089be37fe" testListId="8c84fa94-04c1-424b-9868-57a2d4851a1d" />
    <TestEntry testId="1592ab8f-1085-3308-e351-9274eada4786" executionId="28a326c0-1772-4f13-bdbd-666e3cc54670" testListId="8c84fa94-04c1-424b-9868-57a2d4851a1d" />
    <TestEntry testId="23273fad-a655-fb19-0591-a880a70c5eeb" executionId="58dd9649-e9bf-42f7-8bf5-477552b29c04" testListId="8c84fa94-04c1-424b-9868-57a2d4851a1d" />
    <TestEntry testId="29c89c54-d7fb-f98d-1f2a-27aade8fb1a1" executionId="52ad0b4c-da75-4973-89fc-c1aed3071dfe" testListId="8c84fa94-04c1-424b-9868-57a2d4851a1d" />
    <TestEntry testId="2a289f39-5a92-deb7-3bfb-b0c29bd31f53" executionId="e74ec2d7-3606-44e1-808c-6e30d277ae7e" testListId="8c84fa94-04c1-424b-9868-57a2d4851a1d" />
    <TestEntry testId="30a9dc30-d90c-bbee-e587-6b840a964a32" executionId="243c9bdb-012c-4145-a6b6-a4c645981ce2" testListId="8c84fa94-04c1-424b-9868-57a2d4851a1d" />
    <TestEntry testId="33df6015-371d-7c50-5ef5-d8861ee19e12" executionId="010159f6-77ce-42f3-ac81-b1fbf1912e00" testListId="8c84fa94-04c1-424b-9868-57a2d4851a1d" />
    <TestEntry testId="36324f40-b2ea-1a81-62d1-737b148bbfa1" executionId="dcc6173c-2b5e-4d65-941b-9b5ce9a4632d" testListId="8c84fa94-04c1-424b-9868-57a2d4851a1d" />
    <TestEntry testId="39e514c1-78c7-15fd-4b22-50c302b2163e" executionId="457fc8fc-5585-4d88-9bbe-926a5fc533af" testListId="8c84fa94-04c1-424b-9868-57a2d4851a1d" />
    <TestEntry testId="3c5d2c78-6807-923e-0707-565f55826a52" executionId="3abbf969-deea-423c-bf27-28cdfb4bbaca" testListId="8c84fa94-04c1-424b-9868-57a2d4851a1d" />
    <TestEntry testId="3c85eb83-557f-5abd-129b-c696176453d1" executionId="c7deeb25-f418-444f-b85a-f4d5f95a44f6" testListId="8c84fa94-04c1-424b-9868-57a2d4851a1d" />
    <TestEntry testId="3eaf5a1b-09ff-aa0a-8696-77810f03640d" executionId="c28875fb-f1f5-493a-bb2d-78cfc6bbeb56" testListId="8c84fa94-04c1-424b-9868-57a2d4851a1d" />
    <TestEntry testId="46280aa5-4d15-904e-00e7-b0ec18a6f672" executionId="336ff3fc-7d37-44a8-8f0c-1beca84555f4" testListId="8c84fa94-04c1-424b-9868-57a2d4851a1d" />
    <TestEntry testId="487ad327-ee86-41b7-ddc2-994627f0d66e" executionId="4a969312-e8e6-4340-b0e9-2bf0303e0516" testListId="8c84fa94-04c1-424b-9868-57a2d4851a1d" />
    <TestEntry testId="4a01e103-991f-0e62-ab1c-3ca959d73353" executionId="cfad7cd6-3c73-4302-8768-a509b8e9cc50" testListId="8c84fa94-04c1-424b-9868-57a2d4851a1d" />
    <TestEntry testId="4f4b9668-5fc2-c922-c2a4-15a71f9d7a1b" executionId="6a5ccde3-0ff2-49b9-bd90-7c06eb1b64ee" testListId="8c84fa94-04c1-424b-9868-57a2d4851a1d" />
    <TestEntry testId="4f876700-47e2-ddf4-4e1d-31ab9f1d665d" executionId="acb1cbeb-b7d6-4e08-bf6d-36bff3b85066" testListId="8c84fa94-04c1-424b-9868-57a2d4851a1d" />
    <TestEntry testId="510d376c-bc82-1db9-4c26-7765bd4900fd" executionId="e88a1c99-9a92-4fbf-a2a6-b04dedb8886d" testListId="8c84fa94-04c1-424b-9868-57a2d4851a1d" />
    <TestEntry testId="5607c4ab-1b6e-27ef-88db-5c98aa28e993" executionId="db57e73b-e7e0-4290-9831-86e0d47bf500" testListId="8c84fa94-04c1-424b-9868-57a2d4851a1d" />
    <TestEntry testId="570f88f9-f5f9-b4a9-ed6f-3034933d7208" executionId="42ac2cfa-9388-4449-be63-bd7a578ea71a" testListId="8c84fa94-04c1-424b-9868-57a2d4851a1d" />
    <TestEntry testId="59f585d1-a0bb-33e9-4abb-19d69a17417d" executionId="e141f3db-bd7e-42cb-8bac-f6413671a3f2" testListId="8c84fa94-04c1-424b-9868-57a2d4851a1d" />
    <TestEntry testId="6491bb9a-c473-c29d-0621-addaa45ea010" executionId="03f63076-27aa-41e4-bcf4-509b38f3a7e6" testListId="8c84fa94-04c1-424b-9868-57a2d4851a1d" />
    <TestEntry testId="653eb7ac-1e40-67fb-ee64-62985c81131e" executionId="58b16290-7572-4aa2-b6e5-a55c92adc7c0" testListId="8c84fa94-04c1-424b-9868-57a2d4851a1d" />
    <TestEntry testId="67c163c5-c8d3-5101-e815-2db32a75cf56" executionId="dc5875e8-2ea2-4d06-adbe-d8f07bc963eb" testListId="8c84fa94-04c1-424b-9868-57a2d4851a1d" />
    <TestEntry testId="6935728c-f33b-b582-5cef-9b30d14c6ed4" executionId="0a6d4f78-e782-44a5-a6aa-ba054076cca1" testListId="8c84fa94-04c1-424b-9868-57a2d4851a1d" />
    <TestEntry testId="6abeaf16-1933-aee6-2e8b-ea4a38605847" executionId="91b203d7-1854-4af9-be00-7d848d35b4ca" testListId="8c84fa94-04c1-424b-9868-57a2d4851a1d" />
    <TestEntry testId="6cf12022-2ae0-7084-a31c-7e8297ba831d" executionId="27ee22d1-19ba-42ed-9cbc-02e7fd59bdf0" testListId="8c84fa94-04c1-424b-9868-57a2d4851a1d" />
    <TestEntry testId="6cf631e1-db7e-962a-558e-bc54f36bb57a" executionId="487fd6c1-9880-4288-845e-1bc6f1d5199f" testListId="8c84fa94-04c1-424b-9868-57a2d4851a1d" />
    <TestEntry testId="6d72d84f-797d-15c2-7042-642838b6df03" executionId="e83d0931-01f0-46f5-af33-e6f1fb0a7e4a" testListId="8c84fa94-04c1-424b-9868-57a2d4851a1d" />
    <TestEntry testId="72aa1a9e-7bdb-88d7-27ff-e8b4fa9b856a" executionId="6d264da7-057d-480e-a293-30ca494b8df3" testListId="8c84fa94-04c1-424b-9868-57a2d4851a1d" />
    <TestEntry testId="7778cbf3-4c15-9b31-c5ab-9ec850cf89a5" executionId="d31c2300-f8fe-48c6-b21b-22cd6c6a98d7" testListId="8c84fa94-04c1-424b-9868-57a2d4851a1d" />
    <TestEntry testId="787fedd9-a949-1ea5-7ca7-01f74f289b04" executionId="0bfc34de-7701-4075-9abf-9224f2a29d0a" testListId="8c84fa94-04c1-424b-9868-57a2d4851a1d" />
    <TestEntry testId="7c7d2692-7ab1-c90f-37ca-eafa8321abdc" executionId="88b6e78c-0fb0-4a7a-8334-2a9f4dc27132" testListId="8c84fa94-04c1-424b-9868-57a2d4851a1d" />
    <TestEntry testId="83e78d72-b212-dd46-9548-fec8071552c7" executionId="129be4fa-d76f-483a-9d39-93ca05fbb946" testListId="8c84fa94-04c1-424b-9868-57a2d4851a1d" />
    <TestEntry testId="8a758c2f-0cd5-1d39-decc-a9938a65ea5c" executionId="c1a1e8aa-c8d7-4b24-a992-bad9f6c93424" testListId="8c84fa94-04c1-424b-9868-57a2d4851a1d" />
    <TestEntry testId="8c0af343-7fa9-77f2-656f-4d5deee86c5d" executionId="60ede1a9-8025-4e58-bcc9-e72f69a2a5b2" testListId="8c84fa94-04c1-424b-9868-57a2d4851a1d" />
    <TestEntry testId="909f0493-3a2b-3db1-9239-46de00bd2132" executionId="85eb0316-23cc-4daa-afca-f71e1c545cda" testListId="8c84fa94-04c1-424b-9868-57a2d4851a1d" />
    <TestEntry testId="914b2a0c-dbfa-15bf-c67e-da89c4c3ca96" executionId="0c2017f6-2495-4410-8fc5-4dae57120064" testListId="8c84fa94-04c1-424b-9868-57a2d4851a1d" />
    <TestEntry testId="97171acb-cce5-bb87-edb1-a40947c57107" executionId="d6ab5c76-2f41-42aa-b3de-c3fbd10da2e1" testListId="8c84fa94-04c1-424b-9868-57a2d4851a1d" />
    <TestEntry testId="9936c7db-6cf6-2051-5d72-b9fe5c8e1ada" executionId="d950c1b0-0b4d-4911-9bfa-f22ed00e54d4" testListId="8c84fa94-04c1-424b-9868-57a2d4851a1d" />
    <TestEntry testId="99ccbccc-8faa-d870-7334-5e51e17814a3" executionId="766c8c8d-ae8b-4a4d-b5d7-8bf78aba3e54" testListId="8c84fa94-04c1-424b-9868-57a2d4851a1d" />
    <TestEntry testId="a077de67-c679-41e7-f6a0-f3e9004988c8" executionId="3aed6a4b-ff58-4d9e-8463-f9b81c7d4cc6" testListId="8c84fa94-04c1-424b-9868-57a2d4851a1d" />
    <TestEntry testId="a2d926c3-2110-bd3c-06f7-e7b666840b6e" executionId="6032816c-56ea-4906-8b2f-9c2d9d989dd6" testListId="8c84fa94-04c1-424b-9868-57a2d4851a1d" />
    <TestEntry testId="a384bb22-ddee-6569-96ae-a4c57e6d3916" executionId="b34ac493-17ee-4a0b-adf0-2106243af68c" testListId="8c84fa94-04c1-424b-9868-57a2d4851a1d" />
    <TestEntry testId="a44cd249-8572-57ab-7e94-76db5bad3054" executionId="b44b9990-af7d-4949-86df-65dd4cde7832" testListId="8c84fa94-04c1-424b-9868-57a2d4851a1d" />
    <TestEntry testId="a472785a-6aac-8d41-8d14-3df81fa7d043" executionId="eb2cf1f5-9afc-459a-b077-9c9764184658" testListId="8c84fa94-04c1-424b-9868-57a2d4851a1d" />
    <TestEntry testId="a59733da-8885-c1da-b119-165c79329a1b" executionId="c9c349ce-46f6-46a7-b5ec-acbaca97467c" testListId="8c84fa94-04c1-424b-9868-57a2d4851a1d" />
    <TestEntry testId="a7316259-a78f-4c76-fc44-43a2d7ccb76e" executionId="cc15952f-273a-4156-8271-3a018834ec76" testListId="8c84fa94-04c1-424b-9868-57a2d4851a1d" />
    <TestEntry testId="b072c1fb-dc11-85af-9856-d7106bde114d" executionId="f4955e4a-c7e8-48eb-956d-9dd4a24bece3" testListId="8c84fa94-04c1-424b-9868-57a2d4851a1d" />
    <TestEntry testId="b4c7ef8d-acd4-bb81-a04e-3b27f1d00de4" executionId="201ce2ec-c4cf-465f-bc71-e9a96061c850" testListId="8c84fa94-04c1-424b-9868-57a2d4851a1d" />
    <TestEntry testId="b59a94a6-b3eb-5bc0-dedb-53c312b3dd38" executionId="410be092-1068-49bf-9fbb-9fcb42b7bd27" testListId="8c84fa94-04c1-424b-9868-57a2d4851a1d" />
    <TestEntry testId="b62d9364-7778-3e50-d7a6-6bf0ce856a2f" executionId="dd269b61-0f80-4b09-9908-82043b7252a0" testListId="8c84fa94-04c1-424b-9868-57a2d4851a1d" />
    <TestEntry testId="baf2563e-3009-d447-b0e7-170ab8463071" executionId="434d6096-ceb3-4203-b802-d7ac79f5889c" testListId="8c84fa94-04c1-424b-9868-57a2d4851a1d" />
    <TestEntry testId="bc0e1316-dbe6-b028-ade7-bfc7507988f6" executionId="776654f4-4579-449e-8c07-2da7d62ea930" testListId="8c84fa94-04c1-424b-9868-57a2d4851a1d" />
    <TestEntry testId="bedda814-012f-44ec-c334-f993d0f501c2" executionId="b5cb59f3-3d04-4e6e-af26-9174f0144499" testListId="8c84fa94-04c1-424b-9868-57a2d4851a1d" />
    <TestEntry testId="c20e51b4-12b3-e19f-44f0-68b615cb9d34" executionId="2fd4029c-32bd-4c75-b95c-1546010158c2" testListId="8c84fa94-04c1-424b-9868-57a2d4851a1d" />
    <TestEntry testId="c348fff9-c0f5-4dfb-10de-9bcc6c0e2e35" executionId="0c857cc4-75eb-46bc-841e-f258844e6f2a" testListId="8c84fa94-04c1-424b-9868-57a2d4851a1d" />
    <TestEntry testId="c3679b4e-0952-8b62-ff50-a38002b5bb13" executionId="de66b3dd-48c5-4f70-a471-984dc792c169" testListId="8c84fa94-04c1-424b-9868-57a2d4851a1d" />
    <TestEntry testId="c4fa99d9-cca8-ac70-06bb-cefbec6e204e" executionId="6f50aa33-2612-4698-ba2e-c22791268f6c" testListId="8c84fa94-04c1-424b-9868-57a2d4851a1d" />
    <TestEntry testId="c4fb2239-0b02-8afd-06d9-ec6f804a8a52" executionId="21b0d372-e10a-469e-b389-6f45b72dbda2" testListId="8c84fa94-04c1-424b-9868-57a2d4851a1d" />
    <TestEntry testId="c61736dc-d6c8-f953-d484-0d9a5b344127" executionId="9f535ccf-637f-4fc5-b45f-290590372752" testListId="8c84fa94-04c1-424b-9868-57a2d4851a1d" />
    <TestEntry testId="c8045a47-9964-f48c-6e03-79936fb7aaa2" executionId="10448d8c-dd76-4b6b-96a6-c49d8f90839d" testListId="8c84fa94-04c1-424b-9868-57a2d4851a1d" />
    <TestEntry testId="cab8b132-edf3-b22a-dafd-52e3f1e74a4c" executionId="8f6585fd-7496-4896-9f4d-00b025cdfd31" testListId="8c84fa94-04c1-424b-9868-57a2d4851a1d" />
    <TestEntry testId="cda3dbd2-47ba-daee-07dc-a896644e4d82" executionId="9321cc3b-ad21-4f2a-9e60-9f08c794b1b3" testListId="8c84fa94-04c1-424b-9868-57a2d4851a1d" />
    <TestEntry testId="ce2a8c2f-bbc2-eed5-1248-002e2907786b" executionId="273c5ac3-1e9e-4c99-85f2-7b1c068022f4" testListId="8c84fa94-04c1-424b-9868-57a2d4851a1d" />
    <TestEntry testId="d050111e-1afa-c332-bab6-dc16fcf18a86" executionId="5016d4ee-3618-4e73-a0a0-b42d375c1ef5" testListId="8c84fa94-04c1-424b-9868-57a2d4851a1d" />
    <TestEntry testId="d06f6746-ead1-f925-4604-460409e84f79" executionId="0fc1d85d-7d2e-40ee-9d3b-510451767211" testListId="8c84fa94-04c1-424b-9868-57a2d4851a1d" />
    <TestEntry testId="d6875146-3a82-65ba-0dc8-a42d822217f6" executionId="f33ae17c-55ce-4ebd-81a0-01f79ee79355" testListId="8c84fa94-04c1-424b-9868-57a2d4851a1d" />
    <TestEntry testId="d690abc7-a328-cd83-8fdc-b127cf098887" executionId="36aed4d9-39c6-4b53-8b62-abb69e7d2b2d" testListId="8c84fa94-04c1-424b-9868-57a2d4851a1d" />
    <TestEntry testId="d93fbe60-89ed-bf54-6dfb-bec94ee26025" executionId="27453ccf-8857-444c-aa37-b2b9f9cfefda" testListId="8c84fa94-04c1-424b-9868-57a2d4851a1d" />
    <TestEntry testId="da3e1bea-fd68-3dc0-d517-eb40039703ee" executionId="a757085d-32e8-4af0-8a22-cc4b7143ed49" testListId="8c84fa94-04c1-424b-9868-57a2d4851a1d" />
    <TestEntry testId="dc1b746a-01eb-32a1-dd9f-13724fc026ff" executionId="a9c61f8a-d803-4784-bbb4-343fb0d6d35a" testListId="8c84fa94-04c1-424b-9868-57a2d4851a1d" />
    <TestEntry testId="e202bc60-0634-baa5-9fb7-e483d26688e3" executionId="2c092c84-2d43-4cf5-b91b-701428bcc73c" testListId="8c84fa94-04c1-424b-9868-57a2d4851a1d" />
    <TestEntry testId="e23ffe73-c0b4-23de-3266-456dece737db" executionId="035e7d33-2065-4e63-ba02-def4d8d6df0b" testListId="8c84fa94-04c1-424b-9868-57a2d4851a1d" />
    <TestEntry testId="e5ba5b84-693c-c274-9024-67714abfd289" executionId="ec6837fb-3cbe-441b-a4d8-0ab0c7274860" testListId="8c84fa94-04c1-424b-9868-57a2d4851a1d" />
    <TestEntry testId="e6694f75-d598-6ffe-9c8e-bbfaecee7755" executionId="e616d737-fba8-4e3e-8f2e-512fcc2ca8d4" testListId="8c84fa94-04c1-424b-9868-57a2d4851a1d" />
    <TestEntry testId="e8d2f115-d73c-2867-cfd5-f324a2ef1c4b" executionId="f1c62c54-c24e-4bc4-aec9-99e60402d3aa" testListId="8c84fa94-04c1-424b-9868-57a2d4851a1d" />
    <TestEntry testId="ecf43549-1da5-5f9d-4f70-8ce66cfb75f9" executionId="25cf1436-0d9e-444a-a52a-79b32bfb33fd" testListId="8c84fa94-04c1-424b-9868-57a2d4851a1d" />
    <TestEntry testId="eec5b161-be3c-10b7-c8a8-069c5234b535" executionId="9eda9568-54f2-4309-add7-5765ba03b57f" testListId="8c84fa94-04c1-424b-9868-57a2d4851a1d" />
    <TestEntry testId="f16497eb-6a01-ee64-493f-fa445e31a0a3" executionId="5f148ef3-7a3c-4d4c-846b-b0aaf1b5d157" testListId="8c84fa94-04c1-424b-9868-57a2d4851a1d" />
    <TestEntry testId="f178d479-04b2-1f51-5b83-340d9c464883" executionId="c58cdfa2-b33b-497b-9914-f2e0c3ee73d2" testListId="8c84fa94-04c1-424b-9868-57a2d4851a1d" />
    <TestEntry testId="f1ff68f4-2ce6-1ac3-921c-079b2b95706c" executionId="6484ae8c-ebc4-4af2-bdd7-81c6212bc78b" testListId="8c84fa94-04c1-424b-9868-57a2d4851a1d" />
    <TestEntry testId="f4efcf97-2817-134e-d4cd-02e0e8ed7f47" executionId="25f9b631-332c-49a3-9873-bceab431f3b9" testListId="8c84fa94-04c1-424b-9868-57a2d4851a1d" />
    <TestEntry testId="f671f60d-5960-0a4e-25da-4be80fa480eb" executionId="a436e540-9eab-4ce2-95c2-85f4d2a28aa2" testListId="8c84fa94-04c1-424b-9868-57a2d4851a1d" />
    <TestEntry testId="f72187fc-b3e0-b7a6-6724-df81d1bfb604" executionId="39f71e3a-5b88-418b-a7a9-e5225e75ba5a" testListId="8c84fa94-04c1-424b-9868-57a2d4851a1d" />
    <TestEntry testId="f7361c7c-3b0f-6086-f159-11b4844d843d" executionId="725cef26-8df8-4b20-8df0-258131a86930" testListId="8c84fa94-04c1-424b-9868-57a2d4851a1d" />
    <TestEntry testId="f8f7e3fc-a32f-4b7e-3884-a77c284c6334" executionId="123d493b-ae79-4786-b989-972573ea96c3" testListId="8c84fa94-04c1-424b-9868-57a2d4851a1d" />
    <TestEntry testId="f96446f0-229a-33bf-fd57-40890b9bd378" executionId="99797171-524a-4036-b245-f74a52358330" testListId="8c84fa94-04c1-424b-9868-57a2d4851a1d" />
    <TestEntry testId="fb90f7ed-7430-80a6-0f96-1278e7153aad" executionId="9c73adf1-0144-4655-86e1-6b88f27225d4" testListId="8c84fa94-04c1-424b-9868-57a2d4851a1d" />
    <TestEntry testId="ff4c30d4-0e18-8aac-65dc-3010d8dc6819" executionId="dc21cedc-0a3a-4d9f-aef6-8ec242a2d624" testListId="8c84fa94-04c1-424b-9868-57a2d4851a1d" />
  </TestEntries>
  <Results>
    <UnitTestResult executionId="0bf9e160-ac76-4673-8f39-07fd9aeb81dd" testId="019531f9-6c6d-6148-ff2d-d7912780c031" testName="test_merge" computerName="HOME-E26FE83CAE" duration="00:00:00.0205436" startTime="2012-03-12T14:15:19.7500000-05:00" endTime="2012-03-12T14:15:21.4375000-05:00" testType="13cdc9d9-ddb5-4fa4-a97d-d965ccfc6d4b" outcome="Passed" testListId="8c84fa94-04c1-424b-9868-57a2d4851a1d" relativeResultsDirectory="0bf9e160-ac76-4673-8f39-07fd9aeb81dd">
    </UnitTestResult>
    <UnitTestResult executionId="8a86d9c1-db0d-4ed6-ab10-7b7ea57927cf" testId="041998ab-07f9-73fa-8039-7d960c796110" testName="test_recursive_array_alias" computerName="HOME-E26FE83CAE" duration="00:00:00.0003343" startTime="2012-03-12T14:15:21.5156250-05:00" endTime="2012-03-12T14:15:21.5312500-05:00" testType="13cdc9d9-ddb5-4fa4-a97d-d965ccfc6d4b" outcome="Passed" testListId="8c84fa94-04c1-424b-9868-57a2d4851a1d" relativeResultsDirectory="8a86d9c1-db0d-4ed6-ab10-7b7ea57927cf">
    </UnitTestResult>
    <UnitTestResult executionId="fa900768-ac1e-4880-906e-624f33970135" testId="044ddcd4-6330-7a22-e9f8-f33b453f18d7" testName="test_test26" computerName="HOME-E26FE83CAE" duration="00:00:00.2094037" startTime="2012-03-12T14:15:21.5781250-05:00" endTime="2012-03-12T14:15:21.8125000-05:00" testType="13cdc9d9-ddb5-4fa4-a97d-d965ccfc6d4b" outcome="Passed" testListId="8c84fa94-04c1-424b-9868-57a2d4851a1d" relativeResultsDirectory="fa900768-ac1e-4880-906e-624f33970135">
    </UnitTestResult>
    <UnitTestResult executionId="6f7cdedb-0e88-4b40-a8a6-9c3089be37fe" testId="0ff029d3-12bf-eeea-36b5-2f404d00e87a" testName="test_test50" computerName="HOME-E26FE83CAE" duration="00:00:00.0643267" startTime="2012-03-12T14:15:21.8593750-05:00" endTime="2012-03-12T14:15:21.9531250-05:00" testType="13cdc9d9-ddb5-4fa4-a97d-d965ccfc6d4b" outcome="Passed" testListId="8c84fa94-04c1-424b-9868-57a2d4851a1d" relativeResultsDirectory="6f7cdedb-0e88-4b40-a8a6-9c3089be37fe">
    </UnitTestResult>
    <UnitTestResult executionId="28a326c0-1772-4f13-bdbd-666e3cc54670" testId="1592ab8f-1085-3308-e351-9274eada4786" testName="test_record_literal_more_params" computerName="HOME-E26FE83CAE" duration="00:00:00.0089651" startTime="2012-03-12T14:15:22.0000000-05:00" endTime="2012-03-12T14:15:22.0312500-05:00" testType="13cdc9d9-ddb5-4fa4-a97d-d965ccfc6d4b" outcome="Passed" testListId="8c84fa94-04c1-424b-9868-57a2d4851a1d" relativeResultsDirectory="28a326c0-1772-4f13-bdbd-666e3cc54670">
    </UnitTestResult>
    <UnitTestResult executionId="58dd9649-e9bf-42f7-8bf5-477552b29c04" testId="23273fad-a655-fb19-0591-a880a70c5eeb" testName="test_mod7_3" computerName="HOME-E26FE83CAE" duration="00:00:00.0216684" startTime="2012-03-12T14:15:22.0781250-05:00" endTime="2012-03-12T14:15:22.1250000-05:00" testType="13cdc9d9-ddb5-4fa4-a97d-d965ccfc6d4b" outcome="Passed" testListId="8c84fa94-04c1-424b-9868-57a2d4851a1d" relativeResultsDirectory="58dd9649-e9bf-42f7-8bf5-477552b29c04">
    </UnitTestResult>
    <UnitTestResult executionId="52ad0b4c-da75-4973-89fc-c1aed3071dfe" testId="29c89c54-d7fb-f98d-1f2a-27aade8fb1a1" testName="test_break_out_of_while" computerName="HOME-E26FE83CAE" duration="00:00:00.0086089" startTime="2012-03-12T14:15:22.1718750-05:00" endTime="2012-03-12T14:15:22.2031250-05:00" testType="13cdc9d9-ddb5-4fa4-a97d-d965ccfc6d4b" outcome="Passed" testListId="8c84fa94-04c1-424b-9868-57a2d4851a1d" relativeResultsDirectory="52ad0b4c-da75-4973-89fc-c1aed3071dfe">
    </UnitTestResult>
    <UnitTestResult executionId="e74ec2d7-3606-44e1-808c-6e30d277ae7e" testId="2a289f39-5a92-deb7-3bfb-b0c29bd31f53" testName="test_test5" computerName="HOME-E26FE83CAE" duration="00:00:00.0047537" startTime="2012-03-12T14:15:22.2500000-05:00" endTime="2012-03-12T14:15:22.2812500-05:00" testType="13cdc9d9-ddb5-4fa4-a97d-d965ccfc6d4b" outcome="Passed" testListId="8c84fa94-04c1-424b-9868-57a2d4851a1d" relativeResultsDirectory="e74ec2d7-3606-44e1-808c-6e30d277ae7e">
    </UnitTestResult>
    <UnitTestResult executionId="243c9bdb-012c-4145-a6b6-a4c645981ce2" testId="30a9dc30-d90c-bbee-e587-6b840a964a32" testName="test_undefined_type_for_array_declaration" computerName="HOME-E26FE83CAE" duration="00:00:00.0046684" startTime="2012-03-12T14:15:22.3281250-05:00" endTime="2012-03-12T14:15:22.3437500-05:00" testType="13cdc9d9-ddb5-4fa4-a97d-d965ccfc6d4b" outcome="Passed" testListId="8c84fa94-04c1-424b-9868-57a2d4851a1d" relativeResultsDirectory="243c9bdb-012c-4145-a6b6-a4c645981ce2">
    </UnitTestResult>
    <UnitTestResult executionId="010159f6-77ce-42f3-ac81-b1fbf1912e00" testId="33df6015-371d-7c50-5ef5-d8861ee19e12" testName="test_test34" computerName="HOME-E26FE83CAE" duration="00:00:00.0176366" startTime="2012-03-12T14:15:22.4062500-05:00" endTime="2012-03-12T14:15:22.4375000-05:00" testType="13cdc9d9-ddb5-4fa4-a97d-d965ccfc6d4b" outcome="Passed" testListId="8c84fa94-04c1-424b-9868-57a2d4851a1d" relativeResultsDirectory="010159f6-77ce-42f3-ac81-b1fbf1912e00">
    </UnitTestResult>
    <UnitTestResult executionId="dcc6173c-2b5e-4d65-941b-9b5ce9a4632d" testId="36324f40-b2ea-1a81-62d1-737b148bbfa1" testName="test_test28" computerName="HOME-E26FE83CAE" duration="00:00:00.0052771" startTime="2012-03-12T14:15:22.4843750-05:00" endTime="2012-03-12T14:15:22.5312500-05:00" testType="13cdc9d9-ddb5-4fa4-a97d-d965ccfc6d4b" outcome="Passed" testListId="8c84fa94-04c1-424b-9868-57a2d4851a1d" relativeResultsDirectory="dcc6173c-2b5e-4d65-941b-9b5ce9a4632d">
    </UnitTestResult>
    <UnitTestResult executionId="457fc8fc-5585-4d88-9bbe-926a5fc533af" testId="39e514c1-78c7-15fd-4b22-50c302b2163e" testName="test_break_in_a_function" computerName="HOME-E26FE83CAE" duration="00:00:00.0084024" startTime="2012-03-12T14:15:22.5781250-05:00" endTime="2012-03-12T14:15:22.6093750-05:00" testType="13cdc9d9-ddb5-4fa4-a97d-d965ccfc6d4b" outcome="Passed" testListId="8c84fa94-04c1-424b-9868-57a2d4851a1d" relativeResultsDirectory="457fc8fc-5585-4d88-9bbe-926a5fc533af">
    </UnitTestResult>
    <UnitTestResult executionId="3abbf969-deea-423c-bf27-28cdfb4bbaca" testId="3c5d2c78-6807-923e-0707-565f55826a52" testName="test_test38" computerName="HOME-E26FE83CAE" duration="00:00:00.0073172" startTime="2012-03-12T14:15:22.6562500-05:00" endTime="2012-03-12T14:15:22.6875000-05:00" testType="13cdc9d9-ddb5-4fa4-a97d-d965ccfc6d4b" outcome="Passed" testListId="8c84fa94-04c1-424b-9868-57a2d4851a1d" relativeResultsDirectory="3abbf969-deea-423c-bf27-28cdfb4bbaca">
    </UnitTestResult>
    <UnitTestResult executionId="c7deeb25-f418-444f-b85a-f4d5f95a44f6" testId="3c85eb83-557f-5abd-129b-c696176453d1" testName="test_procedure_same_parameters_name" computerName="HOME-E26FE83CAE" duration="00:00:00.0050550" startTime="2012-03-12T14:15:22.7343750-05:00" endTime="2012-03-12T14:15:22.7656250-05:00" testType="13cdc9d9-ddb5-4fa4-a97d-d965ccfc6d4b" outcome="Passed" testListId="8c84fa94-04c1-424b-9868-57a2d4851a1d" relativeResultsDirectory="c7deeb25-f418-444f-b85a-f4d5f95a44f6">
    </UnitTestResult>
    <UnitTestResult executionId="c28875fb-f1f5-493a-bb2d-78cfc6bbeb56" testId="3eaf5a1b-09ff-aa0a-8696-77810f03640d" testName="test_mod2" computerName="HOME-E26FE83CAE" duration="00:00:00.0048012" startTime="2012-03-12T14:15:23.0312500-05:00" endTime="2012-03-12T14:15:23.0625000-05:00" testType="13cdc9d9-ddb5-4fa4-a97d-d965ccfc6d4b" outcome="Passed" testListId="8c84fa94-04c1-424b-9868-57a2d4851a1d" relativeResultsDirectory="c28875fb-f1f5-493a-bb2d-78cfc6bbeb56">
    </UnitTestResult>
    <UnitTestResult executionId="336ff3fc-7d37-44a8-8f0c-1beca84555f4" testId="46280aa5-4d15-904e-00e7-b0ec18a6f672" testName="test_test1" computerName="HOME-E26FE83CAE" duration="00:00:00.0049089" startTime="2012-03-12T14:15:23.1093750-05:00" endTime="2012-03-12T14:15:23.1562500-05:00" testType="13cdc9d9-ddb5-4fa4-a97d-d965ccfc6d4b" outcome="Passed" testListId="8c84fa94-04c1-424b-9868-57a2d4851a1d" relativeResultsDirectory="336ff3fc-7d37-44a8-8f0c-1beca84555f4">
    </UnitTestResult>
    <UnitTestResult executionId="4a969312-e8e6-4340-b0e9-2bf0303e0516" testId="487ad327-ee86-41b7-ddc2-994627f0d66e" testName="test_access_complex" computerName="HOME-E26FE83CAE" duration="00:00:00.0991873" startTime="2012-03-12T14:15:23.2031250-05:00" endTime="2012-03-12T14:15:23.3125000-05:00" testType="13cdc9d9-ddb5-4fa4-a97d-d965ccfc6d4b" outcome="Passed" testListId="8c84fa94-04c1-424b-9868-57a2d4851a1d" relativeResultsDirectory="4a969312-e8e6-4340-b0e9-2bf0303e0516">
      <Output>
        <StdOut>Unable to cast object of type 'CompilersUtils.RecordNode' to type 'CompilersUtils.LValueNode'.</StdOut>
      </Output>
    </UnitTestResult>
    <UnitTestResult executionId="cfad7cd6-3c73-4302-8768-a509b8e9cc50" testId="4a01e103-991f-0e62-ab1c-3ca959d73353" testName="test_mod6" computerName="HOME-E26FE83CAE" duration="00:00:00.0049275" startTime="2012-03-12T14:15:23.3593750-05:00" endTime="2012-03-12T14:15:23.3906250-05:00" testType="13cdc9d9-ddb5-4fa4-a97d-d965ccfc6d4b" outcome="Passed" testListId="8c84fa94-04c1-424b-9868-57a2d4851a1d" relativeResultsDirectory="cfad7cd6-3c73-4302-8768-a509b8e9cc50">
    </UnitTestResult>
    <UnitTestResult executionId="6a5ccde3-0ff2-49b9-bd90-7c06eb1b64ee" testId="4f4b9668-5fc2-c922-c2a4-15a71f9d7a1b" testName="test_test12" computerName="HOME-E26FE83CAE" duration="00:00:00.0046123" startTime="2012-03-12T14:15:23.4375000-05:00" endTime="2012-03-12T14:15:23.4687500-05:00" testType="13cdc9d9-ddb5-4fa4-a97d-d965ccfc6d4b" outcome="Passed" testListId="8c84fa94-04c1-424b-9868-57a2d4851a1d" relativeResultsDirectory="6a5ccde3-0ff2-49b9-bd90-7c06eb1b64ee">
    </UnitTestResult>
    <UnitTestResult executionId="acb1cbeb-b7d6-4e08-bf6d-36bff3b85066" testId="4f876700-47e2-ddf4-4e1d-31ab9f1d665d" testName="test_invalid_mutually_recursive_record_depth_4" computerName="HOME-E26FE83CAE" duration="00:00:00.0054825" startTime="2012-03-12T14:15:23.5156250-05:00" endTime="2012-03-12T14:15:23.5468750-05:00" testType="13cdc9d9-ddb5-4fa4-a97d-d965ccfc6d4b" outcome="Passed" testListId="8c84fa94-04c1-424b-9868-57a2d4851a1d" relativeResultsDirectory="acb1cbeb-b7d6-4e08-bf6d-36bff3b85066">
    </UnitTestResult>
    <UnitTestResult executionId="e88a1c99-9a92-4fbf-a2a6-b04dedb8886d" testId="510d376c-bc82-1db9-4c26-7765bd4900fd" testName="test_mod8" computerName="HOME-E26FE83CAE" duration="00:00:00.0331515" startTime="2012-03-12T14:15:23.5937500-05:00" endTime="2012-03-12T14:15:23.6406250-05:00" testType="13cdc9d9-ddb5-4fa4-a97d-d965ccfc6d4b" outcome="Passed" testListId="8c84fa94-04c1-424b-9868-57a2d4851a1d" relativeResultsDirectory="e88a1c99-9a92-4fbf-a2a6-b04dedb8886d">
      <Output>
        <StdOut>Unable to cast object of type 'CompilersUtils.RecordNode' to type 'CompilersUtils.LValueNode'.</StdOut>
      </Output>
    </UnitTestResult>
    <UnitTestResult executionId="db57e73b-e7e0-4290-9831-86e0d47bf500" testId="5607c4ab-1b6e-27ef-88db-5c98aa28e993" testName="test_test6" computerName="HOME-E26FE83CAE" duration="00:00:00.0057701" startTime="2012-03-12T14:15:23.7031250-05:00" endTime="2012-03-12T14:15:23.7343750-05:00" testType="13cdc9d9-ddb5-4fa4-a97d-d965ccfc6d4b" outcome="Passed" testListId="8c84fa94-04c1-424b-9868-57a2d4851a1d" relativeResultsDirectory="db57e73b-e7e0-4290-9831-86e0d47bf500">
    </UnitTestResult>
    <UnitTestResult executionId="42ac2cfa-9388-4449-be63-bd7a578ea71a" testId="570f88f9-f5f9-b4a9-ed6f-3034933d7208" testName="test_test23" computerName="HOME-E26FE83CAE" duration="00:00:00.0048055" startTime="2012-03-12T14:15:23.7812500-05:00" endTime="2012-03-12T14:15:23.8125000-05:00" testType="13cdc9d9-ddb5-4fa4-a97d-d965ccfc6d4b" outcome="Passed" testListId="8c84fa94-04c1-424b-9868-57a2d4851a1d" relativeResultsDirectory="42ac2cfa-9388-4449-be63-bd7a578ea71a">
    </UnitTestResult>
    <UnitTestResult executionId="e141f3db-bd7e-42cb-8bac-f6413671a3f2" testId="59f585d1-a0bb-33e9-4abb-19d69a17417d" testName="test_test40" computerName="HOME-E26FE83CAE" duration="00:00:00.0049167" startTime="2012-03-12T14:15:23.8593750-05:00" endTime="2012-03-12T14:15:23.8906250-05:00" testType="13cdc9d9-ddb5-4fa4-a97d-d965ccfc6d4b" outcome="Passed" testListId="8c84fa94-04c1-424b-9868-57a2d4851a1d" relativeResultsDirectory="e141f3db-bd7e-42cb-8bac-f6413671a3f2">
    </UnitTestResult>
    <UnitTestResult executionId="03f63076-27aa-41e4-bcf4-509b38f3a7e6" testId="6491bb9a-c473-c29d-0621-addaa45ea010" testName="test_and_operator_invalid_type_operands" computerName="HOME-E26FE83CAE" duration="00:00:00.0065993" startTime="2012-03-12T14:15:23.9375000-05:00" endTime="2012-03-12T14:15:23.9687500-05:00" testType="13cdc9d9-ddb5-4fa4-a97d-d965ccfc6d4b" outcome="Passed" testListId="8c84fa94-04c1-424b-9868-57a2d4851a1d" relativeResultsDirectory="03f63076-27aa-41e4-bcf4-509b38f3a7e6">
    </UnitTestResult>
    <UnitTestResult executionId="58b16290-7572-4aa2-b6e5-a55c92adc7c0" testId="653eb7ac-1e40-67fb-ee64-62985c81131e" testName="test_record_literal_less_params" computerName="HOME-E26FE83CAE" duration="00:00:00.0045423" startTime="2012-03-12T14:15:24.0156250-05:00" endTime="2012-03-12T14:15:24.0468750-05:00" testType="13cdc9d9-ddb5-4fa4-a97d-d965ccfc6d4b" outcome="Passed" testListId="8c84fa94-04c1-424b-9868-57a2d4851a1d" relativeResultsDirectory="58b16290-7572-4aa2-b6e5-a55c92adc7c0">
    </UnitTestResult>
    <UnitTestResult executionId="dc5875e8-2ea2-4d06-adbe-d8f07bc963eb" testId="67c163c5-c8d3-5101-e815-2db32a75cf56" testName="test_if_then_else_without_return_value" computerName="HOME-E26FE83CAE" duration="00:00:00.0071107" startTime="2012-03-12T14:15:24.0937500-05:00" endTime="2012-03-12T14:15:24.1093750-05:00" testType="13cdc9d9-ddb5-4fa4-a97d-d965ccfc6d4b" outcome="Passed" testListId="8c84fa94-04c1-424b-9868-57a2d4851a1d" relativeResultsDirectory="dc5875e8-2ea2-4d06-adbe-d8f07bc963eb">
    </UnitTestResult>
    <UnitTestResult executionId="0a6d4f78-e782-44a5-a6aa-ba054076cca1" testId="6935728c-f33b-b582-5cef-9b30d14c6ed4" testName="test_test3" computerName="HOME-E26FE83CAE" duration="00:00:00.0047123" startTime="2012-03-12T14:15:24.1718750-05:00" endTime="2012-03-12T14:15:24.2031250-05:00" testType="13cdc9d9-ddb5-4fa4-a97d-d965ccfc6d4b" outcome="Passed" testListId="8c84fa94-04c1-424b-9868-57a2d4851a1d" relativeResultsDirectory="0a6d4f78-e782-44a5-a6aa-ba054076cca1">
    </UnitTestResult>
    <UnitTestResult executionId="91b203d7-1854-4af9-be00-7d848d35b4ca" testId="6abeaf16-1933-aee6-2e8b-ea4a38605847" testName="test_test47" computerName="HOME-E26FE83CAE" duration="00:00:00.0046308" startTime="2012-03-12T14:15:24.4843750-05:00" endTime="2012-03-12T14:15:24.5156250-05:00" testType="13cdc9d9-ddb5-4fa4-a97d-d965ccfc6d4b" outcome="Passed" testListId="8c84fa94-04c1-424b-9868-57a2d4851a1d" relativeResultsDirectory="91b203d7-1854-4af9-be00-7d848d35b4ca">
    </UnitTestResult>
    <UnitTestResult executionId="27ee22d1-19ba-42ed-9cbc-02e7fd59bdf0" testId="6cf12022-2ae0-7084-a31c-7e8297ba831d" testName="test_test41" computerName="HOME-E26FE83CAE" duration="00:00:00.0048120" startTime="2012-03-12T14:15:24.5625000-05:00" endTime="2012-03-12T14:15:24.5937500-05:00" testType="13cdc9d9-ddb5-4fa4-a97d-d965ccfc6d4b" outcome="Passed" testListId="8c84fa94-04c1-424b-9868-57a2d4851a1d" relativeResultsDirectory="27ee22d1-19ba-42ed-9cbc-02e7fd59bdf0">
    </UnitTestResult>
    <UnitTestResult executionId="487fd6c1-9880-4288-845e-1bc6f1d5199f" testId="6cf631e1-db7e-962a-558e-bc54f36bb57a" testName="test_record_access_incompatibles_types" computerName="HOME-E26FE83CAE" duration="00:00:00.0048978" startTime="2012-03-12T14:15:24.6406250-05:00" endTime="2012-03-12T14:15:24.6718750-05:00" testType="13cdc9d9-ddb5-4fa4-a97d-d965ccfc6d4b" outcome="Passed" testListId="8c84fa94-04c1-424b-9868-57a2d4851a1d" relativeResultsDirectory="487fd6c1-9880-4288-845e-1bc6f1d5199f">
    </UnitTestResult>
    <UnitTestResult executionId="e83d0931-01f0-46f5-af33-e6f1fb0a7e4a" testId="6d72d84f-797d-15c2-7042-642838b6df03" testName="test_test44" computerName="HOME-E26FE83CAE" duration="00:00:00.0045151" startTime="2012-03-12T14:15:24.7187500-05:00" endTime="2012-03-12T14:15:24.7500000-05:00" testType="13cdc9d9-ddb5-4fa4-a97d-d965ccfc6d4b" outcome="Passed" testListId="8c84fa94-04c1-424b-9868-57a2d4851a1d" relativeResultsDirectory="e83d0931-01f0-46f5-af33-e6f1fb0a7e4a">
    </UnitTestResult>
    <UnitTestResult executionId="6d264da7-057d-480e-a293-30ca494b8df3" testId="72aa1a9e-7bdb-88d7-27ff-e8b4fa9b856a" testName="test_invalid_mutually_recursive_record" computerName="HOME-E26FE83CAE" duration="00:00:00.0045520" startTime="2012-03-12T14:15:24.7968750-05:00" endTime="2012-03-12T14:15:24.8437500-05:00" testType="13cdc9d9-ddb5-4fa4-a97d-d965ccfc6d4b" outcome="Passed" testListId="8c84fa94-04c1-424b-9868-57a2d4851a1d" relativeResultsDirectory="6d264da7-057d-480e-a293-30ca494b8df3">
    </UnitTestResult>
    <UnitTestResult executionId="d31c2300-f8fe-48c6-b21b-22cd6c6a98d7" testId="7778cbf3-4c15-9b31-c5ab-9ec850cf89a5" testName="test_and_operator_non_valued_operands" computerName="HOME-E26FE83CAE" duration="00:00:00.0049588" startTime="2012-03-12T14:15:24.8906250-05:00" endTime="2012-03-12T14:15:24.9218750-05:00" testType="13cdc9d9-ddb5-4fa4-a97d-d965ccfc6d4b" outcome="Passed" testListId="8c84fa94-04c1-424b-9868-57a2d4851a1d" relativeResultsDirectory="d31c2300-f8fe-48c6-b21b-22cd6c6a98d7">
    </UnitTestResult>
    <UnitTestResult executionId="0bfc34de-7701-4075-9abf-9224f2a29d0a" testId="787fedd9-a949-1ea5-7ca7-01f74f289b04" testName="test_if_then_without_valued_condition" computerName="HOME-E26FE83CAE" duration="00:00:00.0048048" startTime="2012-03-12T14:15:24.9687500-05:00" endTime="2012-03-12T14:15:25.0156250-05:00" testType="13cdc9d9-ddb5-4fa4-a97d-d965ccfc6d4b" outcome="Passed" testListId="8c84fa94-04c1-424b-9868-57a2d4851a1d" relativeResultsDirectory="0bfc34de-7701-4075-9abf-9224f2a29d0a">
    </UnitTestResult>
    <UnitTestResult executionId="88b6e78c-0fb0-4a7a-8334-2a9f4dc27132" testId="7c7d2692-7ab1-c90f-37ca-eafa8321abdc" testName="test_invalid_mutually_recursive_function_depth_3" computerName="HOME-E26FE83CAE" duration="00:00:00.0051218" startTime="2012-03-12T14:15:25.0625000-05:00" endTime="2012-03-12T14:15:25.0937500-05:00" testType="13cdc9d9-ddb5-4fa4-a97d-d965ccfc6d4b" outcome="Passed" testListId="8c84fa94-04c1-424b-9868-57a2d4851a1d" relativeResultsDirectory="88b6e78c-0fb0-4a7a-8334-2a9f4dc27132">
    </UnitTestResult>
    <UnitTestResult executionId="129be4fa-d76f-483a-9d39-93ca05fbb946" testId="83e78d72-b212-dd46-9548-fec8071552c7" testName="test_expression_sequence_returns_last_value" computerName="HOME-E26FE83CAE" duration="00:00:00.0052531" startTime="2012-03-12T14:15:25.1406250-05:00" endTime="2012-03-12T14:15:25.1718750-05:00" testType="13cdc9d9-ddb5-4fa4-a97d-d965ccfc6d4b" outcome="Passed" testListId="8c84fa94-04c1-424b-9868-57a2d4851a1d" relativeResultsDirectory="129be4fa-d76f-483a-9d39-93ca05fbb946">
    </UnitTestResult>
    <UnitTestResult executionId="c1a1e8aa-c8d7-4b24-a992-bad9f6c93424" testId="8a758c2f-0cd5-1d39-decc-a9938a65ea5c" testName="test_test14" computerName="HOME-E26FE83CAE" duration="00:00:00.0056256" startTime="2012-03-12T14:15:25.2187500-05:00" endTime="2012-03-12T14:15:25.2500000-05:00" testType="13cdc9d9-ddb5-4fa4-a97d-d965ccfc6d4b" outcome="Passed" testListId="8c84fa94-04c1-424b-9868-57a2d4851a1d" relativeResultsDirectory="c1a1e8aa-c8d7-4b24-a992-bad9f6c93424">
    </UnitTestResult>
    <UnitTestResult executionId="60ede1a9-8025-4e58-bcc9-e72f69a2a5b2" testId="8c0af343-7fa9-77f2-656f-4d5deee86c5d" testName="test_array_string_nil" computerName="HOME-E26FE83CAE" duration="00:00:00.0045096" startTime="2012-03-12T14:15:25.3125000-05:00" endTime="2012-03-12T14:15:25.3281250-05:00" testType="13cdc9d9-ddb5-4fa4-a97d-d965ccfc6d4b" outcome="Passed" testListId="8c84fa94-04c1-424b-9868-57a2d4851a1d" relativeResultsDirectory="60ede1a9-8025-4e58-bcc9-e72f69a2a5b2">
    </UnitTestResult>
    <UnitTestResult executionId="85eb0316-23cc-4daa-afca-f71e1c545cda" testId="909f0493-3a2b-3db1-9239-46de00bd2132" testName="test_test4" computerName="HOME-E26FE83CAE" duration="00:00:00.0053586" startTime="2012-03-12T14:15:25.3750000-05:00" endTime="2012-03-12T14:15:25.4062500-05:00" testType="13cdc9d9-ddb5-4fa4-a97d-d965ccfc6d4b" outcome="Passed" testListId="8c84fa94-04c1-424b-9868-57a2d4851a1d" relativeResultsDirectory="85eb0316-23cc-4daa-afca-f71e1c545cda">
    </UnitTestResult>
    <UnitTestResult executionId="0c2017f6-2495-4410-8fc5-4dae57120064" testId="914b2a0c-dbfa-15bf-c67e-da89c4c3ca96" testName="test_test11" computerName="HOME-E26FE83CAE" duration="00:00:00.0054916" startTime="2012-03-12T14:15:25.4531250-05:00" endTime="2012-03-12T14:15:25.4843750-05:00" testType="13cdc9d9-ddb5-4fa4-a97d-d965ccfc6d4b" outcome="Passed" testListId="8c84fa94-04c1-424b-9868-57a2d4851a1d" relativeResultsDirectory="0c2017f6-2495-4410-8fc5-4dae57120064">
    </UnitTestResult>
    <UnitTestResult executionId="d6ab5c76-2f41-42aa-b3de-c3fbd10da2e1" testId="97171acb-cce5-bb87-edb1-a40947c57107" testName="test_mod3" computerName="HOME-E26FE83CAE" duration="00:00:00.0046403" startTime="2012-03-12T14:15:25.5312500-05:00" endTime="2012-03-12T14:15:25.5625000-05:00" testType="13cdc9d9-ddb5-4fa4-a97d-d965ccfc6d4b" outcome="Passed" testListId="8c84fa94-04c1-424b-9868-57a2d4851a1d" relativeResultsDirectory="d6ab5c76-2f41-42aa-b3de-c3fbd10da2e1">
    </UnitTestResult>
    <UnitTestResult executionId="d950c1b0-0b4d-4911-9bfa-f22ed00e54d4" testId="9936c7db-6cf6-2051-5d72-b9fe5c8e1ada" testName="test_test10" computerName="HOME-E26FE83CAE" duration="00:00:00.0052843" startTime="2012-03-12T14:15:25.8281250-05:00" endTime="2012-03-12T14:15:25.8593750-05:00" testType="13cdc9d9-ddb5-4fa4-a97d-d965ccfc6d4b" outcome="Passed" testListId="8c84fa94-04c1-424b-9868-57a2d4851a1d" relativeResultsDirectory="d950c1b0-0b4d-4911-9bfa-f22ed00e54d4">
    </UnitTestResult>
    <UnitTestResult executionId="766c8c8d-ae8b-4a4d-b5d7-8bf78aba3e54" testId="99ccbccc-8faa-d870-7334-5e51e17814a3" testName="test_test29" computerName="HOME-E26FE83CAE" duration="00:00:00.0048451" startTime="2012-03-12T14:15:25.9062500-05:00" endTime="2012-03-12T14:15:25.9218750-05:00" testType="13cdc9d9-ddb5-4fa4-a97d-d965ccfc6d4b" outcome="Passed" testListId="8c84fa94-04c1-424b-9868-57a2d4851a1d" relativeResultsDirectory="766c8c8d-ae8b-4a4d-b5d7-8bf78aba3e54">
    </UnitTestResult>
    <UnitTestResult executionId="3aed6a4b-ff58-4d9e-8463-f9b81c7d4cc6" testId="a077de67-c679-41e7-f6a0-f3e9004988c8" testName="test_test27" computerName="HOME-E26FE83CAE" duration="00:00:00.0044663" startTime="2012-03-12T14:15:25.9687500-05:00" endTime="2012-03-12T14:15:26.0000000-05:00" testType="13cdc9d9-ddb5-4fa4-a97d-d965ccfc6d4b" outcome="Passed" testListId="8c84fa94-04c1-424b-9868-57a2d4851a1d" relativeResultsDirectory="3aed6a4b-ff58-4d9e-8463-f9b81c7d4cc6">
    </UnitTestResult>
    <UnitTestResult executionId="6032816c-56ea-4906-8b2f-9c2d9d989dd6" testId="a2d926c3-2110-bd3c-06f7-e7b666840b6e" testName="test_invalid_mutually_recursive_record_depth_3" computerName="HOME-E26FE83CAE" duration="00:00:00.0046232" startTime="2012-03-12T14:15:26.0468750-05:00" endTime="2012-03-12T14:15:26.0781250-05:00" testType="13cdc9d9-ddb5-4fa4-a97d-d965ccfc6d4b" outcome="Passed" testListId="8c84fa94-04c1-424b-9868-57a2d4851a1d" relativeResultsDirectory="6032816c-56ea-4906-8b2f-9c2d9d989dd6">
    </UnitTestResult>
    <UnitTestResult executionId="b34ac493-17ee-4a0b-adf0-2106243af68c" testId="a384bb22-ddee-6569-96ae-a4c57e6d3916" testName="test_test8" computerName="HOME-E26FE83CAE" duration="00:00:00.0044216" startTime="2012-03-12T14:15:26.1250000-05:00" endTime="2012-03-12T14:15:26.1406250-05:00" testType="13cdc9d9-ddb5-4fa4-a97d-d965ccfc6d4b" outcome="Passed" testListId="8c84fa94-04c1-424b-9868-57a2d4851a1d" relativeResultsDirectory="b34ac493-17ee-4a0b-adf0-2106243af68c">
    </UnitTestResult>
    <UnitTestResult executionId="b44b9990-af7d-4949-86df-65dd4cde7832" testId="a44cd249-8572-57ab-7e94-76db5bad3054" testName="test_mod5" computerName="HOME-E26FE83CAE" duration="00:00:00.0047880" startTime="2012-03-12T14:15:26.1875000-05:00" endTime="2012-03-12T14:15:26.2187500-05:00" testType="13cdc9d9-ddb5-4fa4-a97d-d965ccfc6d4b" outcome="Passed" testListId="8c84fa94-04c1-424b-9868-57a2d4851a1d" relativeResultsDirectory="b44b9990-af7d-4949-86df-65dd4cde7832">
    </UnitTestResult>
    <UnitTestResult executionId="eb2cf1f5-9afc-459a-b077-9c9764184658" testId="a472785a-6aac-8d41-8d14-3df81fa7d043" testName="test_test18" computerName="HOME-E26FE83CAE" duration="00:00:00.0048057" startTime="2012-03-12T14:15:26.2656250-05:00" endTime="2012-03-12T14:15:26.2968750-05:00" testType="13cdc9d9-ddb5-4fa4-a97d-d965ccfc6d4b" outcome="Passed" testListId="8c84fa94-04c1-424b-9868-57a2d4851a1d" relativeResultsDirectory="eb2cf1f5-9afc-459a-b077-9c9764184658">
    </UnitTestResult>
    <UnitTestResult executionId="c9c349ce-46f6-46a7-b5ec-acbaca97467c" testId="a59733da-8885-c1da-b119-165c79329a1b" testName="test_divide_between_non_valued_right" computerName="HOME-E26FE83CAE" duration="00:00:00.0046651" startTime="2012-03-12T14:15:26.3437500-05:00" endTime="2012-03-12T14:15:26.3750000-05:00" testType="13cdc9d9-ddb5-4fa4-a97d-d965ccfc6d4b" outcome="Passed" testListId="8c84fa94-04c1-424b-9868-57a2d4851a1d" relativeResultsDirectory="c9c349ce-46f6-46a7-b5ec-acbaca97467c">
    </UnitTestResult>
    <UnitTestResult executionId="cc15952f-273a-4156-8271-3a018834ec76" testId="a7316259-a78f-4c76-fc44-43a2d7ccb76e" testName="test_mod7_1" computerName="HOME-E26FE83CAE" duration="00:00:00.0046247" startTime="2012-03-12T14:15:26.4062500-05:00" endTime="2012-03-12T14:15:26.4375000-05:00" testType="13cdc9d9-ddb5-4fa4-a97d-d965ccfc6d4b" outcome="Passed" testListId="8c84fa94-04c1-424b-9868-57a2d4851a1d" relativeResultsDirectory="cc15952f-273a-4156-8271-3a018834ec76">
    </UnitTestResult>
    <UnitTestResult executionId="f4955e4a-c7e8-48eb-956d-9dd4a24bece3" testId="b072c1fb-dc11-85af-9856-d7106bde114d" testName="test_test32" computerName="HOME-E26FE83CAE" duration="00:00:00.0049116" startTime="2012-03-12T14:15:26.5000000-05:00" endTime="2012-03-12T14:15:26.5156250-05:00" testType="13cdc9d9-ddb5-4fa4-a97d-d965ccfc6d4b" outcome="Passed" testListId="8c84fa94-04c1-424b-9868-57a2d4851a1d" relativeResultsDirectory="f4955e4a-c7e8-48eb-956d-9dd4a24bece3">
    </UnitTestResult>
    <UnitTestResult executionId="201ce2ec-c4cf-465f-bc71-e9a96061c850" testId="b4c7ef8d-acd4-bb81-a04e-3b27f1d00de4" testName="test_inferred_variable_incompatibles_type" computerName="HOME-E26FE83CAE" duration="00:00:00.0047468" startTime="2012-03-12T14:15:26.5625000-05:00" endTime="2012-03-12T14:15:26.5937500-05:00" testType="13cdc9d9-ddb5-4fa4-a97d-d965ccfc6d4b" outcome="Passed" testListId="8c84fa94-04c1-424b-9868-57a2d4851a1d" relativeResultsDirectory="201ce2ec-c4cf-465f-bc71-e9a96061c850">
    </UnitTestResult>
    <UnitTestResult executionId="410be092-1068-49bf-9fbb-9fcb42b7bd27" testId="b59a94a6-b3eb-5bc0-dedb-53c312b3dd38" testName="test_mutually_recursive_alias" computerName="HOME-E26FE83CAE" duration="00:00:00.0049610" startTime="2012-03-12T14:15:26.6406250-05:00" endTime="2012-03-12T14:15:26.6718750-05:00" testType="13cdc9d9-ddb5-4fa4-a97d-d965ccfc6d4b" outcome="Passed" testListId="8c84fa94-04c1-424b-9868-57a2d4851a1d" relativeResultsDirectory="410be092-1068-49bf-9fbb-9fcb42b7bd27">
    </UnitTestResult>
    <UnitTestResult executionId="dd269b61-0f80-4b09-9908-82043b7252a0" testId="b62d9364-7778-3e50-d7a6-6bf0ce856a2f" testName="test_and_operator_returns_value" computerName="HOME-E26FE83CAE" duration="00:00:00.0046240" startTime="2012-03-12T14:15:26.7187500-05:00" endTime="2012-03-12T14:15:26.7500000-05:00" testType="13cdc9d9-ddb5-4fa4-a97d-d965ccfc6d4b" outcome="Passed" testListId="8c84fa94-04c1-424b-9868-57a2d4851a1d" relativeResultsDirectory="dd269b61-0f80-4b09-9908-82043b7252a0">
    </UnitTestResult>
    <UnitTestResult executionId="434d6096-ceb3-4203-b802-d7ac79f5889c" testId="baf2563e-3009-d447-b0e7-170ab8463071" testName="test_test31" computerName="HOME-E26FE83CAE" duration="00:00:00.0047725" startTime="2012-03-12T14:15:27.0156250-05:00" endTime="2012-03-12T14:15:27.0468750-05:00" testType="13cdc9d9-ddb5-4fa4-a97d-d965ccfc6d4b" outcome="Passed" testListId="8c84fa94-04c1-424b-9868-57a2d4851a1d" relativeResultsDirectory="434d6096-ceb3-4203-b802-d7ac79f5889c">
    </UnitTestResult>
    <UnitTestResult executionId="776654f4-4579-449e-8c07-2da7d62ea930" testId="bc0e1316-dbe6-b028-ade7-bfc7507988f6" testName="test_test22" computerName="HOME-E26FE83CAE" duration="00:00:00.0044237" startTime="2012-03-12T14:15:27.0937500-05:00" endTime="2012-03-12T14:15:27.1406250-05:00" testType="13cdc9d9-ddb5-4fa4-a97d-d965ccfc6d4b" outcome="Passed" testListId="8c84fa94-04c1-424b-9868-57a2d4851a1d" relativeResultsDirectory="776654f4-4579-449e-8c07-2da7d62ea930">
    </UnitTestResult>
    <UnitTestResult executionId="b5cb59f3-3d04-4e6e-af26-9174f0144499" testId="bedda814-012f-44ec-c334-f993d0f501c2" testName="test_incompatible_types_jagged_array" computerName="HOME-E26FE83CAE" duration="00:00:00.0054873" startTime="2012-03-12T14:15:27.1875000-05:00" endTime="2012-03-12T14:15:27.2187500-05:00" testType="13cdc9d9-ddb5-4fa4-a97d-d965ccfc6d4b" outcome="Passed" testListId="8c84fa94-04c1-424b-9868-57a2d4851a1d" relativeResultsDirectory="b5cb59f3-3d04-4e6e-af26-9174f0144499">
    </UnitTestResult>
    <UnitTestResult executionId="2fd4029c-32bd-4c75-b95c-1546010158c2" testId="c20e51b4-12b3-e19f-44f0-68b615cb9d34" testName="test_test42" computerName="HOME-E26FE83CAE" duration="00:00:00.0050980" startTime="2012-03-12T14:15:27.2656250-05:00" endTime="2012-03-12T14:15:27.2968750-05:00" testType="13cdc9d9-ddb5-4fa4-a97d-d965ccfc6d4b" outcome="Passed" testListId="8c84fa94-04c1-424b-9868-57a2d4851a1d" relativeResultsDirectory="2fd4029c-32bd-4c75-b95c-1546010158c2">
    </UnitTestResult>
    <UnitTestResult executionId="0c857cc4-75eb-46bc-841e-f258844e6f2a" testId="c348fff9-c0f5-4dfb-10de-9bcc6c0e2e35" testName="test_test49" computerName="HOME-E26FE83CAE" duration="00:00:00.0891586" startTime="2012-03-12T14:15:27.3437500-05:00" endTime="2012-03-12T14:15:27.4687500-05:00" testType="13cdc9d9-ddb5-4fa4-a97d-d965ccfc6d4b" outcome="Passed" testListId="8c84fa94-04c1-424b-9868-57a2d4851a1d" relativeResultsDirectory="0c857cc4-75eb-46bc-841e-f258844e6f2a">
    </UnitTestResult>
    <UnitTestResult executionId="de66b3dd-48c5-4f70-a471-984dc792c169" testId="c3679b4e-0952-8b62-ff50-a38002b5bb13" testName="test_mod4" computerName="HOME-E26FE83CAE" duration="00:00:00.0042535" startTime="2012-03-12T14:15:27.5156250-05:00" endTime="2012-03-12T14:15:27.5468750-05:00" testType="13cdc9d9-ddb5-4fa4-a97d-d965ccfc6d4b" outcome="Passed" testListId="8c84fa94-04c1-424b-9868-57a2d4851a1d" relativeResultsDirectory="de66b3dd-48c5-4f70-a471-984dc792c169">
    </UnitTestResult>
    <UnitTestResult executionId="6f50aa33-2612-4698-ba2e-c22791268f6c" testId="c4fa99d9-cca8-ac70-06bb-cefbec6e204e" testName="test_test15" computerName="HOME-E26FE83CAE" duration="00:00:00.0046039" startTime="2012-03-12T14:15:27.5937500-05:00" endTime="2012-03-12T14:15:27.6093750-05:00" testType="13cdc9d9-ddb5-4fa4-a97d-d965ccfc6d4b" outcome="Passed" testListId="8c84fa94-04c1-424b-9868-57a2d4851a1d" relativeResultsDirectory="6f50aa33-2612-4698-ba2e-c22791268f6c">
    </UnitTestResult>
    <UnitTestResult executionId="21b0d372-e10a-469e-b389-6f45b72dbda2" testId="c4fb2239-0b02-8afd-06d9-ec6f804a8a52" testName="test_test2" computerName="HOME-E26FE83CAE" duration="00:00:00.0045401" startTime="2012-03-12T14:15:27.6562500-05:00" endTime="2012-03-12T14:15:27.6875000-05:00" testType="13cdc9d9-ddb5-4fa4-a97d-d965ccfc6d4b" outcome="Passed" testListId="8c84fa94-04c1-424b-9868-57a2d4851a1d" relativeResultsDirectory="21b0d372-e10a-469e-b389-6f45b72dbda2">
    </UnitTestResult>
    <UnitTestResult executionId="9f535ccf-637f-4fc5-b45f-290590372752" testId="c61736dc-d6c8-f953-d484-0d9a5b344127" testName="test_nested_unavailable_function" computerName="HOME-E26FE83CAE" duration="00:00:00.0050509" startTime="2012-03-12T14:15:27.7343750-05:00" endTime="2012-03-12T14:15:27.7656250-05:00" testType="13cdc9d9-ddb5-4fa4-a97d-d965ccfc6d4b" outcome="Passed" testListId="8c84fa94-04c1-424b-9868-57a2d4851a1d" relativeResultsDirectory="9f535ccf-637f-4fc5-b45f-290590372752">
    </UnitTestResult>
    <UnitTestResult executionId="10448d8c-dd76-4b6b-96a6-c49d8f90839d" testId="c8045a47-9964-f48c-6e03-79936fb7aaa2" testName="test_test24" computerName="HOME-E26FE83CAE" duration="00:00:00.0046444" startTime="2012-03-12T14:15:28.1406250-05:00" endTime="2012-03-12T14:15:28.1718750-05:00" testType="13cdc9d9-ddb5-4fa4-a97d-d965ccfc6d4b" outcome="Passed" testListId="8c84fa94-04c1-424b-9868-57a2d4851a1d" relativeResultsDirectory="10448d8c-dd76-4b6b-96a6-c49d8f90839d">
    </UnitTestResult>
    <UnitTestResult executionId="8f6585fd-7496-4896-9f4d-00b025cdfd31" testId="cab8b132-edf3-b22a-dafd-52e3f1e74a4c" testName="test_test19" computerName="HOME-E26FE83CAE" duration="00:00:00.0044387" startTime="2012-03-12T14:15:28.2187500-05:00" endTime="2012-03-12T14:15:28.2500000-05:00" testType="13cdc9d9-ddb5-4fa4-a97d-d965ccfc6d4b" outcome="Passed" testListId="8c84fa94-04c1-424b-9868-57a2d4851a1d" relativeResultsDirectory="8f6585fd-7496-4896-9f4d-00b025cdfd31">
    </UnitTestResult>
    <UnitTestResult executionId="9321cc3b-ad21-4f2a-9e60-9f08c794b1b3" testId="cda3dbd2-47ba-daee-07dc-a896644e4d82" testName="test_test45" computerName="HOME-E26FE83CAE" duration="00:00:00.0049687" startTime="2012-03-12T14:15:28.2968750-05:00" endTime="2012-03-12T14:15:28.3281250-05:00" testType="13cdc9d9-ddb5-4fa4-a97d-d965ccfc6d4b" outcome="Passed" testListId="8c84fa94-04c1-424b-9868-57a2d4851a1d" relativeResultsDirectory="9321cc3b-ad21-4f2a-9e60-9f08c794b1b3">
    </UnitTestResult>
    <UnitTestResult executionId="273c5ac3-1e9e-4c99-85f2-7b1c068022f4" testId="ce2a8c2f-bbc2-eed5-1248-002e2907786b" testName="test_break_out_of_for" computerName="HOME-E26FE83CAE" duration="00:00:00.0045426" startTime="2012-03-12T14:15:28.3750000-05:00" endTime="2012-03-12T14:15:28.4062500-05:00" testType="13cdc9d9-ddb5-4fa4-a97d-d965ccfc6d4b" outcome="Passed" testListId="8c84fa94-04c1-424b-9868-57a2d4851a1d" relativeResultsDirectory="273c5ac3-1e9e-4c99-85f2-7b1c068022f4">
    </UnitTestResult>
    <UnitTestResult executionId="5016d4ee-3618-4e73-a0a0-b42d375c1ef5" testId="d050111e-1afa-c332-bab6-dc16fcf18a86" testName="test_test48" computerName="HOME-E26FE83CAE" duration="00:00:00.0067951" startTime="2012-03-12T14:15:28.4531250-05:00" endTime="2012-03-12T14:15:28.4843750-05:00" testType="13cdc9d9-ddb5-4fa4-a97d-d965ccfc6d4b" outcome="Passed" testListId="8c84fa94-04c1-424b-9868-57a2d4851a1d" relativeResultsDirectory="5016d4ee-3618-4e73-a0a0-b42d375c1ef5">
    </UnitTestResult>
    <UnitTestResult executionId="0fc1d85d-7d2e-40ee-9d3b-510451767211" testId="d06f6746-ead1-f925-4604-460409e84f79" testName="test_test7" computerName="HOME-E26FE83CAE" duration="00:00:00.0046469" startTime="2012-03-12T14:15:28.7500000-05:00" endTime="2012-03-12T14:15:28.7812500-05:00" testType="13cdc9d9-ddb5-4fa4-a97d-d965ccfc6d4b" outcome="Passed" testListId="8c84fa94-04c1-424b-9868-57a2d4851a1d" relativeResultsDirectory="0fc1d85d-7d2e-40ee-9d3b-510451767211">
    </UnitTestResult>
    <UnitTestResult executionId="f33ae17c-55ce-4ebd-81a0-01f79ee79355" testId="d6875146-3a82-65ba-0dc8-a42d822217f6" testName="test_test9" computerName="HOME-E26FE83CAE" duration="00:00:00.0045768" startTime="2012-03-12T14:15:28.8281250-05:00" endTime="2012-03-12T14:15:28.8593750-05:00" testType="13cdc9d9-ddb5-4fa4-a97d-d965ccfc6d4b" outcome="Passed" testListId="8c84fa94-04c1-424b-9868-57a2d4851a1d" relativeResultsDirectory="f33ae17c-55ce-4ebd-81a0-01f79ee79355">
    </UnitTestResult>
    <UnitTestResult executionId="36aed4d9-39c6-4b53-8b62-abb69e7d2b2d" testId="d690abc7-a328-cd83-8fdc-b127cf098887" testName="test_test25" computerName="HOME-E26FE83CAE" duration="00:00:00.0044108" startTime="2012-03-12T14:15:28.9062500-05:00" endTime="2012-03-12T14:15:28.9218750-05:00" testType="13cdc9d9-ddb5-4fa4-a97d-d965ccfc6d4b" outcome="Passed" testListId="8c84fa94-04c1-424b-9868-57a2d4851a1d" relativeResultsDirectory="36aed4d9-39c6-4b53-8b62-abb69e7d2b2d">
    </UnitTestResult>
    <UnitTestResult executionId="27453ccf-8857-444c-aa37-b2b9f9cfefda" testId="d93fbe60-89ed-bf54-6dfb-bec94ee26025" testName="test_test35" computerName="HOME-E26FE83CAE" duration="00:00:00.0049770" startTime="2012-03-12T14:15:28.9687500-05:00" endTime="2012-03-12T14:15:29.0000000-05:00" testType="13cdc9d9-ddb5-4fa4-a97d-d965ccfc6d4b" outcome="Passed" testListId="8c84fa94-04c1-424b-9868-57a2d4851a1d" relativeResultsDirectory="27453ccf-8857-444c-aa37-b2b9f9cfefda">
    </UnitTestResult>
    <UnitTestResult executionId="a757085d-32e8-4af0-8a22-cc4b7143ed49" testId="da3e1bea-fd68-3dc0-d517-eb40039703ee" testName="test_test17" computerName="HOME-E26FE83CAE" duration="00:00:00.0048573" startTime="2012-03-12T14:15:29.0468750-05:00" endTime="2012-03-12T14:15:29.0625000-05:00" testType="13cdc9d9-ddb5-4fa4-a97d-d965ccfc6d4b" outcome="Passed" testListId="8c84fa94-04c1-424b-9868-57a2d4851a1d" relativeResultsDirectory="a757085d-32e8-4af0-8a22-cc4b7143ed49">
    </UnitTestResult>
    <UnitTestResult executionId="a9c61f8a-d803-4784-bbb4-343fb0d6d35a" testId="dc1b746a-01eb-32a1-dd9f-13724fc026ff" testName="test_test13" computerName="HOME-E26FE83CAE" duration="00:00:00.0046956" startTime="2012-03-12T14:15:29.1250000-05:00" endTime="2012-03-12T14:15:29.1562500-05:00" testType="13cdc9d9-ddb5-4fa4-a97d-d965ccfc6d4b" outcome="Passed" testListId="8c84fa94-04c1-424b-9868-57a2d4851a1d" relativeResultsDirectory="a9c61f8a-d803-4784-bbb4-343fb0d6d35a">
    </UnitTestResult>
    <UnitTestResult executionId="2c092c84-2d43-4cf5-b91b-701428bcc73c" testId="e202bc60-0634-baa5-9fb7-e483d26688e3" testName="test_test43" computerName="HOME-E26FE83CAE" duration="00:00:00.0045392" startTime="2012-03-12T14:15:29.1875000-05:00" endTime="2012-03-12T14:15:29.2187500-05:00" testType="13cdc9d9-ddb5-4fa4-a97d-d965ccfc6d4b" outcome="Passed" testListId="8c84fa94-04c1-424b-9868-57a2d4851a1d" relativeResultsDirectory="2c092c84-2d43-4cf5-b91b-701428bcc73c">
    </UnitTestResult>
    <UnitTestResult executionId="035e7d33-2065-4e63-ba02-def4d8d6df0b" testId="e23ffe73-c0b4-23de-3266-456dece737db" testName="test_test37" computerName="HOME-E26FE83CAE" duration="00:00:00.0043731" startTime="2012-03-12T14:15:29.2656250-05:00" endTime="2012-03-12T14:15:29.2968750-05:00" testType="13cdc9d9-ddb5-4fa4-a97d-d965ccfc6d4b" outcome="Passed" testListId="8c84fa94-04c1-424b-9868-57a2d4851a1d" relativeResultsDirectory="035e7d33-2065-4e63-ba02-def4d8d6df0b">
    </UnitTestResult>
    <UnitTestResult executionId="ec6837fb-3cbe-441b-a4d8-0ab0c7274860" testId="e5ba5b84-693c-c274-9024-67714abfd289" testName="test_recursive_array" computerName="HOME-E26FE83CAE" duration="00:00:00.0047284" startTime="2012-03-12T14:15:29.3437500-05:00" endTime="2012-03-12T14:15:29.3750000-05:00" testType="13cdc9d9-ddb5-4fa4-a97d-d965ccfc6d4b" outcome="Passed" testListId="8c84fa94-04c1-424b-9868-57a2d4851a1d" relativeResultsDirectory="ec6837fb-3cbe-441b-a4d8-0ab0c7274860">
    </UnitTestResult>
    <UnitTestResult executionId="e616d737-fba8-4e3e-8f2e-512fcc2ca8d4" testId="e6694f75-d598-6ffe-9c8e-bbfaecee7755" testName="test_queens" computerName="HOME-E26FE83CAE" duration="00:00:00.0053895" startTime="2012-03-12T14:15:29.4218750-05:00" endTime="2012-03-12T14:15:29.4375000-05:00" testType="13cdc9d9-ddb5-4fa4-a97d-d965ccfc6d4b" outcome="Passed" testListId="8c84fa94-04c1-424b-9868-57a2d4851a1d" relativeResultsDirectory="e616d737-fba8-4e3e-8f2e-512fcc2ca8d4">
    </UnitTestResult>
    <UnitTestResult executionId="f1c62c54-c24e-4bc4-aec9-99e60402d3aa" testId="e8d2f115-d73c-2867-cfd5-f324a2ef1c4b" testName="test_array_init" computerName="HOME-E26FE83CAE" duration="00:00:00.0045135" startTime="2012-03-12T14:15:29.4843750-05:00" endTime="2012-03-12T14:15:29.5156250-05:00" testType="13cdc9d9-ddb5-4fa4-a97d-d965ccfc6d4b" outcome="Passed" testListId="8c84fa94-04c1-424b-9868-57a2d4851a1d" relativeResultsDirectory="f1c62c54-c24e-4bc4-aec9-99e60402d3aa">
    </UnitTestResult>
    <UnitTestResult executionId="25cf1436-0d9e-444a-a52a-79b32bfb33fd" testId="ecf43549-1da5-5f9d-4f70-8ce66cfb75f9" testName="test_undefined_type_for_alias" computerName="HOME-E26FE83CAE" duration="00:00:00.0046233" startTime="2012-03-12T14:15:29.5625000-05:00" endTime="2012-03-12T14:15:29.5937500-05:00" testType="13cdc9d9-ddb5-4fa4-a97d-d965ccfc6d4b" outcome="Passed" testListId="8c84fa94-04c1-424b-9868-57a2d4851a1d" relativeResultsDirectory="25cf1436-0d9e-444a-a52a-79b32bfb33fd">
    </UnitTestResult>
    <UnitTestResult executionId="9eda9568-54f2-4309-add7-5765ba03b57f" testId="eec5b161-be3c-10b7-c8a8-069c5234b535" testName="test_test21" computerName="HOME-E26FE83CAE" duration="00:00:00.0049385" startTime="2012-03-12T14:15:29.6406250-05:00" endTime="2012-03-12T14:15:29.6718750-05:00" testType="13cdc9d9-ddb5-4fa4-a97d-d965ccfc6d4b" outcome="Passed" testListId="8c84fa94-04c1-424b-9868-57a2d4851a1d" relativeResultsDirectory="9eda9568-54f2-4309-add7-5765ba03b57f">
    </UnitTestResult>
    <UnitTestResult executionId="5f148ef3-7a3c-4d4c-846b-b0aaf1b5d157" testId="f16497eb-6a01-ee64-493f-fa445e31a0a3" testName="test_test39" computerName="HOME-E26FE83CAE" duration="00:00:00.0047344" startTime="2012-03-12T14:15:29.7187500-05:00" endTime="2012-03-12T14:15:29.7343750-05:00" testType="13cdc9d9-ddb5-4fa4-a97d-d965ccfc6d4b" outcome="Passed" testListId="8c84fa94-04c1-424b-9868-57a2d4851a1d" relativeResultsDirectory="5f148ef3-7a3c-4d4c-846b-b0aaf1b5d157">
    </UnitTestResult>
    <UnitTestResult executionId="c58cdfa2-b33b-497b-9914-f2e0c3ee73d2" testId="f178d479-04b2-1f51-5b83-340d9c464883" testName="test_test33" computerName="HOME-E26FE83CAE" duration="00:00:00.0046133" startTime="2012-03-12T14:15:30.0000000-05:00" endTime="2012-03-12T14:15:30.0312500-05:00" testType="13cdc9d9-ddb5-4fa4-a97d-d965ccfc6d4b" outcome="Passed" testListId="8c84fa94-04c1-424b-9868-57a2d4851a1d" relativeResultsDirectory="c58cdfa2-b33b-497b-9914-f2e0c3ee73d2">
    </UnitTestResult>
    <UnitTestResult executionId="6484ae8c-ebc4-4af2-bdd7-81c6212bc78b" testId="f1ff68f4-2ce6-1ac3-921c-079b2b95706c" testName="test_differents_types_array_assign" computerName="HOME-E26FE83CAE" duration="00:00:00.0047542" startTime="2012-03-12T14:15:30.0781250-05:00" endTime="2012-03-12T14:15:30.1093750-05:00" testType="13cdc9d9-ddb5-4fa4-a97d-d965ccfc6d4b" outcome="Passed" testListId="8c84fa94-04c1-424b-9868-57a2d4851a1d" relativeResultsDirectory="6484ae8c-ebc4-4af2-bdd7-81c6212bc78b">
    </UnitTestResult>
    <UnitTestResult executionId="25f9b631-332c-49a3-9873-bceab431f3b9" testId="f4efcf97-2817-134e-d4cd-02e0e8ed7f47" testName="test_invalid_mutually_recursive_function_depth_4" computerName="HOME-E26FE83CAE" duration="00:00:00.0052372" startTime="2012-03-12T14:15:30.1562500-05:00" endTime="2012-03-12T14:15:30.1718750-05:00" testType="13cdc9d9-ddb5-4fa4-a97d-d965ccfc6d4b" outcome="Passed" testListId="8c84fa94-04c1-424b-9868-57a2d4851a1d" relativeResultsDirectory="25f9b631-332c-49a3-9873-bceab431f3b9">
    </UnitTestResult>
    <UnitTestResult executionId="a436e540-9eab-4ce2-95c2-85f4d2a28aa2" testId="f671f60d-5960-0a4e-25da-4be80fa480eb" testName="test_str" computerName="HOME-E26FE83CAE" duration="00:00:00.0047417" startTime="2012-03-12T14:15:30.2187500-05:00" endTime="2012-03-12T14:15:30.2500000-05:00" testType="13cdc9d9-ddb5-4fa4-a97d-d965ccfc6d4b" outcome="Passed" testListId="8c84fa94-04c1-424b-9868-57a2d4851a1d" relativeResultsDirectory="a436e540-9eab-4ce2-95c2-85f4d2a28aa2">
    </UnitTestResult>
    <UnitTestResult executionId="39f71e3a-5b88-418b-a7a9-e5225e75ba5a" testId="f72187fc-b3e0-b7a6-6724-df81d1bfb604" testName="test_mod7_2" computerName="HOME-E26FE83CAE" duration="00:00:00.0048193" startTime="2012-03-12T14:15:30.2968750-05:00" endTime="2012-03-12T14:15:30.3281250-05:00" testType="13cdc9d9-ddb5-4fa4-a97d-d965ccfc6d4b" outcome="Passed" testListId="8c84fa94-04c1-424b-9868-57a2d4851a1d" relativeResultsDirectory="39f71e3a-5b88-418b-a7a9-e5225e75ba5a">
    </UnitTestResult>
    <UnitTestResult executionId="725cef26-8df8-4b20-8df0-258131a86930" testId="f7361c7c-3b0f-6086-f159-11b4844d843d" testName="test_record_literal_invalid_types" computerName="HOME-E26FE83CAE" duration="00:00:00.0047984" startTime="2012-03-12T14:15:30.3750000-05:00" endTime="2012-03-12T14:15:30.4062500-05:00" testType="13cdc9d9-ddb5-4fa4-a97d-d965ccfc6d4b" outcome="Passed" testListId="8c84fa94-04c1-424b-9868-57a2d4851a1d" relativeResultsDirectory="725cef26-8df8-4b20-8df0-258131a86930">
    </UnitTestResult>
    <UnitTestResult executionId="123d493b-ae79-4786-b989-972573ea96c3" testId="f8f7e3fc-a32f-4b7e-3884-a77c284c6334" testName="test_test30" computerName="HOME-E26FE83CAE" duration="00:00:00.0447189" startTime="2012-03-12T14:15:30.4531250-05:00" endTime="2012-03-12T14:15:30.5156250-05:00" testType="13cdc9d9-ddb5-4fa4-a97d-d965ccfc6d4b" outcome="Passed" testListId="8c84fa94-04c1-424b-9868-57a2d4851a1d" relativeResultsDirectory="123d493b-ae79-4786-b989-972573ea96c3">
      <Output>
        <StdOut>Object reference not set to an instance of an object.</StdOut>
      </Output>
    </UnitTestResult>
    <UnitTestResult executionId="99797171-524a-4036-b245-f74a52358330" testId="f96446f0-229a-33bf-fd57-40890b9bd378" testName="test_test36" computerName="HOME-E26FE83CAE" duration="00:00:00.0371014" startTime="2012-03-12T14:15:30.5625000-05:00" endTime="2012-03-12T14:15:30.6250000-05:00" testType="13cdc9d9-ddb5-4fa4-a97d-d965ccfc6d4b" outcome="Passed" testListId="8c84fa94-04c1-424b-9868-57a2d4851a1d" relativeResultsDirectory="99797171-524a-4036-b245-f74a52358330">
      <Output>
        <StdOut>Index was out of range. Must be non-negative and less than the size of the collection.
Parameter name: index</StdOut>
      </Output>
    </UnitTestResult>
    <UnitTestResult executionId="9c73adf1-0144-4655-86e1-6b88f27225d4" testId="fb90f7ed-7430-80a6-0f96-1278e7153aad" testName="test_test16" computerName="HOME-E26FE83CAE" duration="00:00:00.0047670" startTime="2012-03-12T14:15:30.6718750-05:00" endTime="2012-03-12T14:15:30.6875000-05:00" testType="13cdc9d9-ddb5-4fa4-a97d-d965ccfc6d4b" outcome="Passed" testListId="8c84fa94-04c1-424b-9868-57a2d4851a1d" relativeResultsDirectory="9c73adf1-0144-4655-86e1-6b88f27225d4">
    </UnitTestResult>
    <UnitTestResult executionId="dc21cedc-0a3a-4d9f-aef6-8ec242a2d624" testId="ff4c30d4-0e18-8aac-65dc-3010d8dc6819" testName="test_test46" computerName="HOME-E26FE83CAE" duration="00:00:00.0048769" startTime="2012-03-12T14:15:30.7343750-05:00" endTime="2012-03-12T14:15:30.7656250-05:00" testType="13cdc9d9-ddb5-4fa4-a97d-d965ccfc6d4b" outcome="Passed" testListId="8c84fa94-04c1-424b-9868-57a2d4851a1d" relativeResultsDirectory="dc21cedc-0a3a-4d9f-aef6-8ec242a2d624">
    </UnitTestResult>
  </Results>
</TestRun>