<?xml version="1.0" encoding="UTF-8"?>
<TestRun id="700fefa4-b874-41a7-be0d-ba49fdd66437" name="Karla@KARLA-PC 2012-03-11 15:45:59" runUser="Karla-PC\Karla" xmlns="http://microsoft.com/schemas/VisualStudio/TeamTest/2010">
  <TestSettings name="Local" id="db3fc4c5-9574-448a-acee-8bc54bdc550b">
    <Description>These are default test settings for a local test run.</Description>
    <Deployment enabled="false" runDeploymentRoot="Karla_KARLA-PC 2012-03-11 15_45_59">
      <DeploymentItem filename="C:\Users\Karla\Desktop\lastversion\Compiler 8-3-2012\CompilersUtils\bin\Debug\CompilersUtils.dll" />
    </Deployment>
    <Execution>
      <TestTypeSpecific />
      <AgentRule name="Execution Agents">
      </AgentRule>
    </Execution>
  </TestSettings>
  <Times creation="2012-03-11T15:45:59.3867188+01:00" queuing="2012-03-11T15:46:02.6894531+01:00" start="2012-03-11T15:46:03.1591797+01:00" finish="2012-03-11T15:46:25.9140625+01:00" />
  <ResultSummary outcome="Error">
    <Counters total="1" executed="1" error="0" failed="0" timeout="0" aborted="1" inconclusive="0" passedButRunAborted="0" notRunnable="0" notExecuted="0" disconnected="0" warning="0" passed="0" completed="0" inProgress="0" pending="0" />
    <RunInfos>
      <RunInfo computerName="KARLA-PC" outcome="Error" timestamp="2012-03-11T15:46:25.8681641+01:00">
        <Text>Test host process exited unexpectedly.</Text>
      </RunInfo>
    </RunInfos>
  </ResultSummary>
  <TestDefinitions>
    <UnitTest name="test_mod6" storage="c:\users\karla\desktop\lastversion\compiler 8-3-2012\testcompilertotiger\bin\debug\testcompilertotiger.dll" id="4a01e103-991f-0e62-ab1c-3ca959d73353">
      <Execution id="c5eca476-c81e-40de-a848-252e2f79e93a" />
      <TestMethod codeBase="C:/Users/Karla/Desktop/lastversion/Compiler 8-3-2012/TestCompilerToTiger/bin/Debug/TestCompilerToTiger.DLL" adapterTypeName="Microsoft.VisualStudio.TestTools.TestTypes.Unit.UnitTestAdapter, Microsoft.VisualStudio.QualityTools.Tips.UnitTest.Adapter, Version=10.0.0.0, Culture=neutral, PublicKeyToken=b03f5f7f11d50a3a" className="TestCompilerToTiger.UnitTest1, TestCompilerToTiger, Version=1.0.0.0, Culture=neutral, PublicKeyToken=null" name="test_mod6" />
    </UnitTest>
  </TestDefinitions>
  <TestLists>
    <TestList name="Results Not in a List" id="8c84fa94-04c1-424b-9868-57a2d4851a1d" />
    <TestList name="All Loaded Results" id="19431567-8539-422a-85d7-44ee4e166bda" />
  </TestLists>
  <TestEntries>
    <TestEntry testId="4a01e103-991f-0e62-ab1c-3ca959d73353" executionId="c5eca476-c81e-40de-a848-252e2f79e93a" testListId="8c84fa94-04c1-424b-9868-57a2d4851a1d" />
  </TestEntries>
  <Results>
    <UnitTestResult executionId="c5eca476-c81e-40de-a848-252e2f79e93a" testId="4a01e103-991f-0e62-ab1c-3ca959d73353" testName="test_mod6" computerName="KARLA-PC" duration="00:00:22.1689454" startTime="2012-03-11T15:46:03.7441406+01:00" endTime="2012-03-11T15:46:25.9130860+01:00" testType="13cdc9d9-ddb5-4fa4-a97d-d965ccfc6d4b" outcome="Aborted" testListId="8c84fa94-04c1-424b-9868-57a2d4851a1d" relativeResultsDirectory="c5eca476-c81e-40de-a848-252e2f79e93a">
    </UnitTestResult>
  </Results>
</TestRun>