<?xml version="1.0" encoding="UTF-8"?>
<TestRun id="d68d3d9b-5548-4877-95da-1861ca188358" name="simp@SIMP-PC 2009-02-04 20:39:48" runUser="simp-PC\simp" xmlns="http://microsoft.com/schemas/VisualStudio/TeamTest/2010">
  <TestSettings name="Local" id="db3fc4c5-9574-448a-acee-8bc54bdc550b">
    <Description>These are default test settings for a local test run.</Description>
    <Deployment enabled="false" runDeploymentRoot="simp_SIMP-PC 2009-02-04 20_39_48">
      <DeploymentItem filename="G:\Compiler\CompilersUtils\bin\Debug\CompilersUtils.dll" />
    </Deployment>
    <Execution>
      <TestTypeSpecific />
      <AgentRule name="Execution Agents">
      </AgentRule>
    </Execution>
  </TestSettings>
  <Times creation="2009-02-04T20:39:48.5919613-08:00" queuing="2009-02-04T20:39:53.5104192-08:00" start="2009-02-04T20:39:53.7288196-08:00" finish="2009-02-04T20:40:29.4827117-08:00" />
  <ResultSummary outcome="Completed">
    <Counters total="93" executed="93" passed="93" error="0" failed="0" timeout="0" aborted="0" inconclusive="0" passedButRunAborted="0" notRunnable="0" notExecuted="0" disconnected="0" warning="0" completed="0" inProgress="0" pending="0" />
  </ResultSummary>
  <TestDefinitions>
    <UnitTest name="test_array_string_nil" storage="g:\compiler\testcompilertotiger\bin\debug\testcompilertotiger.dll" id="8c0af343-7fa9-77f2-656f-4d5deee86c5d">
      <Execution id="f25f2193-ef07-421b-8702-c9ae056eace7" />
      <TestMethod codeBase="G:/Compiler/TestCompilerToTiger/bin/Debug/TestCompilerToTiger.DLL" adapterTypeName="Microsoft.VisualStudio.TestTools.TestTypes.Unit.UnitTestAdapter, Microsoft.VisualStudio.QualityTools.Tips.UnitTest.Adapter, Version=10.0.0.0, Culture=neutral, PublicKeyToken=b03f5f7f11d50a3a" className="TestCompilerToTiger.UnitTest1, TestCompilerToTiger, Version=1.0.0.0, Culture=neutral, PublicKeyToken=null" name="test_array_string_nil" />
    </UnitTest>
    <UnitTest name="test_test26" storage="g:\compiler\testcompilertotiger\bin\debug\testcompilertotiger.dll" id="044ddcd4-6330-7a22-e9f8-f33b453f18d7">
      <Execution id="ecf20b55-98f2-482d-9823-45129d4efaf3" />
      <TestMethod codeBase="G:/Compiler/TestCompilerToTiger/bin/Debug/TestCompilerToTiger.DLL" adapterTypeName="Microsoft.VisualStudio.TestTools.TestTypes.Unit.UnitTestAdapter, Microsoft.VisualStudio.QualityTools.Tips.UnitTest.Adapter, Version=10.0.0.0, Culture=neutral, PublicKeyToken=b03f5f7f11d50a3a" className="TestCompilerToTiger.UnitTest1, TestCompilerToTiger, Version=1.0.0.0, Culture=neutral, PublicKeyToken=null" name="test_test26" />
    </UnitTest>
    <UnitTest name="test_invalid_mutually_recursive_function_depth_4" storage="g:\compiler\testcompilertotiger\bin\debug\testcompilertotiger.dll" id="f4efcf97-2817-134e-d4cd-02e0e8ed7f47">
      <Execution id="952ec0dc-c59c-4bc6-9e7e-d98aad4ed300" />
      <TestMethod codeBase="G:/Compiler/TestCompilerToTiger/bin/Debug/TestCompilerToTiger.DLL" adapterTypeName="Microsoft.VisualStudio.TestTools.TestTypes.Unit.UnitTestAdapter, Microsoft.VisualStudio.QualityTools.Tips.UnitTest.Adapter, Version=10.0.0.0, Culture=neutral, PublicKeyToken=b03f5f7f11d50a3a" className="TestCompilerToTiger.UnitTest1, TestCompilerToTiger, Version=1.0.0.0, Culture=neutral, PublicKeyToken=null" name="test_invalid_mutually_recursive_function_depth_4" />
    </UnitTest>
    <UnitTest name="test_recursive_array_alias" storage="g:\compiler\testcompilertotiger\bin\debug\testcompilertotiger.dll" id="041998ab-07f9-73fa-8039-7d960c796110">
      <Execution id="849cf566-d011-4305-b0a9-77e646e225c6" />
      <TestMethod codeBase="G:/Compiler/TestCompilerToTiger/bin/Debug/TestCompilerToTiger.DLL" adapterTypeName="Microsoft.VisualStudio.TestTools.TestTypes.Unit.UnitTestAdapter, Microsoft.VisualStudio.QualityTools.Tips.UnitTest.Adapter, Version=10.0.0.0, Culture=neutral, PublicKeyToken=b03f5f7f11d50a3a" className="TestCompilerToTiger.UnitTest1, TestCompilerToTiger, Version=1.0.0.0, Culture=neutral, PublicKeyToken=null" name="test_recursive_array_alias" />
    </UnitTest>
    <UnitTest name="test_test8" storage="g:\compiler\testcompilertotiger\bin\debug\testcompilertotiger.dll" id="a384bb22-ddee-6569-96ae-a4c57e6d3916">
      <Execution id="c58b0b9b-0cb3-47ed-a97d-3b1cd748118a" />
      <TestMethod codeBase="G:/Compiler/TestCompilerToTiger/bin/Debug/TestCompilerToTiger.DLL" adapterTypeName="Microsoft.VisualStudio.TestTools.TestTypes.Unit.UnitTestAdapter, Microsoft.VisualStudio.QualityTools.Tips.UnitTest.Adapter, Version=10.0.0.0, Culture=neutral, PublicKeyToken=b03f5f7f11d50a3a" className="TestCompilerToTiger.UnitTest1, TestCompilerToTiger, Version=1.0.0.0, Culture=neutral, PublicKeyToken=null" name="test_test8" />
    </UnitTest>
    <UnitTest name="test_and_operator_returns_value" storage="g:\compiler\testcompilertotiger\bin\debug\testcompilertotiger.dll" id="b62d9364-7778-3e50-d7a6-6bf0ce856a2f">
      <Execution id="2070fe5b-e99d-42d2-83f6-0f56278dac62" />
      <TestMethod codeBase="G:/Compiler/TestCompilerToTiger/bin/Debug/TestCompilerToTiger.DLL" adapterTypeName="Microsoft.VisualStudio.TestTools.TestTypes.Unit.UnitTestAdapter, Microsoft.VisualStudio.QualityTools.Tips.UnitTest.Adapter, Version=10.0.0.0, Culture=neutral, PublicKeyToken=b03f5f7f11d50a3a" className="TestCompilerToTiger.UnitTest1, TestCompilerToTiger, Version=1.0.0.0, Culture=neutral, PublicKeyToken=null" name="test_and_operator_returns_value" />
    </UnitTest>
    <UnitTest name="test_test19" storage="g:\compiler\testcompilertotiger\bin\debug\testcompilertotiger.dll" id="cab8b132-edf3-b22a-dafd-52e3f1e74a4c">
      <Execution id="88a0e535-2ecf-43d3-8f62-5f7cb90af8a0" />
      <TestMethod codeBase="G:/Compiler/TestCompilerToTiger/bin/Debug/TestCompilerToTiger.DLL" adapterTypeName="Microsoft.VisualStudio.TestTools.TestTypes.Unit.UnitTestAdapter, Microsoft.VisualStudio.QualityTools.Tips.UnitTest.Adapter, Version=10.0.0.0, Culture=neutral, PublicKeyToken=b03f5f7f11d50a3a" className="TestCompilerToTiger.UnitTest1, TestCompilerToTiger, Version=1.0.0.0, Culture=neutral, PublicKeyToken=null" name="test_test19" />
    </UnitTest>
    <UnitTest name="test_test35" storage="g:\compiler\testcompilertotiger\bin\debug\testcompilertotiger.dll" id="d93fbe60-89ed-bf54-6dfb-bec94ee26025">
      <Execution id="e49cac6a-be97-44d6-9a3a-04f3c12bd93d" />
      <TestMethod codeBase="G:/Compiler/TestCompilerToTiger/bin/Debug/TestCompilerToTiger.DLL" adapterTypeName="Microsoft.VisualStudio.TestTools.TestTypes.Unit.UnitTestAdapter, Microsoft.VisualStudio.QualityTools.Tips.UnitTest.Adapter, Version=10.0.0.0, Culture=neutral, PublicKeyToken=b03f5f7f11d50a3a" className="TestCompilerToTiger.UnitTest1, TestCompilerToTiger, Version=1.0.0.0, Culture=neutral, PublicKeyToken=null" name="test_test35" />
    </UnitTest>
    <UnitTest name="test_record_literal_invalid_types" storage="g:\compiler\testcompilertotiger\bin\debug\testcompilertotiger.dll" id="f7361c7c-3b0f-6086-f159-11b4844d843d">
      <Execution id="e080fc5e-a08c-47ed-85f6-d254f3bb2482" />
      <TestMethod codeBase="G:/Compiler/TestCompilerToTiger/bin/Debug/TestCompilerToTiger.DLL" adapterTypeName="Microsoft.VisualStudio.TestTools.TestTypes.Unit.UnitTestAdapter, Microsoft.VisualStudio.QualityTools.Tips.UnitTest.Adapter, Version=10.0.0.0, Culture=neutral, PublicKeyToken=b03f5f7f11d50a3a" className="TestCompilerToTiger.UnitTest1, TestCompilerToTiger, Version=1.0.0.0, Culture=neutral, PublicKeyToken=null" name="test_record_literal_invalid_types" />
    </UnitTest>
    <UnitTest name="test_record_access_incompatibles_types" storage="g:\compiler\testcompilertotiger\bin\debug\testcompilertotiger.dll" id="6cf631e1-db7e-962a-558e-bc54f36bb57a">
      <Execution id="671a318c-15b9-4656-a59a-0ac147bd78b0" />
      <TestMethod codeBase="G:/Compiler/TestCompilerToTiger/bin/Debug/TestCompilerToTiger.DLL" adapterTypeName="Microsoft.VisualStudio.TestTools.TestTypes.Unit.UnitTestAdapter, Microsoft.VisualStudio.QualityTools.Tips.UnitTest.Adapter, Version=10.0.0.0, Culture=neutral, PublicKeyToken=b03f5f7f11d50a3a" className="TestCompilerToTiger.UnitTest1, TestCompilerToTiger, Version=1.0.0.0, Culture=neutral, PublicKeyToken=null" name="test_record_access_incompatibles_types" />
    </UnitTest>
    <UnitTest name="test_break_out_of_for" storage="g:\compiler\testcompilertotiger\bin\debug\testcompilertotiger.dll" id="ce2a8c2f-bbc2-eed5-1248-002e2907786b">
      <Execution id="9d93d1eb-1fff-4daf-952d-d372b6ab9c7a" />
      <TestMethod codeBase="G:/Compiler/TestCompilerToTiger/bin/Debug/TestCompilerToTiger.DLL" adapterTypeName="Microsoft.VisualStudio.TestTools.TestTypes.Unit.UnitTestAdapter, Microsoft.VisualStudio.QualityTools.Tips.UnitTest.Adapter, Version=10.0.0.0, Culture=neutral, PublicKeyToken=b03f5f7f11d50a3a" className="TestCompilerToTiger.UnitTest1, TestCompilerToTiger, Version=1.0.0.0, Culture=neutral, PublicKeyToken=null" name="test_break_out_of_for" />
    </UnitTest>
    <UnitTest name="test_undefined_type_for_array_declaration" storage="g:\compiler\testcompilertotiger\bin\debug\testcompilertotiger.dll" id="30a9dc30-d90c-bbee-e587-6b840a964a32">
      <Execution id="7bd3ee8a-29f1-4a20-8fda-b93eb392eccc" />
      <TestMethod codeBase="G:/Compiler/TestCompilerToTiger/bin/Debug/TestCompilerToTiger.DLL" adapterTypeName="Microsoft.VisualStudio.TestTools.TestTypes.Unit.UnitTestAdapter, Microsoft.VisualStudio.QualityTools.Tips.UnitTest.Adapter, Version=10.0.0.0, Culture=neutral, PublicKeyToken=b03f5f7f11d50a3a" className="TestCompilerToTiger.UnitTest1, TestCompilerToTiger, Version=1.0.0.0, Culture=neutral, PublicKeyToken=null" name="test_undefined_type_for_array_declaration" />
    </UnitTest>
    <UnitTest name="test_undefined_type_for_alias" storage="g:\compiler\testcompilertotiger\bin\debug\testcompilertotiger.dll" id="ecf43549-1da5-5f9d-4f70-8ce66cfb75f9">
      <Execution id="c1de59a9-999e-426f-8893-74047125f41e" />
      <TestMethod codeBase="G:/Compiler/TestCompilerToTiger/bin/Debug/TestCompilerToTiger.DLL" adapterTypeName="Microsoft.VisualStudio.TestTools.TestTypes.Unit.UnitTestAdapter, Microsoft.VisualStudio.QualityTools.Tips.UnitTest.Adapter, Version=10.0.0.0, Culture=neutral, PublicKeyToken=b03f5f7f11d50a3a" className="TestCompilerToTiger.UnitTest1, TestCompilerToTiger, Version=1.0.0.0, Culture=neutral, PublicKeyToken=null" name="test_undefined_type_for_alias" />
    </UnitTest>
    <UnitTest name="test_test18" storage="g:\compiler\testcompilertotiger\bin\debug\testcompilertotiger.dll" id="a472785a-6aac-8d41-8d14-3df81fa7d043">
      <Execution id="9e228c52-47de-47ef-a9ac-5f6c9b32ffce" />
      <TestMethod codeBase="G:/Compiler/TestCompilerToTiger/bin/Debug/TestCompilerToTiger.DLL" adapterTypeName="Microsoft.VisualStudio.TestTools.TestTypes.Unit.UnitTestAdapter, Microsoft.VisualStudio.QualityTools.Tips.UnitTest.Adapter, Version=10.0.0.0, Culture=neutral, PublicKeyToken=b03f5f7f11d50a3a" className="TestCompilerToTiger.UnitTest1, TestCompilerToTiger, Version=1.0.0.0, Culture=neutral, PublicKeyToken=null" name="test_test18" />
    </UnitTest>
    <UnitTest name="test_test44" storage="g:\compiler\testcompilertotiger\bin\debug\testcompilertotiger.dll" id="6d72d84f-797d-15c2-7042-642838b6df03">
      <Execution id="31efd24d-afc4-4268-a15a-e98e792da521" />
      <TestMethod codeBase="G:/Compiler/TestCompilerToTiger/bin/Debug/TestCompilerToTiger.DLL" adapterTypeName="Microsoft.VisualStudio.TestTools.TestTypes.Unit.UnitTestAdapter, Microsoft.VisualStudio.QualityTools.Tips.UnitTest.Adapter, Version=10.0.0.0, Culture=neutral, PublicKeyToken=b03f5f7f11d50a3a" className="TestCompilerToTiger.UnitTest1, TestCompilerToTiger, Version=1.0.0.0, Culture=neutral, PublicKeyToken=null" name="test_test44" />
    </UnitTest>
    <UnitTest name="test_test34" storage="g:\compiler\testcompilertotiger\bin\debug\testcompilertotiger.dll" id="33df6015-371d-7c50-5ef5-d8861ee19e12">
      <Execution id="3427fa94-cfd8-4734-b9bc-82dd389cf797" />
      <TestMethod codeBase="G:/Compiler/TestCompilerToTiger/bin/Debug/TestCompilerToTiger.DLL" adapterTypeName="Microsoft.VisualStudio.TestTools.TestTypes.Unit.UnitTestAdapter, Microsoft.VisualStudio.QualityTools.Tips.UnitTest.Adapter, Version=10.0.0.0, Culture=neutral, PublicKeyToken=b03f5f7f11d50a3a" className="TestCompilerToTiger.UnitTest1, TestCompilerToTiger, Version=1.0.0.0, Culture=neutral, PublicKeyToken=null" name="test_test34" />
    </UnitTest>
    <UnitTest name="test_if_then_else_without_return_value" storage="g:\compiler\testcompilertotiger\bin\debug\testcompilertotiger.dll" id="67c163c5-c8d3-5101-e815-2db32a75cf56">
      <Execution id="a3116853-f29f-42df-a14d-3bbb1dca3883" />
      <TestMethod codeBase="G:/Compiler/TestCompilerToTiger/bin/Debug/TestCompilerToTiger.DLL" adapterTypeName="Microsoft.VisualStudio.TestTools.TestTypes.Unit.UnitTestAdapter, Microsoft.VisualStudio.QualityTools.Tips.UnitTest.Adapter, Version=10.0.0.0, Culture=neutral, PublicKeyToken=b03f5f7f11d50a3a" className="TestCompilerToTiger.UnitTest1, TestCompilerToTiger, Version=1.0.0.0, Culture=neutral, PublicKeyToken=null" name="test_if_then_else_without_return_value" />
    </UnitTest>
    <UnitTest name="test_test39" storage="g:\compiler\testcompilertotiger\bin\debug\testcompilertotiger.dll" id="f16497eb-6a01-ee64-493f-fa445e31a0a3">
      <Execution id="66c89def-c69d-4571-a665-5e7c00240ea7" />
      <TestMethod codeBase="G:/Compiler/TestCompilerToTiger/bin/Debug/TestCompilerToTiger.DLL" adapterTypeName="Microsoft.VisualStudio.TestTools.TestTypes.Unit.UnitTestAdapter, Microsoft.VisualStudio.QualityTools.Tips.UnitTest.Adapter, Version=10.0.0.0, Culture=neutral, PublicKeyToken=b03f5f7f11d50a3a" className="TestCompilerToTiger.UnitTest1, TestCompilerToTiger, Version=1.0.0.0, Culture=neutral, PublicKeyToken=null" name="test_test39" />
    </UnitTest>
    <UnitTest name="test_test29" storage="g:\compiler\testcompilertotiger\bin\debug\testcompilertotiger.dll" id="99ccbccc-8faa-d870-7334-5e51e17814a3">
      <Execution id="a2eb8bd8-b1b3-4cfa-8dc2-39836450fa3a" />
      <TestMethod codeBase="G:/Compiler/TestCompilerToTiger/bin/Debug/TestCompilerToTiger.DLL" adapterTypeName="Microsoft.VisualStudio.TestTools.TestTypes.Unit.UnitTestAdapter, Microsoft.VisualStudio.QualityTools.Tips.UnitTest.Adapter, Version=10.0.0.0, Culture=neutral, PublicKeyToken=b03f5f7f11d50a3a" className="TestCompilerToTiger.UnitTest1, TestCompilerToTiger, Version=1.0.0.0, Culture=neutral, PublicKeyToken=null" name="test_test29" />
    </UnitTest>
    <UnitTest name="test_test37" storage="g:\compiler\testcompilertotiger\bin\debug\testcompilertotiger.dll" id="e23ffe73-c0b4-23de-3266-456dece737db">
      <Execution id="0bc33c90-c2f0-49fc-b8a4-81f86d9b316f" />
      <TestMethod codeBase="G:/Compiler/TestCompilerToTiger/bin/Debug/TestCompilerToTiger.DLL" adapterTypeName="Microsoft.VisualStudio.TestTools.TestTypes.Unit.UnitTestAdapter, Microsoft.VisualStudio.QualityTools.Tips.UnitTest.Adapter, Version=10.0.0.0, Culture=neutral, PublicKeyToken=b03f5f7f11d50a3a" className="TestCompilerToTiger.UnitTest1, TestCompilerToTiger, Version=1.0.0.0, Culture=neutral, PublicKeyToken=null" name="test_test37" />
    </UnitTest>
    <UnitTest name="test_test45" storage="g:\compiler\testcompilertotiger\bin\debug\testcompilertotiger.dll" id="cda3dbd2-47ba-daee-07dc-a896644e4d82">
      <Execution id="0dfd438c-0e48-4fc5-9f3c-471947884a3e" />
      <TestMethod codeBase="G:/Compiler/TestCompilerToTiger/bin/Debug/TestCompilerToTiger.DLL" adapterTypeName="Microsoft.VisualStudio.TestTools.TestTypes.Unit.UnitTestAdapter, Microsoft.VisualStudio.QualityTools.Tips.UnitTest.Adapter, Version=10.0.0.0, Culture=neutral, PublicKeyToken=b03f5f7f11d50a3a" className="TestCompilerToTiger.UnitTest1, TestCompilerToTiger, Version=1.0.0.0, Culture=neutral, PublicKeyToken=null" name="test_test45" />
    </UnitTest>
    <UnitTest name="test_procedure_same_parameters_name" storage="g:\compiler\testcompilertotiger\bin\debug\testcompilertotiger.dll" id="3c85eb83-557f-5abd-129b-c696176453d1">
      <Execution id="728c7a32-843f-48b4-b3e8-6cb58958ad5c" />
      <TestMethod codeBase="G:/Compiler/TestCompilerToTiger/bin/Debug/TestCompilerToTiger.DLL" adapterTypeName="Microsoft.VisualStudio.TestTools.TestTypes.Unit.UnitTestAdapter, Microsoft.VisualStudio.QualityTools.Tips.UnitTest.Adapter, Version=10.0.0.0, Culture=neutral, PublicKeyToken=b03f5f7f11d50a3a" className="TestCompilerToTiger.UnitTest1, TestCompilerToTiger, Version=1.0.0.0, Culture=neutral, PublicKeyToken=null" name="test_procedure_same_parameters_name" />
    </UnitTest>
    <UnitTest name="test_test10" storage="g:\compiler\testcompilertotiger\bin\debug\testcompilertotiger.dll" id="9936c7db-6cf6-2051-5d72-b9fe5c8e1ada">
      <Execution id="fcc596ad-348c-4e77-b18a-26bb6d707c1f" />
      <TestMethod codeBase="G:/Compiler/TestCompilerToTiger/bin/Debug/TestCompilerToTiger.DLL" adapterTypeName="Microsoft.VisualStudio.TestTools.TestTypes.Unit.UnitTestAdapter, Microsoft.VisualStudio.QualityTools.Tips.UnitTest.Adapter, Version=10.0.0.0, Culture=neutral, PublicKeyToken=b03f5f7f11d50a3a" className="TestCompilerToTiger.UnitTest1, TestCompilerToTiger, Version=1.0.0.0, Culture=neutral, PublicKeyToken=null" name="test_test10" />
    </UnitTest>
    <UnitTest name="test_mod2" storage="g:\compiler\testcompilertotiger\bin\debug\testcompilertotiger.dll" id="3eaf5a1b-09ff-aa0a-8696-77810f03640d">
      <Execution id="00ee6cf5-fa0d-43bf-9fe7-21b714a038b4" />
      <TestMethod codeBase="G:/Compiler/TestCompilerToTiger/bin/Debug/TestCompilerToTiger.DLL" adapterTypeName="Microsoft.VisualStudio.TestTools.TestTypes.Unit.UnitTestAdapter, Microsoft.VisualStudio.QualityTools.Tips.UnitTest.Adapter, Version=10.0.0.0, Culture=neutral, PublicKeyToken=b03f5f7f11d50a3a" className="TestCompilerToTiger.UnitTest1, TestCompilerToTiger, Version=1.0.0.0, Culture=neutral, PublicKeyToken=null" name="test_mod2" />
    </UnitTest>
    <UnitTest name="test_nested_unavailable_function" storage="g:\compiler\testcompilertotiger\bin\debug\testcompilertotiger.dll" id="c61736dc-d6c8-f953-d484-0d9a5b344127">
      <Execution id="2e96a3ed-8bd5-45db-a035-cddc30e3433b" />
      <TestMethod codeBase="G:/Compiler/TestCompilerToTiger/bin/Debug/TestCompilerToTiger.DLL" adapterTypeName="Microsoft.VisualStudio.TestTools.TestTypes.Unit.UnitTestAdapter, Microsoft.VisualStudio.QualityTools.Tips.UnitTest.Adapter, Version=10.0.0.0, Culture=neutral, PublicKeyToken=b03f5f7f11d50a3a" className="TestCompilerToTiger.UnitTest1, TestCompilerToTiger, Version=1.0.0.0, Culture=neutral, PublicKeyToken=null" name="test_nested_unavailable_function" />
    </UnitTest>
    <UnitTest name="test_inferred_variable_incompatibles_type" storage="g:\compiler\testcompilertotiger\bin\debug\testcompilertotiger.dll" id="b4c7ef8d-acd4-bb81-a04e-3b27f1d00de4">
      <Execution id="1d4c21f2-65cf-4a2d-a75e-3c7c4dfa3a6b" />
      <TestMethod codeBase="G:/Compiler/TestCompilerToTiger/bin/Debug/TestCompilerToTiger.DLL" adapterTypeName="Microsoft.VisualStudio.TestTools.TestTypes.Unit.UnitTestAdapter, Microsoft.VisualStudio.QualityTools.Tips.UnitTest.Adapter, Version=10.0.0.0, Culture=neutral, PublicKeyToken=b03f5f7f11d50a3a" className="TestCompilerToTiger.UnitTest1, TestCompilerToTiger, Version=1.0.0.0, Culture=neutral, PublicKeyToken=null" name="test_inferred_variable_incompatibles_type" />
    </UnitTest>
    <UnitTest name="test_and_operator_invalid_type_operands" storage="g:\compiler\testcompilertotiger\bin\debug\testcompilertotiger.dll" id="6491bb9a-c473-c29d-0621-addaa45ea010">
      <Execution id="cedfe817-3ee2-43bc-a753-c3284576eabf" />
      <TestMethod codeBase="G:/Compiler/TestCompilerToTiger/bin/Debug/TestCompilerToTiger.DLL" adapterTypeName="Microsoft.VisualStudio.TestTools.TestTypes.Unit.UnitTestAdapter, Microsoft.VisualStudio.QualityTools.Tips.UnitTest.Adapter, Version=10.0.0.0, Culture=neutral, PublicKeyToken=b03f5f7f11d50a3a" className="TestCompilerToTiger.UnitTest1, TestCompilerToTiger, Version=1.0.0.0, Culture=neutral, PublicKeyToken=null" name="test_and_operator_invalid_type_operands" />
    </UnitTest>
    <UnitTest name="test_differents_types_array_assign" storage="g:\compiler\testcompilertotiger\bin\debug\testcompilertotiger.dll" id="f1ff68f4-2ce6-1ac3-921c-079b2b95706c">
      <Execution id="d3a53e3a-91e7-4f31-b1a6-9f335c53a8cb" />
      <TestMethod codeBase="G:/Compiler/TestCompilerToTiger/bin/Debug/TestCompilerToTiger.DLL" adapterTypeName="Microsoft.VisualStudio.TestTools.TestTypes.Unit.UnitTestAdapter, Microsoft.VisualStudio.QualityTools.Tips.UnitTest.Adapter, Version=10.0.0.0, Culture=neutral, PublicKeyToken=b03f5f7f11d50a3a" className="TestCompilerToTiger.UnitTest1, TestCompilerToTiger, Version=1.0.0.0, Culture=neutral, PublicKeyToken=null" name="test_differents_types_array_assign" />
    </UnitTest>
    <UnitTest name="test_merge" storage="g:\compiler\testcompilertotiger\bin\debug\testcompilertotiger.dll" id="019531f9-6c6d-6148-ff2d-d7912780c031">
      <Execution id="5b420435-5f11-41c8-9c42-4cc4102b01fb" />
      <TestMethod codeBase="G:/Compiler/TestCompilerToTiger/bin/Debug/TestCompilerToTiger.DLL" adapterTypeName="Microsoft.VisualStudio.TestTools.TestTypes.Unit.UnitTestAdapter, Microsoft.VisualStudio.QualityTools.Tips.UnitTest.Adapter, Version=10.0.0.0, Culture=neutral, PublicKeyToken=b03f5f7f11d50a3a" className="TestCompilerToTiger.UnitTest1, TestCompilerToTiger, Version=1.0.0.0, Culture=neutral, PublicKeyToken=null" name="test_merge" />
    </UnitTest>
    <UnitTest name="test_mod5" storage="g:\compiler\testcompilertotiger\bin\debug\testcompilertotiger.dll" id="a44cd249-8572-57ab-7e94-76db5bad3054">
      <Execution id="4bd07d78-405e-4830-bb86-76daad1e757e" />
      <TestMethod codeBase="G:/Compiler/TestCompilerToTiger/bin/Debug/TestCompilerToTiger.DLL" adapterTypeName="Microsoft.VisualStudio.TestTools.TestTypes.Unit.UnitTestAdapter, Microsoft.VisualStudio.QualityTools.Tips.UnitTest.Adapter, Version=10.0.0.0, Culture=neutral, PublicKeyToken=b03f5f7f11d50a3a" className="TestCompilerToTiger.UnitTest1, TestCompilerToTiger, Version=1.0.0.0, Culture=neutral, PublicKeyToken=null" name="test_mod5" />
    </UnitTest>
    <UnitTest name="test_test33" storage="g:\compiler\testcompilertotiger\bin\debug\testcompilertotiger.dll" id="f178d479-04b2-1f51-5b83-340d9c464883">
      <Execution id="e5fc3d4f-3670-4502-92fe-4f1fa2094482" />
      <TestMethod codeBase="G:/Compiler/TestCompilerToTiger/bin/Debug/TestCompilerToTiger.DLL" adapterTypeName="Microsoft.VisualStudio.TestTools.TestTypes.Unit.UnitTestAdapter, Microsoft.VisualStudio.QualityTools.Tips.UnitTest.Adapter, Version=10.0.0.0, Culture=neutral, PublicKeyToken=b03f5f7f11d50a3a" className="TestCompilerToTiger.UnitTest1, TestCompilerToTiger, Version=1.0.0.0, Culture=neutral, PublicKeyToken=null" name="test_test33" />
    </UnitTest>
    <UnitTest name="test_test23" storage="g:\compiler\testcompilertotiger\bin\debug\testcompilertotiger.dll" id="570f88f9-f5f9-b4a9-ed6f-3034933d7208">
      <Execution id="006b145d-5ac1-4a31-9b19-cef11392f99d" />
      <TestMethod codeBase="G:/Compiler/TestCompilerToTiger/bin/Debug/TestCompilerToTiger.DLL" adapterTypeName="Microsoft.VisualStudio.TestTools.TestTypes.Unit.UnitTestAdapter, Microsoft.VisualStudio.QualityTools.Tips.UnitTest.Adapter, Version=10.0.0.0, Culture=neutral, PublicKeyToken=b03f5f7f11d50a3a" className="TestCompilerToTiger.UnitTest1, TestCompilerToTiger, Version=1.0.0.0, Culture=neutral, PublicKeyToken=null" name="test_test23" />
    </UnitTest>
    <UnitTest name="test_invalid_mutually_recursive_record_depth_4" storage="g:\compiler\testcompilertotiger\bin\debug\testcompilertotiger.dll" id="4f876700-47e2-ddf4-4e1d-31ab9f1d665d">
      <Execution id="e2dd64df-6d1a-4987-ae33-0e9b2a58d36a" />
      <TestMethod codeBase="G:/Compiler/TestCompilerToTiger/bin/Debug/TestCompilerToTiger.DLL" adapterTypeName="Microsoft.VisualStudio.TestTools.TestTypes.Unit.UnitTestAdapter, Microsoft.VisualStudio.QualityTools.Tips.UnitTest.Adapter, Version=10.0.0.0, Culture=neutral, PublicKeyToken=b03f5f7f11d50a3a" className="TestCompilerToTiger.UnitTest1, TestCompilerToTiger, Version=1.0.0.0, Culture=neutral, PublicKeyToken=null" name="test_invalid_mutually_recursive_record_depth_4" />
    </UnitTest>
    <UnitTest name="test_test31" storage="g:\compiler\testcompilertotiger\bin\debug\testcompilertotiger.dll" id="baf2563e-3009-d447-b0e7-170ab8463071">
      <Execution id="3ca800a5-4fac-4434-bd41-1a37c813330e" />
      <TestMethod codeBase="G:/Compiler/TestCompilerToTiger/bin/Debug/TestCompilerToTiger.DLL" adapterTypeName="Microsoft.VisualStudio.TestTools.TestTypes.Unit.UnitTestAdapter, Microsoft.VisualStudio.QualityTools.Tips.UnitTest.Adapter, Version=10.0.0.0, Culture=neutral, PublicKeyToken=b03f5f7f11d50a3a" className="TestCompilerToTiger.UnitTest1, TestCompilerToTiger, Version=1.0.0.0, Culture=neutral, PublicKeyToken=null" name="test_test31" />
    </UnitTest>
    <UnitTest name="test_mod4" storage="g:\compiler\testcompilertotiger\bin\debug\testcompilertotiger.dll" id="c3679b4e-0952-8b62-ff50-a38002b5bb13">
      <Execution id="c6915aaa-79f1-4977-81b6-ca239080ec0f" />
      <TestMethod codeBase="G:/Compiler/TestCompilerToTiger/bin/Debug/TestCompilerToTiger.DLL" adapterTypeName="Microsoft.VisualStudio.TestTools.TestTypes.Unit.UnitTestAdapter, Microsoft.VisualStudio.QualityTools.Tips.UnitTest.Adapter, Version=10.0.0.0, Culture=neutral, PublicKeyToken=b03f5f7f11d50a3a" className="TestCompilerToTiger.UnitTest1, TestCompilerToTiger, Version=1.0.0.0, Culture=neutral, PublicKeyToken=null" name="test_mod4" />
    </UnitTest>
    <UnitTest name="test_test2" storage="g:\compiler\testcompilertotiger\bin\debug\testcompilertotiger.dll" id="c4fb2239-0b02-8afd-06d9-ec6f804a8a52">
      <Execution id="3e2f1e8d-3444-458d-8333-4537dea99725" />
      <TestMethod codeBase="G:/Compiler/TestCompilerToTiger/bin/Debug/TestCompilerToTiger.DLL" adapterTypeName="Microsoft.VisualStudio.TestTools.TestTypes.Unit.UnitTestAdapter, Microsoft.VisualStudio.QualityTools.Tips.UnitTest.Adapter, Version=10.0.0.0, Culture=neutral, PublicKeyToken=b03f5f7f11d50a3a" className="TestCompilerToTiger.UnitTest1, TestCompilerToTiger, Version=1.0.0.0, Culture=neutral, PublicKeyToken=null" name="test_test2" />
    </UnitTest>
    <UnitTest name="test_mod7_2" storage="g:\compiler\testcompilertotiger\bin\debug\testcompilertotiger.dll" id="f72187fc-b3e0-b7a6-6724-df81d1bfb604">
      <Execution id="e0b87399-0d96-48af-88ff-1d5675a5a6d4" />
      <TestMethod codeBase="G:/Compiler/TestCompilerToTiger/bin/Debug/TestCompilerToTiger.DLL" adapterTypeName="Microsoft.VisualStudio.TestTools.TestTypes.Unit.UnitTestAdapter, Microsoft.VisualStudio.QualityTools.Tips.UnitTest.Adapter, Version=10.0.0.0, Culture=neutral, PublicKeyToken=b03f5f7f11d50a3a" className="TestCompilerToTiger.UnitTest1, TestCompilerToTiger, Version=1.0.0.0, Culture=neutral, PublicKeyToken=null" name="test_mod7_2" />
    </UnitTest>
    <UnitTest name="test_test27" storage="g:\compiler\testcompilertotiger\bin\debug\testcompilertotiger.dll" id="a077de67-c679-41e7-f6a0-f3e9004988c8">
      <Execution id="afc2e329-aa4f-4114-ba0b-068b4b4a1891" />
      <TestMethod codeBase="G:/Compiler/TestCompilerToTiger/bin/Debug/TestCompilerToTiger.DLL" adapterTypeName="Microsoft.VisualStudio.TestTools.TestTypes.Unit.UnitTestAdapter, Microsoft.VisualStudio.QualityTools.Tips.UnitTest.Adapter, Version=10.0.0.0, Culture=neutral, PublicKeyToken=b03f5f7f11d50a3a" className="TestCompilerToTiger.UnitTest1, TestCompilerToTiger, Version=1.0.0.0, Culture=neutral, PublicKeyToken=null" name="test_test27" />
    </UnitTest>
    <UnitTest name="test_mod7_3" storage="g:\compiler\testcompilertotiger\bin\debug\testcompilertotiger.dll" id="23273fad-a655-fb19-0591-a880a70c5eeb">
      <Execution id="ca3b37a8-e557-4476-b825-33d01043a914" />
      <TestMethod codeBase="G:/Compiler/TestCompilerToTiger/bin/Debug/TestCompilerToTiger.DLL" adapterTypeName="Microsoft.VisualStudio.TestTools.TestTypes.Unit.UnitTestAdapter, Microsoft.VisualStudio.QualityTools.Tips.UnitTest.Adapter, Version=10.0.0.0, Culture=neutral, PublicKeyToken=b03f5f7f11d50a3a" className="TestCompilerToTiger.UnitTest1, TestCompilerToTiger, Version=1.0.0.0, Culture=neutral, PublicKeyToken=null" name="test_mod7_3" />
    </UnitTest>
    <UnitTest name="test_test50" storage="g:\compiler\testcompilertotiger\bin\debug\testcompilertotiger.dll" id="0ff029d3-12bf-eeea-36b5-2f404d00e87a">
      <Execution id="8ba60d48-7526-47d2-9f13-59d85850688a" />
      <TestMethod codeBase="G:/Compiler/TestCompilerToTiger/bin/Debug/TestCompilerToTiger.DLL" adapterTypeName="Microsoft.VisualStudio.TestTools.TestTypes.Unit.UnitTestAdapter, Microsoft.VisualStudio.QualityTools.Tips.UnitTest.Adapter, Version=10.0.0.0, Culture=neutral, PublicKeyToken=b03f5f7f11d50a3a" className="TestCompilerToTiger.UnitTest1, TestCompilerToTiger, Version=1.0.0.0, Culture=neutral, PublicKeyToken=null" name="test_test50" />
    </UnitTest>
    <UnitTest name="test_queens" storage="g:\compiler\testcompilertotiger\bin\debug\testcompilertotiger.dll" id="e6694f75-d598-6ffe-9c8e-bbfaecee7755">
      <Execution id="fc90c0d8-cac8-4de7-a351-f931c41afe07" />
      <TestMethod codeBase="G:/Compiler/TestCompilerToTiger/bin/Debug/TestCompilerToTiger.DLL" adapterTypeName="Microsoft.VisualStudio.TestTools.TestTypes.Unit.UnitTestAdapter, Microsoft.VisualStudio.QualityTools.Tips.UnitTest.Adapter, Version=10.0.0.0, Culture=neutral, PublicKeyToken=b03f5f7f11d50a3a" className="TestCompilerToTiger.UnitTest1, TestCompilerToTiger, Version=1.0.0.0, Culture=neutral, PublicKeyToken=null" name="test_queens" />
    </UnitTest>
    <UnitTest name="test_test17" storage="g:\compiler\testcompilertotiger\bin\debug\testcompilertotiger.dll" id="da3e1bea-fd68-3dc0-d517-eb40039703ee">
      <Execution id="b1bddb26-2883-4416-8b55-659a5aa112e1" />
      <TestMethod codeBase="G:/Compiler/TestCompilerToTiger/bin/Debug/TestCompilerToTiger.DLL" adapterTypeName="Microsoft.VisualStudio.TestTools.TestTypes.Unit.UnitTestAdapter, Microsoft.VisualStudio.QualityTools.Tips.UnitTest.Adapter, Version=10.0.0.0, Culture=neutral, PublicKeyToken=b03f5f7f11d50a3a" className="TestCompilerToTiger.UnitTest1, TestCompilerToTiger, Version=1.0.0.0, Culture=neutral, PublicKeyToken=null" name="test_test17" />
    </UnitTest>
    <UnitTest name="test_test6" storage="g:\compiler\testcompilertotiger\bin\debug\testcompilertotiger.dll" id="5607c4ab-1b6e-27ef-88db-5c98aa28e993">
      <Execution id="3c5c3d70-92c0-4f40-a24f-aec89d7b2cdd" />
      <TestMethod codeBase="G:/Compiler/TestCompilerToTiger/bin/Debug/TestCompilerToTiger.DLL" adapterTypeName="Microsoft.VisualStudio.TestTools.TestTypes.Unit.UnitTestAdapter, Microsoft.VisualStudio.QualityTools.Tips.UnitTest.Adapter, Version=10.0.0.0, Culture=neutral, PublicKeyToken=b03f5f7f11d50a3a" className="TestCompilerToTiger.UnitTest1, TestCompilerToTiger, Version=1.0.0.0, Culture=neutral, PublicKeyToken=null" name="test_test6" />
    </UnitTest>
    <UnitTest name="test_mutually_recursive_alias" storage="g:\compiler\testcompilertotiger\bin\debug\testcompilertotiger.dll" id="b59a94a6-b3eb-5bc0-dedb-53c312b3dd38">
      <Execution id="c95d256b-f244-470f-a411-f07506a8cdd0" />
      <TestMethod codeBase="G:/Compiler/TestCompilerToTiger/bin/Debug/TestCompilerToTiger.DLL" adapterTypeName="Microsoft.VisualStudio.TestTools.TestTypes.Unit.UnitTestAdapter, Microsoft.VisualStudio.QualityTools.Tips.UnitTest.Adapter, Version=10.0.0.0, Culture=neutral, PublicKeyToken=b03f5f7f11d50a3a" className="TestCompilerToTiger.UnitTest1, TestCompilerToTiger, Version=1.0.0.0, Culture=neutral, PublicKeyToken=null" name="test_mutually_recursive_alias" />
    </UnitTest>
    <UnitTest name="test_test46" storage="g:\compiler\testcompilertotiger\bin\debug\testcompilertotiger.dll" id="ff4c30d4-0e18-8aac-65dc-3010d8dc6819">
      <Execution id="09b5761e-52ec-4866-9094-9edb60174e48" />
      <TestMethod codeBase="G:/Compiler/TestCompilerToTiger/bin/Debug/TestCompilerToTiger.DLL" adapterTypeName="Microsoft.VisualStudio.TestTools.TestTypes.Unit.UnitTestAdapter, Microsoft.VisualStudio.QualityTools.Tips.UnitTest.Adapter, Version=10.0.0.0, Culture=neutral, PublicKeyToken=b03f5f7f11d50a3a" className="TestCompilerToTiger.UnitTest1, TestCompilerToTiger, Version=1.0.0.0, Culture=neutral, PublicKeyToken=null" name="test_test46" />
    </UnitTest>
    <UnitTest name="test_test16" storage="g:\compiler\testcompilertotiger\bin\debug\testcompilertotiger.dll" id="fb90f7ed-7430-80a6-0f96-1278e7153aad">
      <Execution id="7c9f17cd-0962-4c25-8bc0-ff94c074b02c" />
      <TestMethod codeBase="G:/Compiler/TestCompilerToTiger/bin/Debug/TestCompilerToTiger.DLL" adapterTypeName="Microsoft.VisualStudio.TestTools.TestTypes.Unit.UnitTestAdapter, Microsoft.VisualStudio.QualityTools.Tips.UnitTest.Adapter, Version=10.0.0.0, Culture=neutral, PublicKeyToken=b03f5f7f11d50a3a" className="TestCompilerToTiger.UnitTest1, TestCompilerToTiger, Version=1.0.0.0, Culture=neutral, PublicKeyToken=null" name="test_test16" />
    </UnitTest>
    <UnitTest name="test_break_out_of_while" storage="g:\compiler\testcompilertotiger\bin\debug\testcompilertotiger.dll" id="29c89c54-d7fb-f98d-1f2a-27aade8fb1a1">
      <Execution id="13751d82-e691-4942-a10d-fdf421a4af05" />
      <TestMethod codeBase="G:/Compiler/TestCompilerToTiger/bin/Debug/TestCompilerToTiger.DLL" adapterTypeName="Microsoft.VisualStudio.TestTools.TestTypes.Unit.UnitTestAdapter, Microsoft.VisualStudio.QualityTools.Tips.UnitTest.Adapter, Version=10.0.0.0, Culture=neutral, PublicKeyToken=b03f5f7f11d50a3a" className="TestCompilerToTiger.UnitTest1, TestCompilerToTiger, Version=1.0.0.0, Culture=neutral, PublicKeyToken=null" name="test_break_out_of_while" />
    </UnitTest>
    <UnitTest name="test_expression_sequence_returns_last_value" storage="g:\compiler\testcompilertotiger\bin\debug\testcompilertotiger.dll" id="83e78d72-b212-dd46-9548-fec8071552c7">
      <Execution id="899a96c9-4f87-49ad-bbe5-72e60ec9e5d0" />
      <TestMethod codeBase="G:/Compiler/TestCompilerToTiger/bin/Debug/TestCompilerToTiger.DLL" adapterTypeName="Microsoft.VisualStudio.TestTools.TestTypes.Unit.UnitTestAdapter, Microsoft.VisualStudio.QualityTools.Tips.UnitTest.Adapter, Version=10.0.0.0, Culture=neutral, PublicKeyToken=b03f5f7f11d50a3a" className="TestCompilerToTiger.UnitTest1, TestCompilerToTiger, Version=1.0.0.0, Culture=neutral, PublicKeyToken=null" name="test_expression_sequence_returns_last_value" />
    </UnitTest>
    <UnitTest name="test_mod8" storage="g:\compiler\testcompilertotiger\bin\debug\testcompilertotiger.dll" id="510d376c-bc82-1db9-4c26-7765bd4900fd">
      <Execution id="02b1fffe-39f0-42ca-b488-cb77352b5f88" />
      <TestMethod codeBase="G:/Compiler/TestCompilerToTiger/bin/Debug/TestCompilerToTiger.DLL" adapterTypeName="Microsoft.VisualStudio.TestTools.TestTypes.Unit.UnitTestAdapter, Microsoft.VisualStudio.QualityTools.Tips.UnitTest.Adapter, Version=10.0.0.0, Culture=neutral, PublicKeyToken=b03f5f7f11d50a3a" className="TestCompilerToTiger.UnitTest1, TestCompilerToTiger, Version=1.0.0.0, Culture=neutral, PublicKeyToken=null" name="test_mod8" />
    </UnitTest>
    <UnitTest name="test_access_complex" storage="g:\compiler\testcompilertotiger\bin\debug\testcompilertotiger.dll" id="487ad327-ee86-41b7-ddc2-994627f0d66e">
      <Execution id="bcfb83d6-efca-4132-9b95-3c4f61cc77f3" />
      <TestMethod codeBase="G:/Compiler/TestCompilerToTiger/bin/Debug/TestCompilerToTiger.DLL" adapterTypeName="Microsoft.VisualStudio.TestTools.TestTypes.Unit.UnitTestAdapter, Microsoft.VisualStudio.QualityTools.Tips.UnitTest.Adapter, Version=10.0.0.0, Culture=neutral, PublicKeyToken=b03f5f7f11d50a3a" className="TestCompilerToTiger.UnitTest1, TestCompilerToTiger, Version=1.0.0.0, Culture=neutral, PublicKeyToken=null" name="test_access_complex" />
    </UnitTest>
    <UnitTest name="test_mod3" storage="g:\compiler\testcompilertotiger\bin\debug\testcompilertotiger.dll" id="97171acb-cce5-bb87-edb1-a40947c57107">
      <Execution id="a496ab18-ec85-4521-9637-dbf99a9fc94b" />
      <TestMethod codeBase="G:/Compiler/TestCompilerToTiger/bin/Debug/TestCompilerToTiger.DLL" adapterTypeName="Microsoft.VisualStudio.TestTools.TestTypes.Unit.UnitTestAdapter, Microsoft.VisualStudio.QualityTools.Tips.UnitTest.Adapter, Version=10.0.0.0, Culture=neutral, PublicKeyToken=b03f5f7f11d50a3a" className="TestCompilerToTiger.UnitTest1, TestCompilerToTiger, Version=1.0.0.0, Culture=neutral, PublicKeyToken=null" name="test_mod3" />
    </UnitTest>
    <UnitTest name="test_incompatible_types_jagged_array" storage="g:\compiler\testcompilertotiger\bin\debug\testcompilertotiger.dll" id="bedda814-012f-44ec-c334-f993d0f501c2">
      <Execution id="985d20a7-0689-47ec-8737-79717f336e02" />
      <TestMethod codeBase="G:/Compiler/TestCompilerToTiger/bin/Debug/TestCompilerToTiger.DLL" adapterTypeName="Microsoft.VisualStudio.TestTools.TestTypes.Unit.UnitTestAdapter, Microsoft.VisualStudio.QualityTools.Tips.UnitTest.Adapter, Version=10.0.0.0, Culture=neutral, PublicKeyToken=b03f5f7f11d50a3a" className="TestCompilerToTiger.UnitTest1, TestCompilerToTiger, Version=1.0.0.0, Culture=neutral, PublicKeyToken=null" name="test_incompatible_types_jagged_array" />
    </UnitTest>
    <UnitTest name="test_record_literal_less_params" storage="g:\compiler\testcompilertotiger\bin\debug\testcompilertotiger.dll" id="653eb7ac-1e40-67fb-ee64-62985c81131e">
      <Execution id="cf8ac9d0-cd9d-4cb7-afa8-368b3e58c4b6" />
      <TestMethod codeBase="G:/Compiler/TestCompilerToTiger/bin/Debug/TestCompilerToTiger.DLL" adapterTypeName="Microsoft.VisualStudio.TestTools.TestTypes.Unit.UnitTestAdapter, Microsoft.VisualStudio.QualityTools.Tips.UnitTest.Adapter, Version=10.0.0.0, Culture=neutral, PublicKeyToken=b03f5f7f11d50a3a" className="TestCompilerToTiger.UnitTest1, TestCompilerToTiger, Version=1.0.0.0, Culture=neutral, PublicKeyToken=null" name="test_record_literal_less_params" />
    </UnitTest>
    <UnitTest name="test_test4" storage="g:\compiler\testcompilertotiger\bin\debug\testcompilertotiger.dll" id="909f0493-3a2b-3db1-9239-46de00bd2132">
      <Execution id="bb777748-d6a7-41df-b973-89eb0874103d" />
      <TestMethod codeBase="G:/Compiler/TestCompilerToTiger/bin/Debug/TestCompilerToTiger.DLL" adapterTypeName="Microsoft.VisualStudio.TestTools.TestTypes.Unit.UnitTestAdapter, Microsoft.VisualStudio.QualityTools.Tips.UnitTest.Adapter, Version=10.0.0.0, Culture=neutral, PublicKeyToken=b03f5f7f11d50a3a" className="TestCompilerToTiger.UnitTest1, TestCompilerToTiger, Version=1.0.0.0, Culture=neutral, PublicKeyToken=null" name="test_test4" />
    </UnitTest>
    <UnitTest name="test_test48" storage="g:\compiler\testcompilertotiger\bin\debug\testcompilertotiger.dll" id="d050111e-1afa-c332-bab6-dc16fcf18a86">
      <Execution id="378000ff-033e-4f7f-9793-632ec08e1079" />
      <TestMethod codeBase="G:/Compiler/TestCompilerToTiger/bin/Debug/TestCompilerToTiger.DLL" adapterTypeName="Microsoft.VisualStudio.TestTools.TestTypes.Unit.UnitTestAdapter, Microsoft.VisualStudio.QualityTools.Tips.UnitTest.Adapter, Version=10.0.0.0, Culture=neutral, PublicKeyToken=b03f5f7f11d50a3a" className="TestCompilerToTiger.UnitTest1, TestCompilerToTiger, Version=1.0.0.0, Culture=neutral, PublicKeyToken=null" name="test_test48" />
    </UnitTest>
    <UnitTest name="test_test38" storage="g:\compiler\testcompilertotiger\bin\debug\testcompilertotiger.dll" id="3c5d2c78-6807-923e-0707-565f55826a52">
      <Execution id="3b9fe376-706a-4c11-93cf-74bc407eb206" />
      <TestMethod codeBase="G:/Compiler/TestCompilerToTiger/bin/Debug/TestCompilerToTiger.DLL" adapterTypeName="Microsoft.VisualStudio.TestTools.TestTypes.Unit.UnitTestAdapter, Microsoft.VisualStudio.QualityTools.Tips.UnitTest.Adapter, Version=10.0.0.0, Culture=neutral, PublicKeyToken=b03f5f7f11d50a3a" className="TestCompilerToTiger.UnitTest1, TestCompilerToTiger, Version=1.0.0.0, Culture=neutral, PublicKeyToken=null" name="test_test38" />
    </UnitTest>
    <UnitTest name="test_test42" storage="g:\compiler\testcompilertotiger\bin\debug\testcompilertotiger.dll" id="c20e51b4-12b3-e19f-44f0-68b615cb9d34">
      <Execution id="f5128ffb-3ba2-4d68-870e-a62dcacca8ef" />
      <TestMethod codeBase="G:/Compiler/TestCompilerToTiger/bin/Debug/TestCompilerToTiger.DLL" adapterTypeName="Microsoft.VisualStudio.TestTools.TestTypes.Unit.UnitTestAdapter, Microsoft.VisualStudio.QualityTools.Tips.UnitTest.Adapter, Version=10.0.0.0, Culture=neutral, PublicKeyToken=b03f5f7f11d50a3a" className="TestCompilerToTiger.UnitTest1, TestCompilerToTiger, Version=1.0.0.0, Culture=neutral, PublicKeyToken=null" name="test_test42" />
    </UnitTest>
    <UnitTest name="test_test9" storage="g:\compiler\testcompilertotiger\bin\debug\testcompilertotiger.dll" id="d6875146-3a82-65ba-0dc8-a42d822217f6">
      <Execution id="338bca35-30cc-445d-b1bf-1db1470b6b39" />
      <TestMethod codeBase="G:/Compiler/TestCompilerToTiger/bin/Debug/TestCompilerToTiger.DLL" adapterTypeName="Microsoft.VisualStudio.TestTools.TestTypes.Unit.UnitTestAdapter, Microsoft.VisualStudio.QualityTools.Tips.UnitTest.Adapter, Version=10.0.0.0, Culture=neutral, PublicKeyToken=b03f5f7f11d50a3a" className="TestCompilerToTiger.UnitTest1, TestCompilerToTiger, Version=1.0.0.0, Culture=neutral, PublicKeyToken=null" name="test_test9" />
    </UnitTest>
    <UnitTest name="test_test30" storage="g:\compiler\testcompilertotiger\bin\debug\testcompilertotiger.dll" id="f8f7e3fc-a32f-4b7e-3884-a77c284c6334">
      <Execution id="2bb77f0e-654e-48e7-a7fa-b50f04a982d3" />
      <TestMethod codeBase="G:/Compiler/TestCompilerToTiger/bin/Debug/TestCompilerToTiger.DLL" adapterTypeName="Microsoft.VisualStudio.TestTools.TestTypes.Unit.UnitTestAdapter, Microsoft.VisualStudio.QualityTools.Tips.UnitTest.Adapter, Version=10.0.0.0, Culture=neutral, PublicKeyToken=b03f5f7f11d50a3a" className="TestCompilerToTiger.UnitTest1, TestCompilerToTiger, Version=1.0.0.0, Culture=neutral, PublicKeyToken=null" name="test_test30" />
    </UnitTest>
    <UnitTest name="test_test5" storage="g:\compiler\testcompilertotiger\bin\debug\testcompilertotiger.dll" id="2a289f39-5a92-deb7-3bfb-b0c29bd31f53">
      <Execution id="aa5358ee-478f-4abd-a421-c4ab6f1e299f" />
      <TestMethod codeBase="G:/Compiler/TestCompilerToTiger/bin/Debug/TestCompilerToTiger.DLL" adapterTypeName="Microsoft.VisualStudio.TestTools.TestTypes.Unit.UnitTestAdapter, Microsoft.VisualStudio.QualityTools.Tips.UnitTest.Adapter, Version=10.0.0.0, Culture=neutral, PublicKeyToken=b03f5f7f11d50a3a" className="TestCompilerToTiger.UnitTest1, TestCompilerToTiger, Version=1.0.0.0, Culture=neutral, PublicKeyToken=null" name="test_test5" />
    </UnitTest>
    <UnitTest name="test_test12" storage="g:\compiler\testcompilertotiger\bin\debug\testcompilertotiger.dll" id="4f4b9668-5fc2-c922-c2a4-15a71f9d7a1b">
      <Execution id="50955f1b-5a29-4fe8-94d3-82a91c029369" />
      <TestMethod codeBase="G:/Compiler/TestCompilerToTiger/bin/Debug/TestCompilerToTiger.DLL" adapterTypeName="Microsoft.VisualStudio.TestTools.TestTypes.Unit.UnitTestAdapter, Microsoft.VisualStudio.QualityTools.Tips.UnitTest.Adapter, Version=10.0.0.0, Culture=neutral, PublicKeyToken=b03f5f7f11d50a3a" className="TestCompilerToTiger.UnitTest1, TestCompilerToTiger, Version=1.0.0.0, Culture=neutral, PublicKeyToken=null" name="test_test12" />
    </UnitTest>
    <UnitTest name="test_invalid_mutually_recursive_record" storage="g:\compiler\testcompilertotiger\bin\debug\testcompilertotiger.dll" id="72aa1a9e-7bdb-88d7-27ff-e8b4fa9b856a">
      <Execution id="bd56d1ef-c265-4694-b27e-fe209967c0ac" />
      <TestMethod codeBase="G:/Compiler/TestCompilerToTiger/bin/Debug/TestCompilerToTiger.DLL" adapterTypeName="Microsoft.VisualStudio.TestTools.TestTypes.Unit.UnitTestAdapter, Microsoft.VisualStudio.QualityTools.Tips.UnitTest.Adapter, Version=10.0.0.0, Culture=neutral, PublicKeyToken=b03f5f7f11d50a3a" className="TestCompilerToTiger.UnitTest1, TestCompilerToTiger, Version=1.0.0.0, Culture=neutral, PublicKeyToken=null" name="test_invalid_mutually_recursive_record" />
    </UnitTest>
    <UnitTest name="test_test13" storage="g:\compiler\testcompilertotiger\bin\debug\testcompilertotiger.dll" id="dc1b746a-01eb-32a1-dd9f-13724fc026ff">
      <Execution id="7f6035b2-a777-4928-a4e8-200bc7c638d4" />
      <TestMethod codeBase="G:/Compiler/TestCompilerToTiger/bin/Debug/TestCompilerToTiger.DLL" adapterTypeName="Microsoft.VisualStudio.TestTools.TestTypes.Unit.UnitTestAdapter, Microsoft.VisualStudio.QualityTools.Tips.UnitTest.Adapter, Version=10.0.0.0, Culture=neutral, PublicKeyToken=b03f5f7f11d50a3a" className="TestCompilerToTiger.UnitTest1, TestCompilerToTiger, Version=1.0.0.0, Culture=neutral, PublicKeyToken=null" name="test_test13" />
    </UnitTest>
    <UnitTest name="test_test15" storage="g:\compiler\testcompilertotiger\bin\debug\testcompilertotiger.dll" id="c4fa99d9-cca8-ac70-06bb-cefbec6e204e">
      <Execution id="dbf65139-f8f9-476c-aeba-132f2bd9a4af" />
      <TestMethod codeBase="G:/Compiler/TestCompilerToTiger/bin/Debug/TestCompilerToTiger.DLL" adapterTypeName="Microsoft.VisualStudio.TestTools.TestTypes.Unit.UnitTestAdapter, Microsoft.VisualStudio.QualityTools.Tips.UnitTest.Adapter, Version=10.0.0.0, Culture=neutral, PublicKeyToken=b03f5f7f11d50a3a" className="TestCompilerToTiger.UnitTest1, TestCompilerToTiger, Version=1.0.0.0, Culture=neutral, PublicKeyToken=null" name="test_test15" />
    </UnitTest>
    <UnitTest name="test_test40" storage="g:\compiler\testcompilertotiger\bin\debug\testcompilertotiger.dll" id="59f585d1-a0bb-33e9-4abb-19d69a17417d">
      <Execution id="59c09b18-1398-4243-a9e7-dc67c7a985a4" />
      <TestMethod codeBase="G:/Compiler/TestCompilerToTiger/bin/Debug/TestCompilerToTiger.DLL" adapterTypeName="Microsoft.VisualStudio.TestTools.TestTypes.Unit.UnitTestAdapter, Microsoft.VisualStudio.QualityTools.Tips.UnitTest.Adapter, Version=10.0.0.0, Culture=neutral, PublicKeyToken=b03f5f7f11d50a3a" className="TestCompilerToTiger.UnitTest1, TestCompilerToTiger, Version=1.0.0.0, Culture=neutral, PublicKeyToken=null" name="test_test40" />
    </UnitTest>
    <UnitTest name="test_test32" storage="g:\compiler\testcompilertotiger\bin\debug\testcompilertotiger.dll" id="b072c1fb-dc11-85af-9856-d7106bde114d">
      <Execution id="1ecaf544-28ed-4f5e-97f3-e0a53b7f56b9" />
      <TestMethod codeBase="G:/Compiler/TestCompilerToTiger/bin/Debug/TestCompilerToTiger.DLL" adapterTypeName="Microsoft.VisualStudio.TestTools.TestTypes.Unit.UnitTestAdapter, Microsoft.VisualStudio.QualityTools.Tips.UnitTest.Adapter, Version=10.0.0.0, Culture=neutral, PublicKeyToken=b03f5f7f11d50a3a" className="TestCompilerToTiger.UnitTest1, TestCompilerToTiger, Version=1.0.0.0, Culture=neutral, PublicKeyToken=null" name="test_test32" />
    </UnitTest>
    <UnitTest name="test_array_init" storage="g:\compiler\testcompilertotiger\bin\debug\testcompilertotiger.dll" id="e8d2f115-d73c-2867-cfd5-f324a2ef1c4b">
      <Execution id="f6cf3c9b-34af-402a-ad63-eac2bd5f4cc7" />
      <TestMethod codeBase="G:/Compiler/TestCompilerToTiger/bin/Debug/TestCompilerToTiger.DLL" adapterTypeName="Microsoft.VisualStudio.TestTools.TestTypes.Unit.UnitTestAdapter, Microsoft.VisualStudio.QualityTools.Tips.UnitTest.Adapter, Version=10.0.0.0, Culture=neutral, PublicKeyToken=b03f5f7f11d50a3a" className="TestCompilerToTiger.UnitTest1, TestCompilerToTiger, Version=1.0.0.0, Culture=neutral, PublicKeyToken=null" name="test_array_init" />
    </UnitTest>
    <UnitTest name="test_recursive_array" storage="g:\compiler\testcompilertotiger\bin\debug\testcompilertotiger.dll" id="e5ba5b84-693c-c274-9024-67714abfd289">
      <Execution id="59751cd7-612b-4c08-9587-e260fa9ef454" />
      <TestMethod codeBase="G:/Compiler/TestCompilerToTiger/bin/Debug/TestCompilerToTiger.DLL" adapterTypeName="Microsoft.VisualStudio.TestTools.TestTypes.Unit.UnitTestAdapter, Microsoft.VisualStudio.QualityTools.Tips.UnitTest.Adapter, Version=10.0.0.0, Culture=neutral, PublicKeyToken=b03f5f7f11d50a3a" className="TestCompilerToTiger.UnitTest1, TestCompilerToTiger, Version=1.0.0.0, Culture=neutral, PublicKeyToken=null" name="test_recursive_array" />
    </UnitTest>
    <UnitTest name="test_and_operator_non_valued_operands" storage="g:\compiler\testcompilertotiger\bin\debug\testcompilertotiger.dll" id="7778cbf3-4c15-9b31-c5ab-9ec850cf89a5">
      <Execution id="00c03604-fe28-4cdb-898e-ec015ad90f02" />
      <TestMethod codeBase="G:/Compiler/TestCompilerToTiger/bin/Debug/TestCompilerToTiger.DLL" adapterTypeName="Microsoft.VisualStudio.TestTools.TestTypes.Unit.UnitTestAdapter, Microsoft.VisualStudio.QualityTools.Tips.UnitTest.Adapter, Version=10.0.0.0, Culture=neutral, PublicKeyToken=b03f5f7f11d50a3a" className="TestCompilerToTiger.UnitTest1, TestCompilerToTiger, Version=1.0.0.0, Culture=neutral, PublicKeyToken=null" name="test_and_operator_non_valued_operands" />
    </UnitTest>
    <UnitTest name="test_test1" storage="g:\compiler\testcompilertotiger\bin\debug\testcompilertotiger.dll" id="46280aa5-4d15-904e-00e7-b0ec18a6f672">
      <Execution id="1a1ac77c-fc58-4406-82ed-4773f68c3d00" />
      <TestMethod codeBase="G:/Compiler/TestCompilerToTiger/bin/Debug/TestCompilerToTiger.DLL" adapterTypeName="Microsoft.VisualStudio.TestTools.TestTypes.Unit.UnitTestAdapter, Microsoft.VisualStudio.QualityTools.Tips.UnitTest.Adapter, Version=10.0.0.0, Culture=neutral, PublicKeyToken=b03f5f7f11d50a3a" className="TestCompilerToTiger.UnitTest1, TestCompilerToTiger, Version=1.0.0.0, Culture=neutral, PublicKeyToken=null" name="test_test1" />
    </UnitTest>
    <UnitTest name="test_if_then_without_valued_condition" storage="g:\compiler\testcompilertotiger\bin\debug\testcompilertotiger.dll" id="787fedd9-a949-1ea5-7ca7-01f74f289b04">
      <Execution id="5023cfa6-6d9b-46f0-a2e3-cc3b6da93947" />
      <TestMethod codeBase="G:/Compiler/TestCompilerToTiger/bin/Debug/TestCompilerToTiger.DLL" adapterTypeName="Microsoft.VisualStudio.TestTools.TestTypes.Unit.UnitTestAdapter, Microsoft.VisualStudio.QualityTools.Tips.UnitTest.Adapter, Version=10.0.0.0, Culture=neutral, PublicKeyToken=b03f5f7f11d50a3a" className="TestCompilerToTiger.UnitTest1, TestCompilerToTiger, Version=1.0.0.0, Culture=neutral, PublicKeyToken=null" name="test_if_then_without_valued_condition" />
    </UnitTest>
    <UnitTest name="test_record_literal_more_params" storage="g:\compiler\testcompilertotiger\bin\debug\testcompilertotiger.dll" id="1592ab8f-1085-3308-e351-9274eada4786">
      <Execution id="86a597ae-0f90-4984-adea-8d662f331eec" />
      <TestMethod codeBase="G:/Compiler/TestCompilerToTiger/bin/Debug/TestCompilerToTiger.DLL" adapterTypeName="Microsoft.VisualStudio.TestTools.TestTypes.Unit.UnitTestAdapter, Microsoft.VisualStudio.QualityTools.Tips.UnitTest.Adapter, Version=10.0.0.0, Culture=neutral, PublicKeyToken=b03f5f7f11d50a3a" className="TestCompilerToTiger.UnitTest1, TestCompilerToTiger, Version=1.0.0.0, Culture=neutral, PublicKeyToken=null" name="test_record_literal_more_params" />
    </UnitTest>
    <UnitTest name="test_test22" storage="g:\compiler\testcompilertotiger\bin\debug\testcompilertotiger.dll" id="bc0e1316-dbe6-b028-ade7-bfc7507988f6">
      <Execution id="91a56363-2401-4c37-959c-38e386438af4" />
      <TestMethod codeBase="G:/Compiler/TestCompilerToTiger/bin/Debug/TestCompilerToTiger.DLL" adapterTypeName="Microsoft.VisualStudio.TestTools.TestTypes.Unit.UnitTestAdapter, Microsoft.VisualStudio.QualityTools.Tips.UnitTest.Adapter, Version=10.0.0.0, Culture=neutral, PublicKeyToken=b03f5f7f11d50a3a" className="TestCompilerToTiger.UnitTest1, TestCompilerToTiger, Version=1.0.0.0, Culture=neutral, PublicKeyToken=null" name="test_test22" />
    </UnitTest>
    <UnitTest name="test_test11" storage="g:\compiler\testcompilertotiger\bin\debug\testcompilertotiger.dll" id="914b2a0c-dbfa-15bf-c67e-da89c4c3ca96">
      <Execution id="6cd2e3cb-dc01-4ba3-a061-c89c7c907929" />
      <TestMethod codeBase="G:/Compiler/TestCompilerToTiger/bin/Debug/TestCompilerToTiger.DLL" adapterTypeName="Microsoft.VisualStudio.TestTools.TestTypes.Unit.UnitTestAdapter, Microsoft.VisualStudio.QualityTools.Tips.UnitTest.Adapter, Version=10.0.0.0, Culture=neutral, PublicKeyToken=b03f5f7f11d50a3a" className="TestCompilerToTiger.UnitTest1, TestCompilerToTiger, Version=1.0.0.0, Culture=neutral, PublicKeyToken=null" name="test_test11" />
    </UnitTest>
    <UnitTest name="test_test43" storage="g:\compiler\testcompilertotiger\bin\debug\testcompilertotiger.dll" id="e202bc60-0634-baa5-9fb7-e483d26688e3">
      <Execution id="c88e0878-2145-4eef-9ad2-3099e987ad1a" />
      <TestMethod codeBase="G:/Compiler/TestCompilerToTiger/bin/Debug/TestCompilerToTiger.DLL" adapterTypeName="Microsoft.VisualStudio.TestTools.TestTypes.Unit.UnitTestAdapter, Microsoft.VisualStudio.QualityTools.Tips.UnitTest.Adapter, Version=10.0.0.0, Culture=neutral, PublicKeyToken=b03f5f7f11d50a3a" className="TestCompilerToTiger.UnitTest1, TestCompilerToTiger, Version=1.0.0.0, Culture=neutral, PublicKeyToken=null" name="test_test43" />
    </UnitTest>
    <UnitTest name="test_invalid_mutually_recursive_function_depth_3" storage="g:\compiler\testcompilertotiger\bin\debug\testcompilertotiger.dll" id="7c7d2692-7ab1-c90f-37ca-eafa8321abdc">
      <Execution id="09540576-3cd2-477b-b5e5-2ab26f98b7e8" />
      <TestMethod codeBase="G:/Compiler/TestCompilerToTiger/bin/Debug/TestCompilerToTiger.DLL" adapterTypeName="Microsoft.VisualStudio.TestTools.TestTypes.Unit.UnitTestAdapter, Microsoft.VisualStudio.QualityTools.Tips.UnitTest.Adapter, Version=10.0.0.0, Culture=neutral, PublicKeyToken=b03f5f7f11d50a3a" className="TestCompilerToTiger.UnitTest1, TestCompilerToTiger, Version=1.0.0.0, Culture=neutral, PublicKeyToken=null" name="test_invalid_mutually_recursive_function_depth_3" />
    </UnitTest>
    <UnitTest name="test_break_in_a_function" storage="g:\compiler\testcompilertotiger\bin\debug\testcompilertotiger.dll" id="39e514c1-78c7-15fd-4b22-50c302b2163e">
      <Execution id="ac868762-af69-4c9d-b721-26fe188f9edc" />
      <TestMethod codeBase="G:/Compiler/TestCompilerToTiger/bin/Debug/TestCompilerToTiger.DLL" adapterTypeName="Microsoft.VisualStudio.TestTools.TestTypes.Unit.UnitTestAdapter, Microsoft.VisualStudio.QualityTools.Tips.UnitTest.Adapter, Version=10.0.0.0, Culture=neutral, PublicKeyToken=b03f5f7f11d50a3a" className="TestCompilerToTiger.UnitTest1, TestCompilerToTiger, Version=1.0.0.0, Culture=neutral, PublicKeyToken=null" name="test_break_in_a_function" />
    </UnitTest>
    <UnitTest name="test_test41" storage="g:\compiler\testcompilertotiger\bin\debug\testcompilertotiger.dll" id="6cf12022-2ae0-7084-a31c-7e8297ba831d">
      <Execution id="62d963cb-6a69-4b3a-8e28-b8f60c342d13" />
      <TestMethod codeBase="G:/Compiler/TestCompilerToTiger/bin/Debug/TestCompilerToTiger.DLL" adapterTypeName="Microsoft.VisualStudio.TestTools.TestTypes.Unit.UnitTestAdapter, Microsoft.VisualStudio.QualityTools.Tips.UnitTest.Adapter, Version=10.0.0.0, Culture=neutral, PublicKeyToken=b03f5f7f11d50a3a" className="TestCompilerToTiger.UnitTest1, TestCompilerToTiger, Version=1.0.0.0, Culture=neutral, PublicKeyToken=null" name="test_test41" />
    </UnitTest>
    <UnitTest name="test_invalid_mutually_recursive_record_depth_3" storage="g:\compiler\testcompilertotiger\bin\debug\testcompilertotiger.dll" id="a2d926c3-2110-bd3c-06f7-e7b666840b6e">
      <Execution id="5a4cb9ff-2086-4c38-9dbc-e12ff610dac3" />
      <TestMethod codeBase="G:/Compiler/TestCompilerToTiger/bin/Debug/TestCompilerToTiger.DLL" adapterTypeName="Microsoft.VisualStudio.TestTools.TestTypes.Unit.UnitTestAdapter, Microsoft.VisualStudio.QualityTools.Tips.UnitTest.Adapter, Version=10.0.0.0, Culture=neutral, PublicKeyToken=b03f5f7f11d50a3a" className="TestCompilerToTiger.UnitTest1, TestCompilerToTiger, Version=1.0.0.0, Culture=neutral, PublicKeyToken=null" name="test_invalid_mutually_recursive_record_depth_3" />
    </UnitTest>
    <UnitTest name="test_mod7_1" storage="g:\compiler\testcompilertotiger\bin\debug\testcompilertotiger.dll" id="a7316259-a78f-4c76-fc44-43a2d7ccb76e">
      <Execution id="ed79736b-48db-43d8-9897-3c7985b26d90" />
      <TestMethod codeBase="G:/Compiler/TestCompilerToTiger/bin/Debug/TestCompilerToTiger.DLL" adapterTypeName="Microsoft.VisualStudio.TestTools.TestTypes.Unit.UnitTestAdapter, Microsoft.VisualStudio.QualityTools.Tips.UnitTest.Adapter, Version=10.0.0.0, Culture=neutral, PublicKeyToken=b03f5f7f11d50a3a" className="TestCompilerToTiger.UnitTest1, TestCompilerToTiger, Version=1.0.0.0, Culture=neutral, PublicKeyToken=null" name="test_mod7_1" />
    </UnitTest>
    <UnitTest name="test_divide_between_non_valued_right" storage="g:\compiler\testcompilertotiger\bin\debug\testcompilertotiger.dll" id="a59733da-8885-c1da-b119-165c79329a1b">
      <Execution id="e750b8db-bd2f-40cb-a1c3-51b94b6b0119" />
      <TestMethod codeBase="G:/Compiler/TestCompilerToTiger/bin/Debug/TestCompilerToTiger.DLL" adapterTypeName="Microsoft.VisualStudio.TestTools.TestTypes.Unit.UnitTestAdapter, Microsoft.VisualStudio.QualityTools.Tips.UnitTest.Adapter, Version=10.0.0.0, Culture=neutral, PublicKeyToken=b03f5f7f11d50a3a" className="TestCompilerToTiger.UnitTest1, TestCompilerToTiger, Version=1.0.0.0, Culture=neutral, PublicKeyToken=null" name="test_divide_between_non_valued_right" />
    </UnitTest>
    <UnitTest name="test_test28" storage="g:\compiler\testcompilertotiger\bin\debug\testcompilertotiger.dll" id="36324f40-b2ea-1a81-62d1-737b148bbfa1">
      <Execution id="e1d30ee5-c686-4ffa-aafc-0aa05fded02b" />
      <TestMethod codeBase="G:/Compiler/TestCompilerToTiger/bin/Debug/TestCompilerToTiger.DLL" adapterTypeName="Microsoft.VisualStudio.TestTools.TestTypes.Unit.UnitTestAdapter, Microsoft.VisualStudio.QualityTools.Tips.UnitTest.Adapter, Version=10.0.0.0, Culture=neutral, PublicKeyToken=b03f5f7f11d50a3a" className="TestCompilerToTiger.UnitTest1, TestCompilerToTiger, Version=1.0.0.0, Culture=neutral, PublicKeyToken=null" name="test_test28" />
    </UnitTest>
    <UnitTest name="test_mod6" storage="g:\compiler\testcompilertotiger\bin\debug\testcompilertotiger.dll" id="4a01e103-991f-0e62-ab1c-3ca959d73353">
      <Execution id="540c3091-d182-45d4-a560-a21a0517ee43" />
      <TestMethod codeBase="G:/Compiler/TestCompilerToTiger/bin/Debug/TestCompilerToTiger.DLL" adapterTypeName="Microsoft.VisualStudio.TestTools.TestTypes.Unit.UnitTestAdapter, Microsoft.VisualStudio.QualityTools.Tips.UnitTest.Adapter, Version=10.0.0.0, Culture=neutral, PublicKeyToken=b03f5f7f11d50a3a" className="TestCompilerToTiger.UnitTest1, TestCompilerToTiger, Version=1.0.0.0, Culture=neutral, PublicKeyToken=null" name="test_mod6" />
    </UnitTest>
    <UnitTest name="test_test36" storage="g:\compiler\testcompilertotiger\bin\debug\testcompilertotiger.dll" id="f96446f0-229a-33bf-fd57-40890b9bd378">
      <Execution id="5e32b1ac-084d-426b-9ffb-ae374f7b7028" />
      <TestMethod codeBase="G:/Compiler/TestCompilerToTiger/bin/Debug/TestCompilerToTiger.DLL" adapterTypeName="Microsoft.VisualStudio.TestTools.TestTypes.Unit.UnitTestAdapter, Microsoft.VisualStudio.QualityTools.Tips.UnitTest.Adapter, Version=10.0.0.0, Culture=neutral, PublicKeyToken=b03f5f7f11d50a3a" className="TestCompilerToTiger.UnitTest1, TestCompilerToTiger, Version=1.0.0.0, Culture=neutral, PublicKeyToken=null" name="test_test36" />
    </UnitTest>
    <UnitTest name="test_test25" storage="g:\compiler\testcompilertotiger\bin\debug\testcompilertotiger.dll" id="d690abc7-a328-cd83-8fdc-b127cf098887">
      <Execution id="794b29d4-1845-4b40-9f84-48f3c3d8761b" />
      <TestMethod codeBase="G:/Compiler/TestCompilerToTiger/bin/Debug/TestCompilerToTiger.DLL" adapterTypeName="Microsoft.VisualStudio.TestTools.TestTypes.Unit.UnitTestAdapter, Microsoft.VisualStudio.QualityTools.Tips.UnitTest.Adapter, Version=10.0.0.0, Culture=neutral, PublicKeyToken=b03f5f7f11d50a3a" className="TestCompilerToTiger.UnitTest1, TestCompilerToTiger, Version=1.0.0.0, Culture=neutral, PublicKeyToken=null" name="test_test25" />
    </UnitTest>
    <UnitTest name="test_test24" storage="g:\compiler\testcompilertotiger\bin\debug\testcompilertotiger.dll" id="c8045a47-9964-f48c-6e03-79936fb7aaa2">
      <Execution id="1ca2b800-bd59-43fd-b024-bfdc8ceff86b" />
      <TestMethod codeBase="G:/Compiler/TestCompilerToTiger/bin/Debug/TestCompilerToTiger.DLL" adapterTypeName="Microsoft.VisualStudio.TestTools.TestTypes.Unit.UnitTestAdapter, Microsoft.VisualStudio.QualityTools.Tips.UnitTest.Adapter, Version=10.0.0.0, Culture=neutral, PublicKeyToken=b03f5f7f11d50a3a" className="TestCompilerToTiger.UnitTest1, TestCompilerToTiger, Version=1.0.0.0, Culture=neutral, PublicKeyToken=null" name="test_test24" />
    </UnitTest>
    <UnitTest name="test_test14" storage="g:\compiler\testcompilertotiger\bin\debug\testcompilertotiger.dll" id="8a758c2f-0cd5-1d39-decc-a9938a65ea5c">
      <Execution id="84989413-0a45-4775-b28b-c2cba228669f" />
      <TestMethod codeBase="G:/Compiler/TestCompilerToTiger/bin/Debug/TestCompilerToTiger.DLL" adapterTypeName="Microsoft.VisualStudio.TestTools.TestTypes.Unit.UnitTestAdapter, Microsoft.VisualStudio.QualityTools.Tips.UnitTest.Adapter, Version=10.0.0.0, Culture=neutral, PublicKeyToken=b03f5f7f11d50a3a" className="TestCompilerToTiger.UnitTest1, TestCompilerToTiger, Version=1.0.0.0, Culture=neutral, PublicKeyToken=null" name="test_test14" />
    </UnitTest>
    <UnitTest name="test_test21" storage="g:\compiler\testcompilertotiger\bin\debug\testcompilertotiger.dll" id="eec5b161-be3c-10b7-c8a8-069c5234b535">
      <Execution id="3cec8f78-87dc-4117-bb5d-50f93622ab4e" />
      <TestMethod codeBase="G:/Compiler/TestCompilerToTiger/bin/Debug/TestCompilerToTiger.DLL" adapterTypeName="Microsoft.VisualStudio.TestTools.TestTypes.Unit.UnitTestAdapter, Microsoft.VisualStudio.QualityTools.Tips.UnitTest.Adapter, Version=10.0.0.0, Culture=neutral, PublicKeyToken=b03f5f7f11d50a3a" className="TestCompilerToTiger.UnitTest1, TestCompilerToTiger, Version=1.0.0.0, Culture=neutral, PublicKeyToken=null" name="test_test21" />
    </UnitTest>
    <UnitTest name="test_test47" storage="g:\compiler\testcompilertotiger\bin\debug\testcompilertotiger.dll" id="6abeaf16-1933-aee6-2e8b-ea4a38605847">
      <Execution id="d1e62448-c656-4beb-b08a-df392367a5ea" />
      <TestMethod codeBase="G:/Compiler/TestCompilerToTiger/bin/Debug/TestCompilerToTiger.DLL" adapterTypeName="Microsoft.VisualStudio.TestTools.TestTypes.Unit.UnitTestAdapter, Microsoft.VisualStudio.QualityTools.Tips.UnitTest.Adapter, Version=10.0.0.0, Culture=neutral, PublicKeyToken=b03f5f7f11d50a3a" className="TestCompilerToTiger.UnitTest1, TestCompilerToTiger, Version=1.0.0.0, Culture=neutral, PublicKeyToken=null" name="test_test47" />
    </UnitTest>
    <UnitTest name="test_test7" storage="g:\compiler\testcompilertotiger\bin\debug\testcompilertotiger.dll" id="d06f6746-ead1-f925-4604-460409e84f79">
      <Execution id="5c69292c-7484-4fbd-829f-516b9aac52cd" />
      <TestMethod codeBase="G:/Compiler/TestCompilerToTiger/bin/Debug/TestCompilerToTiger.DLL" adapterTypeName="Microsoft.VisualStudio.TestTools.TestTypes.Unit.UnitTestAdapter, Microsoft.VisualStudio.QualityTools.Tips.UnitTest.Adapter, Version=10.0.0.0, Culture=neutral, PublicKeyToken=b03f5f7f11d50a3a" className="TestCompilerToTiger.UnitTest1, TestCompilerToTiger, Version=1.0.0.0, Culture=neutral, PublicKeyToken=null" name="test_test7" />
    </UnitTest>
    <UnitTest name="test_test49" storage="g:\compiler\testcompilertotiger\bin\debug\testcompilertotiger.dll" id="c348fff9-c0f5-4dfb-10de-9bcc6c0e2e35">
      <Execution id="2e317021-496f-4e1f-9008-a38d7553d985" />
      <TestMethod codeBase="G:/Compiler/TestCompilerToTiger/bin/Debug/TestCompilerToTiger.DLL" adapterTypeName="Microsoft.VisualStudio.TestTools.TestTypes.Unit.UnitTestAdapter, Microsoft.VisualStudio.QualityTools.Tips.UnitTest.Adapter, Version=10.0.0.0, Culture=neutral, PublicKeyToken=b03f5f7f11d50a3a" className="TestCompilerToTiger.UnitTest1, TestCompilerToTiger, Version=1.0.0.0, Culture=neutral, PublicKeyToken=null" name="test_test49" />
    </UnitTest>
    <UnitTest name="test_str" storage="g:\compiler\testcompilertotiger\bin\debug\testcompilertotiger.dll" id="f671f60d-5960-0a4e-25da-4be80fa480eb">
      <Execution id="8ecd05b7-0819-4523-92dc-d779d6675424" />
      <TestMethod codeBase="G:/Compiler/TestCompilerToTiger/bin/Debug/TestCompilerToTiger.DLL" adapterTypeName="Microsoft.VisualStudio.TestTools.TestTypes.Unit.UnitTestAdapter, Microsoft.VisualStudio.QualityTools.Tips.UnitTest.Adapter, Version=10.0.0.0, Culture=neutral, PublicKeyToken=b03f5f7f11d50a3a" className="TestCompilerToTiger.UnitTest1, TestCompilerToTiger, Version=1.0.0.0, Culture=neutral, PublicKeyToken=null" name="test_str" />
    </UnitTest>
    <UnitTest name="test_test3" storage="g:\compiler\testcompilertotiger\bin\debug\testcompilertotiger.dll" id="6935728c-f33b-b582-5cef-9b30d14c6ed4">
      <Execution id="de777aa2-5157-412e-886d-9b3323f4419a" />
      <TestMethod codeBase="G:/Compiler/TestCompilerToTiger/bin/Debug/TestCompilerToTiger.DLL" adapterTypeName="Microsoft.VisualStudio.TestTools.TestTypes.Unit.UnitTestAdapter, Microsoft.VisualStudio.QualityTools.Tips.UnitTest.Adapter, Version=10.0.0.0, Culture=neutral, PublicKeyToken=b03f5f7f11d50a3a" className="TestCompilerToTiger.UnitTest1, TestCompilerToTiger, Version=1.0.0.0, Culture=neutral, PublicKeyToken=null" name="test_test3" />
    </UnitTest>
  </TestDefinitions>
  <TestLists>
    <TestList name="Results Not in a List" id="8c84fa94-04c1-424b-9868-57a2d4851a1d" />
    <TestList name="All Loaded Results" id="19431567-8539-422a-85d7-44ee4e166bda" />
  </TestLists>
  <TestEntries>
    <TestEntry testId="019531f9-6c6d-6148-ff2d-d7912780c031" executionId="5b420435-5f11-41c8-9c42-4cc4102b01fb" testListId="8c84fa94-04c1-424b-9868-57a2d4851a1d" />
    <TestEntry testId="041998ab-07f9-73fa-8039-7d960c796110" executionId="849cf566-d011-4305-b0a9-77e646e225c6" testListId="8c84fa94-04c1-424b-9868-57a2d4851a1d" />
    <TestEntry testId="044ddcd4-6330-7a22-e9f8-f33b453f18d7" executionId="ecf20b55-98f2-482d-9823-45129d4efaf3" testListId="8c84fa94-04c1-424b-9868-57a2d4851a1d" />
    <TestEntry testId="0ff029d3-12bf-eeea-36b5-2f404d00e87a" executionId="8ba60d48-7526-47d2-9f13-59d85850688a" testListId="8c84fa94-04c1-424b-9868-57a2d4851a1d" />
    <TestEntry testId="1592ab8f-1085-3308-e351-9274eada4786" executionId="86a597ae-0f90-4984-adea-8d662f331eec" testListId="8c84fa94-04c1-424b-9868-57a2d4851a1d" />
    <TestEntry testId="23273fad-a655-fb19-0591-a880a70c5eeb" executionId="ca3b37a8-e557-4476-b825-33d01043a914" testListId="8c84fa94-04c1-424b-9868-57a2d4851a1d" />
    <TestEntry testId="29c89c54-d7fb-f98d-1f2a-27aade8fb1a1" executionId="13751d82-e691-4942-a10d-fdf421a4af05" testListId="8c84fa94-04c1-424b-9868-57a2d4851a1d" />
    <TestEntry testId="2a289f39-5a92-deb7-3bfb-b0c29bd31f53" executionId="aa5358ee-478f-4abd-a421-c4ab6f1e299f" testListId="8c84fa94-04c1-424b-9868-57a2d4851a1d" />
    <TestEntry testId="30a9dc30-d90c-bbee-e587-6b840a964a32" executionId="7bd3ee8a-29f1-4a20-8fda-b93eb392eccc" testListId="8c84fa94-04c1-424b-9868-57a2d4851a1d" />
    <TestEntry testId="33df6015-371d-7c50-5ef5-d8861ee19e12" executionId="3427fa94-cfd8-4734-b9bc-82dd389cf797" testListId="8c84fa94-04c1-424b-9868-57a2d4851a1d" />
    <TestEntry testId="36324f40-b2ea-1a81-62d1-737b148bbfa1" executionId="e1d30ee5-c686-4ffa-aafc-0aa05fded02b" testListId="8c84fa94-04c1-424b-9868-57a2d4851a1d" />
    <TestEntry testId="39e514c1-78c7-15fd-4b22-50c302b2163e" executionId="ac868762-af69-4c9d-b721-26fe188f9edc" testListId="8c84fa94-04c1-424b-9868-57a2d4851a1d" />
    <TestEntry testId="3c5d2c78-6807-923e-0707-565f55826a52" executionId="3b9fe376-706a-4c11-93cf-74bc407eb206" testListId="8c84fa94-04c1-424b-9868-57a2d4851a1d" />
    <TestEntry testId="3c85eb83-557f-5abd-129b-c696176453d1" executionId="728c7a32-843f-48b4-b3e8-6cb58958ad5c" testListId="8c84fa94-04c1-424b-9868-57a2d4851a1d" />
    <TestEntry testId="3eaf5a1b-09ff-aa0a-8696-77810f03640d" executionId="00ee6cf5-fa0d-43bf-9fe7-21b714a038b4" testListId="8c84fa94-04c1-424b-9868-57a2d4851a1d" />
    <TestEntry testId="46280aa5-4d15-904e-00e7-b0ec18a6f672" executionId="1a1ac77c-fc58-4406-82ed-4773f68c3d00" testListId="8c84fa94-04c1-424b-9868-57a2d4851a1d" />
    <TestEntry testId="487ad327-ee86-41b7-ddc2-994627f0d66e" executionId="bcfb83d6-efca-4132-9b95-3c4f61cc77f3" testListId="8c84fa94-04c1-424b-9868-57a2d4851a1d" />
    <TestEntry testId="4a01e103-991f-0e62-ab1c-3ca959d73353" executionId="540c3091-d182-45d4-a560-a21a0517ee43" testListId="8c84fa94-04c1-424b-9868-57a2d4851a1d" />
    <TestEntry testId="4f4b9668-5fc2-c922-c2a4-15a71f9d7a1b" executionId="50955f1b-5a29-4fe8-94d3-82a91c029369" testListId="8c84fa94-04c1-424b-9868-57a2d4851a1d" />
    <TestEntry testId="4f876700-47e2-ddf4-4e1d-31ab9f1d665d" executionId="e2dd64df-6d1a-4987-ae33-0e9b2a58d36a" testListId="8c84fa94-04c1-424b-9868-57a2d4851a1d" />
    <TestEntry testId="510d376c-bc82-1db9-4c26-7765bd4900fd" executionId="02b1fffe-39f0-42ca-b488-cb77352b5f88" testListId="8c84fa94-04c1-424b-9868-57a2d4851a1d" />
    <TestEntry testId="5607c4ab-1b6e-27ef-88db-5c98aa28e993" executionId="3c5c3d70-92c0-4f40-a24f-aec89d7b2cdd" testListId="8c84fa94-04c1-424b-9868-57a2d4851a1d" />
    <TestEntry testId="570f88f9-f5f9-b4a9-ed6f-3034933d7208" executionId="006b145d-5ac1-4a31-9b19-cef11392f99d" testListId="8c84fa94-04c1-424b-9868-57a2d4851a1d" />
    <TestEntry testId="59f585d1-a0bb-33e9-4abb-19d69a17417d" executionId="59c09b18-1398-4243-a9e7-dc67c7a985a4" testListId="8c84fa94-04c1-424b-9868-57a2d4851a1d" />
    <TestEntry testId="6491bb9a-c473-c29d-0621-addaa45ea010" executionId="cedfe817-3ee2-43bc-a753-c3284576eabf" testListId="8c84fa94-04c1-424b-9868-57a2d4851a1d" />
    <TestEntry testId="653eb7ac-1e40-67fb-ee64-62985c81131e" executionId="cf8ac9d0-cd9d-4cb7-afa8-368b3e58c4b6" testListId="8c84fa94-04c1-424b-9868-57a2d4851a1d" />
    <TestEntry testId="67c163c5-c8d3-5101-e815-2db32a75cf56" executionId="a3116853-f29f-42df-a14d-3bbb1dca3883" testListId="8c84fa94-04c1-424b-9868-57a2d4851a1d" />
    <TestEntry testId="6935728c-f33b-b582-5cef-9b30d14c6ed4" executionId="de777aa2-5157-412e-886d-9b3323f4419a" testListId="8c84fa94-04c1-424b-9868-57a2d4851a1d" />
    <TestEntry testId="6abeaf16-1933-aee6-2e8b-ea4a38605847" executionId="d1e62448-c656-4beb-b08a-df392367a5ea" testListId="8c84fa94-04c1-424b-9868-57a2d4851a1d" />
    <TestEntry testId="6cf12022-2ae0-7084-a31c-7e8297ba831d" executionId="62d963cb-6a69-4b3a-8e28-b8f60c342d13" testListId="8c84fa94-04c1-424b-9868-57a2d4851a1d" />
    <TestEntry testId="6cf631e1-db7e-962a-558e-bc54f36bb57a" executionId="671a318c-15b9-4656-a59a-0ac147bd78b0" testListId="8c84fa94-04c1-424b-9868-57a2d4851a1d" />
    <TestEntry testId="6d72d84f-797d-15c2-7042-642838b6df03" executionId="31efd24d-afc4-4268-a15a-e98e792da521" testListId="8c84fa94-04c1-424b-9868-57a2d4851a1d" />
    <TestEntry testId="72aa1a9e-7bdb-88d7-27ff-e8b4fa9b856a" executionId="bd56d1ef-c265-4694-b27e-fe209967c0ac" testListId="8c84fa94-04c1-424b-9868-57a2d4851a1d" />
    <TestEntry testId="7778cbf3-4c15-9b31-c5ab-9ec850cf89a5" executionId="00c03604-fe28-4cdb-898e-ec015ad90f02" testListId="8c84fa94-04c1-424b-9868-57a2d4851a1d" />
    <TestEntry testId="787fedd9-a949-1ea5-7ca7-01f74f289b04" executionId="5023cfa6-6d9b-46f0-a2e3-cc3b6da93947" testListId="8c84fa94-04c1-424b-9868-57a2d4851a1d" />
    <TestEntry testId="7c7d2692-7ab1-c90f-37ca-eafa8321abdc" executionId="09540576-3cd2-477b-b5e5-2ab26f98b7e8" testListId="8c84fa94-04c1-424b-9868-57a2d4851a1d" />
    <TestEntry testId="83e78d72-b212-dd46-9548-fec8071552c7" executionId="899a96c9-4f87-49ad-bbe5-72e60ec9e5d0" testListId="8c84fa94-04c1-424b-9868-57a2d4851a1d" />
    <TestEntry testId="8a758c2f-0cd5-1d39-decc-a9938a65ea5c" executionId="84989413-0a45-4775-b28b-c2cba228669f" testListId="8c84fa94-04c1-424b-9868-57a2d4851a1d" />
    <TestEntry testId="8c0af343-7fa9-77f2-656f-4d5deee86c5d" executionId="f25f2193-ef07-421b-8702-c9ae056eace7" testListId="8c84fa94-04c1-424b-9868-57a2d4851a1d" />
    <TestEntry testId="909f0493-3a2b-3db1-9239-46de00bd2132" executionId="bb777748-d6a7-41df-b973-89eb0874103d" testListId="8c84fa94-04c1-424b-9868-57a2d4851a1d" />
    <TestEntry testId="914b2a0c-dbfa-15bf-c67e-da89c4c3ca96" executionId="6cd2e3cb-dc01-4ba3-a061-c89c7c907929" testListId="8c84fa94-04c1-424b-9868-57a2d4851a1d" />
    <TestEntry testId="97171acb-cce5-bb87-edb1-a40947c57107" executionId="a496ab18-ec85-4521-9637-dbf99a9fc94b" testListId="8c84fa94-04c1-424b-9868-57a2d4851a1d" />
    <TestEntry testId="9936c7db-6cf6-2051-5d72-b9fe5c8e1ada" executionId="fcc596ad-348c-4e77-b18a-26bb6d707c1f" testListId="8c84fa94-04c1-424b-9868-57a2d4851a1d" />
    <TestEntry testId="99ccbccc-8faa-d870-7334-5e51e17814a3" executionId="a2eb8bd8-b1b3-4cfa-8dc2-39836450fa3a" testListId="8c84fa94-04c1-424b-9868-57a2d4851a1d" />
    <TestEntry testId="a077de67-c679-41e7-f6a0-f3e9004988c8" executionId="afc2e329-aa4f-4114-ba0b-068b4b4a1891" testListId="8c84fa94-04c1-424b-9868-57a2d4851a1d" />
    <TestEntry testId="a2d926c3-2110-bd3c-06f7-e7b666840b6e" executionId="5a4cb9ff-2086-4c38-9dbc-e12ff610dac3" testListId="8c84fa94-04c1-424b-9868-57a2d4851a1d" />
    <TestEntry testId="a384bb22-ddee-6569-96ae-a4c57e6d3916" executionId="c58b0b9b-0cb3-47ed-a97d-3b1cd748118a" testListId="8c84fa94-04c1-424b-9868-57a2d4851a1d" />
    <TestEntry testId="a44cd249-8572-57ab-7e94-76db5bad3054" executionId="4bd07d78-405e-4830-bb86-76daad1e757e" testListId="8c84fa94-04c1-424b-9868-57a2d4851a1d" />
    <TestEntry testId="a472785a-6aac-8d41-8d14-3df81fa7d043" executionId="9e228c52-47de-47ef-a9ac-5f6c9b32ffce" testListId="8c84fa94-04c1-424b-9868-57a2d4851a1d" />
    <TestEntry testId="a59733da-8885-c1da-b119-165c79329a1b" executionId="e750b8db-bd2f-40cb-a1c3-51b94b6b0119" testListId="8c84fa94-04c1-424b-9868-57a2d4851a1d" />
    <TestEntry testId="a7316259-a78f-4c76-fc44-43a2d7ccb76e" executionId="ed79736b-48db-43d8-9897-3c7985b26d90" testListId="8c84fa94-04c1-424b-9868-57a2d4851a1d" />
    <TestEntry testId="b072c1fb-dc11-85af-9856-d7106bde114d" executionId="1ecaf544-28ed-4f5e-97f3-e0a53b7f56b9" testListId="8c84fa94-04c1-424b-9868-57a2d4851a1d" />
    <TestEntry testId="b4c7ef8d-acd4-bb81-a04e-3b27f1d00de4" executionId="1d4c21f2-65cf-4a2d-a75e-3c7c4dfa3a6b" testListId="8c84fa94-04c1-424b-9868-57a2d4851a1d" />
    <TestEntry testId="b59a94a6-b3eb-5bc0-dedb-53c312b3dd38" executionId="c95d256b-f244-470f-a411-f07506a8cdd0" testListId="8c84fa94-04c1-424b-9868-57a2d4851a1d" />
    <TestEntry testId="b62d9364-7778-3e50-d7a6-6bf0ce856a2f" executionId="2070fe5b-e99d-42d2-83f6-0f56278dac62" testListId="8c84fa94-04c1-424b-9868-57a2d4851a1d" />
    <TestEntry testId="baf2563e-3009-d447-b0e7-170ab8463071" executionId="3ca800a5-4fac-4434-bd41-1a37c813330e" testListId="8c84fa94-04c1-424b-9868-57a2d4851a1d" />
    <TestEntry testId="bc0e1316-dbe6-b028-ade7-bfc7507988f6" executionId="91a56363-2401-4c37-959c-38e386438af4" testListId="8c84fa94-04c1-424b-9868-57a2d4851a1d" />
    <TestEntry testId="bedda814-012f-44ec-c334-f993d0f501c2" executionId="985d20a7-0689-47ec-8737-79717f336e02" testListId="8c84fa94-04c1-424b-9868-57a2d4851a1d" />
    <TestEntry testId="c20e51b4-12b3-e19f-44f0-68b615cb9d34" executionId="f5128ffb-3ba2-4d68-870e-a62dcacca8ef" testListId="8c84fa94-04c1-424b-9868-57a2d4851a1d" />
    <TestEntry testId="c348fff9-c0f5-4dfb-10de-9bcc6c0e2e35" executionId="2e317021-496f-4e1f-9008-a38d7553d985" testListId="8c84fa94-04c1-424b-9868-57a2d4851a1d" />
    <TestEntry testId="c3679b4e-0952-8b62-ff50-a38002b5bb13" executionId="c6915aaa-79f1-4977-81b6-ca239080ec0f" testListId="8c84fa94-04c1-424b-9868-57a2d4851a1d" />
    <TestEntry testId="c4fa99d9-cca8-ac70-06bb-cefbec6e204e" executionId="dbf65139-f8f9-476c-aeba-132f2bd9a4af" testListId="8c84fa94-04c1-424b-9868-57a2d4851a1d" />
    <TestEntry testId="c4fb2239-0b02-8afd-06d9-ec6f804a8a52" executionId="3e2f1e8d-3444-458d-8333-4537dea99725" testListId="8c84fa94-04c1-424b-9868-57a2d4851a1d" />
    <TestEntry testId="c61736dc-d6c8-f953-d484-0d9a5b344127" executionId="2e96a3ed-8bd5-45db-a035-cddc30e3433b" testListId="8c84fa94-04c1-424b-9868-57a2d4851a1d" />
    <TestEntry testId="c8045a47-9964-f48c-6e03-79936fb7aaa2" executionId="1ca2b800-bd59-43fd-b024-bfdc8ceff86b" testListId="8c84fa94-04c1-424b-9868-57a2d4851a1d" />
    <TestEntry testId="cab8b132-edf3-b22a-dafd-52e3f1e74a4c" executionId="88a0e535-2ecf-43d3-8f62-5f7cb90af8a0" testListId="8c84fa94-04c1-424b-9868-57a2d4851a1d" />
    <TestEntry testId="cda3dbd2-47ba-daee-07dc-a896644e4d82" executionId="0dfd438c-0e48-4fc5-9f3c-471947884a3e" testListId="8c84fa94-04c1-424b-9868-57a2d4851a1d" />
    <TestEntry testId="ce2a8c2f-bbc2-eed5-1248-002e2907786b" executionId="9d93d1eb-1fff-4daf-952d-d372b6ab9c7a" testListId="8c84fa94-04c1-424b-9868-57a2d4851a1d" />
    <TestEntry testId="d050111e-1afa-c332-bab6-dc16fcf18a86" executionId="378000ff-033e-4f7f-9793-632ec08e1079" testListId="8c84fa94-04c1-424b-9868-57a2d4851a1d" />
    <TestEntry testId="d06f6746-ead1-f925-4604-460409e84f79" executionId="5c69292c-7484-4fbd-829f-516b9aac52cd" testListId="8c84fa94-04c1-424b-9868-57a2d4851a1d" />
    <TestEntry testId="d6875146-3a82-65ba-0dc8-a42d822217f6" executionId="338bca35-30cc-445d-b1bf-1db1470b6b39" testListId="8c84fa94-04c1-424b-9868-57a2d4851a1d" />
    <TestEntry testId="d690abc7-a328-cd83-8fdc-b127cf098887" executionId="794b29d4-1845-4b40-9f84-48f3c3d8761b" testListId="8c84fa94-04c1-424b-9868-57a2d4851a1d" />
    <TestEntry testId="d93fbe60-89ed-bf54-6dfb-bec94ee26025" executionId="e49cac6a-be97-44d6-9a3a-04f3c12bd93d" testListId="8c84fa94-04c1-424b-9868-57a2d4851a1d" />
    <TestEntry testId="da3e1bea-fd68-3dc0-d517-eb40039703ee" executionId="b1bddb26-2883-4416-8b55-659a5aa112e1" testListId="8c84fa94-04c1-424b-9868-57a2d4851a1d" />
    <TestEntry testId="dc1b746a-01eb-32a1-dd9f-13724fc026ff" executionId="7f6035b2-a777-4928-a4e8-200bc7c638d4" testListId="8c84fa94-04c1-424b-9868-57a2d4851a1d" />
    <TestEntry testId="e202bc60-0634-baa5-9fb7-e483d26688e3" executionId="c88e0878-2145-4eef-9ad2-3099e987ad1a" testListId="8c84fa94-04c1-424b-9868-57a2d4851a1d" />
    <TestEntry testId="e23ffe73-c0b4-23de-3266-456dece737db" executionId="0bc33c90-c2f0-49fc-b8a4-81f86d9b316f" testListId="8c84fa94-04c1-424b-9868-57a2d4851a1d" />
    <TestEntry testId="e5ba5b84-693c-c274-9024-67714abfd289" executionId="59751cd7-612b-4c08-9587-e260fa9ef454" testListId="8c84fa94-04c1-424b-9868-57a2d4851a1d" />
    <TestEntry testId="e6694f75-d598-6ffe-9c8e-bbfaecee7755" executionId="fc90c0d8-cac8-4de7-a351-f931c41afe07" testListId="8c84fa94-04c1-424b-9868-57a2d4851a1d" />
    <TestEntry testId="e8d2f115-d73c-2867-cfd5-f324a2ef1c4b" executionId="f6cf3c9b-34af-402a-ad63-eac2bd5f4cc7" testListId="8c84fa94-04c1-424b-9868-57a2d4851a1d" />
    <TestEntry testId="ecf43549-1da5-5f9d-4f70-8ce66cfb75f9" executionId="c1de59a9-999e-426f-8893-74047125f41e" testListId="8c84fa94-04c1-424b-9868-57a2d4851a1d" />
    <TestEntry testId="eec5b161-be3c-10b7-c8a8-069c5234b535" executionId="3cec8f78-87dc-4117-bb5d-50f93622ab4e" testListId="8c84fa94-04c1-424b-9868-57a2d4851a1d" />
    <TestEntry testId="f16497eb-6a01-ee64-493f-fa445e31a0a3" executionId="66c89def-c69d-4571-a665-5e7c00240ea7" testListId="8c84fa94-04c1-424b-9868-57a2d4851a1d" />
    <TestEntry testId="f178d479-04b2-1f51-5b83-340d9c464883" executionId="e5fc3d4f-3670-4502-92fe-4f1fa2094482" testListId="8c84fa94-04c1-424b-9868-57a2d4851a1d" />
    <TestEntry testId="f1ff68f4-2ce6-1ac3-921c-079b2b95706c" executionId="d3a53e3a-91e7-4f31-b1a6-9f335c53a8cb" testListId="8c84fa94-04c1-424b-9868-57a2d4851a1d" />
    <TestEntry testId="f4efcf97-2817-134e-d4cd-02e0e8ed7f47" executionId="952ec0dc-c59c-4bc6-9e7e-d98aad4ed300" testListId="8c84fa94-04c1-424b-9868-57a2d4851a1d" />
    <TestEntry testId="f671f60d-5960-0a4e-25da-4be80fa480eb" executionId="8ecd05b7-0819-4523-92dc-d779d6675424" testListId="8c84fa94-04c1-424b-9868-57a2d4851a1d" />
    <TestEntry testId="f72187fc-b3e0-b7a6-6724-df81d1bfb604" executionId="e0b87399-0d96-48af-88ff-1d5675a5a6d4" testListId="8c84fa94-04c1-424b-9868-57a2d4851a1d" />
    <TestEntry testId="f7361c7c-3b0f-6086-f159-11b4844d843d" executionId="e080fc5e-a08c-47ed-85f6-d254f3bb2482" testListId="8c84fa94-04c1-424b-9868-57a2d4851a1d" />
    <TestEntry testId="f8f7e3fc-a32f-4b7e-3884-a77c284c6334" executionId="2bb77f0e-654e-48e7-a7fa-b50f04a982d3" testListId="8c84fa94-04c1-424b-9868-57a2d4851a1d" />
    <TestEntry testId="f96446f0-229a-33bf-fd57-40890b9bd378" executionId="5e32b1ac-084d-426b-9ffb-ae374f7b7028" testListId="8c84fa94-04c1-424b-9868-57a2d4851a1d" />
    <TestEntry testId="fb90f7ed-7430-80a6-0f96-1278e7153aad" executionId="7c9f17cd-0962-4c25-8bc0-ff94c074b02c" testListId="8c84fa94-04c1-424b-9868-57a2d4851a1d" />
    <TestEntry testId="ff4c30d4-0e18-8aac-65dc-3010d8dc6819" executionId="09b5761e-52ec-4866-9094-9edb60174e48" testListId="8c84fa94-04c1-424b-9868-57a2d4851a1d" />
  </TestEntries>
  <Results>
    <UnitTestResult executionId="5b420435-5f11-41c8-9c42-4cc4102b01fb" testId="019531f9-6c6d-6148-ff2d-d7912780c031" testName="test_merge" computerName="SIMP-PC" duration="00:00:00.0135307" startTime="2009-02-04T20:39:54.3996208-08:00" endTime="2009-02-04T20:39:56.8020250-08:00" testType="13cdc9d9-ddb5-4fa4-a97d-d965ccfc6d4b" outcome="Passed" testListId="8c84fa94-04c1-424b-9868-57a2d4851a1d" relativeResultsDirectory="5b420435-5f11-41c8-9c42-4cc4102b01fb">
    </UnitTestResult>
    <UnitTestResult executionId="849cf566-d011-4305-b0a9-77e646e225c6" testId="041998ab-07f9-73fa-8039-7d960c796110" testName="test_recursive_array_alias" computerName="SIMP-PC" duration="00:00:00.0002843" startTime="2009-02-04T20:39:56.8488251-08:00" endTime="2009-02-04T20:39:56.8644251-08:00" testType="13cdc9d9-ddb5-4fa4-a97d-d965ccfc6d4b" outcome="Passed" testListId="8c84fa94-04c1-424b-9868-57a2d4851a1d" relativeResultsDirectory="849cf566-d011-4305-b0a9-77e646e225c6">
    </UnitTestResult>
    <UnitTestResult executionId="ecf20b55-98f2-482d-9823-45129d4efaf3" testId="044ddcd4-6330-7a22-e9f8-f33b453f18d7" testName="test_test26" computerName="SIMP-PC" duration="00:00:00.1578263" startTime="2009-02-04T20:39:56.8956252-08:00" endTime="2009-02-04T20:39:57.0672255-08:00" testType="13cdc9d9-ddb5-4fa4-a97d-d965ccfc6d4b" outcome="Passed" testListId="8c84fa94-04c1-424b-9868-57a2d4851a1d" relativeResultsDirectory="ecf20b55-98f2-482d-9823-45129d4efaf3">
    </UnitTestResult>
    <UnitTestResult executionId="8ba60d48-7526-47d2-9f13-59d85850688a" testId="0ff029d3-12bf-eeea-36b5-2f404d00e87a" testName="test_test50" computerName="SIMP-PC" duration="00:00:07.7073433" startTime="2009-02-04T20:39:57.1140256-08:00" endTime="2009-02-04T20:40:04.8404489-08:00" testType="13cdc9d9-ddb5-4fa4-a97d-d965ccfc6d4b" outcome="Passed" testListId="8c84fa94-04c1-424b-9868-57a2d4851a1d" relativeResultsDirectory="8ba60d48-7526-47d2-9f13-59d85850688a">
    </UnitTestResult>
    <UnitTestResult executionId="86a597ae-0f90-4984-adea-8d662f331eec" testId="1592ab8f-1085-3308-e351-9274eada4786" testName="test_record_literal_more_params" computerName="SIMP-PC" duration="00:00:00.0086778" startTime="2009-02-04T20:40:04.9340491-08:00" endTime="2009-02-04T20:40:05.0402534-08:00" testType="13cdc9d9-ddb5-4fa4-a97d-d965ccfc6d4b" outcome="Passed" testListId="8c84fa94-04c1-424b-9868-57a2d4851a1d" relativeResultsDirectory="86a597ae-0f90-4984-adea-8d662f331eec">
    </UnitTestResult>
    <UnitTestResult executionId="ca3b37a8-e557-4476-b825-33d01043a914" testId="23273fad-a655-fb19-0591-a880a70c5eeb" testName="test_mod7_3" computerName="SIMP-PC" duration="00:00:00.0203926" startTime="2009-02-04T20:40:05.0698542-08:00" endTime="2009-02-04T20:40:05.1166543-08:00" testType="13cdc9d9-ddb5-4fa4-a97d-d965ccfc6d4b" outcome="Passed" testListId="8c84fa94-04c1-424b-9868-57a2d4851a1d" relativeResultsDirectory="ca3b37a8-e557-4476-b825-33d01043a914">
    </UnitTestResult>
    <UnitTestResult executionId="13751d82-e691-4942-a10d-fdf421a4af05" testId="29c89c54-d7fb-f98d-1f2a-27aade8fb1a1" testName="test_break_out_of_while" computerName="SIMP-PC" duration="00:00:00.0083026" startTime="2009-02-04T20:40:05.1634544-08:00" endTime="2009-02-04T20:40:05.1790544-08:00" testType="13cdc9d9-ddb5-4fa4-a97d-d965ccfc6d4b" outcome="Passed" testListId="8c84fa94-04c1-424b-9868-57a2d4851a1d" relativeResultsDirectory="13751d82-e691-4942-a10d-fdf421a4af05">
    </UnitTestResult>
    <UnitTestResult executionId="aa5358ee-478f-4abd-a421-c4ab6f1e299f" testId="2a289f39-5a92-deb7-3bfb-b0c29bd31f53" testName="test_test5" computerName="SIMP-PC" duration="00:00:00.4662408" startTime="2009-02-04T20:40:05.2258545-08:00" endTime="2009-02-04T20:40:05.7094554-08:00" testType="13cdc9d9-ddb5-4fa4-a97d-d965ccfc6d4b" outcome="Passed" testListId="8c84fa94-04c1-424b-9868-57a2d4851a1d" relativeResultsDirectory="aa5358ee-478f-4abd-a421-c4ab6f1e299f">
    </UnitTestResult>
    <UnitTestResult executionId="7bd3ee8a-29f1-4a20-8fda-b93eb392eccc" testId="30a9dc30-d90c-bbee-e587-6b840a964a32" testName="test_undefined_type_for_array_declaration" computerName="SIMP-PC" duration="00:00:00.0050808" startTime="2009-02-04T20:40:05.8030555-08:00" endTime="2009-02-04T20:40:05.8342556-08:00" testType="13cdc9d9-ddb5-4fa4-a97d-d965ccfc6d4b" outcome="Passed" testListId="8c84fa94-04c1-424b-9868-57a2d4851a1d" relativeResultsDirectory="7bd3ee8a-29f1-4a20-8fda-b93eb392eccc">
    </UnitTestResult>
    <UnitTestResult executionId="3427fa94-cfd8-4734-b9bc-82dd389cf797" testId="33df6015-371d-7c50-5ef5-d8861ee19e12" testName="test_test34" computerName="SIMP-PC" duration="00:00:00.0209936" startTime="2009-02-04T20:40:05.8810557-08:00" endTime="2009-02-04T20:40:05.9122557-08:00" testType="13cdc9d9-ddb5-4fa4-a97d-d965ccfc6d4b" outcome="Passed" testListId="8c84fa94-04c1-424b-9868-57a2d4851a1d" relativeResultsDirectory="3427fa94-cfd8-4734-b9bc-82dd389cf797">
    </UnitTestResult>
    <UnitTestResult executionId="e1d30ee5-c686-4ffa-aafc-0aa05fded02b" testId="36324f40-b2ea-1a81-62d1-737b148bbfa1" testName="test_test28" computerName="SIMP-PC" duration="00:00:00.0060765" startTime="2009-02-04T20:40:05.9590558-08:00" endTime="2009-02-04T20:40:05.9902558-08:00" testType="13cdc9d9-ddb5-4fa4-a97d-d965ccfc6d4b" outcome="Passed" testListId="8c84fa94-04c1-424b-9868-57a2d4851a1d" relativeResultsDirectory="e1d30ee5-c686-4ffa-aafc-0aa05fded02b">
    </UnitTestResult>
    <UnitTestResult executionId="ac868762-af69-4c9d-b721-26fe188f9edc" testId="39e514c1-78c7-15fd-4b22-50c302b2163e" testName="test_break_in_a_function" computerName="SIMP-PC" duration="00:00:00.0092829" startTime="2009-02-04T20:40:06.0370559-08:00" endTime="2009-02-04T20:40:06.0682560-08:00" testType="13cdc9d9-ddb5-4fa4-a97d-d965ccfc6d4b" outcome="Passed" testListId="8c84fa94-04c1-424b-9868-57a2d4851a1d" relativeResultsDirectory="ac868762-af69-4c9d-b721-26fe188f9edc">
    </UnitTestResult>
    <UnitTestResult executionId="3b9fe376-706a-4c11-93cf-74bc407eb206" testId="3c5d2c78-6807-923e-0707-565f55826a52" testName="test_test38" computerName="SIMP-PC" duration="00:00:00.0082323" startTime="2009-02-04T20:40:06.1150561-08:00" endTime="2009-02-04T20:40:06.1618561-08:00" testType="13cdc9d9-ddb5-4fa4-a97d-d965ccfc6d4b" outcome="Passed" testListId="8c84fa94-04c1-424b-9868-57a2d4851a1d" relativeResultsDirectory="3b9fe376-706a-4c11-93cf-74bc407eb206">
    </UnitTestResult>
    <UnitTestResult executionId="728c7a32-843f-48b4-b3e8-6cb58958ad5c" testId="3c85eb83-557f-5abd-129b-c696176453d1" testName="test_procedure_same_parameters_name" computerName="SIMP-PC" duration="00:00:00.0054216" startTime="2009-02-04T20:40:06.2086562-08:00" endTime="2009-02-04T20:40:06.2398563-08:00" testType="13cdc9d9-ddb5-4fa4-a97d-d965ccfc6d4b" outcome="Passed" testListId="8c84fa94-04c1-424b-9868-57a2d4851a1d" relativeResultsDirectory="728c7a32-843f-48b4-b3e8-6cb58958ad5c">
    </UnitTestResult>
    <UnitTestResult executionId="00ee6cf5-fa0d-43bf-9fe7-21b714a038b4" testId="3eaf5a1b-09ff-aa0a-8696-77810f03640d" testName="test_mod2" computerName="SIMP-PC" duration="00:00:00.0053200" startTime="2009-02-04T20:40:06.3022564-08:00" endTime="2009-02-04T20:40:06.3334564-08:00" testType="13cdc9d9-ddb5-4fa4-a97d-d965ccfc6d4b" outcome="Passed" testListId="8c84fa94-04c1-424b-9868-57a2d4851a1d" relativeResultsDirectory="00ee6cf5-fa0d-43bf-9fe7-21b714a038b4">
    </UnitTestResult>
    <UnitTestResult executionId="1a1ac77c-fc58-4406-82ed-4773f68c3d00" testId="46280aa5-4d15-904e-00e7-b0ec18a6f672" testName="test_test1" computerName="SIMP-PC" duration="00:00:00.3331581" startTime="2009-02-04T20:40:06.3802565-08:00" endTime="2009-02-04T20:40:06.7234571-08:00" testType="13cdc9d9-ddb5-4fa4-a97d-d965ccfc6d4b" outcome="Passed" testListId="8c84fa94-04c1-424b-9868-57a2d4851a1d" relativeResultsDirectory="1a1ac77c-fc58-4406-82ed-4773f68c3d00">
    </UnitTestResult>
    <UnitTestResult executionId="bcfb83d6-efca-4132-9b95-3c4f61cc77f3" testId="487ad327-ee86-41b7-ddc2-994627f0d66e" testName="test_access_complex" computerName="SIMP-PC" duration="00:00:03.3852384" startTime="2009-02-04T20:40:06.8014573-08:00" endTime="2009-02-04T20:40:10.2490633-08:00" testType="13cdc9d9-ddb5-4fa4-a97d-d965ccfc6d4b" outcome="Passed" testListId="8c84fa94-04c1-424b-9868-57a2d4851a1d" relativeResultsDirectory="bcfb83d6-efca-4132-9b95-3c4f61cc77f3">
    </UnitTestResult>
    <UnitTestResult executionId="540c3091-d182-45d4-a560-a21a0517ee43" testId="4a01e103-991f-0e62-ab1c-3ca959d73353" testName="test_mod6" computerName="SIMP-PC" duration="00:00:00.3020422" startTime="2009-02-04T20:40:10.4674637-08:00" endTime="2009-02-04T20:40:10.8106643-08:00" testType="13cdc9d9-ddb5-4fa4-a97d-d965ccfc6d4b" outcome="Passed" testListId="8c84fa94-04c1-424b-9868-57a2d4851a1d" relativeResultsDirectory="540c3091-d182-45d4-a560-a21a0517ee43">
    </UnitTestResult>
    <UnitTestResult executionId="50955f1b-5a29-4fe8-94d3-82a91c029369" testId="4f4b9668-5fc2-c922-c2a4-15a71f9d7a1b" testName="test_test12" computerName="SIMP-PC" duration="00:00:00.3449863" startTime="2009-02-04T20:40:10.8730644-08:00" endTime="2009-02-04T20:40:11.2630651-08:00" testType="13cdc9d9-ddb5-4fa4-a97d-d965ccfc6d4b" outcome="Passed" testListId="8c84fa94-04c1-424b-9868-57a2d4851a1d" relativeResultsDirectory="50955f1b-5a29-4fe8-94d3-82a91c029369">
      <Output>
        <StdOut>Index was out of range. Must be non-negative and less than the size of the collection.
Parameter name: index</StdOut>
      </Output>
    </UnitTestResult>
    <UnitTestResult executionId="e2dd64df-6d1a-4987-ae33-0e9b2a58d36a" testId="4f876700-47e2-ddf4-4e1d-31ab9f1d665d" testName="test_invalid_mutually_recursive_record_depth_4" computerName="SIMP-PC" duration="00:00:00.0064189" startTime="2009-02-04T20:40:11.3254652-08:00" endTime="2009-02-04T20:40:11.3566653-08:00" testType="13cdc9d9-ddb5-4fa4-a97d-d965ccfc6d4b" outcome="Passed" testListId="8c84fa94-04c1-424b-9868-57a2d4851a1d" relativeResultsDirectory="e2dd64df-6d1a-4987-ae33-0e9b2a58d36a">
    </UnitTestResult>
    <UnitTestResult executionId="02b1fffe-39f0-42ca-b488-cb77352b5f88" testId="510d376c-bc82-1db9-4c26-7765bd4900fd" testName="test_mod8" computerName="SIMP-PC" duration="00:00:00.3031483" startTime="2009-02-04T20:40:11.5906657-08:00" endTime="2009-02-04T20:40:11.9182663-08:00" testType="13cdc9d9-ddb5-4fa4-a97d-d965ccfc6d4b" outcome="Passed" testListId="8c84fa94-04c1-424b-9868-57a2d4851a1d" relativeResultsDirectory="02b1fffe-39f0-42ca-b488-cb77352b5f88">
    </UnitTestResult>
    <UnitTestResult executionId="3c5c3d70-92c0-4f40-a24f-aec89d7b2cdd" testId="5607c4ab-1b6e-27ef-88db-5c98aa28e993" testName="test_test6" computerName="SIMP-PC" duration="00:00:00.2457342" startTime="2009-02-04T20:40:12.2302668-08:00" endTime="2009-02-04T20:40:12.5578674-08:00" testType="13cdc9d9-ddb5-4fa4-a97d-d965ccfc6d4b" outcome="Passed" testListId="8c84fa94-04c1-424b-9868-57a2d4851a1d" relativeResultsDirectory="3c5c3d70-92c0-4f40-a24f-aec89d7b2cdd">
    </UnitTestResult>
    <UnitTestResult executionId="006b145d-5ac1-4a31-9b19-cef11392f99d" testId="570f88f9-f5f9-b4a9-ed6f-3034933d7208" testName="test_test23" computerName="SIMP-PC" duration="00:00:00.0044361" startTime="2009-02-04T20:40:12.6670676-08:00" endTime="2009-02-04T20:40:12.7138677-08:00" testType="13cdc9d9-ddb5-4fa4-a97d-d965ccfc6d4b" outcome="Passed" testListId="8c84fa94-04c1-424b-9868-57a2d4851a1d" relativeResultsDirectory="006b145d-5ac1-4a31-9b19-cef11392f99d">
    </UnitTestResult>
    <UnitTestResult executionId="59c09b18-1398-4243-a9e7-dc67c7a985a4" testId="59f585d1-a0bb-33e9-4abb-19d69a17417d" testName="test_test40" computerName="SIMP-PC" duration="00:00:00.0092901" startTime="2009-02-04T20:40:12.7606677-08:00" endTime="2009-02-04T20:40:12.8074678-08:00" testType="13cdc9d9-ddb5-4fa4-a97d-d965ccfc6d4b" outcome="Passed" testListId="8c84fa94-04c1-424b-9868-57a2d4851a1d" relativeResultsDirectory="59c09b18-1398-4243-a9e7-dc67c7a985a4">
    </UnitTestResult>
    <UnitTestResult executionId="cedfe817-3ee2-43bc-a753-c3284576eabf" testId="6491bb9a-c473-c29d-0621-addaa45ea010" testName="test_and_operator_invalid_type_operands" computerName="SIMP-PC" duration="00:00:00.0095929" startTime="2009-02-04T20:40:12.8854680-08:00" endTime="2009-02-04T20:40:12.9478681-08:00" testType="13cdc9d9-ddb5-4fa4-a97d-d965ccfc6d4b" outcome="Passed" testListId="8c84fa94-04c1-424b-9868-57a2d4851a1d" relativeResultsDirectory="cedfe817-3ee2-43bc-a753-c3284576eabf">
    </UnitTestResult>
    <UnitTestResult executionId="cf8ac9d0-cd9d-4cb7-afa8-368b3e58c4b6" testId="653eb7ac-1e40-67fb-ee64-62985c81131e" testName="test_record_literal_less_params" computerName="SIMP-PC" duration="00:00:00.0048308" startTime="2009-02-04T20:40:12.9946681-08:00" endTime="2009-02-04T20:40:13.0414682-08:00" testType="13cdc9d9-ddb5-4fa4-a97d-d965ccfc6d4b" outcome="Passed" testListId="8c84fa94-04c1-424b-9868-57a2d4851a1d" relativeResultsDirectory="cf8ac9d0-cd9d-4cb7-afa8-368b3e58c4b6">
    </UnitTestResult>
    <UnitTestResult executionId="a3116853-f29f-42df-a14d-3bbb1dca3883" testId="67c163c5-c8d3-5101-e815-2db32a75cf56" testName="test_if_then_else_without_return_value" computerName="SIMP-PC" duration="00:00:00.0094898" startTime="2009-02-04T20:40:13.1038683-08:00" endTime="2009-02-04T20:40:13.1818685-08:00" testType="13cdc9d9-ddb5-4fa4-a97d-d965ccfc6d4b" outcome="Passed" testListId="8c84fa94-04c1-424b-9868-57a2d4851a1d" relativeResultsDirectory="a3116853-f29f-42df-a14d-3bbb1dca3883">
    </UnitTestResult>
    <UnitTestResult executionId="de777aa2-5157-412e-886d-9b3323f4419a" testId="6935728c-f33b-b582-5cef-9b30d14c6ed4" testName="test_test3" computerName="SIMP-PC" duration="00:00:00.3935887" startTime="2009-02-04T20:40:13.2286686-08:00" endTime="2009-02-04T20:40:13.6342693-08:00" testType="13cdc9d9-ddb5-4fa4-a97d-d965ccfc6d4b" outcome="Passed" testListId="8c84fa94-04c1-424b-9868-57a2d4851a1d" relativeResultsDirectory="de777aa2-5157-412e-886d-9b3323f4419a">
    </UnitTestResult>
    <UnitTestResult executionId="d1e62448-c656-4beb-b08a-df392367a5ea" testId="6abeaf16-1933-aee6-2e8b-ea4a38605847" testName="test_test47" computerName="SIMP-PC" duration="00:00:00.0062218" startTime="2009-02-04T20:40:13.7122694-08:00" endTime="2009-02-04T20:40:13.7902695-08:00" testType="13cdc9d9-ddb5-4fa4-a97d-d965ccfc6d4b" outcome="Passed" testListId="8c84fa94-04c1-424b-9868-57a2d4851a1d" relativeResultsDirectory="d1e62448-c656-4beb-b08a-df392367a5ea">
    </UnitTestResult>
    <UnitTestResult executionId="62d963cb-6a69-4b3a-8e28-b8f60c342d13" testId="6cf12022-2ae0-7084-a31c-7e8297ba831d" testName="test_test41" computerName="SIMP-PC" duration="00:00:05.1274839" startTime="2009-02-04T20:40:13.8370696-08:00" endTime="2009-02-04T20:40:18.9856865-08:00" testType="13cdc9d9-ddb5-4fa4-a97d-d965ccfc6d4b" outcome="Passed" testListId="8c84fa94-04c1-424b-9868-57a2d4851a1d" relativeResultsDirectory="62d963cb-6a69-4b3a-8e28-b8f60c342d13">
    </UnitTestResult>
    <UnitTestResult executionId="671a318c-15b9-4656-a59a-0ac147bd78b0" testId="6cf631e1-db7e-962a-558e-bc54f36bb57a" testName="test_record_access_incompatibles_types" computerName="SIMP-PC" duration="00:00:00.0126038" startTime="2009-02-04T20:40:19.0862871-08:00" endTime="2009-02-04T20:40:19.1612913-08:00" testType="13cdc9d9-ddb5-4fa4-a97d-d965ccfc6d4b" outcome="Passed" testListId="8c84fa94-04c1-424b-9868-57a2d4851a1d" relativeResultsDirectory="671a318c-15b9-4656-a59a-0ac147bd78b0">
    </UnitTestResult>
    <UnitTestResult executionId="31efd24d-afc4-4268-a15a-e98e792da521" testId="6d72d84f-797d-15c2-7042-642838b6df03" testName="test_test44" computerName="SIMP-PC" duration="00:00:00.2154965" startTime="2009-02-04T20:40:19.2022937-08:00" endTime="2009-02-04T20:40:19.4362941-08:00" testType="13cdc9d9-ddb5-4fa4-a97d-d965ccfc6d4b" outcome="Passed" testListId="8c84fa94-04c1-424b-9868-57a2d4851a1d" relativeResultsDirectory="31efd24d-afc4-4268-a15a-e98e792da521">
    </UnitTestResult>
    <UnitTestResult executionId="bd56d1ef-c265-4694-b27e-fe209967c0ac" testId="72aa1a9e-7bdb-88d7-27ff-e8b4fa9b856a" testName="test_invalid_mutually_recursive_record" computerName="SIMP-PC" duration="00:00:00.0876071" startTime="2009-02-04T20:40:19.5142942-08:00" endTime="2009-02-04T20:40:19.6390945-08:00" testType="13cdc9d9-ddb5-4fa4-a97d-d965ccfc6d4b" outcome="Passed" testListId="8c84fa94-04c1-424b-9868-57a2d4851a1d" relativeResultsDirectory="bd56d1ef-c265-4694-b27e-fe209967c0ac">
      <Output>
        <StdOut>Duplicate type name within an assembly.</StdOut>
      </Output>
    </UnitTestResult>
    <UnitTestResult executionId="00c03604-fe28-4cdb-898e-ec015ad90f02" testId="7778cbf3-4c15-9b31-c5ab-9ec850cf89a5" testName="test_and_operator_non_valued_operands" computerName="SIMP-PC" duration="00:00:00.0049838" startTime="2009-02-04T20:40:19.6702945-08:00" endTime="2009-02-04T20:40:19.7014946-08:00" testType="13cdc9d9-ddb5-4fa4-a97d-d965ccfc6d4b" outcome="Passed" testListId="8c84fa94-04c1-424b-9868-57a2d4851a1d" relativeResultsDirectory="00c03604-fe28-4cdb-898e-ec015ad90f02">
    </UnitTestResult>
    <UnitTestResult executionId="5023cfa6-6d9b-46f0-a2e3-cc3b6da93947" testId="787fedd9-a949-1ea5-7ca7-01f74f289b04" testName="test_if_then_without_valued_condition" computerName="SIMP-PC" duration="00:00:00.0050084" startTime="2009-02-04T20:40:19.7482946-08:00" endTime="2009-02-04T20:40:19.8106948-08:00" testType="13cdc9d9-ddb5-4fa4-a97d-d965ccfc6d4b" outcome="Passed" testListId="8c84fa94-04c1-424b-9868-57a2d4851a1d" relativeResultsDirectory="5023cfa6-6d9b-46f0-a2e3-cc3b6da93947">
    </UnitTestResult>
    <UnitTestResult executionId="09540576-3cd2-477b-b5e5-2ab26f98b7e8" testId="7c7d2692-7ab1-c90f-37ca-eafa8321abdc" testName="test_invalid_mutually_recursive_function_depth_3" computerName="SIMP-PC" duration="00:00:00.0047841" startTime="2009-02-04T20:40:19.8574948-08:00" endTime="2009-02-04T20:40:19.8886949-08:00" testType="13cdc9d9-ddb5-4fa4-a97d-d965ccfc6d4b" outcome="Passed" testListId="8c84fa94-04c1-424b-9868-57a2d4851a1d" relativeResultsDirectory="09540576-3cd2-477b-b5e5-2ab26f98b7e8">
    </UnitTestResult>
    <UnitTestResult executionId="899a96c9-4f87-49ad-bbe5-72e60ec9e5d0" testId="83e78d72-b212-dd46-9548-fec8071552c7" testName="test_expression_sequence_returns_last_value" computerName="SIMP-PC" duration="00:00:00.0047733" startTime="2009-02-04T20:40:19.9198949-08:00" endTime="2009-02-04T20:40:19.9510950-08:00" testType="13cdc9d9-ddb5-4fa4-a97d-d965ccfc6d4b" outcome="Passed" testListId="8c84fa94-04c1-424b-9868-57a2d4851a1d" relativeResultsDirectory="899a96c9-4f87-49ad-bbe5-72e60ec9e5d0">
    </UnitTestResult>
    <UnitTestResult executionId="84989413-0a45-4775-b28b-c2cba228669f" testId="8a758c2f-0cd5-1d39-decc-a9938a65ea5c" testName="test_test14" computerName="SIMP-PC" duration="00:00:00.0056069" startTime="2009-02-04T20:40:19.9978951-08:00" endTime="2009-02-04T20:40:20.0290951-08:00" testType="13cdc9d9-ddb5-4fa4-a97d-d965ccfc6d4b" outcome="Passed" testListId="8c84fa94-04c1-424b-9868-57a2d4851a1d" relativeResultsDirectory="84989413-0a45-4775-b28b-c2cba228669f">
    </UnitTestResult>
    <UnitTestResult executionId="f25f2193-ef07-421b-8702-c9ae056eace7" testId="8c0af343-7fa9-77f2-656f-4d5deee86c5d" testName="test_array_string_nil" computerName="SIMP-PC" duration="00:00:00.1690314" startTime="2009-02-04T20:40:20.0758952-08:00" endTime="2009-02-04T20:40:20.2786956-08:00" testType="13cdc9d9-ddb5-4fa4-a97d-d965ccfc6d4b" outcome="Passed" testListId="8c84fa94-04c1-424b-9868-57a2d4851a1d" relativeResultsDirectory="f25f2193-ef07-421b-8702-c9ae056eace7">
    </UnitTestResult>
    <UnitTestResult executionId="bb777748-d6a7-41df-b973-89eb0874103d" testId="909f0493-3a2b-3db1-9239-46de00bd2132" testName="test_test4" computerName="SIMP-PC" duration="00:00:00.2089821" startTime="2009-02-04T20:40:20.3722957-08:00" endTime="2009-02-04T20:40:20.6062962-08:00" testType="13cdc9d9-ddb5-4fa4-a97d-d965ccfc6d4b" outcome="Passed" testListId="8c84fa94-04c1-424b-9868-57a2d4851a1d" relativeResultsDirectory="bb777748-d6a7-41df-b973-89eb0874103d">
    </UnitTestResult>
    <UnitTestResult executionId="6cd2e3cb-dc01-4ba3-a061-c89c7c907929" testId="914b2a0c-dbfa-15bf-c67e-da89c4c3ca96" testName="test_test11" computerName="SIMP-PC" duration="00:00:00.0052728" startTime="2009-02-04T20:40:20.6842963-08:00" endTime="2009-02-04T20:40:20.7622964-08:00" testType="13cdc9d9-ddb5-4fa4-a97d-d965ccfc6d4b" outcome="Passed" testListId="8c84fa94-04c1-424b-9868-57a2d4851a1d" relativeResultsDirectory="6cd2e3cb-dc01-4ba3-a061-c89c7c907929">
    </UnitTestResult>
    <UnitTestResult executionId="a496ab18-ec85-4521-9637-dbf99a9fc94b" testId="97171acb-cce5-bb87-edb1-a40947c57107" testName="test_mod3" computerName="SIMP-PC" duration="00:00:00.0057660" startTime="2009-02-04T20:40:20.8090965-08:00" endTime="2009-02-04T20:40:20.8402966-08:00" testType="13cdc9d9-ddb5-4fa4-a97d-d965ccfc6d4b" outcome="Passed" testListId="8c84fa94-04c1-424b-9868-57a2d4851a1d" relativeResultsDirectory="a496ab18-ec85-4521-9637-dbf99a9fc94b">
    </UnitTestResult>
    <UnitTestResult executionId="fcc596ad-348c-4e77-b18a-26bb6d707c1f" testId="9936c7db-6cf6-2051-5d72-b9fe5c8e1ada" testName="test_test10" computerName="SIMP-PC" duration="00:00:00.0051994" startTime="2009-02-04T20:40:21.0742970-08:00" endTime="2009-02-04T20:40:21.0898970-08:00" testType="13cdc9d9-ddb5-4fa4-a97d-d965ccfc6d4b" outcome="Passed" testListId="8c84fa94-04c1-424b-9868-57a2d4851a1d" relativeResultsDirectory="fcc596ad-348c-4e77-b18a-26bb6d707c1f">
    </UnitTestResult>
    <UnitTestResult executionId="a2eb8bd8-b1b3-4cfa-8dc2-39836450fa3a" testId="99ccbccc-8faa-d870-7334-5e51e17814a3" testName="test_test29" computerName="SIMP-PC" duration="00:00:00.0054067" startTime="2009-02-04T20:40:21.1366971-08:00" endTime="2009-02-04T20:40:21.1678971-08:00" testType="13cdc9d9-ddb5-4fa4-a97d-d965ccfc6d4b" outcome="Passed" testListId="8c84fa94-04c1-424b-9868-57a2d4851a1d" relativeResultsDirectory="a2eb8bd8-b1b3-4cfa-8dc2-39836450fa3a">
    </UnitTestResult>
    <UnitTestResult executionId="afc2e329-aa4f-4114-ba0b-068b4b4a1891" testId="a077de67-c679-41e7-f6a0-f3e9004988c8" testName="test_test27" computerName="SIMP-PC" duration="00:00:00.2032007" startTime="2009-02-04T20:40:21.1990972-08:00" endTime="2009-02-04T20:40:21.4486976-08:00" testType="13cdc9d9-ddb5-4fa4-a97d-d965ccfc6d4b" outcome="Passed" testListId="8c84fa94-04c1-424b-9868-57a2d4851a1d" relativeResultsDirectory="afc2e329-aa4f-4114-ba0b-068b4b4a1891">
    </UnitTestResult>
    <UnitTestResult executionId="5a4cb9ff-2086-4c38-9dbc-e12ff610dac3" testId="a2d926c3-2110-bd3c-06f7-e7b666840b6e" testName="test_invalid_mutually_recursive_record_depth_3" computerName="SIMP-PC" duration="00:00:00.0046045" startTime="2009-02-04T20:40:21.5110977-08:00" endTime="2009-02-04T20:40:21.5266978-08:00" testType="13cdc9d9-ddb5-4fa4-a97d-d965ccfc6d4b" outcome="Passed" testListId="8c84fa94-04c1-424b-9868-57a2d4851a1d" relativeResultsDirectory="5a4cb9ff-2086-4c38-9dbc-e12ff610dac3">
    </UnitTestResult>
    <UnitTestResult executionId="c58b0b9b-0cb3-47ed-a97d-3b1cd748118a" testId="a384bb22-ddee-6569-96ae-a4c57e6d3916" testName="test_test8" computerName="SIMP-PC" duration="00:00:00.1472073" startTime="2009-02-04T20:40:21.5734979-08:00" endTime="2009-02-04T20:40:21.7450982-08:00" testType="13cdc9d9-ddb5-4fa4-a97d-d965ccfc6d4b" outcome="Passed" testListId="8c84fa94-04c1-424b-9868-57a2d4851a1d" relativeResultsDirectory="c58b0b9b-0cb3-47ed-a97d-3b1cd748118a">
    </UnitTestResult>
    <UnitTestResult executionId="4bd07d78-405e-4830-bb86-76daad1e757e" testId="a44cd249-8572-57ab-7e94-76db5bad3054" testName="test_mod5" computerName="SIMP-PC" duration="00:00:00.0052712" startTime="2009-02-04T20:40:21.8074983-08:00" endTime="2009-02-04T20:40:21.8542983-08:00" testType="13cdc9d9-ddb5-4fa4-a97d-d965ccfc6d4b" outcome="Passed" testListId="8c84fa94-04c1-424b-9868-57a2d4851a1d" relativeResultsDirectory="4bd07d78-405e-4830-bb86-76daad1e757e">
    </UnitTestResult>
    <UnitTestResult executionId="9e228c52-47de-47ef-a9ac-5f6c9b32ffce" testId="a472785a-6aac-8d41-8d14-3df81fa7d043" testName="test_test18" computerName="SIMP-PC" duration="00:00:00.0049946" startTime="2009-02-04T20:40:21.9010984-08:00" endTime="2009-02-04T20:40:21.9322985-08:00" testType="13cdc9d9-ddb5-4fa4-a97d-d965ccfc6d4b" outcome="Passed" testListId="8c84fa94-04c1-424b-9868-57a2d4851a1d" relativeResultsDirectory="9e228c52-47de-47ef-a9ac-5f6c9b32ffce">
    </UnitTestResult>
    <UnitTestResult executionId="e750b8db-bd2f-40cb-a1c3-51b94b6b0119" testId="a59733da-8885-c1da-b119-165c79329a1b" testName="test_divide_between_non_valued_right" computerName="SIMP-PC" duration="00:00:00.0046060" startTime="2009-02-04T20:40:21.9634985-08:00" endTime="2009-02-04T20:40:21.9946986-08:00" testType="13cdc9d9-ddb5-4fa4-a97d-d965ccfc6d4b" outcome="Passed" testListId="8c84fa94-04c1-424b-9868-57a2d4851a1d" relativeResultsDirectory="e750b8db-bd2f-40cb-a1c3-51b94b6b0119">
    </UnitTestResult>
    <UnitTestResult executionId="ed79736b-48db-43d8-9897-3c7985b26d90" testId="a7316259-a78f-4c76-fc44-43a2d7ccb76e" testName="test_mod7_1" computerName="SIMP-PC" duration="00:00:00.0052348" startTime="2009-02-04T20:40:22.0258986-08:00" endTime="2009-02-04T20:40:22.0726987-08:00" testType="13cdc9d9-ddb5-4fa4-a97d-d965ccfc6d4b" outcome="Passed" testListId="8c84fa94-04c1-424b-9868-57a2d4851a1d" relativeResultsDirectory="ed79736b-48db-43d8-9897-3c7985b26d90">
    </UnitTestResult>
    <UnitTestResult executionId="1ecaf544-28ed-4f5e-97f3-e0a53b7f56b9" testId="b072c1fb-dc11-85af-9856-d7106bde114d" testName="test_test32" computerName="SIMP-PC" duration="00:00:00.0046774" startTime="2009-02-04T20:40:22.1038988-08:00" endTime="2009-02-04T20:40:22.1350988-08:00" testType="13cdc9d9-ddb5-4fa4-a97d-d965ccfc6d4b" outcome="Passed" testListId="8c84fa94-04c1-424b-9868-57a2d4851a1d" relativeResultsDirectory="1ecaf544-28ed-4f5e-97f3-e0a53b7f56b9">
    </UnitTestResult>
    <UnitTestResult executionId="1d4c21f2-65cf-4a2d-a75e-3c7c4dfa3a6b" testId="b4c7ef8d-acd4-bb81-a04e-3b27f1d00de4" testName="test_inferred_variable_incompatibles_type" computerName="SIMP-PC" duration="00:00:00.0056710" startTime="2009-02-04T20:40:22.1818989-08:00" endTime="2009-02-04T20:40:22.1974989-08:00" testType="13cdc9d9-ddb5-4fa4-a97d-d965ccfc6d4b" outcome="Passed" testListId="8c84fa94-04c1-424b-9868-57a2d4851a1d" relativeResultsDirectory="1d4c21f2-65cf-4a2d-a75e-3c7c4dfa3a6b">
    </UnitTestResult>
    <UnitTestResult executionId="c95d256b-f244-470f-a411-f07506a8cdd0" testId="b59a94a6-b3eb-5bc0-dedb-53c312b3dd38" testName="test_mutually_recursive_alias" computerName="SIMP-PC" duration="00:00:00.0049330" startTime="2009-02-04T20:40:22.2442990-08:00" endTime="2009-02-04T20:40:22.2598991-08:00" testType="13cdc9d9-ddb5-4fa4-a97d-d965ccfc6d4b" outcome="Passed" testListId="8c84fa94-04c1-424b-9868-57a2d4851a1d" relativeResultsDirectory="c95d256b-f244-470f-a411-f07506a8cdd0">
    </UnitTestResult>
    <UnitTestResult executionId="2070fe5b-e99d-42d2-83f6-0f56278dac62" testId="b62d9364-7778-3e50-d7a6-6bf0ce856a2f" testName="test_and_operator_returns_value" computerName="SIMP-PC" duration="00:00:00.0062377" startTime="2009-02-04T20:40:22.3066991-08:00" endTime="2009-02-04T20:40:22.3378992-08:00" testType="13cdc9d9-ddb5-4fa4-a97d-d965ccfc6d4b" outcome="Passed" testListId="8c84fa94-04c1-424b-9868-57a2d4851a1d" relativeResultsDirectory="2070fe5b-e99d-42d2-83f6-0f56278dac62">
    </UnitTestResult>
    <UnitTestResult executionId="3ca800a5-4fac-4434-bd41-1a37c813330e" testId="baf2563e-3009-d447-b0e7-170ab8463071" testName="test_test31" computerName="SIMP-PC" duration="00:00:00.0053415" startTime="2009-02-04T20:40:22.3690992-08:00" endTime="2009-02-04T20:40:22.4158993-08:00" testType="13cdc9d9-ddb5-4fa4-a97d-d965ccfc6d4b" outcome="Passed" testListId="8c84fa94-04c1-424b-9868-57a2d4851a1d" relativeResultsDirectory="3ca800a5-4fac-4434-bd41-1a37c813330e">
    </UnitTestResult>
    <UnitTestResult executionId="91a56363-2401-4c37-959c-38e386438af4" testId="bc0e1316-dbe6-b028-ade7-bfc7507988f6" testName="test_test22" computerName="SIMP-PC" duration="00:00:00.0053728" startTime="2009-02-04T20:40:22.4626994-08:00" endTime="2009-02-04T20:40:22.4938995-08:00" testType="13cdc9d9-ddb5-4fa4-a97d-d965ccfc6d4b" outcome="Passed" testListId="8c84fa94-04c1-424b-9868-57a2d4851a1d" relativeResultsDirectory="91a56363-2401-4c37-959c-38e386438af4">
    </UnitTestResult>
    <UnitTestResult executionId="985d20a7-0689-47ec-8737-79717f336e02" testId="bedda814-012f-44ec-c334-f993d0f501c2" testName="test_incompatible_types_jagged_array" computerName="SIMP-PC" duration="00:00:00.0063003" startTime="2009-02-04T20:40:22.5406995-08:00" endTime="2009-02-04T20:40:22.5718996-08:00" testType="13cdc9d9-ddb5-4fa4-a97d-d965ccfc6d4b" outcome="Passed" testListId="8c84fa94-04c1-424b-9868-57a2d4851a1d" relativeResultsDirectory="985d20a7-0689-47ec-8737-79717f336e02">
    </UnitTestResult>
    <UnitTestResult executionId="f5128ffb-3ba2-4d68-870e-a62dcacca8ef" testId="c20e51b4-12b3-e19f-44f0-68b615cb9d34" testName="test_test42" computerName="SIMP-PC" duration="00:00:00.2122311" startTime="2009-02-04T20:40:22.6186997-08:00" endTime="2009-02-04T20:40:22.8527001-08:00" testType="13cdc9d9-ddb5-4fa4-a97d-d965ccfc6d4b" outcome="Passed" testListId="8c84fa94-04c1-424b-9868-57a2d4851a1d" relativeResultsDirectory="f5128ffb-3ba2-4d68-870e-a62dcacca8ef">
    </UnitTestResult>
    <UnitTestResult executionId="2e317021-496f-4e1f-9008-a38d7553d985" testId="c348fff9-c0f5-4dfb-10de-9bcc6c0e2e35" testName="test_test49" computerName="SIMP-PC" duration="00:00:00.1117805" startTime="2009-02-04T20:40:22.9307002-08:00" endTime="2009-02-04T20:40:23.0867005-08:00" testType="13cdc9d9-ddb5-4fa4-a97d-d965ccfc6d4b" outcome="Passed" testListId="8c84fa94-04c1-424b-9868-57a2d4851a1d" relativeResultsDirectory="2e317021-496f-4e1f-9008-a38d7553d985">
    </UnitTestResult>
    <UnitTestResult executionId="c6915aaa-79f1-4977-81b6-ca239080ec0f" testId="c3679b4e-0952-8b62-ff50-a38002b5bb13" testName="test_mod4" computerName="SIMP-PC" duration="00:00:00.2054380" startTime="2009-02-04T20:40:23.1335006-08:00" endTime="2009-02-04T20:40:23.3675010-08:00" testType="13cdc9d9-ddb5-4fa4-a97d-d965ccfc6d4b" outcome="Passed" testListId="8c84fa94-04c1-424b-9868-57a2d4851a1d" relativeResultsDirectory="c6915aaa-79f1-4977-81b6-ca239080ec0f">
    </UnitTestResult>
    <UnitTestResult executionId="dbf65139-f8f9-476c-aeba-132f2bd9a4af" testId="c4fa99d9-cca8-ac70-06bb-cefbec6e204e" testName="test_test15" computerName="SIMP-PC" duration="00:00:00.0060350" startTime="2009-02-04T20:40:23.5391013-08:00" endTime="2009-02-04T20:40:23.5859014-08:00" testType="13cdc9d9-ddb5-4fa4-a97d-d965ccfc6d4b" outcome="Passed" testListId="8c84fa94-04c1-424b-9868-57a2d4851a1d" relativeResultsDirectory="dbf65139-f8f9-476c-aeba-132f2bd9a4af">
    </UnitTestResult>
    <UnitTestResult executionId="3e2f1e8d-3444-458d-8333-4537dea99725" testId="c4fb2239-0b02-8afd-06d9-ec6f804a8a52" testName="test_test2" computerName="SIMP-PC" duration="00:00:00.1884586" startTime="2009-02-04T20:40:23.6483015-08:00" endTime="2009-02-04T20:40:23.8667019-08:00" testType="13cdc9d9-ddb5-4fa4-a97d-d965ccfc6d4b" outcome="Passed" testListId="8c84fa94-04c1-424b-9868-57a2d4851a1d" relativeResultsDirectory="3e2f1e8d-3444-458d-8333-4537dea99725">
    </UnitTestResult>
    <UnitTestResult executionId="2e96a3ed-8bd5-45db-a035-cddc30e3433b" testId="c61736dc-d6c8-f953-d484-0d9a5b344127" testName="test_nested_unavailable_function" computerName="SIMP-PC" duration="00:00:00.2487260" startTime="2009-02-04T20:40:23.9135020-08:00" endTime="2009-02-04T20:40:24.2099025-08:00" testType="13cdc9d9-ddb5-4fa4-a97d-d965ccfc6d4b" outcome="Passed" testListId="8c84fa94-04c1-424b-9868-57a2d4851a1d" relativeResultsDirectory="2e96a3ed-8bd5-45db-a035-cddc30e3433b">
    </UnitTestResult>
    <UnitTestResult executionId="1ca2b800-bd59-43fd-b024-bfdc8ceff86b" testId="c8045a47-9964-f48c-6e03-79936fb7aaa2" testName="test_test24" computerName="SIMP-PC" duration="00:00:00.0051691" startTime="2009-02-04T20:40:24.4751029-08:00" endTime="2009-02-04T20:40:24.5375031-08:00" testType="13cdc9d9-ddb5-4fa4-a97d-d965ccfc6d4b" outcome="Passed" testListId="8c84fa94-04c1-424b-9868-57a2d4851a1d" relativeResultsDirectory="1ca2b800-bd59-43fd-b024-bfdc8ceff86b">
    </UnitTestResult>
    <UnitTestResult executionId="88a0e535-2ecf-43d3-8f62-5f7cb90af8a0" testId="cab8b132-edf3-b22a-dafd-52e3f1e74a4c" testName="test_test19" computerName="SIMP-PC" duration="00:00:00.0075476" startTime="2009-02-04T20:40:24.5843031-08:00" endTime="2009-02-04T20:40:24.6155032-08:00" testType="13cdc9d9-ddb5-4fa4-a97d-d965ccfc6d4b" outcome="Passed" testListId="8c84fa94-04c1-424b-9868-57a2d4851a1d" relativeResultsDirectory="88a0e535-2ecf-43d3-8f62-5f7cb90af8a0">
    </UnitTestResult>
    <UnitTestResult executionId="0dfd438c-0e48-4fc5-9f3c-471947884a3e" testId="cda3dbd2-47ba-daee-07dc-a896644e4d82" testName="test_test45" computerName="SIMP-PC" duration="00:00:00.0058384" startTime="2009-02-04T20:40:24.6623033-08:00" endTime="2009-02-04T20:40:24.6935033-08:00" testType="13cdc9d9-ddb5-4fa4-a97d-d965ccfc6d4b" outcome="Passed" testListId="8c84fa94-04c1-424b-9868-57a2d4851a1d" relativeResultsDirectory="0dfd438c-0e48-4fc5-9f3c-471947884a3e">
    </UnitTestResult>
    <UnitTestResult executionId="9d93d1eb-1fff-4daf-952d-d372b6ab9c7a" testId="ce2a8c2f-bbc2-eed5-1248-002e2907786b" testName="test_break_out_of_for" computerName="SIMP-PC" duration="00:00:00.0053728" startTime="2009-02-04T20:40:24.7403034-08:00" endTime="2009-02-04T20:40:24.7715035-08:00" testType="13cdc9d9-ddb5-4fa4-a97d-d965ccfc6d4b" outcome="Passed" testListId="8c84fa94-04c1-424b-9868-57a2d4851a1d" relativeResultsDirectory="9d93d1eb-1fff-4daf-952d-d372b6ab9c7a">
    </UnitTestResult>
    <UnitTestResult executionId="378000ff-033e-4f7f-9793-632ec08e1079" testId="d050111e-1afa-c332-bab6-dc16fcf18a86" testName="test_test48" computerName="SIMP-PC" duration="00:00:00.0053385" startTime="2009-02-04T20:40:24.8183036-08:00" endTime="2009-02-04T20:40:24.8495036-08:00" testType="13cdc9d9-ddb5-4fa4-a97d-d965ccfc6d4b" outcome="Passed" testListId="8c84fa94-04c1-424b-9868-57a2d4851a1d" relativeResultsDirectory="378000ff-033e-4f7f-9793-632ec08e1079">
    </UnitTestResult>
    <UnitTestResult executionId="5c69292c-7484-4fbd-829f-516b9aac52cd" testId="d06f6746-ead1-f925-4604-460409e84f79" testName="test_test7" computerName="SIMP-PC" duration="00:00:00.1672216" startTime="2009-02-04T20:40:24.8807037-08:00" endTime="2009-02-04T20:40:25.0679040-08:00" testType="13cdc9d9-ddb5-4fa4-a97d-d965ccfc6d4b" outcome="Passed" testListId="8c84fa94-04c1-424b-9868-57a2d4851a1d" relativeResultsDirectory="5c69292c-7484-4fbd-829f-516b9aac52cd">
    </UnitTestResult>
    <UnitTestResult executionId="338bca35-30cc-445d-b1bf-1db1470b6b39" testId="d6875146-3a82-65ba-0dc8-a42d822217f6" testName="test_test9" computerName="SIMP-PC" duration="00:00:00.0061997" startTime="2009-02-04T20:40:25.1459041-08:00" endTime="2009-02-04T20:40:25.2083042-08:00" testType="13cdc9d9-ddb5-4fa4-a97d-d965ccfc6d4b" outcome="Passed" testListId="8c84fa94-04c1-424b-9868-57a2d4851a1d" relativeResultsDirectory="338bca35-30cc-445d-b1bf-1db1470b6b39">
    </UnitTestResult>
    <UnitTestResult executionId="794b29d4-1845-4b40-9f84-48f3c3d8761b" testId="d690abc7-a328-cd83-8fdc-b127cf098887" testName="test_test25" computerName="SIMP-PC" duration="00:00:00.0146512" startTime="2009-02-04T20:40:25.3019044-08:00" endTime="2009-02-04T20:40:25.3487045-08:00" testType="13cdc9d9-ddb5-4fa4-a97d-d965ccfc6d4b" outcome="Passed" testListId="8c84fa94-04c1-424b-9868-57a2d4851a1d" relativeResultsDirectory="794b29d4-1845-4b40-9f84-48f3c3d8761b">
    </UnitTestResult>
    <UnitTestResult executionId="e49cac6a-be97-44d6-9a3a-04f3c12bd93d" testId="d93fbe60-89ed-bf54-6dfb-bec94ee26025" testName="test_test35" computerName="SIMP-PC" duration="00:00:00.0070728" startTime="2009-02-04T20:40:25.4267046-08:00" endTime="2009-02-04T20:40:25.4735047-08:00" testType="13cdc9d9-ddb5-4fa4-a97d-d965ccfc6d4b" outcome="Passed" testListId="8c84fa94-04c1-424b-9868-57a2d4851a1d" relativeResultsDirectory="e49cac6a-be97-44d6-9a3a-04f3c12bd93d">
    </UnitTestResult>
    <UnitTestResult executionId="b1bddb26-2883-4416-8b55-659a5aa112e1" testId="da3e1bea-fd68-3dc0-d517-eb40039703ee" testName="test_test17" computerName="SIMP-PC" duration="00:00:00.0051942" startTime="2009-02-04T20:40:25.5203048-08:00" endTime="2009-02-04T20:40:25.5515048-08:00" testType="13cdc9d9-ddb5-4fa4-a97d-d965ccfc6d4b" outcome="Passed" testListId="8c84fa94-04c1-424b-9868-57a2d4851a1d" relativeResultsDirectory="b1bddb26-2883-4416-8b55-659a5aa112e1">
    </UnitTestResult>
    <UnitTestResult executionId="7f6035b2-a777-4928-a4e8-200bc7c638d4" testId="dc1b746a-01eb-32a1-dd9f-13724fc026ff" testName="test_test13" computerName="SIMP-PC" duration="00:00:00.0056551" startTime="2009-02-04T20:40:25.6295050-08:00" endTime="2009-02-04T20:40:25.6607050-08:00" testType="13cdc9d9-ddb5-4fa4-a97d-d965ccfc6d4b" outcome="Passed" testListId="8c84fa94-04c1-424b-9868-57a2d4851a1d" relativeResultsDirectory="7f6035b2-a777-4928-a4e8-200bc7c638d4">
    </UnitTestResult>
    <UnitTestResult executionId="c88e0878-2145-4eef-9ad2-3099e987ad1a" testId="e202bc60-0634-baa5-9fb7-e483d26688e3" testName="test_test43" computerName="SIMP-PC" duration="00:00:00.0044910" startTime="2009-02-04T20:40:25.7231051-08:00" endTime="2009-02-04T20:40:25.7387052-08:00" testType="13cdc9d9-ddb5-4fa4-a97d-d965ccfc6d4b" outcome="Passed" testListId="8c84fa94-04c1-424b-9868-57a2d4851a1d" relativeResultsDirectory="c88e0878-2145-4eef-9ad2-3099e987ad1a">
    </UnitTestResult>
    <UnitTestResult executionId="0bc33c90-c2f0-49fc-b8a4-81f86d9b316f" testId="e23ffe73-c0b4-23de-3266-456dece737db" testName="test_test37" computerName="SIMP-PC" duration="00:00:00.0046912" startTime="2009-02-04T20:40:25.7855052-08:00" endTime="2009-02-04T20:40:25.8011053-08:00" testType="13cdc9d9-ddb5-4fa4-a97d-d965ccfc6d4b" outcome="Passed" testListId="8c84fa94-04c1-424b-9868-57a2d4851a1d" relativeResultsDirectory="0bc33c90-c2f0-49fc-b8a4-81f86d9b316f">
    </UnitTestResult>
    <UnitTestResult executionId="59751cd7-612b-4c08-9587-e260fa9ef454" testId="e5ba5b84-693c-c274-9024-67714abfd289" testName="test_recursive_array" computerName="SIMP-PC" duration="00:00:00.0048544" startTime="2009-02-04T20:40:25.8479054-08:00" endTime="2009-02-04T20:40:25.8635054-08:00" testType="13cdc9d9-ddb5-4fa4-a97d-d965ccfc6d4b" outcome="Passed" testListId="8c84fa94-04c1-424b-9868-57a2d4851a1d" relativeResultsDirectory="59751cd7-612b-4c08-9587-e260fa9ef454">
    </UnitTestResult>
    <UnitTestResult executionId="fc90c0d8-cac8-4de7-a351-f931c41afe07" testId="e6694f75-d598-6ffe-9c8e-bbfaecee7755" testName="test_queens" computerName="SIMP-PC" duration="00:00:00.5728157" startTime="2009-02-04T20:40:25.9103055-08:00" endTime="2009-02-04T20:40:26.5031065-08:00" testType="13cdc9d9-ddb5-4fa4-a97d-d965ccfc6d4b" outcome="Passed" testListId="8c84fa94-04c1-424b-9868-57a2d4851a1d" relativeResultsDirectory="fc90c0d8-cac8-4de7-a351-f931c41afe07">
    </UnitTestResult>
    <UnitTestResult executionId="f6cf3c9b-34af-402a-ad63-eac2bd5f4cc7" testId="e8d2f115-d73c-2867-cfd5-f324a2ef1c4b" testName="test_array_init" computerName="SIMP-PC" duration="00:00:00.2318693" startTime="2009-02-04T20:40:26.6279067-08:00" endTime="2009-02-04T20:40:26.8931072-08:00" testType="13cdc9d9-ddb5-4fa4-a97d-d965ccfc6d4b" outcome="Passed" testListId="8c84fa94-04c1-424b-9868-57a2d4851a1d" relativeResultsDirectory="f6cf3c9b-34af-402a-ad63-eac2bd5f4cc7">
    </UnitTestResult>
    <UnitTestResult executionId="c1de59a9-999e-426f-8893-74047125f41e" testId="ecf43549-1da5-5f9d-4f70-8ce66cfb75f9" testName="test_undefined_type_for_alias" computerName="SIMP-PC" duration="00:00:00.0078447" startTime="2009-02-04T20:40:26.9867074-08:00" endTime="2009-02-04T20:40:27.0335074-08:00" testType="13cdc9d9-ddb5-4fa4-a97d-d965ccfc6d4b" outcome="Passed" testListId="8c84fa94-04c1-424b-9868-57a2d4851a1d" relativeResultsDirectory="c1de59a9-999e-426f-8893-74047125f41e">
    </UnitTestResult>
    <UnitTestResult executionId="3cec8f78-87dc-4117-bb5d-50f93622ab4e" testId="eec5b161-be3c-10b7-c8a8-069c5234b535" testName="test_test21" computerName="SIMP-PC" duration="00:00:00.0054611" startTime="2009-02-04T20:40:27.1271076-08:00" endTime="2009-02-04T20:40:27.1427076-08:00" testType="13cdc9d9-ddb5-4fa4-a97d-d965ccfc6d4b" outcome="Passed" testListId="8c84fa94-04c1-424b-9868-57a2d4851a1d" relativeResultsDirectory="3cec8f78-87dc-4117-bb5d-50f93622ab4e">
    </UnitTestResult>
    <UnitTestResult executionId="66c89def-c69d-4571-a665-5e7c00240ea7" testId="f16497eb-6a01-ee64-493f-fa445e31a0a3" testName="test_test39" computerName="SIMP-PC" duration="00:00:00.0052820" startTime="2009-02-04T20:40:27.2051077-08:00" endTime="2009-02-04T20:40:27.2363078-08:00" testType="13cdc9d9-ddb5-4fa4-a97d-d965ccfc6d4b" outcome="Passed" testListId="8c84fa94-04c1-424b-9868-57a2d4851a1d" relativeResultsDirectory="66c89def-c69d-4571-a665-5e7c00240ea7">
    </UnitTestResult>
    <UnitTestResult executionId="e5fc3d4f-3670-4502-92fe-4f1fa2094482" testId="f178d479-04b2-1f51-5b83-340d9c464883" testName="test_test33" computerName="SIMP-PC" duration="00:00:00.0052076" startTime="2009-02-04T20:40:27.4547082-08:00" endTime="2009-02-04T20:40:27.4859082-08:00" testType="13cdc9d9-ddb5-4fa4-a97d-d965ccfc6d4b" outcome="Passed" testListId="8c84fa94-04c1-424b-9868-57a2d4851a1d" relativeResultsDirectory="e5fc3d4f-3670-4502-92fe-4f1fa2094482">
    </UnitTestResult>
    <UnitTestResult executionId="d3a53e3a-91e7-4f31-b1a6-9f335c53a8cb" testId="f1ff68f4-2ce6-1ac3-921c-079b2b95706c" testName="test_differents_types_array_assign" computerName="SIMP-PC" duration="00:00:00.0055432" startTime="2009-02-04T20:40:27.5327083-08:00" endTime="2009-02-04T20:40:27.5795084-08:00" testType="13cdc9d9-ddb5-4fa4-a97d-d965ccfc6d4b" outcome="Passed" testListId="8c84fa94-04c1-424b-9868-57a2d4851a1d" relativeResultsDirectory="d3a53e3a-91e7-4f31-b1a6-9f335c53a8cb">
    </UnitTestResult>
    <UnitTestResult executionId="952ec0dc-c59c-4bc6-9e7e-d98aad4ed300" testId="f4efcf97-2817-134e-d4cd-02e0e8ed7f47" testName="test_invalid_mutually_recursive_function_depth_4" computerName="SIMP-PC" duration="00:00:00.0056716" startTime="2009-02-04T20:40:27.6263085-08:00" endTime="2009-02-04T20:40:27.6731086-08:00" testType="13cdc9d9-ddb5-4fa4-a97d-d965ccfc6d4b" outcome="Passed" testListId="8c84fa94-04c1-424b-9868-57a2d4851a1d" relativeResultsDirectory="952ec0dc-c59c-4bc6-9e7e-d98aad4ed300">
    </UnitTestResult>
    <UnitTestResult executionId="8ecd05b7-0819-4523-92dc-d779d6675424" testId="f671f60d-5960-0a4e-25da-4be80fa480eb" testName="test_str" computerName="SIMP-PC" duration="00:00:00.2166067" startTime="2009-02-04T20:40:27.7823088-08:00" endTime="2009-02-04T20:40:28.0475092-08:00" testType="13cdc9d9-ddb5-4fa4-a97d-d965ccfc6d4b" outcome="Passed" testListId="8c84fa94-04c1-424b-9868-57a2d4851a1d" relativeResultsDirectory="8ecd05b7-0819-4523-92dc-d779d6675424">
    </UnitTestResult>
    <UnitTestResult executionId="e0b87399-0d96-48af-88ff-1d5675a5a6d4" testId="f72187fc-b3e0-b7a6-6724-df81d1bfb604" testName="test_mod7_2" computerName="SIMP-PC" duration="00:00:00.0048324" startTime="2009-02-04T20:40:28.1723094-08:00" endTime="2009-02-04T20:40:28.2191095-08:00" testType="13cdc9d9-ddb5-4fa4-a97d-d965ccfc6d4b" outcome="Passed" testListId="8c84fa94-04c1-424b-9868-57a2d4851a1d" relativeResultsDirectory="e0b87399-0d96-48af-88ff-1d5675a5a6d4">
    </UnitTestResult>
    <UnitTestResult executionId="e080fc5e-a08c-47ed-85f6-d254f3bb2482" testId="f7361c7c-3b0f-6086-f159-11b4844d843d" testName="test_record_literal_invalid_types" computerName="SIMP-PC" duration="00:00:00.0046851" startTime="2009-02-04T20:40:28.2659096-08:00" endTime="2009-02-04T20:40:28.2971097-08:00" testType="13cdc9d9-ddb5-4fa4-a97d-d965ccfc6d4b" outcome="Passed" testListId="8c84fa94-04c1-424b-9868-57a2d4851a1d" relativeResultsDirectory="e080fc5e-a08c-47ed-85f6-d254f3bb2482">
    </UnitTestResult>
    <UnitTestResult executionId="2bb77f0e-654e-48e7-a7fa-b50f04a982d3" testId="f8f7e3fc-a32f-4b7e-3884-a77c284c6334" testName="test_test30" computerName="SIMP-PC" duration="00:00:00.1460586" startTime="2009-02-04T20:40:28.5311101-08:00" endTime="2009-02-04T20:40:28.6871103-08:00" testType="13cdc9d9-ddb5-4fa4-a97d-d965ccfc6d4b" outcome="Passed" testListId="8c84fa94-04c1-424b-9868-57a2d4851a1d" relativeResultsDirectory="2bb77f0e-654e-48e7-a7fa-b50f04a982d3">
    </UnitTestResult>
    <UnitTestResult executionId="5e32b1ac-084d-426b-9ffb-ae374f7b7028" testId="f96446f0-229a-33bf-fd57-40890b9bd378" testName="test_test36" computerName="SIMP-PC" duration="00:00:00.0411553" startTime="2009-02-04T20:40:28.7495105-08:00" endTime="2009-02-04T20:40:28.8431106-08:00" testType="13cdc9d9-ddb5-4fa4-a97d-d965ccfc6d4b" outcome="Passed" testListId="8c84fa94-04c1-424b-9868-57a2d4851a1d" relativeResultsDirectory="5e32b1ac-084d-426b-9ffb-ae374f7b7028">
      <Output>
        <StdOut>Index was out of range. Must be non-negative and less than the size of the collection.
Parameter name: index</StdOut>
      </Output>
    </UnitTestResult>
    <UnitTestResult executionId="7c9f17cd-0962-4c25-8bc0-ff94c074b02c" testId="fb90f7ed-7430-80a6-0f96-1278e7153aad" testName="test_test16" computerName="SIMP-PC" duration="00:00:00.0056613" startTime="2009-02-04T20:40:28.8899107-08:00" endTime="2009-02-04T20:40:28.9055107-08:00" testType="13cdc9d9-ddb5-4fa4-a97d-d965ccfc6d4b" outcome="Passed" testListId="8c84fa94-04c1-424b-9868-57a2d4851a1d" relativeResultsDirectory="7c9f17cd-0962-4c25-8bc0-ff94c074b02c">
    </UnitTestResult>
    <UnitTestResult executionId="09b5761e-52ec-4866-9094-9edb60174e48" testId="ff4c30d4-0e18-8aac-65dc-3010d8dc6819" testName="test_test46" computerName="SIMP-PC" duration="00:00:00.1677133" startTime="2009-02-04T20:40:28.9523108-08:00" endTime="2009-02-04T20:40:29.1551112-08:00" testType="13cdc9d9-ddb5-4fa4-a97d-d965ccfc6d4b" outcome="Passed" testListId="8c84fa94-04c1-424b-9868-57a2d4851a1d" relativeResultsDirectory="09b5761e-52ec-4866-9094-9edb60174e48">
    </UnitTestResult>
  </Results>
</TestRun>